[2023-06-05T20:12:45.416+0000] {manager.py:487} INFO - Processing files using up to 2 processes at a time 
[2023-06-05T20:12:45.418+0000] {manager.py:488} INFO - Process each file at most once every 30 seconds
[2023-06-05T20:12:45.421+0000] {manager.py:490} INFO - Checking for new files in /opt/airflow/dags every 300 seconds
[2023-06-05T20:12:45.425+0000] {manager.py:758} INFO - Searching for files in /opt/airflow/dags
[2023-06-05T20:12:45.468+0000] {manager.py:761} INFO - There are 1 files in /opt/airflow/dags
[2023-06-05T20:12:50.572+0000] {manager.py:889} INFO - 
================================================================================
DAG File Processing Stats

File Path                                   PID  Runtime      # DAGs    # Errors  Last Runtime    Last Run
----------------------------------------  -----  ---------  --------  ----------  --------------  ----------
/opt/airflow/dags/ingest_data_gcs_dag.py     37  0.09s             0           0
================================================================================
[2023-06-05T20:13:20.775+0000] {manager.py:889} INFO - 
================================================================================
DAG File Processing Stats

File Path                                 PID    Runtime      # DAGs    # Errors  Last Runtime    Last Run
----------------------------------------  -----  ---------  --------  ----------  --------------  -------------------
/opt/airflow/dags/ingest_data_gcs_dag.py                           1           0  0.53s           2023-06-05T20:12:50
================================================================================
[2023-06-05T20:13:51.379+0000] {manager.py:889} INFO - 
================================================================================
DAG File Processing Stats

File Path                                   PID  Runtime      # DAGs    # Errors  Last Runtime    Last Run
----------------------------------------  -----  ---------  --------  ----------  --------------  -------------------
/opt/airflow/dags/ingest_data_gcs_dag.py     70  0.01s             1           0  0.17s           2023-06-05T20:13:21
================================================================================
[2023-06-05T20:14:21.691+0000] {manager.py:889} INFO - 
================================================================================
DAG File Processing Stats

File Path                                   PID  Runtime      # DAGs    # Errors  Last Runtime    Last Run
----------------------------------------  -----  ---------  --------  ----------  --------------  -------------------
/opt/airflow/dags/ingest_data_gcs_dag.py     79  0.01s             1           0  0.24s           2023-06-05T20:13:51
================================================================================
[2023-06-05T20:14:51.952+0000] {manager.py:889} INFO - 
================================================================================
DAG File Processing Stats

File Path                                   PID  Runtime      # DAGs    # Errors  Last Runtime    Last Run
----------------------------------------  -----  ---------  --------  ----------  --------------  -------------------
/opt/airflow/dags/ingest_data_gcs_dag.py     89  0.01s             1           0  0.20s           2023-06-05T20:14:21
================================================================================
[2023-06-05T20:15:22.331+0000] {manager.py:889} INFO - 
================================================================================
DAG File Processing Stats

File Path                                   PID  Runtime      # DAGs    # Errors  Last Runtime    Last Run
----------------------------------------  -----  ---------  --------  ----------  --------------  -------------------
/opt/airflow/dags/ingest_data_gcs_dag.py     98  0.01s             1           0  0.25s           2023-06-05T20:14:52
================================================================================
[2023-06-05T20:15:52.582+0000] {manager.py:889} INFO - 
================================================================================
DAG File Processing Stats

File Path                                 PID    Runtime      # DAGs    # Errors  Last Runtime    Last Run
----------------------------------------  -----  ---------  --------  ----------  --------------  -------------------
/opt/airflow/dags/ingest_data_gcs_dag.py                           1           0  0.38s           2023-06-05T20:15:22
================================================================================
[2023-06-05T20:16:23.087+0000] {manager.py:889} INFO - 
================================================================================
DAG File Processing Stats

File Path                                 PID    Runtime      # DAGs    # Errors  Last Runtime    Last Run
----------------------------------------  -----  ---------  --------  ----------  --------------  -------------------
/opt/airflow/dags/ingest_data_gcs_dag.py                           1           0  0.36s           2023-06-05T20:15:53
================================================================================
[2023-06-05T20:16:53.323+0000] {manager.py:889} INFO - 
================================================================================
DAG File Processing Stats

File Path                                 PID    Runtime      # DAGs    # Errors  Last Runtime    Last Run
----------------------------------------  -----  ---------  --------  ----------  --------------  -------------------
/opt/airflow/dags/ingest_data_gcs_dag.py                           1           0  0.77s           2023-06-05T20:16:24
================================================================================
[2023-06-05T20:17:23.633+0000] {manager.py:889} INFO - 
================================================================================
DAG File Processing Stats

File Path                                 PID    Runtime      # DAGs    # Errors  Last Runtime    Last Run
----------------------------------------  -----  ---------  --------  ----------  --------------  -------------------
/opt/airflow/dags/ingest_data_gcs_dag.py                           1           0  0.22s           2023-06-05T20:16:54
================================================================================
