[2023-05-26T10:27:28.309+0000] {logging_mixin.py:149} INFO - Changing /opt/***/logs/dag_id=ingest_data_gcs_dag/run_id=manual__2023-05-26T10:27:22.355038+00:00/task_id=download_data_task_2015 permission to 509
[2023-05-26T10:27:28.344+0000] {logging_mixin.py:149} INFO - Changing /opt/***/logs/dag_id=ingest_data_gcs_dag/run_id=manual__2023-05-26T10:27:22.355038+00:00/task_id=download_data_task_2015 permission to 509
[2023-05-26T10:27:28.374+0000] {taskinstance.py:1103} INFO - Dependencies all met for dep_context=non-requeueable deps ti=<TaskInstance: ingest_data_gcs_dag.download_data_task_2015 manual__2023-05-26T10:27:22.355038+00:00 [queued]>
[2023-05-26T10:27:28.388+0000] {taskinstance.py:1103} INFO - Dependencies all met for dep_context=requeueable deps ti=<TaskInstance: ingest_data_gcs_dag.download_data_task_2015 manual__2023-05-26T10:27:22.355038+00:00 [queued]>
[2023-05-26T10:27:28.389+0000] {taskinstance.py:1308} INFO - Starting attempt 1 of 2
[2023-05-26T10:27:28.406+0000] {taskinstance.py:1327} INFO - Executing <Task(BashOperator): download_data_task_2015> on 2023-05-26 10:27:22.355038+00:00
[2023-05-26T10:27:28.413+0000] {standard_task_runner.py:57} INFO - Started process 98 to run task
[2023-05-26T10:27:28.418+0000] {standard_task_runner.py:84} INFO - Running: ['***', 'tasks', 'run', 'ingest_data_gcs_dag', 'download_data_task_2015', 'manual__2023-05-26T10:27:22.355038+00:00', '--job-id', '107', '--raw', '--subdir', 'DAGS_FOLDER/ingest_data_gcs_dag.py', '--cfg-path', '/tmp/tmp2ew4fa3k']
[2023-05-26T10:27:28.422+0000] {standard_task_runner.py:85} INFO - Job 107: Subtask download_data_task_2015
[2023-05-26T10:27:28.485+0000] {logging_mixin.py:149} INFO - Changing /opt/***/logs/dag_id=ingest_data_gcs_dag/run_id=manual__2023-05-26T10:27:22.355038+00:00/task_id=download_data_task_2015 permission to 509
[2023-05-26T10:27:28.495+0000] {task_command.py:410} INFO - Running <TaskInstance: ingest_data_gcs_dag.download_data_task_2015 manual__2023-05-26T10:27:22.355038+00:00 [running]> on host e663fcea502a
[2023-05-26T10:27:28.598+0000] {taskinstance.py:1547} INFO - Exporting env vars: AIRFLOW_CTX_DAG_OWNER='***' AIRFLOW_CTX_DAG_ID='ingest_data_gcs_dag' AIRFLOW_CTX_TASK_ID='download_data_task_2015' AIRFLOW_CTX_EXECUTION_DATE='2023-05-26T10:27:22.355038+00:00' AIRFLOW_CTX_TRY_NUMBER='1' AIRFLOW_CTX_DAG_RUN_ID='manual__2023-05-26T10:27:22.355038+00:00'
[2023-05-26T10:27:28.602+0000] {subprocess.py:63} INFO - Tmp dir root location: 
 /tmp
[2023-05-26T10:27:28.604+0000] {subprocess.py:75} INFO - Running command: ['/bin/bash', '-c', 'curl -sS http://kilimodata.org/datastore/dump/40f681c0-20e6-4dc4-9c70-dcdb19b8940e?bom=True > /opt/***/Horticulture_2015.csv']
[2023-05-26T10:27:28.619+0000] {subprocess.py:86} INFO - Output:
[2023-05-26T10:27:29.465+0000] {subprocess.py:97} INFO - Command exited with return code 0
[2023-05-26T10:27:29.497+0000] {taskinstance.py:1350} INFO - Marking task as SUCCESS. dag_id=ingest_data_gcs_dag, task_id=download_data_task_2015, execution_date=20230526T102722, start_date=20230526T102728, end_date=20230526T102729
[2023-05-26T10:27:29.557+0000] {local_task_job_runner.py:225} INFO - Task exited with return code 0
[2023-05-26T10:27:29.594+0000] {taskinstance.py:2651} INFO - 1 downstream tasks scheduled from follow-on schedule check
