[2023-05-28T06:20:09.980+0000] {logging_mixin.py:149} INFO - Changing /opt/***/logs/dag_id=ingest_data_gcs_dag/run_id=scheduled__2023-05-27T00:00:00+00:00/task_id=download_data_task_2016 permission to 509
[2023-05-28T06:20:10.020+0000] {logging_mixin.py:149} INFO - Changing /opt/***/logs/dag_id=ingest_data_gcs_dag/run_id=scheduled__2023-05-27T00:00:00+00:00/task_id=download_data_task_2016 permission to 509
[2023-05-28T06:20:10.058+0000] {taskinstance.py:1103} INFO - Dependencies all met for dep_context=non-requeueable deps ti=<TaskInstance: ingest_data_gcs_dag.download_data_task_2016 scheduled__2023-05-27T00:00:00+00:00 [queued]>
[2023-05-28T06:20:10.071+0000] {taskinstance.py:1103} INFO - Dependencies all met for dep_context=requeueable deps ti=<TaskInstance: ingest_data_gcs_dag.download_data_task_2016 scheduled__2023-05-27T00:00:00+00:00 [queued]>
[2023-05-28T06:20:10.072+0000] {taskinstance.py:1308} INFO - Starting attempt 1 of 2
[2023-05-28T06:20:10.092+0000] {taskinstance.py:1327} INFO - Executing <Task(BashOperator): download_data_task_2016> on 2023-05-27 00:00:00+00:00
[2023-05-28T06:20:10.098+0000] {standard_task_runner.py:57} INFO - Started process 62 to run task
[2023-05-28T06:20:10.102+0000] {standard_task_runner.py:84} INFO - Running: ['***', 'tasks', 'run', 'ingest_data_gcs_dag', 'download_data_task_2016', 'scheduled__2023-05-27T00:00:00+00:00', '--job-id', '188', '--raw', '--subdir', 'DAGS_FOLDER/ingest_data_gcs_dag.py', '--cfg-path', '/tmp/tmp_m835l4b']
[2023-05-28T06:20:10.105+0000] {standard_task_runner.py:85} INFO - Job 188: Subtask download_data_task_2016
[2023-05-28T06:20:10.156+0000] {logging_mixin.py:149} INFO - Changing /opt/***/logs/dag_id=ingest_data_gcs_dag/run_id=scheduled__2023-05-27T00:00:00+00:00/task_id=download_data_task_2016 permission to 509
[2023-05-28T06:20:10.164+0000] {task_command.py:410} INFO - Running <TaskInstance: ingest_data_gcs_dag.download_data_task_2016 scheduled__2023-05-27T00:00:00+00:00 [running]> on host 335f5093005c
[2023-05-28T06:20:10.253+0000] {taskinstance.py:1547} INFO - Exporting env vars: AIRFLOW_CTX_DAG_OWNER='***' AIRFLOW_CTX_DAG_ID='ingest_data_gcs_dag' AIRFLOW_CTX_TASK_ID='download_data_task_2016' AIRFLOW_CTX_EXECUTION_DATE='2023-05-27T00:00:00+00:00' AIRFLOW_CTX_TRY_NUMBER='1' AIRFLOW_CTX_DAG_RUN_ID='scheduled__2023-05-27T00:00:00+00:00'
[2023-05-28T06:20:10.256+0000] {subprocess.py:63} INFO - Tmp dir root location: 
 /tmp
[2023-05-28T06:20:10.258+0000] {subprocess.py:75} INFO - Running command: ['/bin/bash', '-c', 'curl -sS http://kilimodata.org/datastore/dump/4babb6fc-a24c-4e6b-8528-114658e0b402?bom=True > /opt/***/Horticulture_2016.csv']
[2023-05-28T06:20:10.271+0000] {subprocess.py:86} INFO - Output:
[2023-05-28T06:20:11.912+0000] {subprocess.py:97} INFO - Command exited with return code 0
[2023-05-28T06:20:11.943+0000] {taskinstance.py:1350} INFO - Marking task as SUCCESS. dag_id=ingest_data_gcs_dag, task_id=download_data_task_2016, execution_date=20230527T000000, start_date=20230528T062010, end_date=20230528T062011
[2023-05-28T06:20:12.005+0000] {local_task_job_runner.py:225} INFO - Task exited with return code 0
[2023-05-28T06:20:12.043+0000] {taskinstance.py:2651} INFO - 1 downstream tasks scheduled from follow-on schedule check
