[2023-05-26T09:55:43.278+0000] {logging_mixin.py:149} INFO - Changing /opt/***/logs/dag_id=ingest_data_gcs_dag/run_id=manual__2023-05-26T09:55:39.428407+00:00/task_id=csv_to_parquet_2016 permission to 509
[2023-05-26T09:55:43.330+0000] {logging_mixin.py:149} INFO - Changing /opt/***/logs/dag_id=ingest_data_gcs_dag/run_id=manual__2023-05-26T09:55:39.428407+00:00/task_id=csv_to_parquet_2016 permission to 509
[2023-05-26T09:55:43.378+0000] {taskinstance.py:1103} INFO - Dependencies all met for dep_context=non-requeueable deps ti=<TaskInstance: ingest_data_gcs_dag.csv_to_parquet_2016 manual__2023-05-26T09:55:39.428407+00:00 [queued]>
[2023-05-26T09:55:43.395+0000] {taskinstance.py:1103} INFO - Dependencies all met for dep_context=requeueable deps ti=<TaskInstance: ingest_data_gcs_dag.csv_to_parquet_2016 manual__2023-05-26T09:55:39.428407+00:00 [queued]>
[2023-05-26T09:55:43.396+0000] {taskinstance.py:1308} INFO - Starting attempt 1 of 2
[2023-05-26T09:55:43.417+0000] {taskinstance.py:1327} INFO - Executing <Task(PythonOperator): csv_to_parquet_2016> on 2023-05-26 09:55:39.428407+00:00
[2023-05-26T09:55:43.427+0000] {standard_task_runner.py:57} INFO - Started process 123 to run task
[2023-05-26T09:55:43.431+0000] {standard_task_runner.py:84} INFO - Running: ['***', 'tasks', 'run', 'ingest_data_gcs_dag', 'csv_to_parquet_2016', 'manual__2023-05-26T09:55:39.428407+00:00', '--job-id', '89', '--raw', '--subdir', 'DAGS_FOLDER/ingest_data_gcs_dag.py', '--cfg-path', '/tmp/tmpym6l6j_6']
[2023-05-26T09:55:43.435+0000] {standard_task_runner.py:85} INFO - Job 89: Subtask csv_to_parquet_2016
[2023-05-26T09:55:43.561+0000] {logging_mixin.py:149} INFO - Changing /opt/***/logs/dag_id=ingest_data_gcs_dag/run_id=manual__2023-05-26T09:55:39.428407+00:00/task_id=csv_to_parquet_2016 permission to 509
[2023-05-26T09:55:43.575+0000] {task_command.py:410} INFO - Running <TaskInstance: ingest_data_gcs_dag.csv_to_parquet_2016 manual__2023-05-26T09:55:39.428407+00:00 [running]> on host 0660d643f29d
[2023-05-26T09:55:43.700+0000] {taskinstance.py:1547} INFO - Exporting env vars: AIRFLOW_CTX_DAG_OWNER='***' AIRFLOW_CTX_DAG_ID='ingest_data_gcs_dag' AIRFLOW_CTX_TASK_ID='csv_to_parquet_2016' AIRFLOW_CTX_EXECUTION_DATE='2023-05-26T09:55:39.428407+00:00' AIRFLOW_CTX_TRY_NUMBER='1' AIRFLOW_CTX_DAG_RUN_ID='manual__2023-05-26T09:55:39.428407+00:00'
[2023-05-26T09:55:43.705+0000] {taskinstance.py:1824} ERROR - Task failed with exception
Traceback (most recent call last):
  File "/home/airflow/.local/lib/python3.7/site-packages/airflow/operators/python.py", line 181, in execute
    return_value = self.execute_callable()
  File "/home/airflow/.local/lib/python3.7/site-packages/airflow/operators/python.py", line 198, in execute_callable
    return self.python_callable(*self.op_args, **self.op_kwargs)
  File "/opt/airflow/dags/ingest_data_gcs_dag.py", line 29, in convert_csv_to_parquet
    df = pd.read_csv(f"{path_to_local_home}/{file_csv}")
  File "/home/airflow/.local/lib/python3.7/site-packages/pandas/util/_decorators.py", line 311, in wrapper
    return func(*args, **kwargs)
  File "/home/airflow/.local/lib/python3.7/site-packages/pandas/io/parsers/readers.py", line 586, in read_csv
    return _read(filepath_or_buffer, kwds)
  File "/home/airflow/.local/lib/python3.7/site-packages/pandas/io/parsers/readers.py", line 482, in _read
    parser = TextFileReader(filepath_or_buffer, **kwds)
  File "/home/airflow/.local/lib/python3.7/site-packages/pandas/io/parsers/readers.py", line 811, in __init__
    self._engine = self._make_engine(self.engine)
  File "/home/airflow/.local/lib/python3.7/site-packages/pandas/io/parsers/readers.py", line 1040, in _make_engine
    return mapping[engine](self.f, **self.options)  # type: ignore[call-arg]
  File "/home/airflow/.local/lib/python3.7/site-packages/pandas/io/parsers/c_parser_wrapper.py", line 69, in __init__
    self._reader = parsers.TextReader(self.handles.handle, **kwds)
  File "pandas/_libs/parsers.pyx", line 549, in pandas._libs.parsers.TextReader.__cinit__
pandas.errors.EmptyDataError: No columns to parse from file
[2023-05-26T09:55:43.719+0000] {taskinstance.py:1350} INFO - Marking task as UP_FOR_RETRY. dag_id=ingest_data_gcs_dag, task_id=csv_to_parquet_2016, execution_date=20230526T095539, start_date=20230526T095543, end_date=20230526T095543
[2023-05-26T09:55:43.734+0000] {standard_task_runner.py:109} ERROR - Failed to execute job 89 for task csv_to_parquet_2016 (No columns to parse from file; 123)
[2023-05-26T09:55:43.769+0000] {local_task_job_runner.py:225} INFO - Task exited with return code 1
[2023-05-26T09:55:43.796+0000] {taskinstance.py:2651} INFO - 0 downstream tasks scheduled from follow-on schedule check
