[2023-05-26T09:33:30.076+0000] {logging_mixin.py:149} INFO - Changing /opt/***/logs/dag_id=ingest_data_gcs_dag/run_id=manual__2023-05-26T09:33:23.398934+00:00/task_id=download_data_task_2015 permission to 509
[2023-05-26T09:33:30.174+0000] {logging_mixin.py:149} INFO - Changing /opt/***/logs/dag_id=ingest_data_gcs_dag/run_id=manual__2023-05-26T09:33:23.398934+00:00/task_id=download_data_task_2015 permission to 509
[2023-05-26T09:33:30.252+0000] {taskinstance.py:1103} INFO - Dependencies all met for dep_context=non-requeueable deps ti=<TaskInstance: ingest_data_gcs_dag.download_data_task_2015 manual__2023-05-26T09:33:23.398934+00:00 [queued]>
[2023-05-26T09:33:30.273+0000] {taskinstance.py:1103} INFO - Dependencies all met for dep_context=requeueable deps ti=<TaskInstance: ingest_data_gcs_dag.download_data_task_2015 manual__2023-05-26T09:33:23.398934+00:00 [queued]>
[2023-05-26T09:33:30.275+0000] {taskinstance.py:1308} INFO - Starting attempt 1 of 2
[2023-05-26T09:33:30.362+0000] {taskinstance.py:1327} INFO - Executing <Task(BashOperator): download_data_task_2015> on 2023-05-26 09:33:23.398934+00:00
[2023-05-26T09:33:30.419+0000] {standard_task_runner.py:57} INFO - Started process 1245 to run task
[2023-05-26T09:33:30.483+0000] {standard_task_runner.py:84} INFO - Running: ['***', 'tasks', 'run', 'ingest_data_gcs_dag', 'download_data_task_2015', 'manual__2023-05-26T09:33:23.398934+00:00', '--job-id', '71', '--raw', '--subdir', 'DAGS_FOLDER/ingest_data_gcs_dag.py', '--cfg-path', '/tmp/tmpngv3b4qc']
[2023-05-26T09:33:30.520+0000] {standard_task_runner.py:85} INFO - Job 71: Subtask download_data_task_2015
[2023-05-26T09:33:31.031+0000] {logging_mixin.py:149} INFO - Changing /opt/***/logs/dag_id=ingest_data_gcs_dag/run_id=manual__2023-05-26T09:33:23.398934+00:00/task_id=download_data_task_2015 permission to 509
[2023-05-26T09:33:31.130+0000] {task_command.py:410} INFO - Running <TaskInstance: ingest_data_gcs_dag.download_data_task_2015 manual__2023-05-26T09:33:23.398934+00:00 [running]> on host 0d5f6a8dd67a
[2023-05-26T09:33:32.574+0000] {taskinstance.py:1547} INFO - Exporting env vars: AIRFLOW_CTX_DAG_OWNER='***' AIRFLOW_CTX_DAG_ID='ingest_data_gcs_dag' AIRFLOW_CTX_TASK_ID='download_data_task_2015' AIRFLOW_CTX_EXECUTION_DATE='2023-05-26T09:33:23.398934+00:00' AIRFLOW_CTX_TRY_NUMBER='1' AIRFLOW_CTX_DAG_RUN_ID='manual__2023-05-26T09:33:23.398934+00:00'
[2023-05-26T09:33:32.654+0000] {subprocess.py:63} INFO - Tmp dir root location: 
 /tmp
[2023-05-26T09:33:32.674+0000] {subprocess.py:75} INFO - Running command: ['/bin/bash', '-c', 'curl -sS http://kilimodata.org/datastore/dump/40f681c0-20e6-4dc4-9c70-dcdb19b8940e?bom=True > /opt/***/Horticulture_2015.csv']
[2023-05-26T09:33:32.804+0000] {subprocess.py:86} INFO - Output:
[2023-05-26T09:33:34.715+0000] {subprocess.py:97} INFO - Command exited with return code 0
[2023-05-26T09:33:34.791+0000] {taskinstance.py:1350} INFO - Marking task as SUCCESS. dag_id=ingest_data_gcs_dag, task_id=download_data_task_2015, execution_date=20230526T093323, start_date=20230526T093330, end_date=20230526T093334
[2023-05-26T09:33:34.860+0000] {local_task_job_runner.py:225} INFO - Task exited with return code 0
[2023-05-26T09:33:34.914+0000] {taskinstance.py:2651} INFO - 1 downstream tasks scheduled from follow-on schedule check
