[2023-05-28T06:26:59.885+0000] {logging_mixin.py:149} INFO - Changing /opt/***/logs/dag_id=ingest_data_gcs_dag/run_id=manual__2023-05-28T06:26:57.147131+00:00/task_id=download_data_task_2015 permission to 509
[2023-05-28T06:26:59.922+0000] {logging_mixin.py:149} INFO - Changing /opt/***/logs/dag_id=ingest_data_gcs_dag/run_id=manual__2023-05-28T06:26:57.147131+00:00/task_id=download_data_task_2015 permission to 509
[2023-05-28T06:26:59.951+0000] {taskinstance.py:1103} INFO - Dependencies all met for dep_context=non-requeueable deps ti=<TaskInstance: ingest_data_gcs_dag.download_data_task_2015 manual__2023-05-28T06:26:57.147131+00:00 [queued]>
[2023-05-28T06:26:59.961+0000] {taskinstance.py:1103} INFO - Dependencies all met for dep_context=requeueable deps ti=<TaskInstance: ingest_data_gcs_dag.download_data_task_2015 manual__2023-05-28T06:26:57.147131+00:00 [queued]>
[2023-05-28T06:26:59.962+0000] {taskinstance.py:1308} INFO - Starting attempt 1 of 2
[2023-05-28T06:26:59.979+0000] {taskinstance.py:1327} INFO - Executing <Task(BashOperator): download_data_task_2015> on 2023-05-28 06:26:57.147131+00:00
[2023-05-28T06:26:59.985+0000] {standard_task_runner.py:57} INFO - Started process 144 to run task
[2023-05-28T06:26:59.991+0000] {standard_task_runner.py:84} INFO - Running: ['***', 'tasks', 'run', 'ingest_data_gcs_dag', 'download_data_task_2015', 'manual__2023-05-28T06:26:57.147131+00:00', '--job-id', '200', '--raw', '--subdir', 'DAGS_FOLDER/ingest_data_gcs_dag.py', '--cfg-path', '/tmp/tmpmpzsnkd_']
[2023-05-28T06:26:59.994+0000] {standard_task_runner.py:85} INFO - Job 200: Subtask download_data_task_2015
[2023-05-28T06:27:00.061+0000] {logging_mixin.py:149} INFO - Changing /opt/***/logs/dag_id=ingest_data_gcs_dag/run_id=manual__2023-05-28T06:26:57.147131+00:00/task_id=download_data_task_2015 permission to 509
[2023-05-28T06:27:00.071+0000] {task_command.py:410} INFO - Running <TaskInstance: ingest_data_gcs_dag.download_data_task_2015 manual__2023-05-28T06:26:57.147131+00:00 [running]> on host df47d3ec8d7b
[2023-05-28T06:27:00.195+0000] {taskinstance.py:1547} INFO - Exporting env vars: AIRFLOW_CTX_DAG_OWNER='***' AIRFLOW_CTX_DAG_ID='ingest_data_gcs_dag' AIRFLOW_CTX_TASK_ID='download_data_task_2015' AIRFLOW_CTX_EXECUTION_DATE='2023-05-28T06:26:57.147131+00:00' AIRFLOW_CTX_TRY_NUMBER='1' AIRFLOW_CTX_DAG_RUN_ID='manual__2023-05-28T06:26:57.147131+00:00'
[2023-05-28T06:27:00.198+0000] {subprocess.py:63} INFO - Tmp dir root location: 
 /tmp
[2023-05-28T06:27:00.199+0000] {subprocess.py:75} INFO - Running command: ['/bin/bash', '-c', 'curl -sS http://kilimodata.org/datastore/dump/40f681c0-20e6-4dc4-9c70-dcdb19b8940e?bom=True > /opt/***/Horticulture_2015.csv']
[2023-05-28T06:27:00.213+0000] {subprocess.py:86} INFO - Output:
[2023-05-28T06:27:01.718+0000] {subprocess.py:97} INFO - Command exited with return code 0
[2023-05-28T06:27:01.748+0000] {taskinstance.py:1350} INFO - Marking task as SUCCESS. dag_id=ingest_data_gcs_dag, task_id=download_data_task_2015, execution_date=20230528T062657, start_date=20230528T062659, end_date=20230528T062701
[2023-05-28T06:27:01.814+0000] {local_task_job_runner.py:225} INFO - Task exited with return code 0
[2023-05-28T06:27:01.845+0000] {taskinstance.py:2651} INFO - 1 downstream tasks scheduled from follow-on schedule check
