[2023-05-26T08:17:18.320+0000] {logging_mixin.py:149} INFO - Changing /opt/***/logs/dag_id=ingest_data_gcs_dag/run_id=scheduled__2023-05-25T00:00:00+00:00/task_id=download_data_task_2016 permission to 509
[2023-05-26T08:17:18.425+0000] {logging_mixin.py:149} INFO - Changing /opt/***/logs/dag_id=ingest_data_gcs_dag/run_id=scheduled__2023-05-25T00:00:00+00:00/task_id=download_data_task_2016 permission to 509
[2023-05-26T08:17:18.518+0000] {taskinstance.py:1103} INFO - Dependencies all met for dep_context=non-requeueable deps ti=<TaskInstance: ingest_data_gcs_dag.download_data_task_2016 scheduled__2023-05-25T00:00:00+00:00 [queued]>
[2023-05-26T08:17:18.556+0000] {taskinstance.py:1103} INFO - Dependencies all met for dep_context=requeueable deps ti=<TaskInstance: ingest_data_gcs_dag.download_data_task_2016 scheduled__2023-05-25T00:00:00+00:00 [queued]>
[2023-05-26T08:17:18.561+0000] {taskinstance.py:1308} INFO - Starting attempt 1 of 2
[2023-05-26T08:17:18.621+0000] {taskinstance.py:1327} INFO - Executing <Task(BashOperator): download_data_task_2016> on 2023-05-25 00:00:00+00:00
[2023-05-26T08:17:18.643+0000] {standard_task_runner.py:57} INFO - Started process 84 to run task
[2023-05-26T08:17:18.655+0000] {standard_task_runner.py:84} INFO - Running: ['***', 'tasks', 'run', 'ingest_data_gcs_dag', 'download_data_task_2016', 'scheduled__2023-05-25T00:00:00+00:00', '--job-id', '48', '--raw', '--subdir', 'DAGS_FOLDER/ingest_data_gcs_dag.py', '--cfg-path', '/tmp/tmp0rpps5ye']
[2023-05-26T08:17:18.664+0000] {standard_task_runner.py:85} INFO - Job 48: Subtask download_data_task_2016
[2023-05-26T08:17:18.890+0000] {logging_mixin.py:149} INFO - Changing /opt/***/logs/dag_id=ingest_data_gcs_dag/run_id=scheduled__2023-05-25T00:00:00+00:00/task_id=download_data_task_2016 permission to 509
[2023-05-26T08:17:18.915+0000] {task_command.py:410} INFO - Running <TaskInstance: ingest_data_gcs_dag.download_data_task_2016 scheduled__2023-05-25T00:00:00+00:00 [running]> on host 0d5f6a8dd67a
[2023-05-26T08:17:19.230+0000] {taskinstance.py:1547} INFO - Exporting env vars: AIRFLOW_CTX_DAG_OWNER='***' AIRFLOW_CTX_DAG_ID='ingest_data_gcs_dag' AIRFLOW_CTX_TASK_ID='download_data_task_2016' AIRFLOW_CTX_EXECUTION_DATE='2023-05-25T00:00:00+00:00' AIRFLOW_CTX_TRY_NUMBER='1' AIRFLOW_CTX_DAG_RUN_ID='scheduled__2023-05-25T00:00:00+00:00'
[2023-05-26T08:17:19.251+0000] {subprocess.py:63} INFO - Tmp dir root location: 
 /tmp
[2023-05-26T08:17:19.258+0000] {subprocess.py:75} INFO - Running command: ['/bin/bash', '-c', 'curl -sS http://kilimodata.org/datastore/dump/4babb6fc-a24c-4e6b-8528-114658e0b402?bom=True > /opt/***/Horticulture_2016.csv']
[2023-05-26T08:17:19.332+0000] {subprocess.py:86} INFO - Output:
[2023-05-26T08:17:21.921+0000] {subprocess.py:97} INFO - Command exited with return code 0
[2023-05-26T08:17:21.971+0000] {taskinstance.py:1350} INFO - Marking task as SUCCESS. dag_id=ingest_data_gcs_dag, task_id=download_data_task_2016, execution_date=20230525T000000, start_date=20230526T081718, end_date=20230526T081721
[2023-05-26T08:17:22.038+0000] {local_task_job_runner.py:225} INFO - Task exited with return code 0
[2023-05-26T08:17:22.104+0000] {taskinstance.py:2651} INFO - 1 downstream tasks scheduled from follow-on schedule check
[2023-05-26T12:02:42.662+0000] {logging_mixin.py:149} INFO - Changing /opt/***/logs/dag_id=ingest_data_gcs_dag/run_id=scheduled__2023-05-25T00:00:00+00:00/task_id=download_data_task_2016 permission to 509
[2023-05-26T12:02:42.713+0000] {logging_mixin.py:149} INFO - Changing /opt/***/logs/dag_id=ingest_data_gcs_dag/run_id=scheduled__2023-05-25T00:00:00+00:00/task_id=download_data_task_2016 permission to 509
[2023-05-26T12:02:42.762+0000] {taskinstance.py:1103} INFO - Dependencies all met for dep_context=non-requeueable deps ti=<TaskInstance: ingest_data_gcs_dag.download_data_task_2016 scheduled__2023-05-25T00:00:00+00:00 [queued]>
[2023-05-26T12:02:42.780+0000] {taskinstance.py:1103} INFO - Dependencies all met for dep_context=requeueable deps ti=<TaskInstance: ingest_data_gcs_dag.download_data_task_2016 scheduled__2023-05-25T00:00:00+00:00 [queued]>
[2023-05-26T12:02:42.783+0000] {taskinstance.py:1308} INFO - Starting attempt 1 of 2
[2023-05-26T12:02:42.810+0000] {taskinstance.py:1327} INFO - Executing <Task(BashOperator): download_data_task_2016> on 2023-05-25 00:00:00+00:00
[2023-05-26T12:02:42.819+0000] {standard_task_runner.py:57} INFO - Started process 1203 to run task
[2023-05-26T12:02:42.828+0000] {standard_task_runner.py:84} INFO - Running: ['***', 'tasks', 'run', 'ingest_data_gcs_dag', 'download_data_task_2016', 'scheduled__2023-05-25T00:00:00+00:00', '--job-id', '130', '--raw', '--subdir', 'DAGS_FOLDER/ingest_data_gcs_dag.py', '--cfg-path', '/tmp/tmpcfd08ocb']
[2023-05-26T12:02:42.834+0000] {standard_task_runner.py:85} INFO - Job 130: Subtask download_data_task_2016
[2023-05-26T12:02:42.943+0000] {logging_mixin.py:149} INFO - Changing /opt/***/logs/dag_id=ingest_data_gcs_dag/run_id=scheduled__2023-05-25T00:00:00+00:00/task_id=download_data_task_2016 permission to 509
[2023-05-26T12:02:42.960+0000] {task_command.py:410} INFO - Running <TaskInstance: ingest_data_gcs_dag.download_data_task_2016 scheduled__2023-05-25T00:00:00+00:00 [running]> on host 335f5093005c
[2023-05-26T12:02:43.086+0000] {taskinstance.py:1547} INFO - Exporting env vars: AIRFLOW_CTX_DAG_OWNER='***' AIRFLOW_CTX_DAG_ID='ingest_data_gcs_dag' AIRFLOW_CTX_TASK_ID='download_data_task_2016' AIRFLOW_CTX_EXECUTION_DATE='2023-05-25T00:00:00+00:00' AIRFLOW_CTX_TRY_NUMBER='1' AIRFLOW_CTX_DAG_RUN_ID='scheduled__2023-05-25T00:00:00+00:00'
[2023-05-26T12:02:43.091+0000] {subprocess.py:63} INFO - Tmp dir root location: 
 /tmp
[2023-05-26T12:02:43.094+0000] {subprocess.py:75} INFO - Running command: ['/bin/bash', '-c', 'curl -sS http://kilimodata.org/datastore/dump/4babb6fc-a24c-4e6b-8528-114658e0b402?bom=True > /opt/***/Horticulture_2016.csv']
[2023-05-26T12:02:43.114+0000] {subprocess.py:86} INFO - Output:
[2023-05-26T12:02:44.806+0000] {subprocess.py:97} INFO - Command exited with return code 0
[2023-05-26T12:02:44.874+0000] {taskinstance.py:1350} INFO - Marking task as SUCCESS. dag_id=ingest_data_gcs_dag, task_id=download_data_task_2016, execution_date=20230525T000000, start_date=20230526T120242, end_date=20230526T120244
[2023-05-26T12:02:44.931+0000] {local_task_job_runner.py:225} INFO - Task exited with return code 0
[2023-05-26T12:02:44.986+0000] {taskinstance.py:2651} INFO - 1 downstream tasks scheduled from follow-on schedule check
