[2023-05-26T11:05:09.065+0000] {logging_mixin.py:149} INFO - Changing /opt/***/logs/dag_id=ingest_data_gcs_dag/run_id=manual__2023-05-26T11:05:04.778661+00:00/task_id=download_data_task_2015 permission to 509
[2023-05-26T11:05:09.109+0000] {logging_mixin.py:149} INFO - Changing /opt/***/logs/dag_id=ingest_data_gcs_dag/run_id=manual__2023-05-26T11:05:04.778661+00:00/task_id=download_data_task_2015 permission to 509
[2023-05-26T11:05:09.143+0000] {taskinstance.py:1103} INFO - Dependencies all met for dep_context=non-requeueable deps ti=<TaskInstance: ingest_data_gcs_dag.download_data_task_2015 manual__2023-05-26T11:05:04.778661+00:00 [queued]>
[2023-05-26T11:05:09.155+0000] {taskinstance.py:1103} INFO - Dependencies all met for dep_context=requeueable deps ti=<TaskInstance: ingest_data_gcs_dag.download_data_task_2015 manual__2023-05-26T11:05:04.778661+00:00 [queued]>
[2023-05-26T11:05:09.156+0000] {taskinstance.py:1308} INFO - Starting attempt 1 of 2
[2023-05-26T11:05:09.180+0000] {taskinstance.py:1327} INFO - Executing <Task(BashOperator): download_data_task_2015> on 2023-05-26 11:05:04.778661+00:00
[2023-05-26T11:05:09.186+0000] {standard_task_runner.py:57} INFO - Started process 89 to run task
[2023-05-26T11:05:09.191+0000] {standard_task_runner.py:84} INFO - Running: ['***', 'tasks', 'run', 'ingest_data_gcs_dag', 'download_data_task_2015', 'manual__2023-05-26T11:05:04.778661+00:00', '--job-id', '121', '--raw', '--subdir', 'DAGS_FOLDER/ingest_data_gcs_dag.py', '--cfg-path', '/tmp/tmpv7u9g89b']
[2023-05-26T11:05:09.194+0000] {standard_task_runner.py:85} INFO - Job 121: Subtask download_data_task_2015
[2023-05-26T11:05:09.253+0000] {logging_mixin.py:149} INFO - Changing /opt/***/logs/dag_id=ingest_data_gcs_dag/run_id=manual__2023-05-26T11:05:04.778661+00:00/task_id=download_data_task_2015 permission to 509
[2023-05-26T11:05:09.264+0000] {task_command.py:410} INFO - Running <TaskInstance: ingest_data_gcs_dag.download_data_task_2015 manual__2023-05-26T11:05:04.778661+00:00 [running]> on host 335f5093005c
[2023-05-26T11:05:09.388+0000] {taskinstance.py:1547} INFO - Exporting env vars: AIRFLOW_CTX_DAG_OWNER='***' AIRFLOW_CTX_DAG_ID='ingest_data_gcs_dag' AIRFLOW_CTX_TASK_ID='download_data_task_2015' AIRFLOW_CTX_EXECUTION_DATE='2023-05-26T11:05:04.778661+00:00' AIRFLOW_CTX_TRY_NUMBER='1' AIRFLOW_CTX_DAG_RUN_ID='manual__2023-05-26T11:05:04.778661+00:00'
[2023-05-26T11:05:09.391+0000] {subprocess.py:63} INFO - Tmp dir root location: 
 /tmp
[2023-05-26T11:05:09.392+0000] {subprocess.py:75} INFO - Running command: ['/bin/bash', '-c', 'curl -sS http://kilimodata.org/datastore/dump/40f681c0-20e6-4dc4-9c70-dcdb19b8940e?bom=True > /opt/***/Horticulture_2015.csv']
[2023-05-26T11:05:09.406+0000] {subprocess.py:86} INFO - Output:
[2023-05-26T11:05:10.677+0000] {subprocess.py:97} INFO - Command exited with return code 0
[2023-05-26T11:05:10.712+0000] {taskinstance.py:1350} INFO - Marking task as SUCCESS. dag_id=ingest_data_gcs_dag, task_id=download_data_task_2015, execution_date=20230526T110504, start_date=20230526T110509, end_date=20230526T110510
[2023-05-26T11:05:10.772+0000] {local_task_job_runner.py:225} INFO - Task exited with return code 0
[2023-05-26T11:05:10.805+0000] {taskinstance.py:2651} INFO - 1 downstream tasks scheduled from follow-on schedule check
