[2023-05-26T10:27:27.018+0000] {logging_mixin.py:149} INFO - Changing /opt/***/logs/dag_id=ingest_data_gcs_dag/run_id=manual__2023-05-26T10:27:22.355038+00:00/task_id=download_data_task_2016 permission to 509
[2023-05-26T10:27:27.065+0000] {logging_mixin.py:149} INFO - Changing /opt/***/logs/dag_id=ingest_data_gcs_dag/run_id=manual__2023-05-26T10:27:22.355038+00:00/task_id=download_data_task_2016 permission to 509
[2023-05-26T10:27:27.101+0000] {taskinstance.py:1103} INFO - Dependencies all met for dep_context=non-requeueable deps ti=<TaskInstance: ingest_data_gcs_dag.download_data_task_2016 manual__2023-05-26T10:27:22.355038+00:00 [queued]>
[2023-05-26T10:27:27.116+0000] {taskinstance.py:1103} INFO - Dependencies all met for dep_context=requeueable deps ti=<TaskInstance: ingest_data_gcs_dag.download_data_task_2016 manual__2023-05-26T10:27:22.355038+00:00 [queued]>
[2023-05-26T10:27:27.117+0000] {taskinstance.py:1308} INFO - Starting attempt 1 of 2
[2023-05-26T10:27:27.137+0000] {taskinstance.py:1327} INFO - Executing <Task(BashOperator): download_data_task_2016> on 2023-05-26 10:27:22.355038+00:00
[2023-05-26T10:27:27.144+0000] {standard_task_runner.py:57} INFO - Started process 94 to run task
[2023-05-26T10:27:27.156+0000] {standard_task_runner.py:84} INFO - Running: ['***', 'tasks', 'run', 'ingest_data_gcs_dag', 'download_data_task_2016', 'manual__2023-05-26T10:27:22.355038+00:00', '--job-id', '106', '--raw', '--subdir', 'DAGS_FOLDER/ingest_data_gcs_dag.py', '--cfg-path', '/tmp/tmpb5uidz5b']
[2023-05-26T10:27:27.161+0000] {standard_task_runner.py:85} INFO - Job 106: Subtask download_data_task_2016
[2023-05-26T10:27:27.250+0000] {logging_mixin.py:149} INFO - Changing /opt/***/logs/dag_id=ingest_data_gcs_dag/run_id=manual__2023-05-26T10:27:22.355038+00:00/task_id=download_data_task_2016 permission to 509
[2023-05-26T10:27:27.263+0000] {task_command.py:410} INFO - Running <TaskInstance: ingest_data_gcs_dag.download_data_task_2016 manual__2023-05-26T10:27:22.355038+00:00 [running]> on host e663fcea502a
[2023-05-26T10:27:27.378+0000] {taskinstance.py:1547} INFO - Exporting env vars: AIRFLOW_CTX_DAG_OWNER='***' AIRFLOW_CTX_DAG_ID='ingest_data_gcs_dag' AIRFLOW_CTX_TASK_ID='download_data_task_2016' AIRFLOW_CTX_EXECUTION_DATE='2023-05-26T10:27:22.355038+00:00' AIRFLOW_CTX_TRY_NUMBER='1' AIRFLOW_CTX_DAG_RUN_ID='manual__2023-05-26T10:27:22.355038+00:00'
[2023-05-26T10:27:27.388+0000] {subprocess.py:63} INFO - Tmp dir root location: 
 /tmp
[2023-05-26T10:27:27.390+0000] {subprocess.py:75} INFO - Running command: ['/bin/bash', '-c', 'curl -sS http://kilimodata.org/datastore/dump/4babb6fc-a24c-4e6b-8528-114658e0b402?bom=True > /opt/***/Horticulture_2016.csv']
[2023-05-26T10:27:27.419+0000] {subprocess.py:86} INFO - Output:
[2023-05-26T10:27:28.825+0000] {subprocess.py:97} INFO - Command exited with return code 0
[2023-05-26T10:27:28.863+0000] {taskinstance.py:1350} INFO - Marking task as SUCCESS. dag_id=ingest_data_gcs_dag, task_id=download_data_task_2016, execution_date=20230526T102722, start_date=20230526T102727, end_date=20230526T102728
[2023-05-26T10:27:28.942+0000] {local_task_job_runner.py:225} INFO - Task exited with return code 0
[2023-05-26T10:27:28.978+0000] {taskinstance.py:2651} INFO - 1 downstream tasks scheduled from follow-on schedule check
