[2023-05-26T07:19:44.561+0000] {logging_mixin.py:149} INFO - Changing /opt/***/logs/dag_id=data_ingestion_gcs_dag/run_id=manual__2023-05-26T07:19:36.288103+00:00/task_id=download_data_task_2015 permission to 509
[2023-05-26T07:19:44.651+0000] {logging_mixin.py:149} INFO - Changing /opt/***/logs/dag_id=data_ingestion_gcs_dag/run_id=manual__2023-05-26T07:19:36.288103+00:00/task_id=download_data_task_2015 permission to 509
[2023-05-26T07:19:44.726+0000] {taskinstance.py:1103} INFO - Dependencies all met for dep_context=non-requeueable deps ti=<TaskInstance: data_ingestion_gcs_dag.download_data_task_2015 manual__2023-05-26T07:19:36.288103+00:00 [queued]>
[2023-05-26T07:19:44.751+0000] {taskinstance.py:1103} INFO - Dependencies all met for dep_context=requeueable deps ti=<TaskInstance: data_ingestion_gcs_dag.download_data_task_2015 manual__2023-05-26T07:19:36.288103+00:00 [queued]>
[2023-05-26T07:19:44.753+0000] {taskinstance.py:1308} INFO - Starting attempt 1 of 2
[2023-05-26T07:19:44.786+0000] {taskinstance.py:1327} INFO - Executing <Task(BashOperator): download_data_task_2015> on 2023-05-26 07:19:36.288103+00:00
[2023-05-26T07:19:44.800+0000] {standard_task_runner.py:57} INFO - Started process 217 to run task
[2023-05-26T07:19:44.810+0000] {standard_task_runner.py:84} INFO - Running: ['***', 'tasks', 'run', 'data_ingestion_gcs_dag', 'download_data_task_2015', 'manual__2023-05-26T07:19:36.288103+00:00', '--job-id', '26', '--raw', '--subdir', 'DAGS_FOLDER/ingest_data_gcs_dag.py', '--cfg-path', '/tmp/tmpwp6sd3vk']
[2023-05-26T07:19:44.816+0000] {standard_task_runner.py:85} INFO - Job 26: Subtask download_data_task_2015
[2023-05-26T07:19:45.051+0000] {logging_mixin.py:149} INFO - Changing /opt/***/logs/dag_id=data_ingestion_gcs_dag/run_id=manual__2023-05-26T07:19:36.288103+00:00/task_id=download_data_task_2015 permission to 509
[2023-05-26T07:19:45.079+0000] {task_command.py:410} INFO - Running <TaskInstance: data_ingestion_gcs_dag.download_data_task_2015 manual__2023-05-26T07:19:36.288103+00:00 [running]> on host 71de5723b7f9
[2023-05-26T07:19:45.360+0000] {taskinstance.py:1547} INFO - Exporting env vars: AIRFLOW_CTX_DAG_OWNER='***' AIRFLOW_CTX_DAG_ID='data_ingestion_gcs_dag' AIRFLOW_CTX_TASK_ID='download_data_task_2015' AIRFLOW_CTX_EXECUTION_DATE='2023-05-26T07:19:36.288103+00:00' AIRFLOW_CTX_TRY_NUMBER='1' AIRFLOW_CTX_DAG_RUN_ID='manual__2023-05-26T07:19:36.288103+00:00'
[2023-05-26T07:19:45.412+0000] {subprocess.py:63} INFO - Tmp dir root location: 
 /tmp
[2023-05-26T07:19:45.414+0000] {subprocess.py:75} INFO - Running command: ['/bin/bash', '-c', 'curl -sS http://kilimodata.org/datastore/dump/40f681c0-20e6-4dc4-9c70-dcdb19b8940e?bom=True > /opt/***/Horticulture_2015.csv']
[2023-05-26T07:19:45.448+0000] {subprocess.py:86} INFO - Output:
[2023-05-26T07:19:48.632+0000] {subprocess.py:97} INFO - Command exited with return code 0
[2023-05-26T07:19:48.678+0000] {taskinstance.py:1350} INFO - Marking task as SUCCESS. dag_id=data_ingestion_gcs_dag, task_id=download_data_task_2015, execution_date=20230526T071936, start_date=20230526T071944, end_date=20230526T071948
[2023-05-26T07:19:48.753+0000] {local_task_job_runner.py:225} INFO - Task exited with return code 0
[2023-05-26T07:19:48.827+0000] {taskinstance.py:2651} INFO - 1 downstream tasks scheduled from follow-on schedule check
