[2023-05-26T07:19:44.663+0000] {logging_mixin.py:149} INFO - Changing /opt/***/logs/dag_id=data_ingestion_gcs_dag/run_id=manual__2023-05-26T07:19:36.288103+00:00/task_id=download_data_task_2016 permission to 509
[2023-05-26T07:19:44.738+0000] {logging_mixin.py:149} INFO - Changing /opt/***/logs/dag_id=data_ingestion_gcs_dag/run_id=manual__2023-05-26T07:19:36.288103+00:00/task_id=download_data_task_2016 permission to 509
[2023-05-26T07:19:44.790+0000] {taskinstance.py:1103} INFO - Dependencies all met for dep_context=non-requeueable deps ti=<TaskInstance: data_ingestion_gcs_dag.download_data_task_2016 manual__2023-05-26T07:19:36.288103+00:00 [queued]>
[2023-05-26T07:19:44.815+0000] {taskinstance.py:1103} INFO - Dependencies all met for dep_context=requeueable deps ti=<TaskInstance: data_ingestion_gcs_dag.download_data_task_2016 manual__2023-05-26T07:19:36.288103+00:00 [queued]>
[2023-05-26T07:19:44.817+0000] {taskinstance.py:1308} INFO - Starting attempt 1 of 2
[2023-05-26T07:19:44.942+0000] {taskinstance.py:1327} INFO - Executing <Task(BashOperator): download_data_task_2016> on 2023-05-26 07:19:36.288103+00:00
[2023-05-26T07:19:44.966+0000] {standard_task_runner.py:57} INFO - Started process 218 to run task
[2023-05-26T07:19:44.984+0000] {standard_task_runner.py:84} INFO - Running: ['***', 'tasks', 'run', 'data_ingestion_gcs_dag', 'download_data_task_2016', 'manual__2023-05-26T07:19:36.288103+00:00', '--job-id', '27', '--raw', '--subdir', 'DAGS_FOLDER/ingest_data_gcs_dag.py', '--cfg-path', '/tmp/tmp4o8es711']
[2023-05-26T07:19:44.993+0000] {standard_task_runner.py:85} INFO - Job 27: Subtask download_data_task_2016
[2023-05-26T07:19:45.163+0000] {logging_mixin.py:149} INFO - Changing /opt/***/logs/dag_id=data_ingestion_gcs_dag/run_id=manual__2023-05-26T07:19:36.288103+00:00/task_id=download_data_task_2016 permission to 509
[2023-05-26T07:19:45.197+0000] {task_command.py:410} INFO - Running <TaskInstance: data_ingestion_gcs_dag.download_data_task_2016 manual__2023-05-26T07:19:36.288103+00:00 [running]> on host 71de5723b7f9
[2023-05-26T07:19:45.403+0000] {taskinstance.py:1547} INFO - Exporting env vars: AIRFLOW_CTX_DAG_OWNER='***' AIRFLOW_CTX_DAG_ID='data_ingestion_gcs_dag' AIRFLOW_CTX_TASK_ID='download_data_task_2016' AIRFLOW_CTX_EXECUTION_DATE='2023-05-26T07:19:36.288103+00:00' AIRFLOW_CTX_TRY_NUMBER='1' AIRFLOW_CTX_DAG_RUN_ID='manual__2023-05-26T07:19:36.288103+00:00'
[2023-05-26T07:19:45.412+0000] {subprocess.py:63} INFO - Tmp dir root location: 
 /tmp
[2023-05-26T07:19:45.415+0000] {subprocess.py:75} INFO - Running command: ['/bin/bash', '-c', 'curl -sS http://kilimodata.org/datastore/dump/4babb6fc-a24c-4e6b-8528-114658e0b402?bom=True > /opt/***/Horticulture_2016.csv']
[2023-05-26T07:19:45.450+0000] {subprocess.py:86} INFO - Output:
[2023-05-26T07:19:48.415+0000] {subprocess.py:97} INFO - Command exited with return code 0
[2023-05-26T07:19:48.467+0000] {taskinstance.py:1350} INFO - Marking task as SUCCESS. dag_id=data_ingestion_gcs_dag, task_id=download_data_task_2016, execution_date=20230526T071936, start_date=20230526T071944, end_date=20230526T071948
[2023-05-26T07:19:48.542+0000] {local_task_job_runner.py:225} INFO - Task exited with return code 0
[2023-05-26T07:19:48.600+0000] {taskinstance.py:2651} INFO - 1 downstream tasks scheduled from follow-on schedule check
