[2023-05-27T12:52:01.660+0000] {logging_mixin.py:149} INFO - Changing /opt/***/logs/dag_id=ingest_data_gcs_dag/run_id=scheduled__2023-05-26T00:00:00+00:00/task_id=download_data_task_2016 permission to 509
[2023-05-27T12:52:01.876+0000] {logging_mixin.py:149} INFO - Changing /opt/***/logs/dag_id=ingest_data_gcs_dag/run_id=scheduled__2023-05-26T00:00:00+00:00/task_id=download_data_task_2016 permission to 509
[2023-05-27T12:52:02.055+0000] {taskinstance.py:1103} INFO - Dependencies all met for dep_context=non-requeueable deps ti=<TaskInstance: ingest_data_gcs_dag.download_data_task_2016 scheduled__2023-05-26T00:00:00+00:00 [queued]>
[2023-05-27T12:52:02.119+0000] {taskinstance.py:1103} INFO - Dependencies all met for dep_context=requeueable deps ti=<TaskInstance: ingest_data_gcs_dag.download_data_task_2016 scheduled__2023-05-26T00:00:00+00:00 [queued]>
[2023-05-27T12:52:02.126+0000] {taskinstance.py:1308} INFO - Starting attempt 1 of 2
[2023-05-27T12:52:02.209+0000] {taskinstance.py:1327} INFO - Executing <Task(BashOperator): download_data_task_2016> on 2023-05-26 00:00:00+00:00
[2023-05-27T12:52:02.301+0000] {standard_task_runner.py:57} INFO - Started process 11973 to run task
[2023-05-27T12:52:02.318+0000] {standard_task_runner.py:84} INFO - Running: ['***', 'tasks', 'run', 'ingest_data_gcs_dag', 'download_data_task_2016', 'scheduled__2023-05-26T00:00:00+00:00', '--job-id', '150', '--raw', '--subdir', 'DAGS_FOLDER/ingest_data_gcs_dag.py', '--cfg-path', '/tmp/tmpqaav91ha']
[2023-05-27T12:52:02.369+0000] {standard_task_runner.py:85} INFO - Job 150: Subtask download_data_task_2016
[2023-05-27T12:52:02.697+0000] {logging_mixin.py:149} INFO - Changing /opt/***/logs/dag_id=ingest_data_gcs_dag/run_id=scheduled__2023-05-26T00:00:00+00:00/task_id=download_data_task_2016 permission to 509
[2023-05-27T12:52:02.768+0000] {task_command.py:410} INFO - Running <TaskInstance: ingest_data_gcs_dag.download_data_task_2016 scheduled__2023-05-26T00:00:00+00:00 [running]> on host 335f5093005c
[2023-05-27T12:52:03.265+0000] {taskinstance.py:1547} INFO - Exporting env vars: AIRFLOW_CTX_DAG_OWNER='***' AIRFLOW_CTX_DAG_ID='ingest_data_gcs_dag' AIRFLOW_CTX_TASK_ID='download_data_task_2016' AIRFLOW_CTX_EXECUTION_DATE='2023-05-26T00:00:00+00:00' AIRFLOW_CTX_TRY_NUMBER='1' AIRFLOW_CTX_DAG_RUN_ID='scheduled__2023-05-26T00:00:00+00:00'
[2023-05-27T12:52:03.277+0000] {subprocess.py:63} INFO - Tmp dir root location: 
 /tmp
[2023-05-27T12:52:03.287+0000] {subprocess.py:75} INFO - Running command: ['/bin/bash', '-c', 'curl -sS http://kilimodata.org/datastore/dump/4babb6fc-a24c-4e6b-8528-114658e0b402?bom=True > /opt/***/Horticulture_2016.csv']
[2023-05-27T12:52:03.364+0000] {subprocess.py:86} INFO - Output:
[2023-05-27T12:52:05.108+0000] {subprocess.py:97} INFO - Command exited with return code 0
[2023-05-27T12:52:05.197+0000] {taskinstance.py:1350} INFO - Marking task as SUCCESS. dag_id=ingest_data_gcs_dag, task_id=download_data_task_2016, execution_date=20230526T000000, start_date=20230527T125202, end_date=20230527T125205
[2023-05-27T12:52:05.290+0000] {local_task_job_runner.py:225} INFO - Task exited with return code 0
[2023-05-27T12:52:05.376+0000] {taskinstance.py:2651} INFO - 1 downstream tasks scheduled from follow-on schedule check
