[2023-05-26T08:17:18.277+0000] {logging_mixin.py:149} INFO - Changing /opt/***/logs/dag_id=ingest_data_gcs_dag/run_id=scheduled__2023-05-25T00:00:00+00:00/task_id=csv_to_parquet_2016 permission to 509
[2023-05-26T08:17:18.398+0000] {logging_mixin.py:149} INFO - Changing /opt/***/logs/dag_id=ingest_data_gcs_dag/run_id=scheduled__2023-05-25T00:00:00+00:00/task_id=csv_to_parquet_2016 permission to 509
[2023-05-26T08:17:18.514+0000] {taskinstance.py:1103} INFO - Dependencies all met for dep_context=non-requeueable deps ti=<TaskInstance: ingest_data_gcs_dag.csv_to_parquet_2016 scheduled__2023-05-25T00:00:00+00:00 [queued]>
[2023-05-26T08:17:18.549+0000] {taskinstance.py:1103} INFO - Dependencies all met for dep_context=requeueable deps ti=<TaskInstance: ingest_data_gcs_dag.csv_to_parquet_2016 scheduled__2023-05-25T00:00:00+00:00 [queued]>
[2023-05-26T08:17:18.554+0000] {taskinstance.py:1308} INFO - Starting attempt 1 of 2
[2023-05-26T08:17:18.606+0000] {taskinstance.py:1327} INFO - Executing <Task(PythonOperator): csv_to_parquet_2016> on 2023-05-25 00:00:00+00:00
[2023-05-26T08:17:18.620+0000] {standard_task_runner.py:57} INFO - Started process 83 to run task
[2023-05-26T08:17:18.654+0000] {standard_task_runner.py:84} INFO - Running: ['***', 'tasks', 'run', 'ingest_data_gcs_dag', 'csv_to_parquet_2016', 'scheduled__2023-05-25T00:00:00+00:00', '--job-id', '47', '--raw', '--subdir', 'DAGS_FOLDER/ingest_data_gcs_dag.py', '--cfg-path', '/tmp/tmpczr1s_zx']
[2023-05-26T08:17:18.669+0000] {standard_task_runner.py:85} INFO - Job 47: Subtask csv_to_parquet_2016
[2023-05-26T08:17:18.940+0000] {logging_mixin.py:149} INFO - Changing /opt/***/logs/dag_id=ingest_data_gcs_dag/run_id=scheduled__2023-05-25T00:00:00+00:00/task_id=csv_to_parquet_2016 permission to 509
[2023-05-26T08:17:18.959+0000] {task_command.py:410} INFO - Running <TaskInstance: ingest_data_gcs_dag.csv_to_parquet_2016 scheduled__2023-05-25T00:00:00+00:00 [running]> on host 0d5f6a8dd67a
[2023-05-26T08:17:19.617+0000] {taskinstance.py:1547} INFO - Exporting env vars: AIRFLOW_CTX_DAG_OWNER='***' AIRFLOW_CTX_DAG_ID='ingest_data_gcs_dag' AIRFLOW_CTX_TASK_ID='csv_to_parquet_2016' AIRFLOW_CTX_EXECUTION_DATE='2023-05-25T00:00:00+00:00' AIRFLOW_CTX_TRY_NUMBER='1' AIRFLOW_CTX_DAG_RUN_ID='scheduled__2023-05-25T00:00:00+00:00'
[2023-05-26T08:17:19.642+0000] {taskinstance.py:1824} ERROR - Task failed with exception
Traceback (most recent call last):
  File "/home/airflow/.local/lib/python3.7/site-packages/airflow/operators/python.py", line 181, in execute
    return_value = self.execute_callable()
  File "/home/airflow/.local/lib/python3.7/site-packages/airflow/operators/python.py", line 198, in execute_callable
    return self.python_callable(*self.op_args, **self.op_kwargs)
  File "/opt/airflow/dags/ingest_data_gcs_dag.py", line 29, in convert_csv_to_parquet
    df = pd.read_csv(f"{path_to_local_home}/{file_csv}")
  File "/home/airflow/.local/lib/python3.7/site-packages/pandas/util/_decorators.py", line 311, in wrapper
    return func(*args, **kwargs)
  File "/home/airflow/.local/lib/python3.7/site-packages/pandas/io/parsers/readers.py", line 586, in read_csv
    return _read(filepath_or_buffer, kwds)
  File "/home/airflow/.local/lib/python3.7/site-packages/pandas/io/parsers/readers.py", line 482, in _read
    parser = TextFileReader(filepath_or_buffer, **kwds)
  File "/home/airflow/.local/lib/python3.7/site-packages/pandas/io/parsers/readers.py", line 811, in __init__
    self._engine = self._make_engine(self.engine)
  File "/home/airflow/.local/lib/python3.7/site-packages/pandas/io/parsers/readers.py", line 1040, in _make_engine
    return mapping[engine](self.f, **self.options)  # type: ignore[call-arg]
  File "/home/airflow/.local/lib/python3.7/site-packages/pandas/io/parsers/c_parser_wrapper.py", line 69, in __init__
    self._reader = parsers.TextReader(self.handles.handle, **kwds)
  File "pandas/_libs/parsers.pyx", line 549, in pandas._libs.parsers.TextReader.__cinit__
pandas.errors.EmptyDataError: No columns to parse from file
[2023-05-26T08:17:19.789+0000] {taskinstance.py:1350} INFO - Marking task as UP_FOR_RETRY. dag_id=ingest_data_gcs_dag, task_id=csv_to_parquet_2016, execution_date=20230525T000000, start_date=20230526T081718, end_date=20230526T081719
[2023-05-26T08:17:19.858+0000] {standard_task_runner.py:109} ERROR - Failed to execute job 47 for task csv_to_parquet_2016 (No columns to parse from file; 83)
[2023-05-26T08:17:19.933+0000] {local_task_job_runner.py:225} INFO - Task exited with return code 1
[2023-05-26T08:17:20.049+0000] {taskinstance.py:2651} INFO - 0 downstream tasks scheduled from follow-on schedule check
[2023-05-26T12:02:47.200+0000] {logging_mixin.py:149} INFO - Changing /opt/***/logs/dag_id=ingest_data_gcs_dag/run_id=scheduled__2023-05-25T00:00:00+00:00/task_id=csv_to_parquet_2016 permission to 509
[2023-05-26T12:02:47.277+0000] {logging_mixin.py:149} INFO - Changing /opt/***/logs/dag_id=ingest_data_gcs_dag/run_id=scheduled__2023-05-25T00:00:00+00:00/task_id=csv_to_parquet_2016 permission to 509
[2023-05-26T12:02:47.341+0000] {taskinstance.py:1103} INFO - Dependencies all met for dep_context=non-requeueable deps ti=<TaskInstance: ingest_data_gcs_dag.csv_to_parquet_2016 scheduled__2023-05-25T00:00:00+00:00 [queued]>
[2023-05-26T12:02:47.368+0000] {taskinstance.py:1103} INFO - Dependencies all met for dep_context=requeueable deps ti=<TaskInstance: ingest_data_gcs_dag.csv_to_parquet_2016 scheduled__2023-05-25T00:00:00+00:00 [queued]>
[2023-05-26T12:02:47.369+0000] {taskinstance.py:1308} INFO - Starting attempt 1 of 2
[2023-05-26T12:02:47.414+0000] {taskinstance.py:1327} INFO - Executing <Task(PythonOperator): csv_to_parquet_2016> on 2023-05-25 00:00:00+00:00
[2023-05-26T12:02:47.429+0000] {standard_task_runner.py:57} INFO - Started process 1226 to run task
[2023-05-26T12:02:47.441+0000] {standard_task_runner.py:84} INFO - Running: ['***', 'tasks', 'run', 'ingest_data_gcs_dag', 'csv_to_parquet_2016', 'scheduled__2023-05-25T00:00:00+00:00', '--job-id', '133', '--raw', '--subdir', 'DAGS_FOLDER/ingest_data_gcs_dag.py', '--cfg-path', '/tmp/tmpisp32byy']
[2023-05-26T12:02:47.447+0000] {standard_task_runner.py:85} INFO - Job 133: Subtask csv_to_parquet_2016
[2023-05-26T12:02:47.555+0000] {logging_mixin.py:149} INFO - Changing /opt/***/logs/dag_id=ingest_data_gcs_dag/run_id=scheduled__2023-05-25T00:00:00+00:00/task_id=csv_to_parquet_2016 permission to 509
[2023-05-26T12:02:47.573+0000] {task_command.py:410} INFO - Running <TaskInstance: ingest_data_gcs_dag.csv_to_parquet_2016 scheduled__2023-05-25T00:00:00+00:00 [running]> on host 335f5093005c
[2023-05-26T12:02:47.778+0000] {taskinstance.py:1547} INFO - Exporting env vars: AIRFLOW_CTX_DAG_OWNER='***' AIRFLOW_CTX_DAG_ID='ingest_data_gcs_dag' AIRFLOW_CTX_TASK_ID='csv_to_parquet_2016' AIRFLOW_CTX_EXECUTION_DATE='2023-05-25T00:00:00+00:00' AIRFLOW_CTX_TRY_NUMBER='1' AIRFLOW_CTX_DAG_RUN_ID='scheduled__2023-05-25T00:00:00+00:00'
[2023-05-26T12:02:47.985+0000] {python.py:183} INFO - Done. Returned value was: None
[2023-05-26T12:02:48.026+0000] {taskinstance.py:1350} INFO - Marking task as SUCCESS. dag_id=ingest_data_gcs_dag, task_id=csv_to_parquet_2016, execution_date=20230525T000000, start_date=20230526T120247, end_date=20230526T120248
[2023-05-26T12:02:48.092+0000] {local_task_job_runner.py:225} INFO - Task exited with return code 0
[2023-05-26T12:02:48.197+0000] {taskinstance.py:2651} INFO - 1 downstream tasks scheduled from follow-on schedule check
