[2023-06-05T20:13:36.661+0000] {logging_mixin.py:149} INFO - Changing /opt/***/logs/dag_id=ingest_data_gcs_dag/run_id=manual__2023-06-05T20:13:30.454319+00:00/task_id=download_data_task_2016 permission to 509
[2023-06-05T20:13:36.740+0000] {logging_mixin.py:149} INFO - Changing /opt/***/logs/dag_id=ingest_data_gcs_dag/run_id=manual__2023-06-05T20:13:30.454319+00:00/task_id=download_data_task_2016 permission to 509
[2023-06-05T20:13:36.809+0000] {taskinstance.py:1103} INFO - Dependencies all met for dep_context=non-requeueable deps ti=<TaskInstance: ingest_data_gcs_dag.download_data_task_2016 manual__2023-06-05T20:13:30.454319+00:00 [queued]>
[2023-06-05T20:13:36.837+0000] {taskinstance.py:1103} INFO - Dependencies all met for dep_context=requeueable deps ti=<TaskInstance: ingest_data_gcs_dag.download_data_task_2016 manual__2023-06-05T20:13:30.454319+00:00 [queued]>
[2023-06-05T20:13:36.839+0000] {taskinstance.py:1308} INFO - Starting attempt 1 of 2
[2023-06-05T20:13:36.875+0000] {taskinstance.py:1327} INFO - Executing <Task(BashOperator): download_data_task_2016> on 2023-06-05 20:13:30.454319+00:00
[2023-06-05T20:13:36.887+0000] {standard_task_runner.py:57} INFO - Started process 81 to run task
[2023-06-05T20:13:36.899+0000] {standard_task_runner.py:84} INFO - Running: ['***', 'tasks', 'run', 'ingest_data_gcs_dag', 'download_data_task_2016', 'manual__2023-06-05T20:13:30.454319+00:00', '--job-id', '293', '--raw', '--subdir', 'DAGS_FOLDER/ingest_data_gcs_dag.py', '--cfg-path', '/tmp/tmptt_u10t7']
[2023-06-05T20:13:36.907+0000] {standard_task_runner.py:85} INFO - Job 293: Subtask download_data_task_2016
[2023-06-05T20:13:37.045+0000] {logging_mixin.py:149} INFO - Changing /opt/***/logs/dag_id=ingest_data_gcs_dag/run_id=manual__2023-06-05T20:13:30.454319+00:00/task_id=download_data_task_2016 permission to 509
[2023-06-05T20:13:37.067+0000] {task_command.py:410} INFO - Running <TaskInstance: ingest_data_gcs_dag.download_data_task_2016 manual__2023-06-05T20:13:30.454319+00:00 [running]> on host 1b7a7269e5b8
[2023-06-05T20:13:37.308+0000] {taskinstance.py:1547} INFO - Exporting env vars: AIRFLOW_CTX_DAG_OWNER='***' AIRFLOW_CTX_DAG_ID='ingest_data_gcs_dag' AIRFLOW_CTX_TASK_ID='download_data_task_2016' AIRFLOW_CTX_EXECUTION_DATE='2023-06-05T20:13:30.454319+00:00' AIRFLOW_CTX_TRY_NUMBER='1' AIRFLOW_CTX_DAG_RUN_ID='manual__2023-06-05T20:13:30.454319+00:00'
[2023-06-05T20:13:37.312+0000] {subprocess.py:63} INFO - Tmp dir root location: 
 /tmp
[2023-06-05T20:13:37.315+0000] {subprocess.py:75} INFO - Running command: ['/bin/bash', '-c', 'curl -sS http://kilimodata.org/datastore/dump/4babb6fc-a24c-4e6b-8528-114658e0b402?bom=True > /opt/***/maize_2016.csv']
[2023-06-05T20:13:37.342+0000] {subprocess.py:86} INFO - Output:
[2023-06-05T20:13:38.871+0000] {subprocess.py:97} INFO - Command exited with return code 0
[2023-06-05T20:13:38.927+0000] {taskinstance.py:1350} INFO - Marking task as SUCCESS. dag_id=ingest_data_gcs_dag, task_id=download_data_task_2016, execution_date=20230605T201330, start_date=20230605T201336, end_date=20230605T201338
[2023-06-05T20:13:38.971+0000] {local_task_job_runner.py:225} INFO - Task exited with return code 0
[2023-06-05T20:13:39.017+0000] {taskinstance.py:2651} INFO - 1 downstream tasks scheduled from follow-on schedule check
