[2023-05-26T08:17:21.276+0000] {logging_mixin.py:149} INFO - Changing /opt/***/logs/dag_id=ingest_data_gcs_dag/run_id=scheduled__2023-05-25T00:00:00+00:00/task_id=download_data_task_2015 permission to 509
[2023-05-26T08:17:21.333+0000] {logging_mixin.py:149} INFO - Changing /opt/***/logs/dag_id=ingest_data_gcs_dag/run_id=scheduled__2023-05-25T00:00:00+00:00/task_id=download_data_task_2015 permission to 509
[2023-05-26T08:17:21.383+0000] {taskinstance.py:1103} INFO - Dependencies all met for dep_context=non-requeueable deps ti=<TaskInstance: ingest_data_gcs_dag.download_data_task_2015 scheduled__2023-05-25T00:00:00+00:00 [queued]>
[2023-05-26T08:17:21.399+0000] {taskinstance.py:1103} INFO - Dependencies all met for dep_context=requeueable deps ti=<TaskInstance: ingest_data_gcs_dag.download_data_task_2015 scheduled__2023-05-25T00:00:00+00:00 [queued]>
[2023-05-26T08:17:21.401+0000] {taskinstance.py:1308} INFO - Starting attempt 1 of 2
[2023-05-26T08:17:21.425+0000] {taskinstance.py:1327} INFO - Executing <Task(BashOperator): download_data_task_2015> on 2023-05-25 00:00:00+00:00
[2023-05-26T08:17:21.436+0000] {standard_task_runner.py:57} INFO - Started process 88 to run task
[2023-05-26T08:17:21.446+0000] {standard_task_runner.py:84} INFO - Running: ['***', 'tasks', 'run', 'ingest_data_gcs_dag', 'download_data_task_2015', 'scheduled__2023-05-25T00:00:00+00:00', '--job-id', '49', '--raw', '--subdir', 'DAGS_FOLDER/ingest_data_gcs_dag.py', '--cfg-path', '/tmp/tmpncn8e89p']
[2023-05-26T08:17:21.452+0000] {standard_task_runner.py:85} INFO - Job 49: Subtask download_data_task_2015
[2023-05-26T08:17:21.536+0000] {logging_mixin.py:149} INFO - Changing /opt/***/logs/dag_id=ingest_data_gcs_dag/run_id=scheduled__2023-05-25T00:00:00+00:00/task_id=download_data_task_2015 permission to 509
[2023-05-26T08:17:21.552+0000] {task_command.py:410} INFO - Running <TaskInstance: ingest_data_gcs_dag.download_data_task_2015 scheduled__2023-05-25T00:00:00+00:00 [running]> on host 0d5f6a8dd67a
[2023-05-26T08:17:21.717+0000] {taskinstance.py:1547} INFO - Exporting env vars: AIRFLOW_CTX_DAG_OWNER='***' AIRFLOW_CTX_DAG_ID='ingest_data_gcs_dag' AIRFLOW_CTX_TASK_ID='download_data_task_2015' AIRFLOW_CTX_EXECUTION_DATE='2023-05-25T00:00:00+00:00' AIRFLOW_CTX_TRY_NUMBER='1' AIRFLOW_CTX_DAG_RUN_ID='scheduled__2023-05-25T00:00:00+00:00'
[2023-05-26T08:17:21.722+0000] {subprocess.py:63} INFO - Tmp dir root location: 
 /tmp
[2023-05-26T08:17:21.724+0000] {subprocess.py:75} INFO - Running command: ['/bin/bash', '-c', 'curl -sS http://kilimodata.org/datastore/dump/40f681c0-20e6-4dc4-9c70-dcdb19b8940e?bom=True > /opt/***/Horticulture_2015.csv']
[2023-05-26T08:17:21.744+0000] {subprocess.py:86} INFO - Output:
[2023-05-26T08:17:23.200+0000] {subprocess.py:97} INFO - Command exited with return code 0
[2023-05-26T08:17:23.258+0000] {taskinstance.py:1350} INFO - Marking task as SUCCESS. dag_id=ingest_data_gcs_dag, task_id=download_data_task_2015, execution_date=20230525T000000, start_date=20230526T081721, end_date=20230526T081723
[2023-05-26T08:17:23.308+0000] {local_task_job_runner.py:225} INFO - Task exited with return code 0
[2023-05-26T08:17:23.359+0000] {taskinstance.py:2651} INFO - 1 downstream tasks scheduled from follow-on schedule check
[2023-05-26T12:02:42.662+0000] {logging_mixin.py:149} INFO - Changing /opt/***/logs/dag_id=ingest_data_gcs_dag/run_id=scheduled__2023-05-25T00:00:00+00:00/task_id=download_data_task_2015 permission to 509
[2023-05-26T12:02:42.713+0000] {logging_mixin.py:149} INFO - Changing /opt/***/logs/dag_id=ingest_data_gcs_dag/run_id=scheduled__2023-05-25T00:00:00+00:00/task_id=download_data_task_2015 permission to 509
[2023-05-26T12:02:42.762+0000] {taskinstance.py:1103} INFO - Dependencies all met for dep_context=non-requeueable deps ti=<TaskInstance: ingest_data_gcs_dag.download_data_task_2015 scheduled__2023-05-25T00:00:00+00:00 [queued]>
[2023-05-26T12:02:42.780+0000] {taskinstance.py:1103} INFO - Dependencies all met for dep_context=requeueable deps ti=<TaskInstance: ingest_data_gcs_dag.download_data_task_2015 scheduled__2023-05-25T00:00:00+00:00 [queued]>
[2023-05-26T12:02:42.783+0000] {taskinstance.py:1308} INFO - Starting attempt 1 of 2
[2023-05-26T12:02:42.805+0000] {taskinstance.py:1327} INFO - Executing <Task(BashOperator): download_data_task_2015> on 2023-05-25 00:00:00+00:00
[2023-05-26T12:02:42.816+0000] {standard_task_runner.py:57} INFO - Started process 1202 to run task
[2023-05-26T12:02:42.825+0000] {standard_task_runner.py:84} INFO - Running: ['***', 'tasks', 'run', 'ingest_data_gcs_dag', 'download_data_task_2015', 'scheduled__2023-05-25T00:00:00+00:00', '--job-id', '131', '--raw', '--subdir', 'DAGS_FOLDER/ingest_data_gcs_dag.py', '--cfg-path', '/tmp/tmpaoq81npn']
[2023-05-26T12:02:42.831+0000] {standard_task_runner.py:85} INFO - Job 131: Subtask download_data_task_2015
[2023-05-26T12:02:42.936+0000] {logging_mixin.py:149} INFO - Changing /opt/***/logs/dag_id=ingest_data_gcs_dag/run_id=scheduled__2023-05-25T00:00:00+00:00/task_id=download_data_task_2015 permission to 509
[2023-05-26T12:02:42.955+0000] {task_command.py:410} INFO - Running <TaskInstance: ingest_data_gcs_dag.download_data_task_2015 scheduled__2023-05-25T00:00:00+00:00 [running]> on host 335f5093005c
[2023-05-26T12:02:43.093+0000] {taskinstance.py:1547} INFO - Exporting env vars: AIRFLOW_CTX_DAG_OWNER='***' AIRFLOW_CTX_DAG_ID='ingest_data_gcs_dag' AIRFLOW_CTX_TASK_ID='download_data_task_2015' AIRFLOW_CTX_EXECUTION_DATE='2023-05-25T00:00:00+00:00' AIRFLOW_CTX_TRY_NUMBER='1' AIRFLOW_CTX_DAG_RUN_ID='scheduled__2023-05-25T00:00:00+00:00'
[2023-05-26T12:02:43.097+0000] {subprocess.py:63} INFO - Tmp dir root location: 
 /tmp
[2023-05-26T12:02:43.099+0000] {subprocess.py:75} INFO - Running command: ['/bin/bash', '-c', 'curl -sS http://kilimodata.org/datastore/dump/40f681c0-20e6-4dc4-9c70-dcdb19b8940e?bom=True > /opt/***/Horticulture_2015.csv']
[2023-05-26T12:02:43.120+0000] {subprocess.py:86} INFO - Output:
[2023-05-26T12:02:44.806+0000] {subprocess.py:97} INFO - Command exited with return code 0
[2023-05-26T12:02:44.870+0000] {taskinstance.py:1350} INFO - Marking task as SUCCESS. dag_id=ingest_data_gcs_dag, task_id=download_data_task_2015, execution_date=20230525T000000, start_date=20230526T120242, end_date=20230526T120244
[2023-05-26T12:02:44.928+0000] {local_task_job_runner.py:225} INFO - Task exited with return code 0
[2023-05-26T12:02:45.033+0000] {taskinstance.py:2651} INFO - 1 downstream tasks scheduled from follow-on schedule check
