[2023-05-26T09:33:30.115+0000] {logging_mixin.py:149} INFO - Changing /opt/***/logs/dag_id=ingest_data_gcs_dag/run_id=manual__2023-05-26T09:33:23.398934+00:00/task_id=csv_to_parquet_2015 permission to 509
[2023-05-26T09:33:30.197+0000] {logging_mixin.py:149} INFO - Changing /opt/***/logs/dag_id=ingest_data_gcs_dag/run_id=manual__2023-05-26T09:33:23.398934+00:00/task_id=csv_to_parquet_2015 permission to 509
[2023-05-26T09:33:30.253+0000] {taskinstance.py:1103} INFO - Dependencies all met for dep_context=non-requeueable deps ti=<TaskInstance: ingest_data_gcs_dag.csv_to_parquet_2015 manual__2023-05-26T09:33:23.398934+00:00 [queued]>
[2023-05-26T09:33:30.274+0000] {taskinstance.py:1103} INFO - Dependencies all met for dep_context=requeueable deps ti=<TaskInstance: ingest_data_gcs_dag.csv_to_parquet_2015 manual__2023-05-26T09:33:23.398934+00:00 [queued]>
[2023-05-26T09:33:30.275+0000] {taskinstance.py:1308} INFO - Starting attempt 1 of 2
[2023-05-26T09:33:30.437+0000] {taskinstance.py:1327} INFO - Executing <Task(PythonOperator): csv_to_parquet_2015> on 2023-05-26 09:33:23.398934+00:00
[2023-05-26T09:33:30.528+0000] {standard_task_runner.py:57} INFO - Started process 1246 to run task
[2023-05-26T09:33:30.551+0000] {standard_task_runner.py:84} INFO - Running: ['***', 'tasks', 'run', 'ingest_data_gcs_dag', 'csv_to_parquet_2015', 'manual__2023-05-26T09:33:23.398934+00:00', '--job-id', '73', '--raw', '--subdir', 'DAGS_FOLDER/ingest_data_gcs_dag.py', '--cfg-path', '/tmp/tmp5egcen0i']
[2023-05-26T09:33:30.625+0000] {standard_task_runner.py:85} INFO - Job 73: Subtask csv_to_parquet_2015
[2023-05-26T09:33:31.185+0000] {logging_mixin.py:149} INFO - Changing /opt/***/logs/dag_id=ingest_data_gcs_dag/run_id=manual__2023-05-26T09:33:23.398934+00:00/task_id=csv_to_parquet_2015 permission to 509
[2023-05-26T09:33:31.231+0000] {task_command.py:410} INFO - Running <TaskInstance: ingest_data_gcs_dag.csv_to_parquet_2015 manual__2023-05-26T09:33:23.398934+00:00 [running]> on host 0d5f6a8dd67a
[2023-05-26T09:33:33.029+0000] {taskinstance.py:1547} INFO - Exporting env vars: AIRFLOW_CTX_DAG_OWNER='***' AIRFLOW_CTX_DAG_ID='ingest_data_gcs_dag' AIRFLOW_CTX_TASK_ID='csv_to_parquet_2015' AIRFLOW_CTX_EXECUTION_DATE='2023-05-26T09:33:23.398934+00:00' AIRFLOW_CTX_TRY_NUMBER='1' AIRFLOW_CTX_DAG_RUN_ID='manual__2023-05-26T09:33:23.398934+00:00'
[2023-05-26T09:33:33.082+0000] {taskinstance.py:1824} ERROR - Task failed with exception
Traceback (most recent call last):
  File "/home/airflow/.local/lib/python3.7/site-packages/airflow/operators/python.py", line 181, in execute
    return_value = self.execute_callable()
  File "/home/airflow/.local/lib/python3.7/site-packages/airflow/operators/python.py", line 198, in execute_callable
    return self.python_callable(*self.op_args, **self.op_kwargs)
  File "/opt/airflow/dags/ingest_data_gcs_dag.py", line 29, in convert_csv_to_parquet
    df = pd.read_csv(f"{path_to_local_home}/{file_csv}")
  File "/home/airflow/.local/lib/python3.7/site-packages/pandas/util/_decorators.py", line 311, in wrapper
    return func(*args, **kwargs)
  File "/home/airflow/.local/lib/python3.7/site-packages/pandas/io/parsers/readers.py", line 586, in read_csv
    return _read(filepath_or_buffer, kwds)
  File "/home/airflow/.local/lib/python3.7/site-packages/pandas/io/parsers/readers.py", line 482, in _read
    parser = TextFileReader(filepath_or_buffer, **kwds)
  File "/home/airflow/.local/lib/python3.7/site-packages/pandas/io/parsers/readers.py", line 811, in __init__
    self._engine = self._make_engine(self.engine)
  File "/home/airflow/.local/lib/python3.7/site-packages/pandas/io/parsers/readers.py", line 1040, in _make_engine
    return mapping[engine](self.f, **self.options)  # type: ignore[call-arg]
  File "/home/airflow/.local/lib/python3.7/site-packages/pandas/io/parsers/c_parser_wrapper.py", line 69, in __init__
    self._reader = parsers.TextReader(self.handles.handle, **kwds)
  File "pandas/_libs/parsers.pyx", line 549, in pandas._libs.parsers.TextReader.__cinit__
pandas.errors.EmptyDataError: No columns to parse from file
[2023-05-26T09:33:33.231+0000] {taskinstance.py:1350} INFO - Marking task as UP_FOR_RETRY. dag_id=ingest_data_gcs_dag, task_id=csv_to_parquet_2015, execution_date=20230526T093323, start_date=20230526T093330, end_date=20230526T093333
[2023-05-26T09:33:33.266+0000] {standard_task_runner.py:109} ERROR - Failed to execute job 73 for task csv_to_parquet_2015 (No columns to parse from file; 1246)
[2023-05-26T09:33:33.339+0000] {local_task_job_runner.py:225} INFO - Task exited with return code 1
[2023-05-26T09:33:33.479+0000] {taskinstance.py:2651} INFO - 0 downstream tasks scheduled from follow-on schedule check
