[2023-05-26T08:27:48.829+0000] {logging_mixin.py:149} INFO - Changing /opt/***/logs/dag_id=ingest_data_gcs_dag/run_id=manual__2023-05-26T08:17:09.222905+00:00/task_id=download_data_task_2016 permission to 509
[2023-05-26T08:27:48.912+0000] {logging_mixin.py:149} INFO - Changing /opt/***/logs/dag_id=ingest_data_gcs_dag/run_id=manual__2023-05-26T08:17:09.222905+00:00/task_id=download_data_task_2016 permission to 509
[2023-05-26T08:27:48.992+0000] {taskinstance.py:1103} INFO - Dependencies all met for dep_context=non-requeueable deps ti=<TaskInstance: ingest_data_gcs_dag.download_data_task_2016 manual__2023-05-26T08:17:09.222905+00:00 [queued]>
[2023-05-26T08:27:49.019+0000] {taskinstance.py:1103} INFO - Dependencies all met for dep_context=requeueable deps ti=<TaskInstance: ingest_data_gcs_dag.download_data_task_2016 manual__2023-05-26T08:17:09.222905+00:00 [queued]>
[2023-05-26T08:27:49.021+0000] {taskinstance.py:1308} INFO - Starting attempt 1 of 2
[2023-05-26T08:27:49.063+0000] {taskinstance.py:1327} INFO - Executing <Task(BashOperator): download_data_task_2016> on 2023-05-26 08:17:09.222905+00:00
[2023-05-26T08:27:49.073+0000] {standard_task_runner.py:57} INFO - Started process 333 to run task
[2023-05-26T08:27:49.094+0000] {standard_task_runner.py:84} INFO - Running: ['***', 'tasks', 'run', 'ingest_data_gcs_dag', 'download_data_task_2016', 'manual__2023-05-26T08:17:09.222905+00:00', '--job-id', '61', '--raw', '--subdir', 'DAGS_FOLDER/ingest_data_gcs_dag.py', '--cfg-path', '/tmp/tmpu5ee6sw3']
[2023-05-26T08:27:49.104+0000] {standard_task_runner.py:85} INFO - Job 61: Subtask download_data_task_2016
[2023-05-26T08:27:49.224+0000] {logging_mixin.py:149} INFO - Changing /opt/***/logs/dag_id=ingest_data_gcs_dag/run_id=manual__2023-05-26T08:17:09.222905+00:00/task_id=download_data_task_2016 permission to 509
[2023-05-26T08:27:49.244+0000] {task_command.py:410} INFO - Running <TaskInstance: ingest_data_gcs_dag.download_data_task_2016 manual__2023-05-26T08:17:09.222905+00:00 [running]> on host 0d5f6a8dd67a
[2023-05-26T08:27:49.419+0000] {taskinstance.py:1547} INFO - Exporting env vars: AIRFLOW_CTX_DAG_OWNER='***' AIRFLOW_CTX_DAG_ID='ingest_data_gcs_dag' AIRFLOW_CTX_TASK_ID='download_data_task_2016' AIRFLOW_CTX_EXECUTION_DATE='2023-05-26T08:17:09.222905+00:00' AIRFLOW_CTX_TRY_NUMBER='1' AIRFLOW_CTX_DAG_RUN_ID='manual__2023-05-26T08:17:09.222905+00:00'
[2023-05-26T08:27:49.424+0000] {subprocess.py:63} INFO - Tmp dir root location: 
 /tmp
[2023-05-26T08:27:49.427+0000] {subprocess.py:75} INFO - Running command: ['/bin/bash', '-c', 'curl -sS http://kilimodata.org/datastore/dump/4babb6fc-a24c-4e6b-8528-114658e0b402?bom=True > /opt/***/Horticulture_2016.csv']
[2023-05-26T08:27:49.455+0000] {subprocess.py:86} INFO - Output:
[2023-05-26T08:27:51.673+0000] {subprocess.py:97} INFO - Command exited with return code 0
[2023-05-26T08:27:51.734+0000] {taskinstance.py:1350} INFO - Marking task as SUCCESS. dag_id=ingest_data_gcs_dag, task_id=download_data_task_2016, execution_date=20230526T081709, start_date=20230526T082748, end_date=20230526T082751
[2023-05-26T08:27:51.801+0000] {local_task_job_runner.py:225} INFO - Task exited with return code 0
[2023-05-26T08:27:51.892+0000] {taskinstance.py:2651} INFO - 1 downstream tasks scheduled from follow-on schedule check
