[2023-05-26T06:51:24.953+0000] {processor.py:157} INFO - Started process (PID=37) to work on /home/airflow/.local/lib/python3.7/site-packages/airflow/example_dags/example_complex.py
[2023-05-26T06:51:24.956+0000] {processor.py:826} INFO - Processing file /home/airflow/.local/lib/python3.7/site-packages/airflow/example_dags/example_complex.py for tasks to queue
[2023-05-26T06:51:24.963+0000] {logging_mixin.py:149} INFO - [2023-05-26T06:51:24.963+0000] {dagbag.py:541} INFO - Filling up the DagBag from /home/airflow/.local/lib/python3.7/site-packages/airflow/example_dags/example_complex.py
[2023-05-26T06:51:24.984+0000] {logging_mixin.py:149} INFO - [2023-05-26T06:51:24.984+0000] {taskmixin.py:211} WARNING - Dependency <Task(BashOperator): create_entry_group>, delete_entry_group already registered for DAG: example_complex
[2023-05-26T06:51:24.986+0000] {logging_mixin.py:149} INFO - [2023-05-26T06:51:24.985+0000] {taskmixin.py:211} WARNING - Dependency <Task(BashOperator): delete_entry_group>, create_entry_group already registered for DAG: example_complex
[2023-05-26T06:51:24.987+0000] {logging_mixin.py:149} INFO - [2023-05-26T06:51:24.987+0000] {taskmixin.py:211} WARNING - Dependency <Task(BashOperator): create_entry_gcs>, delete_entry already registered for DAG: example_complex
[2023-05-26T06:51:24.988+0000] {logging_mixin.py:149} INFO - [2023-05-26T06:51:24.988+0000] {taskmixin.py:211} WARNING - Dependency <Task(BashOperator): delete_entry>, create_entry_gcs already registered for DAG: example_complex
[2023-05-26T06:51:24.990+0000] {logging_mixin.py:149} INFO - [2023-05-26T06:51:24.989+0000] {taskmixin.py:211} WARNING - Dependency <Task(BashOperator): create_tag>, delete_tag already registered for DAG: example_complex
[2023-05-26T06:51:24.991+0000] {logging_mixin.py:149} INFO - [2023-05-26T06:51:24.991+0000] {taskmixin.py:211} WARNING - Dependency <Task(BashOperator): delete_tag>, create_tag already registered for DAG: example_complex
[2023-05-26T06:51:25.007+0000] {processor.py:836} INFO - DAG(s) dict_keys(['example_complex']) retrieved from /home/airflow/.local/lib/python3.7/site-packages/airflow/example_dags/example_complex.py
[2023-05-26T06:51:25.044+0000] {logging_mixin.py:149} INFO - [2023-05-26T06:51:25.044+0000] {dag.py:2726} INFO - Sync 1 DAGs
[2023-05-26T06:51:25.122+0000] {logging_mixin.py:149} INFO - [2023-05-26T06:51:25.121+0000] {dag.py:3490} INFO - Setting next_dagrun for example_complex to None, run_after=None
[2023-05-26T06:51:25.167+0000] {processor.py:179} INFO - Processing /home/airflow/.local/lib/python3.7/site-packages/airflow/example_dags/example_complex.py took 0.231 seconds
[2023-05-26T06:51:55.525+0000] {processor.py:157} INFO - Started process (PID=92) to work on /home/airflow/.local/lib/python3.7/site-packages/airflow/example_dags/example_complex.py
[2023-05-26T06:51:55.528+0000] {processor.py:826} INFO - Processing file /home/airflow/.local/lib/python3.7/site-packages/airflow/example_dags/example_complex.py for tasks to queue
[2023-05-26T06:51:55.531+0000] {logging_mixin.py:149} INFO - [2023-05-26T06:51:55.531+0000] {dagbag.py:541} INFO - Filling up the DagBag from /home/airflow/.local/lib/python3.7/site-packages/airflow/example_dags/example_complex.py
[2023-05-26T06:51:55.544+0000] {logging_mixin.py:149} INFO - [2023-05-26T06:51:55.544+0000] {taskmixin.py:211} WARNING - Dependency <Task(BashOperator): create_entry_group>, delete_entry_group already registered for DAG: example_complex
[2023-05-26T06:51:55.545+0000] {logging_mixin.py:149} INFO - [2023-05-26T06:51:55.545+0000] {taskmixin.py:211} WARNING - Dependency <Task(BashOperator): delete_entry_group>, create_entry_group already registered for DAG: example_complex
[2023-05-26T06:51:55.546+0000] {logging_mixin.py:149} INFO - [2023-05-26T06:51:55.546+0000] {taskmixin.py:211} WARNING - Dependency <Task(BashOperator): create_entry_gcs>, delete_entry already registered for DAG: example_complex
[2023-05-26T06:51:55.547+0000] {logging_mixin.py:149} INFO - [2023-05-26T06:51:55.547+0000] {taskmixin.py:211} WARNING - Dependency <Task(BashOperator): delete_entry>, create_entry_gcs already registered for DAG: example_complex
[2023-05-26T06:51:55.549+0000] {logging_mixin.py:149} INFO - [2023-05-26T06:51:55.549+0000] {taskmixin.py:211} WARNING - Dependency <Task(BashOperator): create_tag>, delete_tag already registered for DAG: example_complex
[2023-05-26T06:51:55.550+0000] {logging_mixin.py:149} INFO - [2023-05-26T06:51:55.550+0000] {taskmixin.py:211} WARNING - Dependency <Task(BashOperator): delete_tag>, create_tag already registered for DAG: example_complex
[2023-05-26T06:51:55.552+0000] {processor.py:836} INFO - DAG(s) dict_keys(['example_complex']) retrieved from /home/airflow/.local/lib/python3.7/site-packages/airflow/example_dags/example_complex.py
[2023-05-26T06:51:55.593+0000] {logging_mixin.py:149} INFO - [2023-05-26T06:51:55.593+0000] {dag.py:2726} INFO - Sync 1 DAGs
[2023-05-26T06:51:55.627+0000] {logging_mixin.py:149} INFO - [2023-05-26T06:51:55.627+0000] {dag.py:3490} INFO - Setting next_dagrun for example_complex to None, run_after=None
[2023-05-26T06:51:55.656+0000] {processor.py:179} INFO - Processing /home/airflow/.local/lib/python3.7/site-packages/airflow/example_dags/example_complex.py took 0.135 seconds
[2023-05-26T06:55:14.914+0000] {processor.py:157} INFO - Started process (PID=36) to work on /home/airflow/.local/lib/python3.7/site-packages/airflow/example_dags/example_complex.py
[2023-05-26T06:55:14.916+0000] {processor.py:826} INFO - Processing file /home/airflow/.local/lib/python3.7/site-packages/airflow/example_dags/example_complex.py for tasks to queue
[2023-05-26T06:55:14.920+0000] {logging_mixin.py:149} INFO - [2023-05-26T06:55:14.919+0000] {dagbag.py:541} INFO - Filling up the DagBag from /home/airflow/.local/lib/python3.7/site-packages/airflow/example_dags/example_complex.py
[2023-05-26T06:55:14.945+0000] {logging_mixin.py:149} INFO - [2023-05-26T06:55:14.945+0000] {taskmixin.py:211} WARNING - Dependency <Task(BashOperator): create_entry_group>, delete_entry_group already registered for DAG: example_complex
[2023-05-26T06:55:14.946+0000] {logging_mixin.py:149} INFO - [2023-05-26T06:55:14.946+0000] {taskmixin.py:211} WARNING - Dependency <Task(BashOperator): delete_entry_group>, create_entry_group already registered for DAG: example_complex
[2023-05-26T06:55:14.947+0000] {logging_mixin.py:149} INFO - [2023-05-26T06:55:14.947+0000] {taskmixin.py:211} WARNING - Dependency <Task(BashOperator): create_entry_gcs>, delete_entry already registered for DAG: example_complex
[2023-05-26T06:55:14.948+0000] {logging_mixin.py:149} INFO - [2023-05-26T06:55:14.948+0000] {taskmixin.py:211} WARNING - Dependency <Task(BashOperator): delete_entry>, create_entry_gcs already registered for DAG: example_complex
[2023-05-26T06:55:14.949+0000] {logging_mixin.py:149} INFO - [2023-05-26T06:55:14.949+0000] {taskmixin.py:211} WARNING - Dependency <Task(BashOperator): create_tag>, delete_tag already registered for DAG: example_complex
[2023-05-26T06:55:14.950+0000] {logging_mixin.py:149} INFO - [2023-05-26T06:55:14.950+0000] {taskmixin.py:211} WARNING - Dependency <Task(BashOperator): delete_tag>, create_tag already registered for DAG: example_complex
[2023-05-26T06:55:14.959+0000] {processor.py:836} INFO - DAG(s) dict_keys(['example_complex']) retrieved from /home/airflow/.local/lib/python3.7/site-packages/airflow/example_dags/example_complex.py
[2023-05-26T06:55:14.976+0000] {logging_mixin.py:149} INFO - [2023-05-26T06:55:14.976+0000] {dag.py:2726} INFO - Sync 1 DAGs
[2023-05-26T06:55:15.008+0000] {logging_mixin.py:149} INFO - [2023-05-26T06:55:15.007+0000] {dag.py:3490} INFO - Setting next_dagrun for example_complex to None, run_after=None
[2023-05-26T06:55:15.041+0000] {processor.py:179} INFO - Processing /home/airflow/.local/lib/python3.7/site-packages/airflow/example_dags/example_complex.py took 0.131 seconds
[2023-05-26T06:55:45.549+0000] {processor.py:157} INFO - Started process (PID=92) to work on /home/airflow/.local/lib/python3.7/site-packages/airflow/example_dags/example_complex.py
[2023-05-26T06:55:45.550+0000] {processor.py:826} INFO - Processing file /home/airflow/.local/lib/python3.7/site-packages/airflow/example_dags/example_complex.py for tasks to queue
[2023-05-26T06:55:45.554+0000] {logging_mixin.py:149} INFO - [2023-05-26T06:55:45.554+0000] {dagbag.py:541} INFO - Filling up the DagBag from /home/airflow/.local/lib/python3.7/site-packages/airflow/example_dags/example_complex.py
[2023-05-26T06:55:45.567+0000] {logging_mixin.py:149} INFO - [2023-05-26T06:55:45.567+0000] {taskmixin.py:211} WARNING - Dependency <Task(BashOperator): create_entry_group>, delete_entry_group already registered for DAG: example_complex
[2023-05-26T06:55:45.568+0000] {logging_mixin.py:149} INFO - [2023-05-26T06:55:45.568+0000] {taskmixin.py:211} WARNING - Dependency <Task(BashOperator): delete_entry_group>, create_entry_group already registered for DAG: example_complex
[2023-05-26T06:55:45.569+0000] {logging_mixin.py:149} INFO - [2023-05-26T06:55:45.569+0000] {taskmixin.py:211} WARNING - Dependency <Task(BashOperator): create_entry_gcs>, delete_entry already registered for DAG: example_complex
[2023-05-26T06:55:45.570+0000] {logging_mixin.py:149} INFO - [2023-05-26T06:55:45.570+0000] {taskmixin.py:211} WARNING - Dependency <Task(BashOperator): delete_entry>, create_entry_gcs already registered for DAG: example_complex
[2023-05-26T06:55:45.571+0000] {logging_mixin.py:149} INFO - [2023-05-26T06:55:45.571+0000] {taskmixin.py:211} WARNING - Dependency <Task(BashOperator): create_tag>, delete_tag already registered for DAG: example_complex
[2023-05-26T06:55:45.572+0000] {logging_mixin.py:149} INFO - [2023-05-26T06:55:45.572+0000] {taskmixin.py:211} WARNING - Dependency <Task(BashOperator): delete_tag>, create_tag already registered for DAG: example_complex
[2023-05-26T06:55:45.574+0000] {processor.py:836} INFO - DAG(s) dict_keys(['example_complex']) retrieved from /home/airflow/.local/lib/python3.7/site-packages/airflow/example_dags/example_complex.py
[2023-05-26T06:55:45.614+0000] {logging_mixin.py:149} INFO - [2023-05-26T06:55:45.613+0000] {dag.py:2726} INFO - Sync 1 DAGs
[2023-05-26T06:55:45.644+0000] {logging_mixin.py:149} INFO - [2023-05-26T06:55:45.644+0000] {dag.py:3490} INFO - Setting next_dagrun for example_complex to None, run_after=None
[2023-05-26T06:55:45.669+0000] {processor.py:179} INFO - Processing /home/airflow/.local/lib/python3.7/site-packages/airflow/example_dags/example_complex.py took 0.124 seconds
[2023-05-26T06:56:15.743+0000] {processor.py:157} INFO - Started process (PID=148) to work on /home/airflow/.local/lib/python3.7/site-packages/airflow/example_dags/example_complex.py
[2023-05-26T06:56:15.745+0000] {processor.py:826} INFO - Processing file /home/airflow/.local/lib/python3.7/site-packages/airflow/example_dags/example_complex.py for tasks to queue
[2023-05-26T06:56:15.748+0000] {logging_mixin.py:149} INFO - [2023-05-26T06:56:15.748+0000] {dagbag.py:541} INFO - Filling up the DagBag from /home/airflow/.local/lib/python3.7/site-packages/airflow/example_dags/example_complex.py
[2023-05-26T06:56:15.760+0000] {logging_mixin.py:149} INFO - [2023-05-26T06:56:15.760+0000] {taskmixin.py:211} WARNING - Dependency <Task(BashOperator): create_entry_group>, delete_entry_group already registered for DAG: example_complex
[2023-05-26T06:56:15.761+0000] {logging_mixin.py:149} INFO - [2023-05-26T06:56:15.761+0000] {taskmixin.py:211} WARNING - Dependency <Task(BashOperator): delete_entry_group>, create_entry_group already registered for DAG: example_complex
[2023-05-26T06:56:15.763+0000] {logging_mixin.py:149} INFO - [2023-05-26T06:56:15.763+0000] {taskmixin.py:211} WARNING - Dependency <Task(BashOperator): create_entry_gcs>, delete_entry already registered for DAG: example_complex
[2023-05-26T06:56:15.764+0000] {logging_mixin.py:149} INFO - [2023-05-26T06:56:15.764+0000] {taskmixin.py:211} WARNING - Dependency <Task(BashOperator): delete_entry>, create_entry_gcs already registered for DAG: example_complex
[2023-05-26T06:56:15.765+0000] {logging_mixin.py:149} INFO - [2023-05-26T06:56:15.765+0000] {taskmixin.py:211} WARNING - Dependency <Task(BashOperator): create_tag>, delete_tag already registered for DAG: example_complex
[2023-05-26T06:56:15.766+0000] {logging_mixin.py:149} INFO - [2023-05-26T06:56:15.766+0000] {taskmixin.py:211} WARNING - Dependency <Task(BashOperator): delete_tag>, create_tag already registered for DAG: example_complex
[2023-05-26T06:56:15.768+0000] {processor.py:836} INFO - DAG(s) dict_keys(['example_complex']) retrieved from /home/airflow/.local/lib/python3.7/site-packages/airflow/example_dags/example_complex.py
[2023-05-26T06:56:15.805+0000] {logging_mixin.py:149} INFO - [2023-05-26T06:56:15.805+0000] {dag.py:2726} INFO - Sync 1 DAGs
[2023-05-26T06:56:15.834+0000] {logging_mixin.py:149} INFO - [2023-05-26T06:56:15.834+0000] {dag.py:3490} INFO - Setting next_dagrun for example_complex to None, run_after=None
[2023-05-26T06:56:15.861+0000] {processor.py:179} INFO - Processing /home/airflow/.local/lib/python3.7/site-packages/airflow/example_dags/example_complex.py took 0.122 seconds
[2023-05-26T06:56:46.550+0000] {processor.py:157} INFO - Started process (PID=204) to work on /home/airflow/.local/lib/python3.7/site-packages/airflow/example_dags/example_complex.py
[2023-05-26T06:56:46.551+0000] {processor.py:826} INFO - Processing file /home/airflow/.local/lib/python3.7/site-packages/airflow/example_dags/example_complex.py for tasks to queue
[2023-05-26T06:56:46.554+0000] {logging_mixin.py:149} INFO - [2023-05-26T06:56:46.554+0000] {dagbag.py:541} INFO - Filling up the DagBag from /home/airflow/.local/lib/python3.7/site-packages/airflow/example_dags/example_complex.py
[2023-05-26T06:56:46.568+0000] {logging_mixin.py:149} INFO - [2023-05-26T06:56:46.568+0000] {taskmixin.py:211} WARNING - Dependency <Task(BashOperator): create_entry_group>, delete_entry_group already registered for DAG: example_complex
[2023-05-26T06:56:46.569+0000] {logging_mixin.py:149} INFO - [2023-05-26T06:56:46.569+0000] {taskmixin.py:211} WARNING - Dependency <Task(BashOperator): delete_entry_group>, create_entry_group already registered for DAG: example_complex
[2023-05-26T06:56:46.570+0000] {logging_mixin.py:149} INFO - [2023-05-26T06:56:46.570+0000] {taskmixin.py:211} WARNING - Dependency <Task(BashOperator): create_entry_gcs>, delete_entry already registered for DAG: example_complex
[2023-05-26T06:56:46.571+0000] {logging_mixin.py:149} INFO - [2023-05-26T06:56:46.571+0000] {taskmixin.py:211} WARNING - Dependency <Task(BashOperator): delete_entry>, create_entry_gcs already registered for DAG: example_complex
[2023-05-26T06:56:46.572+0000] {logging_mixin.py:149} INFO - [2023-05-26T06:56:46.572+0000] {taskmixin.py:211} WARNING - Dependency <Task(BashOperator): create_tag>, delete_tag already registered for DAG: example_complex
[2023-05-26T06:56:46.573+0000] {logging_mixin.py:149} INFO - [2023-05-26T06:56:46.572+0000] {taskmixin.py:211} WARNING - Dependency <Task(BashOperator): delete_tag>, create_tag already registered for DAG: example_complex
[2023-05-26T06:56:46.575+0000] {processor.py:836} INFO - DAG(s) dict_keys(['example_complex']) retrieved from /home/airflow/.local/lib/python3.7/site-packages/airflow/example_dags/example_complex.py
[2023-05-26T06:56:46.611+0000] {logging_mixin.py:149} INFO - [2023-05-26T06:56:46.611+0000] {dag.py:2726} INFO - Sync 1 DAGs
[2023-05-26T06:56:46.640+0000] {logging_mixin.py:149} INFO - [2023-05-26T06:56:46.640+0000] {dag.py:3490} INFO - Setting next_dagrun for example_complex to None, run_after=None
[2023-05-26T06:56:46.667+0000] {processor.py:179} INFO - Processing /home/airflow/.local/lib/python3.7/site-packages/airflow/example_dags/example_complex.py took 0.122 seconds
[2023-05-26T06:57:16.996+0000] {processor.py:157} INFO - Started process (PID=259) to work on /home/airflow/.local/lib/python3.7/site-packages/airflow/example_dags/example_complex.py
[2023-05-26T06:57:16.998+0000] {processor.py:826} INFO - Processing file /home/airflow/.local/lib/python3.7/site-packages/airflow/example_dags/example_complex.py for tasks to queue
[2023-05-26T06:57:17.002+0000] {logging_mixin.py:149} INFO - [2023-05-26T06:57:17.001+0000] {dagbag.py:541} INFO - Filling up the DagBag from /home/airflow/.local/lib/python3.7/site-packages/airflow/example_dags/example_complex.py
[2023-05-26T06:57:17.013+0000] {logging_mixin.py:149} INFO - [2023-05-26T06:57:17.013+0000] {taskmixin.py:211} WARNING - Dependency <Task(BashOperator): create_entry_group>, delete_entry_group already registered for DAG: example_complex
[2023-05-26T06:57:17.015+0000] {logging_mixin.py:149} INFO - [2023-05-26T06:57:17.014+0000] {taskmixin.py:211} WARNING - Dependency <Task(BashOperator): delete_entry_group>, create_entry_group already registered for DAG: example_complex
[2023-05-26T06:57:17.016+0000] {logging_mixin.py:149} INFO - [2023-05-26T06:57:17.015+0000] {taskmixin.py:211} WARNING - Dependency <Task(BashOperator): create_entry_gcs>, delete_entry already registered for DAG: example_complex
[2023-05-26T06:57:17.016+0000] {logging_mixin.py:149} INFO - [2023-05-26T06:57:17.016+0000] {taskmixin.py:211} WARNING - Dependency <Task(BashOperator): delete_entry>, create_entry_gcs already registered for DAG: example_complex
[2023-05-26T06:57:17.017+0000] {logging_mixin.py:149} INFO - [2023-05-26T06:57:17.017+0000] {taskmixin.py:211} WARNING - Dependency <Task(BashOperator): create_tag>, delete_tag already registered for DAG: example_complex
[2023-05-26T06:57:17.018+0000] {logging_mixin.py:149} INFO - [2023-05-26T06:57:17.018+0000] {taskmixin.py:211} WARNING - Dependency <Task(BashOperator): delete_tag>, create_tag already registered for DAG: example_complex
[2023-05-26T06:57:17.020+0000] {processor.py:836} INFO - DAG(s) dict_keys(['example_complex']) retrieved from /home/airflow/.local/lib/python3.7/site-packages/airflow/example_dags/example_complex.py
[2023-05-26T06:57:17.059+0000] {logging_mixin.py:149} INFO - [2023-05-26T06:57:17.058+0000] {dag.py:2726} INFO - Sync 1 DAGs
[2023-05-26T06:57:17.088+0000] {logging_mixin.py:149} INFO - [2023-05-26T06:57:17.088+0000] {dag.py:3490} INFO - Setting next_dagrun for example_complex to None, run_after=None
[2023-05-26T06:57:17.114+0000] {processor.py:179} INFO - Processing /home/airflow/.local/lib/python3.7/site-packages/airflow/example_dags/example_complex.py took 0.123 seconds
[2023-05-26T06:57:47.419+0000] {processor.py:157} INFO - Started process (PID=315) to work on /home/airflow/.local/lib/python3.7/site-packages/airflow/example_dags/example_complex.py
[2023-05-26T06:57:47.420+0000] {processor.py:826} INFO - Processing file /home/airflow/.local/lib/python3.7/site-packages/airflow/example_dags/example_complex.py for tasks to queue
[2023-05-26T06:57:47.423+0000] {logging_mixin.py:149} INFO - [2023-05-26T06:57:47.423+0000] {dagbag.py:541} INFO - Filling up the DagBag from /home/airflow/.local/lib/python3.7/site-packages/airflow/example_dags/example_complex.py
[2023-05-26T06:57:47.441+0000] {logging_mixin.py:149} INFO - [2023-05-26T06:57:47.440+0000] {taskmixin.py:211} WARNING - Dependency <Task(BashOperator): create_entry_group>, delete_entry_group already registered for DAG: example_complex
[2023-05-26T06:57:47.442+0000] {logging_mixin.py:149} INFO - [2023-05-26T06:57:47.442+0000] {taskmixin.py:211} WARNING - Dependency <Task(BashOperator): delete_entry_group>, create_entry_group already registered for DAG: example_complex
[2023-05-26T06:57:47.444+0000] {logging_mixin.py:149} INFO - [2023-05-26T06:57:47.444+0000] {taskmixin.py:211} WARNING - Dependency <Task(BashOperator): create_entry_gcs>, delete_entry already registered for DAG: example_complex
[2023-05-26T06:57:47.445+0000] {logging_mixin.py:149} INFO - [2023-05-26T06:57:47.444+0000] {taskmixin.py:211} WARNING - Dependency <Task(BashOperator): delete_entry>, create_entry_gcs already registered for DAG: example_complex
[2023-05-26T06:57:47.446+0000] {logging_mixin.py:149} INFO - [2023-05-26T06:57:47.446+0000] {taskmixin.py:211} WARNING - Dependency <Task(BashOperator): create_tag>, delete_tag already registered for DAG: example_complex
[2023-05-26T06:57:47.447+0000] {logging_mixin.py:149} INFO - [2023-05-26T06:57:47.447+0000] {taskmixin.py:211} WARNING - Dependency <Task(BashOperator): delete_tag>, create_tag already registered for DAG: example_complex
[2023-05-26T06:57:47.450+0000] {processor.py:836} INFO - DAG(s) dict_keys(['example_complex']) retrieved from /home/airflow/.local/lib/python3.7/site-packages/airflow/example_dags/example_complex.py
[2023-05-26T06:57:47.490+0000] {logging_mixin.py:149} INFO - [2023-05-26T06:57:47.490+0000] {dag.py:2726} INFO - Sync 1 DAGs
[2023-05-26T06:57:47.521+0000] {logging_mixin.py:149} INFO - [2023-05-26T06:57:47.520+0000] {dag.py:3490} INFO - Setting next_dagrun for example_complex to None, run_after=None
[2023-05-26T06:57:47.553+0000] {processor.py:179} INFO - Processing /home/airflow/.local/lib/python3.7/site-packages/airflow/example_dags/example_complex.py took 0.139 seconds
[2023-05-26T06:58:18.259+0000] {processor.py:157} INFO - Started process (PID=371) to work on /home/airflow/.local/lib/python3.7/site-packages/airflow/example_dags/example_complex.py
[2023-05-26T06:58:18.261+0000] {processor.py:826} INFO - Processing file /home/airflow/.local/lib/python3.7/site-packages/airflow/example_dags/example_complex.py for tasks to queue
[2023-05-26T06:58:18.265+0000] {logging_mixin.py:149} INFO - [2023-05-26T06:58:18.265+0000] {dagbag.py:541} INFO - Filling up the DagBag from /home/airflow/.local/lib/python3.7/site-packages/airflow/example_dags/example_complex.py
[2023-05-26T06:58:18.282+0000] {logging_mixin.py:149} INFO - [2023-05-26T06:58:18.282+0000] {taskmixin.py:211} WARNING - Dependency <Task(BashOperator): create_entry_group>, delete_entry_group already registered for DAG: example_complex
[2023-05-26T06:58:18.283+0000] {logging_mixin.py:149} INFO - [2023-05-26T06:58:18.283+0000] {taskmixin.py:211} WARNING - Dependency <Task(BashOperator): delete_entry_group>, create_entry_group already registered for DAG: example_complex
[2023-05-26T06:58:18.285+0000] {logging_mixin.py:149} INFO - [2023-05-26T06:58:18.284+0000] {taskmixin.py:211} WARNING - Dependency <Task(BashOperator): create_entry_gcs>, delete_entry already registered for DAG: example_complex
[2023-05-26T06:58:18.285+0000] {logging_mixin.py:149} INFO - [2023-05-26T06:58:18.285+0000] {taskmixin.py:211} WARNING - Dependency <Task(BashOperator): delete_entry>, create_entry_gcs already registered for DAG: example_complex
[2023-05-26T06:58:18.287+0000] {logging_mixin.py:149} INFO - [2023-05-26T06:58:18.286+0000] {taskmixin.py:211} WARNING - Dependency <Task(BashOperator): create_tag>, delete_tag already registered for DAG: example_complex
[2023-05-26T06:58:18.288+0000] {logging_mixin.py:149} INFO - [2023-05-26T06:58:18.287+0000] {taskmixin.py:211} WARNING - Dependency <Task(BashOperator): delete_tag>, create_tag already registered for DAG: example_complex
[2023-05-26T06:58:18.290+0000] {processor.py:836} INFO - DAG(s) dict_keys(['example_complex']) retrieved from /home/airflow/.local/lib/python3.7/site-packages/airflow/example_dags/example_complex.py
[2023-05-26T06:58:18.329+0000] {logging_mixin.py:149} INFO - [2023-05-26T06:58:18.329+0000] {dag.py:2726} INFO - Sync 1 DAGs
[2023-05-26T06:58:18.369+0000] {logging_mixin.py:149} INFO - [2023-05-26T06:58:18.368+0000] {dag.py:3490} INFO - Setting next_dagrun for example_complex to None, run_after=None
[2023-05-26T06:58:18.403+0000] {processor.py:179} INFO - Processing /home/airflow/.local/lib/python3.7/site-packages/airflow/example_dags/example_complex.py took 0.148 seconds
[2023-05-26T06:58:48.898+0000] {processor.py:157} INFO - Started process (PID=426) to work on /home/airflow/.local/lib/python3.7/site-packages/airflow/example_dags/example_complex.py
[2023-05-26T06:58:48.900+0000] {processor.py:826} INFO - Processing file /home/airflow/.local/lib/python3.7/site-packages/airflow/example_dags/example_complex.py for tasks to queue
[2023-05-26T06:58:48.905+0000] {logging_mixin.py:149} INFO - [2023-05-26T06:58:48.905+0000] {dagbag.py:541} INFO - Filling up the DagBag from /home/airflow/.local/lib/python3.7/site-packages/airflow/example_dags/example_complex.py
[2023-05-26T06:58:48.920+0000] {logging_mixin.py:149} INFO - [2023-05-26T06:58:48.920+0000] {taskmixin.py:211} WARNING - Dependency <Task(BashOperator): create_entry_group>, delete_entry_group already registered for DAG: example_complex
[2023-05-26T06:58:48.922+0000] {logging_mixin.py:149} INFO - [2023-05-26T06:58:48.922+0000] {taskmixin.py:211} WARNING - Dependency <Task(BashOperator): delete_entry_group>, create_entry_group already registered for DAG: example_complex
[2023-05-26T06:58:48.923+0000] {logging_mixin.py:149} INFO - [2023-05-26T06:58:48.923+0000] {taskmixin.py:211} WARNING - Dependency <Task(BashOperator): create_entry_gcs>, delete_entry already registered for DAG: example_complex
[2023-05-26T06:58:48.924+0000] {logging_mixin.py:149} INFO - [2023-05-26T06:58:48.924+0000] {taskmixin.py:211} WARNING - Dependency <Task(BashOperator): delete_entry>, create_entry_gcs already registered for DAG: example_complex
[2023-05-26T06:58:48.925+0000] {logging_mixin.py:149} INFO - [2023-05-26T06:58:48.925+0000] {taskmixin.py:211} WARNING - Dependency <Task(BashOperator): create_tag>, delete_tag already registered for DAG: example_complex
[2023-05-26T06:58:48.926+0000] {logging_mixin.py:149} INFO - [2023-05-26T06:58:48.926+0000] {taskmixin.py:211} WARNING - Dependency <Task(BashOperator): delete_tag>, create_tag already registered for DAG: example_complex
[2023-05-26T06:58:48.930+0000] {processor.py:836} INFO - DAG(s) dict_keys(['example_complex']) retrieved from /home/airflow/.local/lib/python3.7/site-packages/airflow/example_dags/example_complex.py
[2023-05-26T06:58:48.986+0000] {logging_mixin.py:149} INFO - [2023-05-26T06:58:48.986+0000] {dag.py:2726} INFO - Sync 1 DAGs
[2023-05-26T06:58:49.027+0000] {logging_mixin.py:149} INFO - [2023-05-26T06:58:49.027+0000] {dag.py:3490} INFO - Setting next_dagrun for example_complex to None, run_after=None
[2023-05-26T06:58:49.072+0000] {processor.py:179} INFO - Processing /home/airflow/.local/lib/python3.7/site-packages/airflow/example_dags/example_complex.py took 0.179 seconds
[2023-05-26T06:59:19.854+0000] {processor.py:157} INFO - Started process (PID=482) to work on /home/airflow/.local/lib/python3.7/site-packages/airflow/example_dags/example_complex.py
[2023-05-26T06:59:19.856+0000] {processor.py:826} INFO - Processing file /home/airflow/.local/lib/python3.7/site-packages/airflow/example_dags/example_complex.py for tasks to queue
[2023-05-26T06:59:19.859+0000] {logging_mixin.py:149} INFO - [2023-05-26T06:59:19.859+0000] {dagbag.py:541} INFO - Filling up the DagBag from /home/airflow/.local/lib/python3.7/site-packages/airflow/example_dags/example_complex.py
[2023-05-26T06:59:19.872+0000] {logging_mixin.py:149} INFO - [2023-05-26T06:59:19.871+0000] {taskmixin.py:211} WARNING - Dependency <Task(BashOperator): create_entry_group>, delete_entry_group already registered for DAG: example_complex
[2023-05-26T06:59:19.873+0000] {logging_mixin.py:149} INFO - [2023-05-26T06:59:19.873+0000] {taskmixin.py:211} WARNING - Dependency <Task(BashOperator): delete_entry_group>, create_entry_group already registered for DAG: example_complex
[2023-05-26T06:59:19.874+0000] {logging_mixin.py:149} INFO - [2023-05-26T06:59:19.874+0000] {taskmixin.py:211} WARNING - Dependency <Task(BashOperator): create_entry_gcs>, delete_entry already registered for DAG: example_complex
[2023-05-26T06:59:19.875+0000] {logging_mixin.py:149} INFO - [2023-05-26T06:59:19.875+0000] {taskmixin.py:211} WARNING - Dependency <Task(BashOperator): delete_entry>, create_entry_gcs already registered for DAG: example_complex
[2023-05-26T06:59:19.876+0000] {logging_mixin.py:149} INFO - [2023-05-26T06:59:19.876+0000] {taskmixin.py:211} WARNING - Dependency <Task(BashOperator): create_tag>, delete_tag already registered for DAG: example_complex
[2023-05-26T06:59:19.877+0000] {logging_mixin.py:149} INFO - [2023-05-26T06:59:19.877+0000] {taskmixin.py:211} WARNING - Dependency <Task(BashOperator): delete_tag>, create_tag already registered for DAG: example_complex
[2023-05-26T06:59:19.879+0000] {processor.py:836} INFO - DAG(s) dict_keys(['example_complex']) retrieved from /home/airflow/.local/lib/python3.7/site-packages/airflow/example_dags/example_complex.py
[2023-05-26T06:59:19.918+0000] {logging_mixin.py:149} INFO - [2023-05-26T06:59:19.918+0000] {dag.py:2726} INFO - Sync 1 DAGs
[2023-05-26T06:59:19.948+0000] {logging_mixin.py:149} INFO - [2023-05-26T06:59:19.948+0000] {dag.py:3490} INFO - Setting next_dagrun for example_complex to None, run_after=None
[2023-05-26T06:59:19.977+0000] {processor.py:179} INFO - Processing /home/airflow/.local/lib/python3.7/site-packages/airflow/example_dags/example_complex.py took 0.128 seconds
[2023-05-26T06:59:50.911+0000] {processor.py:157} INFO - Started process (PID=538) to work on /home/airflow/.local/lib/python3.7/site-packages/airflow/example_dags/example_complex.py
[2023-05-26T06:59:50.913+0000] {processor.py:826} INFO - Processing file /home/airflow/.local/lib/python3.7/site-packages/airflow/example_dags/example_complex.py for tasks to queue
[2023-05-26T06:59:50.916+0000] {logging_mixin.py:149} INFO - [2023-05-26T06:59:50.915+0000] {dagbag.py:541} INFO - Filling up the DagBag from /home/airflow/.local/lib/python3.7/site-packages/airflow/example_dags/example_complex.py
[2023-05-26T06:59:50.927+0000] {logging_mixin.py:149} INFO - [2023-05-26T06:59:50.927+0000] {taskmixin.py:211} WARNING - Dependency <Task(BashOperator): create_entry_group>, delete_entry_group already registered for DAG: example_complex
[2023-05-26T06:59:50.929+0000] {logging_mixin.py:149} INFO - [2023-05-26T06:59:50.928+0000] {taskmixin.py:211} WARNING - Dependency <Task(BashOperator): delete_entry_group>, create_entry_group already registered for DAG: example_complex
[2023-05-26T06:59:50.929+0000] {logging_mixin.py:149} INFO - [2023-05-26T06:59:50.929+0000] {taskmixin.py:211} WARNING - Dependency <Task(BashOperator): create_entry_gcs>, delete_entry already registered for DAG: example_complex
[2023-05-26T06:59:50.930+0000] {logging_mixin.py:149} INFO - [2023-05-26T06:59:50.930+0000] {taskmixin.py:211} WARNING - Dependency <Task(BashOperator): delete_entry>, create_entry_gcs already registered for DAG: example_complex
[2023-05-26T06:59:50.931+0000] {logging_mixin.py:149} INFO - [2023-05-26T06:59:50.931+0000] {taskmixin.py:211} WARNING - Dependency <Task(BashOperator): create_tag>, delete_tag already registered for DAG: example_complex
[2023-05-26T06:59:50.932+0000] {logging_mixin.py:149} INFO - [2023-05-26T06:59:50.932+0000] {taskmixin.py:211} WARNING - Dependency <Task(BashOperator): delete_tag>, create_tag already registered for DAG: example_complex
[2023-05-26T06:59:50.934+0000] {processor.py:836} INFO - DAG(s) dict_keys(['example_complex']) retrieved from /home/airflow/.local/lib/python3.7/site-packages/airflow/example_dags/example_complex.py
[2023-05-26T06:59:50.973+0000] {logging_mixin.py:149} INFO - [2023-05-26T06:59:50.972+0000] {dag.py:2726} INFO - Sync 1 DAGs
[2023-05-26T06:59:51.004+0000] {logging_mixin.py:149} INFO - [2023-05-26T06:59:51.004+0000] {dag.py:3490} INFO - Setting next_dagrun for example_complex to None, run_after=None
[2023-05-26T06:59:51.032+0000] {processor.py:179} INFO - Processing /home/airflow/.local/lib/python3.7/site-packages/airflow/example_dags/example_complex.py took 0.124 seconds
[2023-05-26T07:00:21.800+0000] {processor.py:157} INFO - Started process (PID=593) to work on /home/airflow/.local/lib/python3.7/site-packages/airflow/example_dags/example_complex.py
[2023-05-26T07:00:21.801+0000] {processor.py:826} INFO - Processing file /home/airflow/.local/lib/python3.7/site-packages/airflow/example_dags/example_complex.py for tasks to queue
[2023-05-26T07:00:21.805+0000] {logging_mixin.py:149} INFO - [2023-05-26T07:00:21.804+0000] {dagbag.py:541} INFO - Filling up the DagBag from /home/airflow/.local/lib/python3.7/site-packages/airflow/example_dags/example_complex.py
[2023-05-26T07:00:21.821+0000] {logging_mixin.py:149} INFO - [2023-05-26T07:00:21.820+0000] {taskmixin.py:211} WARNING - Dependency <Task(BashOperator): create_entry_group>, delete_entry_group already registered for DAG: example_complex
[2023-05-26T07:00:21.822+0000] {logging_mixin.py:149} INFO - [2023-05-26T07:00:21.821+0000] {taskmixin.py:211} WARNING - Dependency <Task(BashOperator): delete_entry_group>, create_entry_group already registered for DAG: example_complex
[2023-05-26T07:00:21.823+0000] {logging_mixin.py:149} INFO - [2023-05-26T07:00:21.823+0000] {taskmixin.py:211} WARNING - Dependency <Task(BashOperator): create_entry_gcs>, delete_entry already registered for DAG: example_complex
[2023-05-26T07:00:21.824+0000] {logging_mixin.py:149} INFO - [2023-05-26T07:00:21.824+0000] {taskmixin.py:211} WARNING - Dependency <Task(BashOperator): delete_entry>, create_entry_gcs already registered for DAG: example_complex
[2023-05-26T07:00:21.825+0000] {logging_mixin.py:149} INFO - [2023-05-26T07:00:21.825+0000] {taskmixin.py:211} WARNING - Dependency <Task(BashOperator): create_tag>, delete_tag already registered for DAG: example_complex
[2023-05-26T07:00:21.826+0000] {logging_mixin.py:149} INFO - [2023-05-26T07:00:21.826+0000] {taskmixin.py:211} WARNING - Dependency <Task(BashOperator): delete_tag>, create_tag already registered for DAG: example_complex
[2023-05-26T07:00:21.829+0000] {processor.py:836} INFO - DAG(s) dict_keys(['example_complex']) retrieved from /home/airflow/.local/lib/python3.7/site-packages/airflow/example_dags/example_complex.py
[2023-05-26T07:00:21.870+0000] {logging_mixin.py:149} INFO - [2023-05-26T07:00:21.870+0000] {dag.py:2726} INFO - Sync 1 DAGs
[2023-05-26T07:00:21.901+0000] {logging_mixin.py:149} INFO - [2023-05-26T07:00:21.901+0000] {dag.py:3490} INFO - Setting next_dagrun for example_complex to None, run_after=None
[2023-05-26T07:00:21.927+0000] {processor.py:179} INFO - Processing /home/airflow/.local/lib/python3.7/site-packages/airflow/example_dags/example_complex.py took 0.131 seconds
[2023-05-26T07:00:52.491+0000] {processor.py:157} INFO - Started process (PID=649) to work on /home/airflow/.local/lib/python3.7/site-packages/airflow/example_dags/example_complex.py
[2023-05-26T07:00:52.492+0000] {processor.py:826} INFO - Processing file /home/airflow/.local/lib/python3.7/site-packages/airflow/example_dags/example_complex.py for tasks to queue
[2023-05-26T07:00:52.495+0000] {logging_mixin.py:149} INFO - [2023-05-26T07:00:52.495+0000] {dagbag.py:541} INFO - Filling up the DagBag from /home/airflow/.local/lib/python3.7/site-packages/airflow/example_dags/example_complex.py
[2023-05-26T07:00:52.507+0000] {logging_mixin.py:149} INFO - [2023-05-26T07:00:52.507+0000] {taskmixin.py:211} WARNING - Dependency <Task(BashOperator): create_entry_group>, delete_entry_group already registered for DAG: example_complex
[2023-05-26T07:00:52.508+0000] {logging_mixin.py:149} INFO - [2023-05-26T07:00:52.508+0000] {taskmixin.py:211} WARNING - Dependency <Task(BashOperator): delete_entry_group>, create_entry_group already registered for DAG: example_complex
[2023-05-26T07:00:52.509+0000] {logging_mixin.py:149} INFO - [2023-05-26T07:00:52.509+0000] {taskmixin.py:211} WARNING - Dependency <Task(BashOperator): create_entry_gcs>, delete_entry already registered for DAG: example_complex
[2023-05-26T07:00:52.510+0000] {logging_mixin.py:149} INFO - [2023-05-26T07:00:52.510+0000] {taskmixin.py:211} WARNING - Dependency <Task(BashOperator): delete_entry>, create_entry_gcs already registered for DAG: example_complex
[2023-05-26T07:00:52.511+0000] {logging_mixin.py:149} INFO - [2023-05-26T07:00:52.511+0000] {taskmixin.py:211} WARNING - Dependency <Task(BashOperator): create_tag>, delete_tag already registered for DAG: example_complex
[2023-05-26T07:00:52.511+0000] {logging_mixin.py:149} INFO - [2023-05-26T07:00:52.511+0000] {taskmixin.py:211} WARNING - Dependency <Task(BashOperator): delete_tag>, create_tag already registered for DAG: example_complex
[2023-05-26T07:00:52.513+0000] {processor.py:836} INFO - DAG(s) dict_keys(['example_complex']) retrieved from /home/airflow/.local/lib/python3.7/site-packages/airflow/example_dags/example_complex.py
[2023-05-26T07:00:52.552+0000] {logging_mixin.py:149} INFO - [2023-05-26T07:00:52.552+0000] {dag.py:2726} INFO - Sync 1 DAGs
[2023-05-26T07:00:52.584+0000] {logging_mixin.py:149} INFO - [2023-05-26T07:00:52.584+0000] {dag.py:3490} INFO - Setting next_dagrun for example_complex to None, run_after=None
[2023-05-26T07:00:52.611+0000] {processor.py:179} INFO - Processing /home/airflow/.local/lib/python3.7/site-packages/airflow/example_dags/example_complex.py took 0.123 seconds
[2023-05-26T07:01:23.197+0000] {processor.py:157} INFO - Started process (PID=705) to work on /home/airflow/.local/lib/python3.7/site-packages/airflow/example_dags/example_complex.py
[2023-05-26T07:01:23.200+0000] {processor.py:826} INFO - Processing file /home/airflow/.local/lib/python3.7/site-packages/airflow/example_dags/example_complex.py for tasks to queue
[2023-05-26T07:01:23.204+0000] {logging_mixin.py:149} INFO - [2023-05-26T07:01:23.204+0000] {dagbag.py:541} INFO - Filling up the DagBag from /home/airflow/.local/lib/python3.7/site-packages/airflow/example_dags/example_complex.py
[2023-05-26T07:01:23.231+0000] {logging_mixin.py:149} INFO - [2023-05-26T07:01:23.231+0000] {taskmixin.py:211} WARNING - Dependency <Task(BashOperator): create_entry_group>, delete_entry_group already registered for DAG: example_complex
[2023-05-26T07:01:23.233+0000] {logging_mixin.py:149} INFO - [2023-05-26T07:01:23.233+0000] {taskmixin.py:211} WARNING - Dependency <Task(BashOperator): delete_entry_group>, create_entry_group already registered for DAG: example_complex
[2023-05-26T07:01:23.235+0000] {logging_mixin.py:149} INFO - [2023-05-26T07:01:23.235+0000] {taskmixin.py:211} WARNING - Dependency <Task(BashOperator): create_entry_gcs>, delete_entry already registered for DAG: example_complex
[2023-05-26T07:01:23.237+0000] {logging_mixin.py:149} INFO - [2023-05-26T07:01:23.236+0000] {taskmixin.py:211} WARNING - Dependency <Task(BashOperator): delete_entry>, create_entry_gcs already registered for DAG: example_complex
[2023-05-26T07:01:23.239+0000] {logging_mixin.py:149} INFO - [2023-05-26T07:01:23.239+0000] {taskmixin.py:211} WARNING - Dependency <Task(BashOperator): create_tag>, delete_tag already registered for DAG: example_complex
[2023-05-26T07:01:23.240+0000] {logging_mixin.py:149} INFO - [2023-05-26T07:01:23.240+0000] {taskmixin.py:211} WARNING - Dependency <Task(BashOperator): delete_tag>, create_tag already registered for DAG: example_complex
[2023-05-26T07:01:23.245+0000] {processor.py:836} INFO - DAG(s) dict_keys(['example_complex']) retrieved from /home/airflow/.local/lib/python3.7/site-packages/airflow/example_dags/example_complex.py
[2023-05-26T07:01:23.307+0000] {logging_mixin.py:149} INFO - [2023-05-26T07:01:23.307+0000] {dag.py:2726} INFO - Sync 1 DAGs
[2023-05-26T07:01:23.365+0000] {logging_mixin.py:149} INFO - [2023-05-26T07:01:23.365+0000] {dag.py:3490} INFO - Setting next_dagrun for example_complex to None, run_after=None
[2023-05-26T07:01:23.408+0000] {processor.py:179} INFO - Processing /home/airflow/.local/lib/python3.7/site-packages/airflow/example_dags/example_complex.py took 0.215 seconds
[2023-05-26T07:01:54.084+0000] {processor.py:157} INFO - Started process (PID=761) to work on /home/airflow/.local/lib/python3.7/site-packages/airflow/example_dags/example_complex.py
[2023-05-26T07:01:54.087+0000] {processor.py:826} INFO - Processing file /home/airflow/.local/lib/python3.7/site-packages/airflow/example_dags/example_complex.py for tasks to queue
[2023-05-26T07:01:54.094+0000] {logging_mixin.py:149} INFO - [2023-05-26T07:01:54.093+0000] {dagbag.py:541} INFO - Filling up the DagBag from /home/airflow/.local/lib/python3.7/site-packages/airflow/example_dags/example_complex.py
[2023-05-26T07:01:54.122+0000] {logging_mixin.py:149} INFO - [2023-05-26T07:01:54.121+0000] {taskmixin.py:211} WARNING - Dependency <Task(BashOperator): create_entry_group>, delete_entry_group already registered for DAG: example_complex
[2023-05-26T07:01:54.123+0000] {logging_mixin.py:149} INFO - [2023-05-26T07:01:54.123+0000] {taskmixin.py:211} WARNING - Dependency <Task(BashOperator): delete_entry_group>, create_entry_group already registered for DAG: example_complex
[2023-05-26T07:01:54.125+0000] {logging_mixin.py:149} INFO - [2023-05-26T07:01:54.125+0000] {taskmixin.py:211} WARNING - Dependency <Task(BashOperator): create_entry_gcs>, delete_entry already registered for DAG: example_complex
[2023-05-26T07:01:54.127+0000] {logging_mixin.py:149} INFO - [2023-05-26T07:01:54.127+0000] {taskmixin.py:211} WARNING - Dependency <Task(BashOperator): delete_entry>, create_entry_gcs already registered for DAG: example_complex
[2023-05-26T07:01:54.128+0000] {logging_mixin.py:149} INFO - [2023-05-26T07:01:54.128+0000] {taskmixin.py:211} WARNING - Dependency <Task(BashOperator): create_tag>, delete_tag already registered for DAG: example_complex
[2023-05-26T07:01:54.129+0000] {logging_mixin.py:149} INFO - [2023-05-26T07:01:54.129+0000] {taskmixin.py:211} WARNING - Dependency <Task(BashOperator): delete_tag>, create_tag already registered for DAG: example_complex
[2023-05-26T07:01:54.131+0000] {processor.py:836} INFO - DAG(s) dict_keys(['example_complex']) retrieved from /home/airflow/.local/lib/python3.7/site-packages/airflow/example_dags/example_complex.py
[2023-05-26T07:01:54.216+0000] {logging_mixin.py:149} INFO - [2023-05-26T07:01:54.216+0000] {dag.py:2726} INFO - Sync 1 DAGs
[2023-05-26T07:01:54.276+0000] {logging_mixin.py:149} INFO - [2023-05-26T07:01:54.275+0000] {dag.py:3490} INFO - Setting next_dagrun for example_complex to None, run_after=None
[2023-05-26T07:01:54.334+0000] {processor.py:179} INFO - Processing /home/airflow/.local/lib/python3.7/site-packages/airflow/example_dags/example_complex.py took 0.257 seconds
[2023-05-26T07:02:25.100+0000] {processor.py:157} INFO - Started process (PID=817) to work on /home/airflow/.local/lib/python3.7/site-packages/airflow/example_dags/example_complex.py
[2023-05-26T07:02:25.104+0000] {processor.py:826} INFO - Processing file /home/airflow/.local/lib/python3.7/site-packages/airflow/example_dags/example_complex.py for tasks to queue
[2023-05-26T07:02:25.110+0000] {logging_mixin.py:149} INFO - [2023-05-26T07:02:25.110+0000] {dagbag.py:541} INFO - Filling up the DagBag from /home/airflow/.local/lib/python3.7/site-packages/airflow/example_dags/example_complex.py
[2023-05-26T07:02:25.144+0000] {logging_mixin.py:149} INFO - [2023-05-26T07:02:25.144+0000] {taskmixin.py:211} WARNING - Dependency <Task(BashOperator): create_entry_group>, delete_entry_group already registered for DAG: example_complex
[2023-05-26T07:02:25.146+0000] {logging_mixin.py:149} INFO - [2023-05-26T07:02:25.146+0000] {taskmixin.py:211} WARNING - Dependency <Task(BashOperator): delete_entry_group>, create_entry_group already registered for DAG: example_complex
[2023-05-26T07:02:25.149+0000] {logging_mixin.py:149} INFO - [2023-05-26T07:02:25.148+0000] {taskmixin.py:211} WARNING - Dependency <Task(BashOperator): create_entry_gcs>, delete_entry already registered for DAG: example_complex
[2023-05-26T07:02:25.151+0000] {logging_mixin.py:149} INFO - [2023-05-26T07:02:25.150+0000] {taskmixin.py:211} WARNING - Dependency <Task(BashOperator): delete_entry>, create_entry_gcs already registered for DAG: example_complex
[2023-05-26T07:02:25.153+0000] {logging_mixin.py:149} INFO - [2023-05-26T07:02:25.153+0000] {taskmixin.py:211} WARNING - Dependency <Task(BashOperator): create_tag>, delete_tag already registered for DAG: example_complex
[2023-05-26T07:02:25.155+0000] {logging_mixin.py:149} INFO - [2023-05-26T07:02:25.155+0000] {taskmixin.py:211} WARNING - Dependency <Task(BashOperator): delete_tag>, create_tag already registered for DAG: example_complex
[2023-05-26T07:02:25.159+0000] {processor.py:836} INFO - DAG(s) dict_keys(['example_complex']) retrieved from /home/airflow/.local/lib/python3.7/site-packages/airflow/example_dags/example_complex.py
[2023-05-26T07:02:25.270+0000] {logging_mixin.py:149} INFO - [2023-05-26T07:02:25.270+0000] {dag.py:2726} INFO - Sync 1 DAGs
[2023-05-26T07:02:25.362+0000] {logging_mixin.py:149} INFO - [2023-05-26T07:02:25.362+0000] {dag.py:3490} INFO - Setting next_dagrun for example_complex to None, run_after=None
[2023-05-26T07:02:25.425+0000] {processor.py:179} INFO - Processing /home/airflow/.local/lib/python3.7/site-packages/airflow/example_dags/example_complex.py took 0.335 seconds
[2023-05-26T07:02:56.223+0000] {processor.py:157} INFO - Started process (PID=875) to work on /home/airflow/.local/lib/python3.7/site-packages/airflow/example_dags/example_complex.py
[2023-05-26T07:02:56.225+0000] {processor.py:826} INFO - Processing file /home/airflow/.local/lib/python3.7/site-packages/airflow/example_dags/example_complex.py for tasks to queue
[2023-05-26T07:02:56.229+0000] {logging_mixin.py:149} INFO - [2023-05-26T07:02:56.228+0000] {dagbag.py:541} INFO - Filling up the DagBag from /home/airflow/.local/lib/python3.7/site-packages/airflow/example_dags/example_complex.py
[2023-05-26T07:02:56.242+0000] {logging_mixin.py:149} INFO - [2023-05-26T07:02:56.242+0000] {taskmixin.py:211} WARNING - Dependency <Task(BashOperator): create_entry_group>, delete_entry_group already registered for DAG: example_complex
[2023-05-26T07:02:56.243+0000] {logging_mixin.py:149} INFO - [2023-05-26T07:02:56.243+0000] {taskmixin.py:211} WARNING - Dependency <Task(BashOperator): delete_entry_group>, create_entry_group already registered for DAG: example_complex
[2023-05-26T07:02:56.244+0000] {logging_mixin.py:149} INFO - [2023-05-26T07:02:56.244+0000] {taskmixin.py:211} WARNING - Dependency <Task(BashOperator): create_entry_gcs>, delete_entry already registered for DAG: example_complex
[2023-05-26T07:02:56.245+0000] {logging_mixin.py:149} INFO - [2023-05-26T07:02:56.245+0000] {taskmixin.py:211} WARNING - Dependency <Task(BashOperator): delete_entry>, create_entry_gcs already registered for DAG: example_complex
[2023-05-26T07:02:56.246+0000] {logging_mixin.py:149} INFO - [2023-05-26T07:02:56.246+0000] {taskmixin.py:211} WARNING - Dependency <Task(BashOperator): create_tag>, delete_tag already registered for DAG: example_complex
[2023-05-26T07:02:56.247+0000] {logging_mixin.py:149} INFO - [2023-05-26T07:02:56.247+0000] {taskmixin.py:211} WARNING - Dependency <Task(BashOperator): delete_tag>, create_tag already registered for DAG: example_complex
[2023-05-26T07:02:56.249+0000] {processor.py:836} INFO - DAG(s) dict_keys(['example_complex']) retrieved from /home/airflow/.local/lib/python3.7/site-packages/airflow/example_dags/example_complex.py
[2023-05-26T07:02:56.341+0000] {logging_mixin.py:149} INFO - [2023-05-26T07:02:56.340+0000] {dag.py:2726} INFO - Sync 1 DAGs
[2023-05-26T07:02:56.400+0000] {logging_mixin.py:149} INFO - [2023-05-26T07:02:56.399+0000] {dag.py:3490} INFO - Setting next_dagrun for example_complex to None, run_after=None
[2023-05-26T07:02:56.441+0000] {processor.py:179} INFO - Processing /home/airflow/.local/lib/python3.7/site-packages/airflow/example_dags/example_complex.py took 0.222 seconds
[2023-05-26T07:03:26.500+0000] {processor.py:157} INFO - Started process (PID=936) to work on /home/airflow/.local/lib/python3.7/site-packages/airflow/example_dags/example_complex.py
[2023-05-26T07:03:26.503+0000] {processor.py:826} INFO - Processing file /home/airflow/.local/lib/python3.7/site-packages/airflow/example_dags/example_complex.py for tasks to queue
[2023-05-26T07:03:26.507+0000] {logging_mixin.py:149} INFO - [2023-05-26T07:03:26.506+0000] {dagbag.py:541} INFO - Filling up the DagBag from /home/airflow/.local/lib/python3.7/site-packages/airflow/example_dags/example_complex.py
[2023-05-26T07:03:26.523+0000] {logging_mixin.py:149} INFO - [2023-05-26T07:03:26.523+0000] {taskmixin.py:211} WARNING - Dependency <Task(BashOperator): create_entry_group>, delete_entry_group already registered for DAG: example_complex
[2023-05-26T07:03:26.524+0000] {logging_mixin.py:149} INFO - [2023-05-26T07:03:26.524+0000] {taskmixin.py:211} WARNING - Dependency <Task(BashOperator): delete_entry_group>, create_entry_group already registered for DAG: example_complex
[2023-05-26T07:03:26.525+0000] {logging_mixin.py:149} INFO - [2023-05-26T07:03:26.525+0000] {taskmixin.py:211} WARNING - Dependency <Task(BashOperator): create_entry_gcs>, delete_entry already registered for DAG: example_complex
[2023-05-26T07:03:26.526+0000] {logging_mixin.py:149} INFO - [2023-05-26T07:03:26.526+0000] {taskmixin.py:211} WARNING - Dependency <Task(BashOperator): delete_entry>, create_entry_gcs already registered for DAG: example_complex
[2023-05-26T07:03:26.528+0000] {logging_mixin.py:149} INFO - [2023-05-26T07:03:26.527+0000] {taskmixin.py:211} WARNING - Dependency <Task(BashOperator): create_tag>, delete_tag already registered for DAG: example_complex
[2023-05-26T07:03:26.529+0000] {logging_mixin.py:149} INFO - [2023-05-26T07:03:26.529+0000] {taskmixin.py:211} WARNING - Dependency <Task(BashOperator): delete_tag>, create_tag already registered for DAG: example_complex
[2023-05-26T07:03:26.533+0000] {processor.py:836} INFO - DAG(s) dict_keys(['example_complex']) retrieved from /home/airflow/.local/lib/python3.7/site-packages/airflow/example_dags/example_complex.py
[2023-05-26T07:03:26.589+0000] {logging_mixin.py:149} INFO - [2023-05-26T07:03:26.589+0000] {dag.py:2726} INFO - Sync 1 DAGs
[2023-05-26T07:03:26.625+0000] {logging_mixin.py:149} INFO - [2023-05-26T07:03:26.625+0000] {dag.py:3490} INFO - Setting next_dagrun for example_complex to None, run_after=None
[2023-05-26T07:03:26.660+0000] {processor.py:179} INFO - Processing /home/airflow/.local/lib/python3.7/site-packages/airflow/example_dags/example_complex.py took 0.165 seconds
[2023-05-26T07:03:56.725+0000] {processor.py:157} INFO - Started process (PID=992) to work on /home/airflow/.local/lib/python3.7/site-packages/airflow/example_dags/example_complex.py
[2023-05-26T07:03:56.727+0000] {processor.py:826} INFO - Processing file /home/airflow/.local/lib/python3.7/site-packages/airflow/example_dags/example_complex.py for tasks to queue
[2023-05-26T07:03:56.730+0000] {logging_mixin.py:149} INFO - [2023-05-26T07:03:56.730+0000] {dagbag.py:541} INFO - Filling up the DagBag from /home/airflow/.local/lib/python3.7/site-packages/airflow/example_dags/example_complex.py
[2023-05-26T07:03:56.743+0000] {logging_mixin.py:149} INFO - [2023-05-26T07:03:56.742+0000] {taskmixin.py:211} WARNING - Dependency <Task(BashOperator): create_entry_group>, delete_entry_group already registered for DAG: example_complex
[2023-05-26T07:03:56.744+0000] {logging_mixin.py:149} INFO - [2023-05-26T07:03:56.743+0000] {taskmixin.py:211} WARNING - Dependency <Task(BashOperator): delete_entry_group>, create_entry_group already registered for DAG: example_complex
[2023-05-26T07:03:56.744+0000] {logging_mixin.py:149} INFO - [2023-05-26T07:03:56.744+0000] {taskmixin.py:211} WARNING - Dependency <Task(BashOperator): create_entry_gcs>, delete_entry already registered for DAG: example_complex
[2023-05-26T07:03:56.745+0000] {logging_mixin.py:149} INFO - [2023-05-26T07:03:56.745+0000] {taskmixin.py:211} WARNING - Dependency <Task(BashOperator): delete_entry>, create_entry_gcs already registered for DAG: example_complex
[2023-05-26T07:03:56.746+0000] {logging_mixin.py:149} INFO - [2023-05-26T07:03:56.746+0000] {taskmixin.py:211} WARNING - Dependency <Task(BashOperator): create_tag>, delete_tag already registered for DAG: example_complex
[2023-05-26T07:03:56.747+0000] {logging_mixin.py:149} INFO - [2023-05-26T07:03:56.747+0000] {taskmixin.py:211} WARNING - Dependency <Task(BashOperator): delete_tag>, create_tag already registered for DAG: example_complex
[2023-05-26T07:03:56.749+0000] {processor.py:836} INFO - DAG(s) dict_keys(['example_complex']) retrieved from /home/airflow/.local/lib/python3.7/site-packages/airflow/example_dags/example_complex.py
[2023-05-26T07:03:56.785+0000] {logging_mixin.py:149} INFO - [2023-05-26T07:03:56.785+0000] {dag.py:2726} INFO - Sync 1 DAGs
[2023-05-26T07:03:56.815+0000] {logging_mixin.py:149} INFO - [2023-05-26T07:03:56.814+0000] {dag.py:3490} INFO - Setting next_dagrun for example_complex to None, run_after=None
[2023-05-26T07:03:56.843+0000] {processor.py:179} INFO - Processing /home/airflow/.local/lib/python3.7/site-packages/airflow/example_dags/example_complex.py took 0.123 seconds
[2023-05-26T07:04:26.878+0000] {processor.py:157} INFO - Started process (PID=1049) to work on /home/airflow/.local/lib/python3.7/site-packages/airflow/example_dags/example_complex.py
[2023-05-26T07:04:26.880+0000] {processor.py:826} INFO - Processing file /home/airflow/.local/lib/python3.7/site-packages/airflow/example_dags/example_complex.py for tasks to queue
[2023-05-26T07:04:26.884+0000] {logging_mixin.py:149} INFO - [2023-05-26T07:04:26.883+0000] {dagbag.py:541} INFO - Filling up the DagBag from /home/airflow/.local/lib/python3.7/site-packages/airflow/example_dags/example_complex.py
[2023-05-26T07:04:26.895+0000] {logging_mixin.py:149} INFO - [2023-05-26T07:04:26.895+0000] {taskmixin.py:211} WARNING - Dependency <Task(BashOperator): create_entry_group>, delete_entry_group already registered for DAG: example_complex
[2023-05-26T07:04:26.897+0000] {logging_mixin.py:149} INFO - [2023-05-26T07:04:26.897+0000] {taskmixin.py:211} WARNING - Dependency <Task(BashOperator): delete_entry_group>, create_entry_group already registered for DAG: example_complex
[2023-05-26T07:04:26.899+0000] {logging_mixin.py:149} INFO - [2023-05-26T07:04:26.899+0000] {taskmixin.py:211} WARNING - Dependency <Task(BashOperator): create_entry_gcs>, delete_entry already registered for DAG: example_complex
[2023-05-26T07:04:26.900+0000] {logging_mixin.py:149} INFO - [2023-05-26T07:04:26.900+0000] {taskmixin.py:211} WARNING - Dependency <Task(BashOperator): delete_entry>, create_entry_gcs already registered for DAG: example_complex
[2023-05-26T07:04:26.901+0000] {logging_mixin.py:149} INFO - [2023-05-26T07:04:26.901+0000] {taskmixin.py:211} WARNING - Dependency <Task(BashOperator): create_tag>, delete_tag already registered for DAG: example_complex
[2023-05-26T07:04:26.902+0000] {logging_mixin.py:149} INFO - [2023-05-26T07:04:26.902+0000] {taskmixin.py:211} WARNING - Dependency <Task(BashOperator): delete_tag>, create_tag already registered for DAG: example_complex
[2023-05-26T07:04:26.904+0000] {processor.py:836} INFO - DAG(s) dict_keys(['example_complex']) retrieved from /home/airflow/.local/lib/python3.7/site-packages/airflow/example_dags/example_complex.py
[2023-05-26T07:04:26.942+0000] {logging_mixin.py:149} INFO - [2023-05-26T07:04:26.942+0000] {dag.py:2726} INFO - Sync 1 DAGs
[2023-05-26T07:04:26.972+0000] {logging_mixin.py:149} INFO - [2023-05-26T07:04:26.971+0000] {dag.py:3490} INFO - Setting next_dagrun for example_complex to None, run_after=None
[2023-05-26T07:04:26.998+0000] {processor.py:179} INFO - Processing /home/airflow/.local/lib/python3.7/site-packages/airflow/example_dags/example_complex.py took 0.124 seconds
