[2023-05-26T06:51:28.516+0000] {processor.py:157} INFO - Started process (PID=64) to work on /home/airflow/.local/lib/python3.7/site-packages/airflow/example_dags/example_branch_operator.py
[2023-05-26T06:51:28.518+0000] {processor.py:826} INFO - Processing file /home/airflow/.local/lib/python3.7/site-packages/airflow/example_dags/example_branch_operator.py for tasks to queue
[2023-05-26T06:51:28.521+0000] {logging_mixin.py:149} INFO - [2023-05-26T06:51:28.521+0000] {dagbag.py:541} INFO - Filling up the DagBag from /home/airflow/.local/lib/python3.7/site-packages/airflow/example_dags/example_branch_operator.py
[2023-05-26T06:51:28.543+0000] {processor.py:836} INFO - DAG(s) dict_keys(['example_branch_operator']) retrieved from /home/airflow/.local/lib/python3.7/site-packages/airflow/example_dags/example_branch_operator.py
[2023-05-26T06:51:28.566+0000] {logging_mixin.py:149} INFO - [2023-05-26T06:51:28.565+0000] {dag.py:2726} INFO - Sync 1 DAGs
[2023-05-26T06:51:28.608+0000] {logging_mixin.py:149} INFO - [2023-05-26T06:51:28.608+0000] {dag.py:3490} INFO - Setting next_dagrun for example_branch_operator to 2023-05-25T00:00:00+00:00, run_after=2023-05-26T00:00:00+00:00
[2023-05-26T06:51:28.641+0000] {processor.py:179} INFO - Processing /home/airflow/.local/lib/python3.7/site-packages/airflow/example_dags/example_branch_operator.py took 0.129 seconds
[2023-05-26T06:51:59.862+0000] {processor.py:157} INFO - Started process (PID=119) to work on /home/airflow/.local/lib/python3.7/site-packages/airflow/example_dags/example_branch_operator.py
[2023-05-26T06:51:59.863+0000] {processor.py:826} INFO - Processing file /home/airflow/.local/lib/python3.7/site-packages/airflow/example_dags/example_branch_operator.py for tasks to queue
[2023-05-26T06:51:59.866+0000] {logging_mixin.py:149} INFO - [2023-05-26T06:51:59.866+0000] {dagbag.py:541} INFO - Filling up the DagBag from /home/airflow/.local/lib/python3.7/site-packages/airflow/example_dags/example_branch_operator.py
[2023-05-26T06:51:59.877+0000] {processor.py:836} INFO - DAG(s) dict_keys(['example_branch_operator']) retrieved from /home/airflow/.local/lib/python3.7/site-packages/airflow/example_dags/example_branch_operator.py
[2023-05-26T06:51:59.907+0000] {logging_mixin.py:149} INFO - [2023-05-26T06:51:59.906+0000] {dag.py:2726} INFO - Sync 1 DAGs
[2023-05-26T06:51:59.937+0000] {logging_mixin.py:149} INFO - [2023-05-26T06:51:59.937+0000] {dag.py:3490} INFO - Setting next_dagrun for example_branch_operator to 2023-05-25T00:00:00+00:00, run_after=2023-05-26T00:00:00+00:00
[2023-05-26T06:51:59.961+0000] {processor.py:179} INFO - Processing /home/airflow/.local/lib/python3.7/site-packages/airflow/example_dags/example_branch_operator.py took 0.102 seconds
[2023-05-26T06:55:17.850+0000] {processor.py:157} INFO - Started process (PID=63) to work on /home/airflow/.local/lib/python3.7/site-packages/airflow/example_dags/example_branch_operator.py
[2023-05-26T06:55:17.852+0000] {processor.py:826} INFO - Processing file /home/airflow/.local/lib/python3.7/site-packages/airflow/example_dags/example_branch_operator.py for tasks to queue
[2023-05-26T06:55:17.855+0000] {logging_mixin.py:149} INFO - [2023-05-26T06:55:17.855+0000] {dagbag.py:541} INFO - Filling up the DagBag from /home/airflow/.local/lib/python3.7/site-packages/airflow/example_dags/example_branch_operator.py
[2023-05-26T06:55:17.870+0000] {processor.py:836} INFO - DAG(s) dict_keys(['example_branch_operator']) retrieved from /home/airflow/.local/lib/python3.7/site-packages/airflow/example_dags/example_branch_operator.py
[2023-05-26T06:55:17.895+0000] {logging_mixin.py:149} INFO - [2023-05-26T06:55:17.894+0000] {dag.py:2726} INFO - Sync 1 DAGs
[2023-05-26T06:55:17.934+0000] {logging_mixin.py:149} INFO - [2023-05-26T06:55:17.933+0000] {dag.py:3490} INFO - Setting next_dagrun for example_branch_operator to 2023-05-25T00:00:00+00:00, run_after=2023-05-26T00:00:00+00:00
[2023-05-26T06:55:17.959+0000] {processor.py:179} INFO - Processing /home/airflow/.local/lib/python3.7/site-packages/airflow/example_dags/example_branch_operator.py took 0.114 seconds
[2023-05-26T06:55:48.172+0000] {processor.py:157} INFO - Started process (PID=119) to work on /home/airflow/.local/lib/python3.7/site-packages/airflow/example_dags/example_branch_operator.py
[2023-05-26T06:55:48.174+0000] {processor.py:826} INFO - Processing file /home/airflow/.local/lib/python3.7/site-packages/airflow/example_dags/example_branch_operator.py for tasks to queue
[2023-05-26T06:55:48.177+0000] {logging_mixin.py:149} INFO - [2023-05-26T06:55:48.177+0000] {dagbag.py:541} INFO - Filling up the DagBag from /home/airflow/.local/lib/python3.7/site-packages/airflow/example_dags/example_branch_operator.py
[2023-05-26T06:55:48.189+0000] {processor.py:836} INFO - DAG(s) dict_keys(['example_branch_operator']) retrieved from /home/airflow/.local/lib/python3.7/site-packages/airflow/example_dags/example_branch_operator.py
[2023-05-26T06:55:48.221+0000] {logging_mixin.py:149} INFO - [2023-05-26T06:55:48.221+0000] {dag.py:2726} INFO - Sync 1 DAGs
[2023-05-26T06:55:48.252+0000] {logging_mixin.py:149} INFO - [2023-05-26T06:55:48.252+0000] {dag.py:3490} INFO - Setting next_dagrun for example_branch_operator to 2023-05-25T00:00:00+00:00, run_after=2023-05-26T00:00:00+00:00
[2023-05-26T06:55:48.276+0000] {processor.py:179} INFO - Processing /home/airflow/.local/lib/python3.7/site-packages/airflow/example_dags/example_branch_operator.py took 0.107 seconds
[2023-05-26T06:56:18.992+0000] {processor.py:157} INFO - Started process (PID=175) to work on /home/airflow/.local/lib/python3.7/site-packages/airflow/example_dags/example_branch_operator.py
[2023-05-26T06:56:18.994+0000] {processor.py:826} INFO - Processing file /home/airflow/.local/lib/python3.7/site-packages/airflow/example_dags/example_branch_operator.py for tasks to queue
[2023-05-26T06:56:18.996+0000] {logging_mixin.py:149} INFO - [2023-05-26T06:56:18.996+0000] {dagbag.py:541} INFO - Filling up the DagBag from /home/airflow/.local/lib/python3.7/site-packages/airflow/example_dags/example_branch_operator.py
[2023-05-26T06:56:19.007+0000] {processor.py:836} INFO - DAG(s) dict_keys(['example_branch_operator']) retrieved from /home/airflow/.local/lib/python3.7/site-packages/airflow/example_dags/example_branch_operator.py
[2023-05-26T06:56:19.038+0000] {logging_mixin.py:149} INFO - [2023-05-26T06:56:19.037+0000] {dag.py:2726} INFO - Sync 1 DAGs
[2023-05-26T06:56:19.068+0000] {logging_mixin.py:149} INFO - [2023-05-26T06:56:19.068+0000] {dag.py:3490} INFO - Setting next_dagrun for example_branch_operator to 2023-05-25T00:00:00+00:00, run_after=2023-05-26T00:00:00+00:00
[2023-05-26T06:56:19.094+0000] {processor.py:179} INFO - Processing /home/airflow/.local/lib/python3.7/site-packages/airflow/example_dags/example_branch_operator.py took 0.106 seconds
[2023-05-26T06:56:49.465+0000] {processor.py:157} INFO - Started process (PID=231) to work on /home/airflow/.local/lib/python3.7/site-packages/airflow/example_dags/example_branch_operator.py
[2023-05-26T06:56:49.467+0000] {processor.py:826} INFO - Processing file /home/airflow/.local/lib/python3.7/site-packages/airflow/example_dags/example_branch_operator.py for tasks to queue
[2023-05-26T06:56:49.470+0000] {logging_mixin.py:149} INFO - [2023-05-26T06:56:49.469+0000] {dagbag.py:541} INFO - Filling up the DagBag from /home/airflow/.local/lib/python3.7/site-packages/airflow/example_dags/example_branch_operator.py
[2023-05-26T06:56:49.481+0000] {processor.py:836} INFO - DAG(s) dict_keys(['example_branch_operator']) retrieved from /home/airflow/.local/lib/python3.7/site-packages/airflow/example_dags/example_branch_operator.py
[2023-05-26T06:56:49.510+0000] {logging_mixin.py:149} INFO - [2023-05-26T06:56:49.510+0000] {dag.py:2726} INFO - Sync 1 DAGs
[2023-05-26T06:56:49.539+0000] {logging_mixin.py:149} INFO - [2023-05-26T06:56:49.539+0000] {dag.py:3490} INFO - Setting next_dagrun for example_branch_operator to 2023-05-25T00:00:00+00:00, run_after=2023-05-26T00:00:00+00:00
[2023-05-26T06:56:49.566+0000] {processor.py:179} INFO - Processing /home/airflow/.local/lib/python3.7/site-packages/airflow/example_dags/example_branch_operator.py took 0.106 seconds
[2023-05-26T06:57:19.905+0000] {processor.py:157} INFO - Started process (PID=286) to work on /home/airflow/.local/lib/python3.7/site-packages/airflow/example_dags/example_branch_operator.py
[2023-05-26T06:57:19.906+0000] {processor.py:826} INFO - Processing file /home/airflow/.local/lib/python3.7/site-packages/airflow/example_dags/example_branch_operator.py for tasks to queue
[2023-05-26T06:57:19.910+0000] {logging_mixin.py:149} INFO - [2023-05-26T06:57:19.909+0000] {dagbag.py:541} INFO - Filling up the DagBag from /home/airflow/.local/lib/python3.7/site-packages/airflow/example_dags/example_branch_operator.py
[2023-05-26T06:57:19.921+0000] {processor.py:836} INFO - DAG(s) dict_keys(['example_branch_operator']) retrieved from /home/airflow/.local/lib/python3.7/site-packages/airflow/example_dags/example_branch_operator.py
[2023-05-26T06:57:19.951+0000] {logging_mixin.py:149} INFO - [2023-05-26T06:57:19.950+0000] {dag.py:2726} INFO - Sync 1 DAGs
[2023-05-26T06:57:19.982+0000] {logging_mixin.py:149} INFO - [2023-05-26T06:57:19.982+0000] {dag.py:3490} INFO - Setting next_dagrun for example_branch_operator to 2023-05-25T00:00:00+00:00, run_after=2023-05-26T00:00:00+00:00
[2023-05-26T06:57:20.008+0000] {processor.py:179} INFO - Processing /home/airflow/.local/lib/python3.7/site-packages/airflow/example_dags/example_branch_operator.py took 0.107 seconds
[2023-05-26T06:57:50.681+0000] {processor.py:157} INFO - Started process (PID=342) to work on /home/airflow/.local/lib/python3.7/site-packages/airflow/example_dags/example_branch_operator.py
[2023-05-26T06:57:50.683+0000] {processor.py:826} INFO - Processing file /home/airflow/.local/lib/python3.7/site-packages/airflow/example_dags/example_branch_operator.py for tasks to queue
[2023-05-26T06:57:50.686+0000] {logging_mixin.py:149} INFO - [2023-05-26T06:57:50.686+0000] {dagbag.py:541} INFO - Filling up the DagBag from /home/airflow/.local/lib/python3.7/site-packages/airflow/example_dags/example_branch_operator.py
[2023-05-26T06:57:50.697+0000] {processor.py:836} INFO - DAG(s) dict_keys(['example_branch_operator']) retrieved from /home/airflow/.local/lib/python3.7/site-packages/airflow/example_dags/example_branch_operator.py
[2023-05-26T06:57:50.727+0000] {logging_mixin.py:149} INFO - [2023-05-26T06:57:50.727+0000] {dag.py:2726} INFO - Sync 1 DAGs
[2023-05-26T06:57:50.758+0000] {logging_mixin.py:149} INFO - [2023-05-26T06:57:50.758+0000] {dag.py:3490} INFO - Setting next_dagrun for example_branch_operator to 2023-05-25T00:00:00+00:00, run_after=2023-05-26T00:00:00+00:00
[2023-05-26T06:57:50.785+0000] {processor.py:179} INFO - Processing /home/airflow/.local/lib/python3.7/site-packages/airflow/example_dags/example_branch_operator.py took 0.108 seconds
[2023-05-26T06:58:21.335+0000] {processor.py:157} INFO - Started process (PID=398) to work on /home/airflow/.local/lib/python3.7/site-packages/airflow/example_dags/example_branch_operator.py
[2023-05-26T06:58:21.337+0000] {processor.py:826} INFO - Processing file /home/airflow/.local/lib/python3.7/site-packages/airflow/example_dags/example_branch_operator.py for tasks to queue
[2023-05-26T06:58:21.340+0000] {logging_mixin.py:149} INFO - [2023-05-26T06:58:21.339+0000] {dagbag.py:541} INFO - Filling up the DagBag from /home/airflow/.local/lib/python3.7/site-packages/airflow/example_dags/example_branch_operator.py
[2023-05-26T06:58:21.351+0000] {processor.py:836} INFO - DAG(s) dict_keys(['example_branch_operator']) retrieved from /home/airflow/.local/lib/python3.7/site-packages/airflow/example_dags/example_branch_operator.py
[2023-05-26T06:58:21.385+0000] {logging_mixin.py:149} INFO - [2023-05-26T06:58:21.385+0000] {dag.py:2726} INFO - Sync 1 DAGs
[2023-05-26T06:58:21.418+0000] {logging_mixin.py:149} INFO - [2023-05-26T06:58:21.418+0000] {dag.py:3490} INFO - Setting next_dagrun for example_branch_operator to 2023-05-25T00:00:00+00:00, run_after=2023-05-26T00:00:00+00:00
[2023-05-26T06:58:21.443+0000] {processor.py:179} INFO - Processing /home/airflow/.local/lib/python3.7/site-packages/airflow/example_dags/example_branch_operator.py took 0.112 seconds
[2023-05-26T06:58:52.239+0000] {processor.py:157} INFO - Started process (PID=453) to work on /home/airflow/.local/lib/python3.7/site-packages/airflow/example_dags/example_branch_operator.py
[2023-05-26T06:58:52.241+0000] {processor.py:826} INFO - Processing file /home/airflow/.local/lib/python3.7/site-packages/airflow/example_dags/example_branch_operator.py for tasks to queue
[2023-05-26T06:58:52.244+0000] {logging_mixin.py:149} INFO - [2023-05-26T06:58:52.244+0000] {dagbag.py:541} INFO - Filling up the DagBag from /home/airflow/.local/lib/python3.7/site-packages/airflow/example_dags/example_branch_operator.py
[2023-05-26T06:58:52.255+0000] {processor.py:836} INFO - DAG(s) dict_keys(['example_branch_operator']) retrieved from /home/airflow/.local/lib/python3.7/site-packages/airflow/example_dags/example_branch_operator.py
[2023-05-26T06:58:52.285+0000] {logging_mixin.py:149} INFO - [2023-05-26T06:58:52.284+0000] {dag.py:2726} INFO - Sync 1 DAGs
[2023-05-26T06:58:52.315+0000] {logging_mixin.py:149} INFO - [2023-05-26T06:58:52.315+0000] {dag.py:3490} INFO - Setting next_dagrun for example_branch_operator to 2023-05-25T00:00:00+00:00, run_after=2023-05-26T00:00:00+00:00
[2023-05-26T06:58:52.368+0000] {processor.py:179} INFO - Processing /home/airflow/.local/lib/python3.7/site-packages/airflow/example_dags/example_branch_operator.py took 0.133 seconds
[2023-05-26T06:59:22.936+0000] {processor.py:157} INFO - Started process (PID=509) to work on /home/airflow/.local/lib/python3.7/site-packages/airflow/example_dags/example_branch_operator.py
[2023-05-26T06:59:22.937+0000] {processor.py:826} INFO - Processing file /home/airflow/.local/lib/python3.7/site-packages/airflow/example_dags/example_branch_operator.py for tasks to queue
[2023-05-26T06:59:22.940+0000] {logging_mixin.py:149} INFO - [2023-05-26T06:59:22.940+0000] {dagbag.py:541} INFO - Filling up the DagBag from /home/airflow/.local/lib/python3.7/site-packages/airflow/example_dags/example_branch_operator.py
[2023-05-26T06:59:22.951+0000] {processor.py:836} INFO - DAG(s) dict_keys(['example_branch_operator']) retrieved from /home/airflow/.local/lib/python3.7/site-packages/airflow/example_dags/example_branch_operator.py
[2023-05-26T06:59:22.982+0000] {logging_mixin.py:149} INFO - [2023-05-26T06:59:22.981+0000] {dag.py:2726} INFO - Sync 1 DAGs
[2023-05-26T06:59:23.014+0000] {logging_mixin.py:149} INFO - [2023-05-26T06:59:23.014+0000] {dag.py:3490} INFO - Setting next_dagrun for example_branch_operator to 2023-05-25T00:00:00+00:00, run_after=2023-05-26T00:00:00+00:00
[2023-05-26T06:59:23.044+0000] {processor.py:179} INFO - Processing /home/airflow/.local/lib/python3.7/site-packages/airflow/example_dags/example_branch_operator.py took 0.112 seconds
[2023-05-26T06:59:54.050+0000] {processor.py:157} INFO - Started process (PID=565) to work on /home/airflow/.local/lib/python3.7/site-packages/airflow/example_dags/example_branch_operator.py
[2023-05-26T06:59:54.051+0000] {processor.py:826} INFO - Processing file /home/airflow/.local/lib/python3.7/site-packages/airflow/example_dags/example_branch_operator.py for tasks to queue
[2023-05-26T06:59:54.055+0000] {logging_mixin.py:149} INFO - [2023-05-26T06:59:54.054+0000] {dagbag.py:541} INFO - Filling up the DagBag from /home/airflow/.local/lib/python3.7/site-packages/airflow/example_dags/example_branch_operator.py
[2023-05-26T06:59:54.068+0000] {processor.py:836} INFO - DAG(s) dict_keys(['example_branch_operator']) retrieved from /home/airflow/.local/lib/python3.7/site-packages/airflow/example_dags/example_branch_operator.py
[2023-05-26T06:59:54.102+0000] {logging_mixin.py:149} INFO - [2023-05-26T06:59:54.101+0000] {dag.py:2726} INFO - Sync 1 DAGs
[2023-05-26T06:59:54.138+0000] {logging_mixin.py:149} INFO - [2023-05-26T06:59:54.137+0000] {dag.py:3490} INFO - Setting next_dagrun for example_branch_operator to 2023-05-25T00:00:00+00:00, run_after=2023-05-26T00:00:00+00:00
[2023-05-26T06:59:54.167+0000] {processor.py:179} INFO - Processing /home/airflow/.local/lib/python3.7/site-packages/airflow/example_dags/example_branch_operator.py took 0.121 seconds
[2023-05-26T07:00:24.875+0000] {processor.py:157} INFO - Started process (PID=620) to work on /home/airflow/.local/lib/python3.7/site-packages/airflow/example_dags/example_branch_operator.py
[2023-05-26T07:00:24.876+0000] {processor.py:826} INFO - Processing file /home/airflow/.local/lib/python3.7/site-packages/airflow/example_dags/example_branch_operator.py for tasks to queue
[2023-05-26T07:00:24.880+0000] {logging_mixin.py:149} INFO - [2023-05-26T07:00:24.880+0000] {dagbag.py:541} INFO - Filling up the DagBag from /home/airflow/.local/lib/python3.7/site-packages/airflow/example_dags/example_branch_operator.py
[2023-05-26T07:00:24.891+0000] {processor.py:836} INFO - DAG(s) dict_keys(['example_branch_operator']) retrieved from /home/airflow/.local/lib/python3.7/site-packages/airflow/example_dags/example_branch_operator.py
[2023-05-26T07:00:24.923+0000] {logging_mixin.py:149} INFO - [2023-05-26T07:00:24.922+0000] {dag.py:2726} INFO - Sync 1 DAGs
[2023-05-26T07:00:24.956+0000] {logging_mixin.py:149} INFO - [2023-05-26T07:00:24.955+0000] {dag.py:3490} INFO - Setting next_dagrun for example_branch_operator to 2023-05-25T00:00:00+00:00, run_after=2023-05-26T00:00:00+00:00
[2023-05-26T07:00:24.990+0000] {processor.py:179} INFO - Processing /home/airflow/.local/lib/python3.7/site-packages/airflow/example_dags/example_branch_operator.py took 0.119 seconds
[2023-05-26T07:00:55.651+0000] {processor.py:157} INFO - Started process (PID=676) to work on /home/airflow/.local/lib/python3.7/site-packages/airflow/example_dags/example_branch_operator.py
[2023-05-26T07:00:55.653+0000] {processor.py:826} INFO - Processing file /home/airflow/.local/lib/python3.7/site-packages/airflow/example_dags/example_branch_operator.py for tasks to queue
[2023-05-26T07:00:55.661+0000] {logging_mixin.py:149} INFO - [2023-05-26T07:00:55.660+0000] {dagbag.py:541} INFO - Filling up the DagBag from /home/airflow/.local/lib/python3.7/site-packages/airflow/example_dags/example_branch_operator.py
[2023-05-26T07:00:55.672+0000] {processor.py:836} INFO - DAG(s) dict_keys(['example_branch_operator']) retrieved from /home/airflow/.local/lib/python3.7/site-packages/airflow/example_dags/example_branch_operator.py
[2023-05-26T07:00:55.708+0000] {logging_mixin.py:149} INFO - [2023-05-26T07:00:55.707+0000] {dag.py:2726} INFO - Sync 1 DAGs
[2023-05-26T07:00:55.739+0000] {logging_mixin.py:149} INFO - [2023-05-26T07:00:55.739+0000] {dag.py:3490} INFO - Setting next_dagrun for example_branch_operator to 2023-05-25T00:00:00+00:00, run_after=2023-05-26T00:00:00+00:00
[2023-05-26T07:00:55.763+0000] {processor.py:179} INFO - Processing /home/airflow/.local/lib/python3.7/site-packages/airflow/example_dags/example_branch_operator.py took 0.116 seconds
[2023-05-26T07:01:26.664+0000] {processor.py:157} INFO - Started process (PID=732) to work on /home/airflow/.local/lib/python3.7/site-packages/airflow/example_dags/example_branch_operator.py
[2023-05-26T07:01:26.667+0000] {processor.py:826} INFO - Processing file /home/airflow/.local/lib/python3.7/site-packages/airflow/example_dags/example_branch_operator.py for tasks to queue
[2023-05-26T07:01:26.672+0000] {logging_mixin.py:149} INFO - [2023-05-26T07:01:26.671+0000] {dagbag.py:541} INFO - Filling up the DagBag from /home/airflow/.local/lib/python3.7/site-packages/airflow/example_dags/example_branch_operator.py
[2023-05-26T07:01:26.687+0000] {processor.py:836} INFO - DAG(s) dict_keys(['example_branch_operator']) retrieved from /home/airflow/.local/lib/python3.7/site-packages/airflow/example_dags/example_branch_operator.py
[2023-05-26T07:01:26.734+0000] {logging_mixin.py:149} INFO - [2023-05-26T07:01:26.733+0000] {dag.py:2726} INFO - Sync 1 DAGs
[2023-05-26T07:01:26.789+0000] {logging_mixin.py:149} INFO - [2023-05-26T07:01:26.788+0000] {dag.py:3490} INFO - Setting next_dagrun for example_branch_operator to 2023-05-25T00:00:00+00:00, run_after=2023-05-26T00:00:00+00:00
[2023-05-26T07:01:26.819+0000] {processor.py:179} INFO - Processing /home/airflow/.local/lib/python3.7/site-packages/airflow/example_dags/example_branch_operator.py took 0.164 seconds
[2023-05-26T07:01:57.677+0000] {processor.py:157} INFO - Started process (PID=788) to work on /home/airflow/.local/lib/python3.7/site-packages/airflow/example_dags/example_branch_operator.py
[2023-05-26T07:01:57.680+0000] {processor.py:826} INFO - Processing file /home/airflow/.local/lib/python3.7/site-packages/airflow/example_dags/example_branch_operator.py for tasks to queue
[2023-05-26T07:01:57.686+0000] {logging_mixin.py:149} INFO - [2023-05-26T07:01:57.685+0000] {dagbag.py:541} INFO - Filling up the DagBag from /home/airflow/.local/lib/python3.7/site-packages/airflow/example_dags/example_branch_operator.py
[2023-05-26T07:01:57.705+0000] {processor.py:836} INFO - DAG(s) dict_keys(['example_branch_operator']) retrieved from /home/airflow/.local/lib/python3.7/site-packages/airflow/example_dags/example_branch_operator.py
[2023-05-26T07:01:57.765+0000] {logging_mixin.py:149} INFO - [2023-05-26T07:01:57.764+0000] {dag.py:2726} INFO - Sync 1 DAGs
[2023-05-26T07:01:57.821+0000] {logging_mixin.py:149} INFO - [2023-05-26T07:01:57.821+0000] {dag.py:3490} INFO - Setting next_dagrun for example_branch_operator to 2023-05-25T00:00:00+00:00, run_after=2023-05-26T00:00:00+00:00
[2023-05-26T07:01:57.866+0000] {processor.py:179} INFO - Processing /home/airflow/.local/lib/python3.7/site-packages/airflow/example_dags/example_branch_operator.py took 0.197 seconds
[2023-05-26T07:02:30.622+0000] {processor.py:157} INFO - Started process (PID=844) to work on /home/airflow/.local/lib/python3.7/site-packages/airflow/example_dags/example_branch_operator.py
[2023-05-26T07:02:30.625+0000] {processor.py:826} INFO - Processing file /home/airflow/.local/lib/python3.7/site-packages/airflow/example_dags/example_branch_operator.py for tasks to queue
[2023-05-26T07:02:30.631+0000] {logging_mixin.py:149} INFO - [2023-05-26T07:02:30.631+0000] {dagbag.py:541} INFO - Filling up the DagBag from /home/airflow/.local/lib/python3.7/site-packages/airflow/example_dags/example_branch_operator.py
[2023-05-26T07:02:30.653+0000] {processor.py:836} INFO - DAG(s) dict_keys(['example_branch_operator']) retrieved from /home/airflow/.local/lib/python3.7/site-packages/airflow/example_dags/example_branch_operator.py
[2023-05-26T07:02:30.734+0000] {logging_mixin.py:149} INFO - [2023-05-26T07:02:30.732+0000] {dag.py:2726} INFO - Sync 1 DAGs
[2023-05-26T07:02:30.831+0000] {logging_mixin.py:149} INFO - [2023-05-26T07:02:30.830+0000] {dag.py:3490} INFO - Setting next_dagrun for example_branch_operator to 2023-05-25T00:00:00+00:00, run_after=2023-05-26T00:00:00+00:00
[2023-05-26T07:02:30.885+0000] {processor.py:179} INFO - Processing /home/airflow/.local/lib/python3.7/site-packages/airflow/example_dags/example_branch_operator.py took 0.273 seconds
[2023-05-26T07:03:01.685+0000] {processor.py:157} INFO - Started process (PID=905) to work on /home/airflow/.local/lib/python3.7/site-packages/airflow/example_dags/example_branch_operator.py
[2023-05-26T07:03:01.687+0000] {processor.py:826} INFO - Processing file /home/airflow/.local/lib/python3.7/site-packages/airflow/example_dags/example_branch_operator.py for tasks to queue
[2023-05-26T07:03:01.691+0000] {logging_mixin.py:149} INFO - [2023-05-26T07:03:01.691+0000] {dagbag.py:541} INFO - Filling up the DagBag from /home/airflow/.local/lib/python3.7/site-packages/airflow/example_dags/example_branch_operator.py
[2023-05-26T07:03:01.704+0000] {processor.py:836} INFO - DAG(s) dict_keys(['example_branch_operator']) retrieved from /home/airflow/.local/lib/python3.7/site-packages/airflow/example_dags/example_branch_operator.py
[2023-05-26T07:03:01.739+0000] {logging_mixin.py:149} INFO - [2023-05-26T07:03:01.739+0000] {dag.py:2726} INFO - Sync 1 DAGs
[2023-05-26T07:03:01.770+0000] {logging_mixin.py:149} INFO - [2023-05-26T07:03:01.769+0000] {dag.py:3490} INFO - Setting next_dagrun for example_branch_operator to 2023-05-25T00:00:00+00:00, run_after=2023-05-26T00:00:00+00:00
[2023-05-26T07:03:01.795+0000] {processor.py:179} INFO - Processing /home/airflow/.local/lib/python3.7/site-packages/airflow/example_dags/example_branch_operator.py took 0.116 seconds
[2023-05-26T07:03:32.000+0000] {processor.py:157} INFO - Started process (PID=961) to work on /home/airflow/.local/lib/python3.7/site-packages/airflow/example_dags/example_branch_operator.py
[2023-05-26T07:03:32.002+0000] {processor.py:826} INFO - Processing file /home/airflow/.local/lib/python3.7/site-packages/airflow/example_dags/example_branch_operator.py for tasks to queue
[2023-05-26T07:03:32.006+0000] {logging_mixin.py:149} INFO - [2023-05-26T07:03:32.006+0000] {dagbag.py:541} INFO - Filling up the DagBag from /home/airflow/.local/lib/python3.7/site-packages/airflow/example_dags/example_branch_operator.py
[2023-05-26T07:03:32.019+0000] {processor.py:836} INFO - DAG(s) dict_keys(['example_branch_operator']) retrieved from /home/airflow/.local/lib/python3.7/site-packages/airflow/example_dags/example_branch_operator.py
[2023-05-26T07:03:32.061+0000] {logging_mixin.py:149} INFO - [2023-05-26T07:03:32.061+0000] {dag.py:2726} INFO - Sync 1 DAGs
[2023-05-26T07:03:32.090+0000] {logging_mixin.py:149} INFO - [2023-05-26T07:03:32.090+0000] {dag.py:3490} INFO - Setting next_dagrun for example_branch_operator to 2023-05-25T00:00:00+00:00, run_after=2023-05-26T00:00:00+00:00
[2023-05-26T07:03:32.115+0000] {processor.py:179} INFO - Processing /home/airflow/.local/lib/python3.7/site-packages/airflow/example_dags/example_branch_operator.py took 0.120 seconds
[2023-05-26T07:04:02.899+0000] {processor.py:157} INFO - Started process (PID=1017) to work on /home/airflow/.local/lib/python3.7/site-packages/airflow/example_dags/example_branch_operator.py
[2023-05-26T07:04:02.901+0000] {processor.py:826} INFO - Processing file /home/airflow/.local/lib/python3.7/site-packages/airflow/example_dags/example_branch_operator.py for tasks to queue
[2023-05-26T07:04:02.904+0000] {logging_mixin.py:149} INFO - [2023-05-26T07:04:02.904+0000] {dagbag.py:541} INFO - Filling up the DagBag from /home/airflow/.local/lib/python3.7/site-packages/airflow/example_dags/example_branch_operator.py
[2023-05-26T07:04:02.919+0000] {processor.py:836} INFO - DAG(s) dict_keys(['example_branch_operator']) retrieved from /home/airflow/.local/lib/python3.7/site-packages/airflow/example_dags/example_branch_operator.py
[2023-05-26T07:04:02.966+0000] {logging_mixin.py:149} INFO - [2023-05-26T07:04:02.965+0000] {dag.py:2726} INFO - Sync 1 DAGs
[2023-05-26T07:04:03.000+0000] {logging_mixin.py:149} INFO - [2023-05-26T07:04:03.000+0000] {dag.py:3490} INFO - Setting next_dagrun for example_branch_operator to 2023-05-25T00:00:00+00:00, run_after=2023-05-26T00:00:00+00:00
[2023-05-26T07:04:03.029+0000] {processor.py:179} INFO - Processing /home/airflow/.local/lib/python3.7/site-packages/airflow/example_dags/example_branch_operator.py took 0.136 seconds
[2023-05-26T07:04:33.925+0000] {processor.py:157} INFO - Started process (PID=1074) to work on /home/airflow/.local/lib/python3.7/site-packages/airflow/example_dags/example_branch_operator.py
[2023-05-26T07:04:33.927+0000] {processor.py:826} INFO - Processing file /home/airflow/.local/lib/python3.7/site-packages/airflow/example_dags/example_branch_operator.py for tasks to queue
[2023-05-26T07:04:33.929+0000] {logging_mixin.py:149} INFO - [2023-05-26T07:04:33.929+0000] {dagbag.py:541} INFO - Filling up the DagBag from /home/airflow/.local/lib/python3.7/site-packages/airflow/example_dags/example_branch_operator.py
[2023-05-26T07:04:33.940+0000] {processor.py:836} INFO - DAG(s) dict_keys(['example_branch_operator']) retrieved from /home/airflow/.local/lib/python3.7/site-packages/airflow/example_dags/example_branch_operator.py
[2023-05-26T07:04:33.973+0000] {logging_mixin.py:149} INFO - [2023-05-26T07:04:33.972+0000] {dag.py:2726} INFO - Sync 1 DAGs
[2023-05-26T07:04:34.010+0000] {logging_mixin.py:149} INFO - [2023-05-26T07:04:34.010+0000] {dag.py:3490} INFO - Setting next_dagrun for example_branch_operator to 2023-05-25T00:00:00+00:00, run_after=2023-05-26T00:00:00+00:00
[2023-05-26T07:04:34.037+0000] {processor.py:179} INFO - Processing /home/airflow/.local/lib/python3.7/site-packages/airflow/example_dags/example_branch_operator.py took 0.116 seconds
