[2023-05-26T06:51:30.035+0000] {processor.py:157} INFO - Started process (PID=78) to work on /home/airflow/.local/lib/python3.7/site-packages/airflow/example_dags/example_branch_labels.py
[2023-05-26T06:51:30.037+0000] {processor.py:826} INFO - Processing file /home/airflow/.local/lib/python3.7/site-packages/airflow/example_dags/example_branch_labels.py for tasks to queue
[2023-05-26T06:51:30.040+0000] {logging_mixin.py:149} INFO - [2023-05-26T06:51:30.040+0000] {dagbag.py:541} INFO - Filling up the DagBag from /home/airflow/.local/lib/python3.7/site-packages/airflow/example_dags/example_branch_labels.py
[2023-05-26T06:51:30.053+0000] {processor.py:836} INFO - DAG(s) dict_keys(['example_branch_labels']) retrieved from /home/airflow/.local/lib/python3.7/site-packages/airflow/example_dags/example_branch_labels.py
[2023-05-26T06:51:30.087+0000] {logging_mixin.py:149} INFO - [2023-05-26T06:51:30.086+0000] {dag.py:2726} INFO - Sync 1 DAGs
[2023-05-26T06:51:30.127+0000] {logging_mixin.py:149} INFO - [2023-05-26T06:51:30.127+0000] {dag.py:3490} INFO - Setting next_dagrun for example_branch_labels to 2023-05-25T00:00:00+00:00, run_after=2023-05-26T00:00:00+00:00
[2023-05-26T06:51:30.156+0000] {processor.py:179} INFO - Processing /home/airflow/.local/lib/python3.7/site-packages/airflow/example_dags/example_branch_labels.py took 0.125 seconds
[2023-05-26T06:52:01.005+0000] {processor.py:157} INFO - Started process (PID=133) to work on /home/airflow/.local/lib/python3.7/site-packages/airflow/example_dags/example_branch_labels.py
[2023-05-26T06:52:01.007+0000] {processor.py:826} INFO - Processing file /home/airflow/.local/lib/python3.7/site-packages/airflow/example_dags/example_branch_labels.py for tasks to queue
[2023-05-26T06:52:01.011+0000] {logging_mixin.py:149} INFO - [2023-05-26T06:52:01.011+0000] {dagbag.py:541} INFO - Filling up the DagBag from /home/airflow/.local/lib/python3.7/site-packages/airflow/example_dags/example_branch_labels.py
[2023-05-26T06:52:01.022+0000] {processor.py:836} INFO - DAG(s) dict_keys(['example_branch_labels']) retrieved from /home/airflow/.local/lib/python3.7/site-packages/airflow/example_dags/example_branch_labels.py
[2023-05-26T06:52:01.056+0000] {logging_mixin.py:149} INFO - [2023-05-26T06:52:01.055+0000] {dag.py:2726} INFO - Sync 1 DAGs
[2023-05-26T06:52:01.093+0000] {logging_mixin.py:149} INFO - [2023-05-26T06:52:01.093+0000] {dag.py:3490} INFO - Setting next_dagrun for example_branch_labels to 2023-05-25T00:00:00+00:00, run_after=2023-05-26T00:00:00+00:00
[2023-05-26T06:52:01.119+0000] {processor.py:179} INFO - Processing /home/airflow/.local/lib/python3.7/site-packages/airflow/example_dags/example_branch_labels.py took 0.120 seconds
[2023-05-26T06:55:19.019+0000] {processor.py:157} INFO - Started process (PID=77) to work on /home/airflow/.local/lib/python3.7/site-packages/airflow/example_dags/example_branch_labels.py
[2023-05-26T06:55:19.021+0000] {processor.py:826} INFO - Processing file /home/airflow/.local/lib/python3.7/site-packages/airflow/example_dags/example_branch_labels.py for tasks to queue
[2023-05-26T06:55:19.028+0000] {logging_mixin.py:149} INFO - [2023-05-26T06:55:19.028+0000] {dagbag.py:541} INFO - Filling up the DagBag from /home/airflow/.local/lib/python3.7/site-packages/airflow/example_dags/example_branch_labels.py
[2023-05-26T06:55:19.045+0000] {processor.py:836} INFO - DAG(s) dict_keys(['example_branch_labels']) retrieved from /home/airflow/.local/lib/python3.7/site-packages/airflow/example_dags/example_branch_labels.py
[2023-05-26T06:55:19.072+0000] {logging_mixin.py:149} INFO - [2023-05-26T06:55:19.071+0000] {dag.py:2726} INFO - Sync 1 DAGs
[2023-05-26T06:55:19.114+0000] {logging_mixin.py:149} INFO - [2023-05-26T06:55:19.114+0000] {dag.py:3490} INFO - Setting next_dagrun for example_branch_labels to 2023-05-25T00:00:00+00:00, run_after=2023-05-26T00:00:00+00:00
[2023-05-26T06:55:19.150+0000] {processor.py:179} INFO - Processing /home/airflow/.local/lib/python3.7/site-packages/airflow/example_dags/example_branch_labels.py took 0.137 seconds
[2023-05-26T06:55:49.271+0000] {processor.py:157} INFO - Started process (PID=133) to work on /home/airflow/.local/lib/python3.7/site-packages/airflow/example_dags/example_branch_labels.py
[2023-05-26T06:55:49.273+0000] {processor.py:826} INFO - Processing file /home/airflow/.local/lib/python3.7/site-packages/airflow/example_dags/example_branch_labels.py for tasks to queue
[2023-05-26T06:55:49.276+0000] {logging_mixin.py:149} INFO - [2023-05-26T06:55:49.276+0000] {dagbag.py:541} INFO - Filling up the DagBag from /home/airflow/.local/lib/python3.7/site-packages/airflow/example_dags/example_branch_labels.py
[2023-05-26T06:55:49.286+0000] {processor.py:836} INFO - DAG(s) dict_keys(['example_branch_labels']) retrieved from /home/airflow/.local/lib/python3.7/site-packages/airflow/example_dags/example_branch_labels.py
[2023-05-26T06:55:49.315+0000] {logging_mixin.py:149} INFO - [2023-05-26T06:55:49.315+0000] {dag.py:2726} INFO - Sync 1 DAGs
[2023-05-26T06:55:49.347+0000] {logging_mixin.py:149} INFO - [2023-05-26T06:55:49.347+0000] {dag.py:3490} INFO - Setting next_dagrun for example_branch_labels to 2023-05-25T00:00:00+00:00, run_after=2023-05-26T00:00:00+00:00
[2023-05-26T06:55:49.373+0000] {processor.py:179} INFO - Processing /home/airflow/.local/lib/python3.7/site-packages/airflow/example_dags/example_branch_labels.py took 0.106 seconds
[2023-05-26T06:56:20.008+0000] {processor.py:157} INFO - Started process (PID=189) to work on /home/airflow/.local/lib/python3.7/site-packages/airflow/example_dags/example_branch_labels.py
[2023-05-26T06:56:20.010+0000] {processor.py:826} INFO - Processing file /home/airflow/.local/lib/python3.7/site-packages/airflow/example_dags/example_branch_labels.py for tasks to queue
[2023-05-26T06:56:20.015+0000] {logging_mixin.py:149} INFO - [2023-05-26T06:56:20.015+0000] {dagbag.py:541} INFO - Filling up the DagBag from /home/airflow/.local/lib/python3.7/site-packages/airflow/example_dags/example_branch_labels.py
[2023-05-26T06:56:20.029+0000] {processor.py:836} INFO - DAG(s) dict_keys(['example_branch_labels']) retrieved from /home/airflow/.local/lib/python3.7/site-packages/airflow/example_dags/example_branch_labels.py
[2023-05-26T06:56:20.067+0000] {logging_mixin.py:149} INFO - [2023-05-26T06:56:20.067+0000] {dag.py:2726} INFO - Sync 1 DAGs
[2023-05-26T06:56:20.101+0000] {logging_mixin.py:149} INFO - [2023-05-26T06:56:20.100+0000] {dag.py:3490} INFO - Setting next_dagrun for example_branch_labels to 2023-05-25T00:00:00+00:00, run_after=2023-05-26T00:00:00+00:00
[2023-05-26T06:56:20.131+0000] {processor.py:179} INFO - Processing /home/airflow/.local/lib/python3.7/site-packages/airflow/example_dags/example_branch_labels.py took 0.130 seconds
[2023-05-26T06:56:50.458+0000] {processor.py:157} INFO - Started process (PID=245) to work on /home/airflow/.local/lib/python3.7/site-packages/airflow/example_dags/example_branch_labels.py
[2023-05-26T06:56:50.459+0000] {processor.py:826} INFO - Processing file /home/airflow/.local/lib/python3.7/site-packages/airflow/example_dags/example_branch_labels.py for tasks to queue
[2023-05-26T06:56:50.462+0000] {logging_mixin.py:149} INFO - [2023-05-26T06:56:50.462+0000] {dagbag.py:541} INFO - Filling up the DagBag from /home/airflow/.local/lib/python3.7/site-packages/airflow/example_dags/example_branch_labels.py
[2023-05-26T06:56:50.472+0000] {processor.py:836} INFO - DAG(s) dict_keys(['example_branch_labels']) retrieved from /home/airflow/.local/lib/python3.7/site-packages/airflow/example_dags/example_branch_labels.py
[2023-05-26T06:56:50.503+0000] {logging_mixin.py:149} INFO - [2023-05-26T06:56:50.502+0000] {dag.py:2726} INFO - Sync 1 DAGs
[2023-05-26T06:56:50.533+0000] {logging_mixin.py:149} INFO - [2023-05-26T06:56:50.533+0000] {dag.py:3490} INFO - Setting next_dagrun for example_branch_labels to 2023-05-25T00:00:00+00:00, run_after=2023-05-26T00:00:00+00:00
[2023-05-26T06:56:50.555+0000] {processor.py:179} INFO - Processing /home/airflow/.local/lib/python3.7/site-packages/airflow/example_dags/example_branch_labels.py took 0.102 seconds
[2023-05-26T06:57:20.890+0000] {processor.py:157} INFO - Started process (PID=300) to work on /home/airflow/.local/lib/python3.7/site-packages/airflow/example_dags/example_branch_labels.py
[2023-05-26T06:57:20.892+0000] {processor.py:826} INFO - Processing file /home/airflow/.local/lib/python3.7/site-packages/airflow/example_dags/example_branch_labels.py for tasks to queue
[2023-05-26T06:57:20.895+0000] {logging_mixin.py:149} INFO - [2023-05-26T06:57:20.895+0000] {dagbag.py:541} INFO - Filling up the DagBag from /home/airflow/.local/lib/python3.7/site-packages/airflow/example_dags/example_branch_labels.py
[2023-05-26T06:57:20.904+0000] {processor.py:836} INFO - DAG(s) dict_keys(['example_branch_labels']) retrieved from /home/airflow/.local/lib/python3.7/site-packages/airflow/example_dags/example_branch_labels.py
[2023-05-26T06:57:20.934+0000] {logging_mixin.py:149} INFO - [2023-05-26T06:57:20.933+0000] {dag.py:2726} INFO - Sync 1 DAGs
[2023-05-26T06:57:20.963+0000] {logging_mixin.py:149} INFO - [2023-05-26T06:57:20.963+0000] {dag.py:3490} INFO - Setting next_dagrun for example_branch_labels to 2023-05-25T00:00:00+00:00, run_after=2023-05-26T00:00:00+00:00
[2023-05-26T06:57:20.986+0000] {processor.py:179} INFO - Processing /home/airflow/.local/lib/python3.7/site-packages/airflow/example_dags/example_branch_labels.py took 0.100 seconds
[2023-05-26T06:57:51.725+0000] {processor.py:157} INFO - Started process (PID=356) to work on /home/airflow/.local/lib/python3.7/site-packages/airflow/example_dags/example_branch_labels.py
[2023-05-26T06:57:51.727+0000] {processor.py:826} INFO - Processing file /home/airflow/.local/lib/python3.7/site-packages/airflow/example_dags/example_branch_labels.py for tasks to queue
[2023-05-26T06:57:51.731+0000] {logging_mixin.py:149} INFO - [2023-05-26T06:57:51.730+0000] {dagbag.py:541} INFO - Filling up the DagBag from /home/airflow/.local/lib/python3.7/site-packages/airflow/example_dags/example_branch_labels.py
[2023-05-26T06:57:51.743+0000] {processor.py:836} INFO - DAG(s) dict_keys(['example_branch_labels']) retrieved from /home/airflow/.local/lib/python3.7/site-packages/airflow/example_dags/example_branch_labels.py
[2023-05-26T06:57:51.778+0000] {logging_mixin.py:149} INFO - [2023-05-26T06:57:51.777+0000] {dag.py:2726} INFO - Sync 1 DAGs
[2023-05-26T06:57:51.824+0000] {logging_mixin.py:149} INFO - [2023-05-26T06:57:51.823+0000] {dag.py:3490} INFO - Setting next_dagrun for example_branch_labels to 2023-05-25T00:00:00+00:00, run_after=2023-05-26T00:00:00+00:00
[2023-05-26T06:57:51.854+0000] {processor.py:179} INFO - Processing /home/airflow/.local/lib/python3.7/site-packages/airflow/example_dags/example_branch_labels.py took 0.133 seconds
[2023-05-26T06:58:22.327+0000] {processor.py:157} INFO - Started process (PID=412) to work on /home/airflow/.local/lib/python3.7/site-packages/airflow/example_dags/example_branch_labels.py
[2023-05-26T06:58:22.329+0000] {processor.py:826} INFO - Processing file /home/airflow/.local/lib/python3.7/site-packages/airflow/example_dags/example_branch_labels.py for tasks to queue
[2023-05-26T06:58:22.332+0000] {logging_mixin.py:149} INFO - [2023-05-26T06:58:22.332+0000] {dagbag.py:541} INFO - Filling up the DagBag from /home/airflow/.local/lib/python3.7/site-packages/airflow/example_dags/example_branch_labels.py
[2023-05-26T06:58:22.341+0000] {processor.py:836} INFO - DAG(s) dict_keys(['example_branch_labels']) retrieved from /home/airflow/.local/lib/python3.7/site-packages/airflow/example_dags/example_branch_labels.py
[2023-05-26T06:58:22.372+0000] {logging_mixin.py:149} INFO - [2023-05-26T06:58:22.372+0000] {dag.py:2726} INFO - Sync 1 DAGs
[2023-05-26T06:58:22.403+0000] {logging_mixin.py:149} INFO - [2023-05-26T06:58:22.403+0000] {dag.py:3490} INFO - Setting next_dagrun for example_branch_labels to 2023-05-25T00:00:00+00:00, run_after=2023-05-26T00:00:00+00:00
[2023-05-26T06:58:22.426+0000] {processor.py:179} INFO - Processing /home/airflow/.local/lib/python3.7/site-packages/airflow/example_dags/example_branch_labels.py took 0.102 seconds
[2023-05-26T06:58:53.337+0000] {processor.py:157} INFO - Started process (PID=467) to work on /home/airflow/.local/lib/python3.7/site-packages/airflow/example_dags/example_branch_labels.py
[2023-05-26T06:58:53.339+0000] {processor.py:826} INFO - Processing file /home/airflow/.local/lib/python3.7/site-packages/airflow/example_dags/example_branch_labels.py for tasks to queue
[2023-05-26T06:58:53.343+0000] {logging_mixin.py:149} INFO - [2023-05-26T06:58:53.342+0000] {dagbag.py:541} INFO - Filling up the DagBag from /home/airflow/.local/lib/python3.7/site-packages/airflow/example_dags/example_branch_labels.py
[2023-05-26T06:58:53.354+0000] {processor.py:836} INFO - DAG(s) dict_keys(['example_branch_labels']) retrieved from /home/airflow/.local/lib/python3.7/site-packages/airflow/example_dags/example_branch_labels.py
[2023-05-26T06:58:53.389+0000] {logging_mixin.py:149} INFO - [2023-05-26T06:58:53.389+0000] {dag.py:2726} INFO - Sync 1 DAGs
[2023-05-26T06:58:53.420+0000] {logging_mixin.py:149} INFO - [2023-05-26T06:58:53.419+0000] {dag.py:3490} INFO - Setting next_dagrun for example_branch_labels to 2023-05-25T00:00:00+00:00, run_after=2023-05-26T00:00:00+00:00
[2023-05-26T06:58:53.444+0000] {processor.py:179} INFO - Processing /home/airflow/.local/lib/python3.7/site-packages/airflow/example_dags/example_branch_labels.py took 0.113 seconds
[2023-05-26T06:59:24.405+0000] {processor.py:157} INFO - Started process (PID=523) to work on /home/airflow/.local/lib/python3.7/site-packages/airflow/example_dags/example_branch_labels.py
[2023-05-26T06:59:24.407+0000] {processor.py:826} INFO - Processing file /home/airflow/.local/lib/python3.7/site-packages/airflow/example_dags/example_branch_labels.py for tasks to queue
[2023-05-26T06:59:24.410+0000] {logging_mixin.py:149} INFO - [2023-05-26T06:59:24.409+0000] {dagbag.py:541} INFO - Filling up the DagBag from /home/airflow/.local/lib/python3.7/site-packages/airflow/example_dags/example_branch_labels.py
[2023-05-26T06:59:24.423+0000] {processor.py:836} INFO - DAG(s) dict_keys(['example_branch_labels']) retrieved from /home/airflow/.local/lib/python3.7/site-packages/airflow/example_dags/example_branch_labels.py
[2023-05-26T06:59:24.452+0000] {logging_mixin.py:149} INFO - [2023-05-26T06:59:24.452+0000] {dag.py:2726} INFO - Sync 1 DAGs
[2023-05-26T06:59:24.484+0000] {logging_mixin.py:149} INFO - [2023-05-26T06:59:24.484+0000] {dag.py:3490} INFO - Setting next_dagrun for example_branch_labels to 2023-05-25T00:00:00+00:00, run_after=2023-05-26T00:00:00+00:00
[2023-05-26T06:59:24.514+0000] {processor.py:179} INFO - Processing /home/airflow/.local/lib/python3.7/site-packages/airflow/example_dags/example_branch_labels.py took 0.113 seconds
[2023-05-26T06:59:55.228+0000] {processor.py:157} INFO - Started process (PID=579) to work on /home/airflow/.local/lib/python3.7/site-packages/airflow/example_dags/example_branch_labels.py
[2023-05-26T06:59:55.229+0000] {processor.py:826} INFO - Processing file /home/airflow/.local/lib/python3.7/site-packages/airflow/example_dags/example_branch_labels.py for tasks to queue
[2023-05-26T06:59:55.232+0000] {logging_mixin.py:149} INFO - [2023-05-26T06:59:55.232+0000] {dagbag.py:541} INFO - Filling up the DagBag from /home/airflow/.local/lib/python3.7/site-packages/airflow/example_dags/example_branch_labels.py
[2023-05-26T06:59:55.246+0000] {processor.py:836} INFO - DAG(s) dict_keys(['example_branch_labels']) retrieved from /home/airflow/.local/lib/python3.7/site-packages/airflow/example_dags/example_branch_labels.py
[2023-05-26T06:59:55.282+0000] {logging_mixin.py:149} INFO - [2023-05-26T06:59:55.281+0000] {dag.py:2726} INFO - Sync 1 DAGs
[2023-05-26T06:59:55.325+0000] {logging_mixin.py:149} INFO - [2023-05-26T06:59:55.324+0000] {dag.py:3490} INFO - Setting next_dagrun for example_branch_labels to 2023-05-25T00:00:00+00:00, run_after=2023-05-26T00:00:00+00:00
[2023-05-26T06:59:55.358+0000] {processor.py:179} INFO - Processing /home/airflow/.local/lib/python3.7/site-packages/airflow/example_dags/example_branch_labels.py took 0.136 seconds
[2023-05-26T07:00:25.885+0000] {processor.py:157} INFO - Started process (PID=634) to work on /home/airflow/.local/lib/python3.7/site-packages/airflow/example_dags/example_branch_labels.py
[2023-05-26T07:00:25.887+0000] {processor.py:826} INFO - Processing file /home/airflow/.local/lib/python3.7/site-packages/airflow/example_dags/example_branch_labels.py for tasks to queue
[2023-05-26T07:00:25.890+0000] {logging_mixin.py:149} INFO - [2023-05-26T07:00:25.890+0000] {dagbag.py:541} INFO - Filling up the DagBag from /home/airflow/.local/lib/python3.7/site-packages/airflow/example_dags/example_branch_labels.py
[2023-05-26T07:00:25.899+0000] {processor.py:836} INFO - DAG(s) dict_keys(['example_branch_labels']) retrieved from /home/airflow/.local/lib/python3.7/site-packages/airflow/example_dags/example_branch_labels.py
[2023-05-26T07:00:25.933+0000] {logging_mixin.py:149} INFO - [2023-05-26T07:00:25.933+0000] {dag.py:2726} INFO - Sync 1 DAGs
[2023-05-26T07:00:25.966+0000] {logging_mixin.py:149} INFO - [2023-05-26T07:00:25.966+0000] {dag.py:3490} INFO - Setting next_dagrun for example_branch_labels to 2023-05-25T00:00:00+00:00, run_after=2023-05-26T00:00:00+00:00
[2023-05-26T07:00:25.993+0000] {processor.py:179} INFO - Processing /home/airflow/.local/lib/python3.7/site-packages/airflow/example_dags/example_branch_labels.py took 0.113 seconds
[2023-05-26T07:00:56.625+0000] {processor.py:157} INFO - Started process (PID=690) to work on /home/airflow/.local/lib/python3.7/site-packages/airflow/example_dags/example_branch_labels.py
[2023-05-26T07:00:56.626+0000] {processor.py:826} INFO - Processing file /home/airflow/.local/lib/python3.7/site-packages/airflow/example_dags/example_branch_labels.py for tasks to queue
[2023-05-26T07:00:56.629+0000] {logging_mixin.py:149} INFO - [2023-05-26T07:00:56.629+0000] {dagbag.py:541} INFO - Filling up the DagBag from /home/airflow/.local/lib/python3.7/site-packages/airflow/example_dags/example_branch_labels.py
[2023-05-26T07:00:56.638+0000] {processor.py:836} INFO - DAG(s) dict_keys(['example_branch_labels']) retrieved from /home/airflow/.local/lib/python3.7/site-packages/airflow/example_dags/example_branch_labels.py
[2023-05-26T07:00:56.669+0000] {logging_mixin.py:149} INFO - [2023-05-26T07:00:56.668+0000] {dag.py:2726} INFO - Sync 1 DAGs
[2023-05-26T07:00:56.716+0000] {logging_mixin.py:149} INFO - [2023-05-26T07:00:56.716+0000] {dag.py:3490} INFO - Setting next_dagrun for example_branch_labels to 2023-05-25T00:00:00+00:00, run_after=2023-05-26T00:00:00+00:00
[2023-05-26T07:00:56.757+0000] {processor.py:179} INFO - Processing /home/airflow/.local/lib/python3.7/site-packages/airflow/example_dags/example_branch_labels.py took 0.137 seconds
[2023-05-26T07:01:28.476+0000] {processor.py:157} INFO - Started process (PID=746) to work on /home/airflow/.local/lib/python3.7/site-packages/airflow/example_dags/example_branch_labels.py
[2023-05-26T07:01:28.478+0000] {processor.py:826} INFO - Processing file /home/airflow/.local/lib/python3.7/site-packages/airflow/example_dags/example_branch_labels.py for tasks to queue
[2023-05-26T07:01:28.483+0000] {logging_mixin.py:149} INFO - [2023-05-26T07:01:28.482+0000] {dagbag.py:541} INFO - Filling up the DagBag from /home/airflow/.local/lib/python3.7/site-packages/airflow/example_dags/example_branch_labels.py
[2023-05-26T07:01:28.494+0000] {processor.py:836} INFO - DAG(s) dict_keys(['example_branch_labels']) retrieved from /home/airflow/.local/lib/python3.7/site-packages/airflow/example_dags/example_branch_labels.py
[2023-05-26T07:01:28.535+0000] {logging_mixin.py:149} INFO - [2023-05-26T07:01:28.534+0000] {dag.py:2726} INFO - Sync 1 DAGs
[2023-05-26T07:01:28.577+0000] {logging_mixin.py:149} INFO - [2023-05-26T07:01:28.577+0000] {dag.py:3490} INFO - Setting next_dagrun for example_branch_labels to 2023-05-25T00:00:00+00:00, run_after=2023-05-26T00:00:00+00:00
[2023-05-26T07:01:28.606+0000] {processor.py:179} INFO - Processing /home/airflow/.local/lib/python3.7/site-packages/airflow/example_dags/example_branch_labels.py took 0.138 seconds
[2023-05-26T07:01:59.905+0000] {processor.py:157} INFO - Started process (PID=802) to work on /home/airflow/.local/lib/python3.7/site-packages/airflow/example_dags/example_branch_labels.py
[2023-05-26T07:01:59.908+0000] {processor.py:826} INFO - Processing file /home/airflow/.local/lib/python3.7/site-packages/airflow/example_dags/example_branch_labels.py for tasks to queue
[2023-05-26T07:01:59.916+0000] {logging_mixin.py:149} INFO - [2023-05-26T07:01:59.915+0000] {dagbag.py:541} INFO - Filling up the DagBag from /home/airflow/.local/lib/python3.7/site-packages/airflow/example_dags/example_branch_labels.py
[2023-05-26T07:01:59.939+0000] {processor.py:836} INFO - DAG(s) dict_keys(['example_branch_labels']) retrieved from /home/airflow/.local/lib/python3.7/site-packages/airflow/example_dags/example_branch_labels.py
[2023-05-26T07:02:00.047+0000] {logging_mixin.py:149} INFO - [2023-05-26T07:02:00.046+0000] {dag.py:2726} INFO - Sync 1 DAGs
[2023-05-26T07:02:00.133+0000] {logging_mixin.py:149} INFO - [2023-05-26T07:02:00.133+0000] {dag.py:3490} INFO - Setting next_dagrun for example_branch_labels to 2023-05-25T00:00:00+00:00, run_after=2023-05-26T00:00:00+00:00
[2023-05-26T07:02:00.193+0000] {processor.py:179} INFO - Processing /home/airflow/.local/lib/python3.7/site-packages/airflow/example_dags/example_branch_labels.py took 0.298 seconds
[2023-05-26T07:02:33.280+0000] {processor.py:157} INFO - Started process (PID=858) to work on /home/airflow/.local/lib/python3.7/site-packages/airflow/example_dags/example_branch_labels.py
[2023-05-26T07:02:33.283+0000] {processor.py:826} INFO - Processing file /home/airflow/.local/lib/python3.7/site-packages/airflow/example_dags/example_branch_labels.py for tasks to queue
[2023-05-26T07:02:33.290+0000] {logging_mixin.py:149} INFO - [2023-05-26T07:02:33.289+0000] {dagbag.py:541} INFO - Filling up the DagBag from /home/airflow/.local/lib/python3.7/site-packages/airflow/example_dags/example_branch_labels.py
[2023-05-26T07:02:33.310+0000] {processor.py:836} INFO - DAG(s) dict_keys(['example_branch_labels']) retrieved from /home/airflow/.local/lib/python3.7/site-packages/airflow/example_dags/example_branch_labels.py
[2023-05-26T07:02:33.384+0000] {logging_mixin.py:149} INFO - [2023-05-26T07:02:33.383+0000] {dag.py:2726} INFO - Sync 1 DAGs
[2023-05-26T07:02:33.467+0000] {logging_mixin.py:149} INFO - [2023-05-26T07:02:33.467+0000] {dag.py:3490} INFO - Setting next_dagrun for example_branch_labels to 2023-05-25T00:00:00+00:00, run_after=2023-05-26T00:00:00+00:00
[2023-05-26T07:02:33.518+0000] {processor.py:179} INFO - Processing /home/airflow/.local/lib/python3.7/site-packages/airflow/example_dags/example_branch_labels.py took 0.247 seconds
[2023-05-26T07:03:03.892+0000] {processor.py:157} INFO - Started process (PID=919) to work on /home/airflow/.local/lib/python3.7/site-packages/airflow/example_dags/example_branch_labels.py
[2023-05-26T07:03:03.894+0000] {processor.py:826} INFO - Processing file /home/airflow/.local/lib/python3.7/site-packages/airflow/example_dags/example_branch_labels.py for tasks to queue
[2023-05-26T07:03:03.897+0000] {logging_mixin.py:149} INFO - [2023-05-26T07:03:03.897+0000] {dagbag.py:541} INFO - Filling up the DagBag from /home/airflow/.local/lib/python3.7/site-packages/airflow/example_dags/example_branch_labels.py
[2023-05-26T07:03:03.906+0000] {processor.py:836} INFO - DAG(s) dict_keys(['example_branch_labels']) retrieved from /home/airflow/.local/lib/python3.7/site-packages/airflow/example_dags/example_branch_labels.py
[2023-05-26T07:03:03.942+0000] {logging_mixin.py:149} INFO - [2023-05-26T07:03:03.941+0000] {dag.py:2726} INFO - Sync 1 DAGs
[2023-05-26T07:03:03.981+0000] {logging_mixin.py:149} INFO - [2023-05-26T07:03:03.981+0000] {dag.py:3490} INFO - Setting next_dagrun for example_branch_labels to 2023-05-25T00:00:00+00:00, run_after=2023-05-26T00:00:00+00:00
[2023-05-26T07:03:04.010+0000] {processor.py:179} INFO - Processing /home/airflow/.local/lib/python3.7/site-packages/airflow/example_dags/example_branch_labels.py took 0.122 seconds
[2023-05-26T07:03:34.235+0000] {processor.py:157} INFO - Started process (PID=975) to work on /home/airflow/.local/lib/python3.7/site-packages/airflow/example_dags/example_branch_labels.py
[2023-05-26T07:03:34.237+0000] {processor.py:826} INFO - Processing file /home/airflow/.local/lib/python3.7/site-packages/airflow/example_dags/example_branch_labels.py for tasks to queue
[2023-05-26T07:03:34.240+0000] {logging_mixin.py:149} INFO - [2023-05-26T07:03:34.240+0000] {dagbag.py:541} INFO - Filling up the DagBag from /home/airflow/.local/lib/python3.7/site-packages/airflow/example_dags/example_branch_labels.py
[2023-05-26T07:03:34.249+0000] {processor.py:836} INFO - DAG(s) dict_keys(['example_branch_labels']) retrieved from /home/airflow/.local/lib/python3.7/site-packages/airflow/example_dags/example_branch_labels.py
[2023-05-26T07:03:34.284+0000] {logging_mixin.py:149} INFO - [2023-05-26T07:03:34.283+0000] {dag.py:2726} INFO - Sync 1 DAGs
[2023-05-26T07:03:34.325+0000] {logging_mixin.py:149} INFO - [2023-05-26T07:03:34.324+0000] {dag.py:3490} INFO - Setting next_dagrun for example_branch_labels to 2023-05-25T00:00:00+00:00, run_after=2023-05-26T00:00:00+00:00
[2023-05-26T07:03:34.352+0000] {processor.py:179} INFO - Processing /home/airflow/.local/lib/python3.7/site-packages/airflow/example_dags/example_branch_labels.py took 0.121 seconds
[2023-05-26T07:04:05.290+0000] {processor.py:157} INFO - Started process (PID=1031) to work on /home/airflow/.local/lib/python3.7/site-packages/airflow/example_dags/example_branch_labels.py
[2023-05-26T07:04:05.292+0000] {processor.py:826} INFO - Processing file /home/airflow/.local/lib/python3.7/site-packages/airflow/example_dags/example_branch_labels.py for tasks to queue
[2023-05-26T07:04:05.295+0000] {logging_mixin.py:149} INFO - [2023-05-26T07:04:05.295+0000] {dagbag.py:541} INFO - Filling up the DagBag from /home/airflow/.local/lib/python3.7/site-packages/airflow/example_dags/example_branch_labels.py
[2023-05-26T07:04:05.306+0000] {processor.py:836} INFO - DAG(s) dict_keys(['example_branch_labels']) retrieved from /home/airflow/.local/lib/python3.7/site-packages/airflow/example_dags/example_branch_labels.py
[2023-05-26T07:04:05.337+0000] {logging_mixin.py:149} INFO - [2023-05-26T07:04:05.337+0000] {dag.py:2726} INFO - Sync 1 DAGs
[2023-05-26T07:04:05.369+0000] {logging_mixin.py:149} INFO - [2023-05-26T07:04:05.369+0000] {dag.py:3490} INFO - Setting next_dagrun for example_branch_labels to 2023-05-25T00:00:00+00:00, run_after=2023-05-26T00:00:00+00:00
[2023-05-26T07:04:05.397+0000] {processor.py:179} INFO - Processing /home/airflow/.local/lib/python3.7/site-packages/airflow/example_dags/example_branch_labels.py took 0.111 seconds
[2023-05-26T07:04:36.015+0000] {processor.py:157} INFO - Started process (PID=1088) to work on /home/airflow/.local/lib/python3.7/site-packages/airflow/example_dags/example_branch_labels.py
[2023-05-26T07:04:36.017+0000] {processor.py:826} INFO - Processing file /home/airflow/.local/lib/python3.7/site-packages/airflow/example_dags/example_branch_labels.py for tasks to queue
[2023-05-26T07:04:36.021+0000] {logging_mixin.py:149} INFO - [2023-05-26T07:04:36.021+0000] {dagbag.py:541} INFO - Filling up the DagBag from /home/airflow/.local/lib/python3.7/site-packages/airflow/example_dags/example_branch_labels.py
[2023-05-26T07:04:36.033+0000] {processor.py:836} INFO - DAG(s) dict_keys(['example_branch_labels']) retrieved from /home/airflow/.local/lib/python3.7/site-packages/airflow/example_dags/example_branch_labels.py
[2023-05-26T07:04:36.066+0000] {logging_mixin.py:149} INFO - [2023-05-26T07:04:36.066+0000] {dag.py:2726} INFO - Sync 1 DAGs
[2023-05-26T07:04:36.107+0000] {logging_mixin.py:149} INFO - [2023-05-26T07:04:36.107+0000] {dag.py:3490} INFO - Setting next_dagrun for example_branch_labels to 2023-05-25T00:00:00+00:00, run_after=2023-05-26T00:00:00+00:00
[2023-05-26T07:04:36.136+0000] {processor.py:179} INFO - Processing /home/airflow/.local/lib/python3.7/site-packages/airflow/example_dags/example_branch_labels.py took 0.125 seconds
