[2023-05-26T06:51:28.675+0000] {processor.py:157} INFO - Started process (PID=65) to work on /home/airflow/.local/lib/python3.7/site-packages/airflow/example_dags/example_task_group.py
[2023-05-26T06:51:28.677+0000] {processor.py:826} INFO - Processing file /home/airflow/.local/lib/python3.7/site-packages/airflow/example_dags/example_task_group.py for tasks to queue
[2023-05-26T06:51:28.681+0000] {logging_mixin.py:149} INFO - [2023-05-26T06:51:28.681+0000] {dagbag.py:541} INFO - Filling up the DagBag from /home/airflow/.local/lib/python3.7/site-packages/airflow/example_dags/example_task_group.py
[2023-05-26T06:51:28.701+0000] {processor.py:836} INFO - DAG(s) dict_keys(['example_task_group']) retrieved from /home/airflow/.local/lib/python3.7/site-packages/airflow/example_dags/example_task_group.py
[2023-05-26T06:51:28.721+0000] {logging_mixin.py:149} INFO - [2023-05-26T06:51:28.721+0000] {dag.py:2726} INFO - Sync 1 DAGs
[2023-05-26T06:51:28.761+0000] {logging_mixin.py:149} INFO - [2023-05-26T06:51:28.761+0000] {dag.py:3490} INFO - Setting next_dagrun for example_task_group to 2023-05-25T06:51:28.760773+00:00, run_after=2023-05-26T06:51:28.760773+00:00
[2023-05-26T06:51:28.790+0000] {processor.py:179} INFO - Processing /home/airflow/.local/lib/python3.7/site-packages/airflow/example_dags/example_task_group.py took 0.118 seconds
[2023-05-26T06:51:59.877+0000] {processor.py:157} INFO - Started process (PID=120) to work on /home/airflow/.local/lib/python3.7/site-packages/airflow/example_dags/example_task_group.py
[2023-05-26T06:51:59.879+0000] {processor.py:826} INFO - Processing file /home/airflow/.local/lib/python3.7/site-packages/airflow/example_dags/example_task_group.py for tasks to queue
[2023-05-26T06:51:59.882+0000] {logging_mixin.py:149} INFO - [2023-05-26T06:51:59.882+0000] {dagbag.py:541} INFO - Filling up the DagBag from /home/airflow/.local/lib/python3.7/site-packages/airflow/example_dags/example_task_group.py
[2023-05-26T06:51:59.892+0000] {processor.py:836} INFO - DAG(s) dict_keys(['example_task_group']) retrieved from /home/airflow/.local/lib/python3.7/site-packages/airflow/example_dags/example_task_group.py
[2023-05-26T06:51:59.920+0000] {logging_mixin.py:149} INFO - [2023-05-26T06:51:59.920+0000] {dag.py:2726} INFO - Sync 1 DAGs
[2023-05-26T06:51:59.949+0000] {logging_mixin.py:149} INFO - [2023-05-26T06:51:59.948+0000] {dag.py:3490} INFO - Setting next_dagrun for example_task_group to 2023-05-25T06:51:59.948588+00:00, run_after=2023-05-26T06:51:59.948588+00:00
[2023-05-26T06:51:59.976+0000] {processor.py:179} INFO - Processing /home/airflow/.local/lib/python3.7/site-packages/airflow/example_dags/example_task_group.py took 0.102 seconds
[2023-05-26T06:55:17.921+0000] {processor.py:157} INFO - Started process (PID=64) to work on /home/airflow/.local/lib/python3.7/site-packages/airflow/example_dags/example_task_group.py
[2023-05-26T06:55:17.923+0000] {processor.py:826} INFO - Processing file /home/airflow/.local/lib/python3.7/site-packages/airflow/example_dags/example_task_group.py for tasks to queue
[2023-05-26T06:55:17.928+0000] {logging_mixin.py:149} INFO - [2023-05-26T06:55:17.927+0000] {dagbag.py:541} INFO - Filling up the DagBag from /home/airflow/.local/lib/python3.7/site-packages/airflow/example_dags/example_task_group.py
[2023-05-26T06:55:17.940+0000] {processor.py:836} INFO - DAG(s) dict_keys(['example_task_group']) retrieved from /home/airflow/.local/lib/python3.7/site-packages/airflow/example_dags/example_task_group.py
[2023-05-26T06:55:17.959+0000] {logging_mixin.py:149} INFO - [2023-05-26T06:55:17.959+0000] {dag.py:2726} INFO - Sync 1 DAGs
[2023-05-26T06:55:18.001+0000] {logging_mixin.py:149} INFO - [2023-05-26T06:55:18.001+0000] {dag.py:3490} INFO - Setting next_dagrun for example_task_group to 2023-05-25T06:55:18.000974+00:00, run_after=2023-05-26T06:55:18.000974+00:00
[2023-05-26T06:55:18.029+0000] {processor.py:179} INFO - Processing /home/airflow/.local/lib/python3.7/site-packages/airflow/example_dags/example_task_group.py took 0.112 seconds
[2023-05-26T06:55:48.310+0000] {processor.py:157} INFO - Started process (PID=120) to work on /home/airflow/.local/lib/python3.7/site-packages/airflow/example_dags/example_task_group.py
[2023-05-26T06:55:48.312+0000] {processor.py:826} INFO - Processing file /home/airflow/.local/lib/python3.7/site-packages/airflow/example_dags/example_task_group.py for tasks to queue
[2023-05-26T06:55:48.315+0000] {logging_mixin.py:149} INFO - [2023-05-26T06:55:48.315+0000] {dagbag.py:541} INFO - Filling up the DagBag from /home/airflow/.local/lib/python3.7/site-packages/airflow/example_dags/example_task_group.py
[2023-05-26T06:55:48.325+0000] {processor.py:836} INFO - DAG(s) dict_keys(['example_task_group']) retrieved from /home/airflow/.local/lib/python3.7/site-packages/airflow/example_dags/example_task_group.py
[2023-05-26T06:55:48.354+0000] {logging_mixin.py:149} INFO - [2023-05-26T06:55:48.354+0000] {dag.py:2726} INFO - Sync 1 DAGs
[2023-05-26T06:55:48.385+0000] {logging_mixin.py:149} INFO - [2023-05-26T06:55:48.385+0000] {dag.py:3490} INFO - Setting next_dagrun for example_task_group to 2023-05-25T06:55:48.384759+00:00, run_after=2023-05-26T06:55:48.384759+00:00
[2023-05-26T06:55:48.416+0000] {processor.py:179} INFO - Processing /home/airflow/.local/lib/python3.7/site-packages/airflow/example_dags/example_task_group.py took 0.110 seconds
[2023-05-26T06:56:19.101+0000] {processor.py:157} INFO - Started process (PID=176) to work on /home/airflow/.local/lib/python3.7/site-packages/airflow/example_dags/example_task_group.py
[2023-05-26T06:56:19.103+0000] {processor.py:826} INFO - Processing file /home/airflow/.local/lib/python3.7/site-packages/airflow/example_dags/example_task_group.py for tasks to queue
[2023-05-26T06:56:19.106+0000] {logging_mixin.py:149} INFO - [2023-05-26T06:56:19.106+0000] {dagbag.py:541} INFO - Filling up the DagBag from /home/airflow/.local/lib/python3.7/site-packages/airflow/example_dags/example_task_group.py
[2023-05-26T06:56:19.116+0000] {processor.py:836} INFO - DAG(s) dict_keys(['example_task_group']) retrieved from /home/airflow/.local/lib/python3.7/site-packages/airflow/example_dags/example_task_group.py
[2023-05-26T06:56:19.145+0000] {logging_mixin.py:149} INFO - [2023-05-26T06:56:19.145+0000] {dag.py:2726} INFO - Sync 1 DAGs
[2023-05-26T06:56:19.174+0000] {logging_mixin.py:149} INFO - [2023-05-26T06:56:19.174+0000] {dag.py:3490} INFO - Setting next_dagrun for example_task_group to 2023-05-25T06:56:19.174238+00:00, run_after=2023-05-26T06:56:19.174238+00:00
[2023-05-26T06:56:19.197+0000] {processor.py:179} INFO - Processing /home/airflow/.local/lib/python3.7/site-packages/airflow/example_dags/example_task_group.py took 0.100 seconds
[2023-05-26T06:56:49.577+0000] {processor.py:157} INFO - Started process (PID=232) to work on /home/airflow/.local/lib/python3.7/site-packages/airflow/example_dags/example_task_group.py
[2023-05-26T06:56:49.579+0000] {processor.py:826} INFO - Processing file /home/airflow/.local/lib/python3.7/site-packages/airflow/example_dags/example_task_group.py for tasks to queue
[2023-05-26T06:56:49.583+0000] {logging_mixin.py:149} INFO - [2023-05-26T06:56:49.582+0000] {dagbag.py:541} INFO - Filling up the DagBag from /home/airflow/.local/lib/python3.7/site-packages/airflow/example_dags/example_task_group.py
[2023-05-26T06:56:49.592+0000] {processor.py:836} INFO - DAG(s) dict_keys(['example_task_group']) retrieved from /home/airflow/.local/lib/python3.7/site-packages/airflow/example_dags/example_task_group.py
[2023-05-26T06:56:49.622+0000] {logging_mixin.py:149} INFO - [2023-05-26T06:56:49.622+0000] {dag.py:2726} INFO - Sync 1 DAGs
[2023-05-26T06:56:49.651+0000] {logging_mixin.py:149} INFO - [2023-05-26T06:56:49.650+0000] {dag.py:3490} INFO - Setting next_dagrun for example_task_group to 2023-05-25T06:56:49.650494+00:00, run_after=2023-05-26T06:56:49.650494+00:00
[2023-05-26T06:56:49.676+0000] {processor.py:179} INFO - Processing /home/airflow/.local/lib/python3.7/site-packages/airflow/example_dags/example_task_group.py took 0.103 seconds
[2023-05-26T06:57:20.021+0000] {processor.py:157} INFO - Started process (PID=287) to work on /home/airflow/.local/lib/python3.7/site-packages/airflow/example_dags/example_task_group.py
[2023-05-26T06:57:20.023+0000] {processor.py:826} INFO - Processing file /home/airflow/.local/lib/python3.7/site-packages/airflow/example_dags/example_task_group.py for tasks to queue
[2023-05-26T06:57:20.026+0000] {logging_mixin.py:149} INFO - [2023-05-26T06:57:20.026+0000] {dagbag.py:541} INFO - Filling up the DagBag from /home/airflow/.local/lib/python3.7/site-packages/airflow/example_dags/example_task_group.py
[2023-05-26T06:57:20.036+0000] {processor.py:836} INFO - DAG(s) dict_keys(['example_task_group']) retrieved from /home/airflow/.local/lib/python3.7/site-packages/airflow/example_dags/example_task_group.py
[2023-05-26T06:57:20.068+0000] {logging_mixin.py:149} INFO - [2023-05-26T06:57:20.068+0000] {dag.py:2726} INFO - Sync 1 DAGs
[2023-05-26T06:57:20.097+0000] {logging_mixin.py:149} INFO - [2023-05-26T06:57:20.096+0000] {dag.py:3490} INFO - Setting next_dagrun for example_task_group to 2023-05-25T06:57:20.096531+00:00, run_after=2023-05-26T06:57:20.096531+00:00
[2023-05-26T06:57:20.119+0000] {processor.py:179} INFO - Processing /home/airflow/.local/lib/python3.7/site-packages/airflow/example_dags/example_task_group.py took 0.103 seconds
[2023-05-26T06:57:50.805+0000] {processor.py:157} INFO - Started process (PID=343) to work on /home/airflow/.local/lib/python3.7/site-packages/airflow/example_dags/example_task_group.py
[2023-05-26T06:57:50.807+0000] {processor.py:826} INFO - Processing file /home/airflow/.local/lib/python3.7/site-packages/airflow/example_dags/example_task_group.py for tasks to queue
[2023-05-26T06:57:50.810+0000] {logging_mixin.py:149} INFO - [2023-05-26T06:57:50.810+0000] {dagbag.py:541} INFO - Filling up the DagBag from /home/airflow/.local/lib/python3.7/site-packages/airflow/example_dags/example_task_group.py
[2023-05-26T06:57:50.821+0000] {processor.py:836} INFO - DAG(s) dict_keys(['example_task_group']) retrieved from /home/airflow/.local/lib/python3.7/site-packages/airflow/example_dags/example_task_group.py
[2023-05-26T06:57:50.851+0000] {logging_mixin.py:149} INFO - [2023-05-26T06:57:50.850+0000] {dag.py:2726} INFO - Sync 1 DAGs
[2023-05-26T06:57:50.879+0000] {logging_mixin.py:149} INFO - [2023-05-26T06:57:50.879+0000] {dag.py:3490} INFO - Setting next_dagrun for example_task_group to 2023-05-25T06:57:50.878768+00:00, run_after=2023-05-26T06:57:50.878768+00:00
[2023-05-26T06:57:50.903+0000] {processor.py:179} INFO - Processing /home/airflow/.local/lib/python3.7/site-packages/airflow/example_dags/example_task_group.py took 0.101 seconds
[2023-05-26T06:58:21.451+0000] {processor.py:157} INFO - Started process (PID=399) to work on /home/airflow/.local/lib/python3.7/site-packages/airflow/example_dags/example_task_group.py
[2023-05-26T06:58:21.453+0000] {processor.py:826} INFO - Processing file /home/airflow/.local/lib/python3.7/site-packages/airflow/example_dags/example_task_group.py for tasks to queue
[2023-05-26T06:58:21.456+0000] {logging_mixin.py:149} INFO - [2023-05-26T06:58:21.456+0000] {dagbag.py:541} INFO - Filling up the DagBag from /home/airflow/.local/lib/python3.7/site-packages/airflow/example_dags/example_task_group.py
[2023-05-26T06:58:21.466+0000] {processor.py:836} INFO - DAG(s) dict_keys(['example_task_group']) retrieved from /home/airflow/.local/lib/python3.7/site-packages/airflow/example_dags/example_task_group.py
[2023-05-26T06:58:21.495+0000] {logging_mixin.py:149} INFO - [2023-05-26T06:58:21.495+0000] {dag.py:2726} INFO - Sync 1 DAGs
[2023-05-26T06:58:21.523+0000] {logging_mixin.py:149} INFO - [2023-05-26T06:58:21.523+0000] {dag.py:3490} INFO - Setting next_dagrun for example_task_group to 2023-05-25T06:58:21.522966+00:00, run_after=2023-05-26T06:58:21.522966+00:00
[2023-05-26T06:58:21.547+0000] {processor.py:179} INFO - Processing /home/airflow/.local/lib/python3.7/site-packages/airflow/example_dags/example_task_group.py took 0.100 seconds
[2023-05-26T06:58:52.246+0000] {processor.py:157} INFO - Started process (PID=454) to work on /home/airflow/.local/lib/python3.7/site-packages/airflow/example_dags/example_task_group.py
[2023-05-26T06:58:52.248+0000] {processor.py:826} INFO - Processing file /home/airflow/.local/lib/python3.7/site-packages/airflow/example_dags/example_task_group.py for tasks to queue
[2023-05-26T06:58:52.251+0000] {logging_mixin.py:149} INFO - [2023-05-26T06:58:52.250+0000] {dagbag.py:541} INFO - Filling up the DagBag from /home/airflow/.local/lib/python3.7/site-packages/airflow/example_dags/example_task_group.py
[2023-05-26T06:58:52.260+0000] {processor.py:836} INFO - DAG(s) dict_keys(['example_task_group']) retrieved from /home/airflow/.local/lib/python3.7/site-packages/airflow/example_dags/example_task_group.py
[2023-05-26T06:58:52.288+0000] {logging_mixin.py:149} INFO - [2023-05-26T06:58:52.288+0000] {dag.py:2726} INFO - Sync 1 DAGs
[2023-05-26T06:58:52.317+0000] {logging_mixin.py:149} INFO - [2023-05-26T06:58:52.317+0000] {dag.py:3490} INFO - Setting next_dagrun for example_task_group to 2023-05-25T06:58:52.317277+00:00, run_after=2023-05-26T06:58:52.317277+00:00
[2023-05-26T06:58:52.365+0000] {processor.py:179} INFO - Processing /home/airflow/.local/lib/python3.7/site-packages/airflow/example_dags/example_task_group.py took 0.123 seconds
[2023-05-26T06:59:23.068+0000] {processor.py:157} INFO - Started process (PID=510) to work on /home/airflow/.local/lib/python3.7/site-packages/airflow/example_dags/example_task_group.py
[2023-05-26T06:59:23.070+0000] {processor.py:826} INFO - Processing file /home/airflow/.local/lib/python3.7/site-packages/airflow/example_dags/example_task_group.py for tasks to queue
[2023-05-26T06:59:23.073+0000] {logging_mixin.py:149} INFO - [2023-05-26T06:59:23.072+0000] {dagbag.py:541} INFO - Filling up the DagBag from /home/airflow/.local/lib/python3.7/site-packages/airflow/example_dags/example_task_group.py
[2023-05-26T06:59:23.083+0000] {processor.py:836} INFO - DAG(s) dict_keys(['example_task_group']) retrieved from /home/airflow/.local/lib/python3.7/site-packages/airflow/example_dags/example_task_group.py
[2023-05-26T06:59:23.113+0000] {logging_mixin.py:149} INFO - [2023-05-26T06:59:23.112+0000] {dag.py:2726} INFO - Sync 1 DAGs
[2023-05-26T06:59:23.147+0000] {logging_mixin.py:149} INFO - [2023-05-26T06:59:23.146+0000] {dag.py:3490} INFO - Setting next_dagrun for example_task_group to 2023-05-25T06:59:23.146590+00:00, run_after=2023-05-26T06:59:23.146590+00:00
[2023-05-26T06:59:23.177+0000] {processor.py:179} INFO - Processing /home/airflow/.local/lib/python3.7/site-packages/airflow/example_dags/example_task_group.py took 0.113 seconds
[2023-05-26T06:59:54.153+0000] {processor.py:157} INFO - Started process (PID=566) to work on /home/airflow/.local/lib/python3.7/site-packages/airflow/example_dags/example_task_group.py
[2023-05-26T06:59:54.155+0000] {processor.py:826} INFO - Processing file /home/airflow/.local/lib/python3.7/site-packages/airflow/example_dags/example_task_group.py for tasks to queue
[2023-05-26T06:59:54.158+0000] {logging_mixin.py:149} INFO - [2023-05-26T06:59:54.158+0000] {dagbag.py:541} INFO - Filling up the DagBag from /home/airflow/.local/lib/python3.7/site-packages/airflow/example_dags/example_task_group.py
[2023-05-26T06:59:54.168+0000] {processor.py:836} INFO - DAG(s) dict_keys(['example_task_group']) retrieved from /home/airflow/.local/lib/python3.7/site-packages/airflow/example_dags/example_task_group.py
[2023-05-26T06:59:54.211+0000] {logging_mixin.py:149} INFO - [2023-05-26T06:59:54.210+0000] {dag.py:2726} INFO - Sync 1 DAGs
[2023-05-26T06:59:54.242+0000] {logging_mixin.py:149} INFO - [2023-05-26T06:59:54.242+0000] {dag.py:3490} INFO - Setting next_dagrun for example_task_group to 2023-05-25T06:59:54.241948+00:00, run_after=2023-05-26T06:59:54.241948+00:00
[2023-05-26T06:59:54.266+0000] {processor.py:179} INFO - Processing /home/airflow/.local/lib/python3.7/site-packages/airflow/example_dags/example_task_group.py took 0.117 seconds
[2023-05-26T07:00:24.997+0000] {processor.py:157} INFO - Started process (PID=621) to work on /home/airflow/.local/lib/python3.7/site-packages/airflow/example_dags/example_task_group.py
[2023-05-26T07:00:24.999+0000] {processor.py:826} INFO - Processing file /home/airflow/.local/lib/python3.7/site-packages/airflow/example_dags/example_task_group.py for tasks to queue
[2023-05-26T07:00:25.003+0000] {logging_mixin.py:149} INFO - [2023-05-26T07:00:25.003+0000] {dagbag.py:541} INFO - Filling up the DagBag from /home/airflow/.local/lib/python3.7/site-packages/airflow/example_dags/example_task_group.py
[2023-05-26T07:00:25.014+0000] {processor.py:836} INFO - DAG(s) dict_keys(['example_task_group']) retrieved from /home/airflow/.local/lib/python3.7/site-packages/airflow/example_dags/example_task_group.py
[2023-05-26T07:00:25.043+0000] {logging_mixin.py:149} INFO - [2023-05-26T07:00:25.043+0000] {dag.py:2726} INFO - Sync 1 DAGs
[2023-05-26T07:00:25.071+0000] {logging_mixin.py:149} INFO - [2023-05-26T07:00:25.071+0000] {dag.py:3490} INFO - Setting next_dagrun for example_task_group to 2023-05-25T07:00:25.071091+00:00, run_after=2023-05-26T07:00:25.071091+00:00
[2023-05-26T07:00:25.094+0000] {processor.py:179} INFO - Processing /home/airflow/.local/lib/python3.7/site-packages/airflow/example_dags/example_task_group.py took 0.102 seconds
[2023-05-26T07:00:55.659+0000] {processor.py:157} INFO - Started process (PID=677) to work on /home/airflow/.local/lib/python3.7/site-packages/airflow/example_dags/example_task_group.py
[2023-05-26T07:00:55.661+0000] {processor.py:826} INFO - Processing file /home/airflow/.local/lib/python3.7/site-packages/airflow/example_dags/example_task_group.py for tasks to queue
[2023-05-26T07:00:55.664+0000] {logging_mixin.py:149} INFO - [2023-05-26T07:00:55.664+0000] {dagbag.py:541} INFO - Filling up the DagBag from /home/airflow/.local/lib/python3.7/site-packages/airflow/example_dags/example_task_group.py
[2023-05-26T07:00:55.674+0000] {processor.py:836} INFO - DAG(s) dict_keys(['example_task_group']) retrieved from /home/airflow/.local/lib/python3.7/site-packages/airflow/example_dags/example_task_group.py
[2023-05-26T07:00:55.708+0000] {logging_mixin.py:149} INFO - [2023-05-26T07:00:55.707+0000] {dag.py:2726} INFO - Sync 1 DAGs
[2023-05-26T07:00:55.737+0000] {logging_mixin.py:149} INFO - [2023-05-26T07:00:55.737+0000] {dag.py:3490} INFO - Setting next_dagrun for example_task_group to 2023-05-25T07:00:55.737038+00:00, run_after=2023-05-26T07:00:55.737038+00:00
[2023-05-26T07:00:55.763+0000] {processor.py:179} INFO - Processing /home/airflow/.local/lib/python3.7/site-packages/airflow/example_dags/example_task_group.py took 0.107 seconds
[2023-05-26T07:01:26.673+0000] {processor.py:157} INFO - Started process (PID=733) to work on /home/airflow/.local/lib/python3.7/site-packages/airflow/example_dags/example_task_group.py
[2023-05-26T07:01:26.675+0000] {processor.py:826} INFO - Processing file /home/airflow/.local/lib/python3.7/site-packages/airflow/example_dags/example_task_group.py for tasks to queue
[2023-05-26T07:01:26.679+0000] {logging_mixin.py:149} INFO - [2023-05-26T07:01:26.679+0000] {dagbag.py:541} INFO - Filling up the DagBag from /home/airflow/.local/lib/python3.7/site-packages/airflow/example_dags/example_task_group.py
[2023-05-26T07:01:26.689+0000] {processor.py:836} INFO - DAG(s) dict_keys(['example_task_group']) retrieved from /home/airflow/.local/lib/python3.7/site-packages/airflow/example_dags/example_task_group.py
[2023-05-26T07:01:26.730+0000] {logging_mixin.py:149} INFO - [2023-05-26T07:01:26.729+0000] {dag.py:2726} INFO - Sync 1 DAGs
[2023-05-26T07:01:26.781+0000] {logging_mixin.py:149} INFO - [2023-05-26T07:01:26.781+0000] {dag.py:3490} INFO - Setting next_dagrun for example_task_group to 2023-05-25T07:01:26.781457+00:00, run_after=2023-05-26T07:01:26.781457+00:00
[2023-05-26T07:01:26.813+0000] {processor.py:179} INFO - Processing /home/airflow/.local/lib/python3.7/site-packages/airflow/example_dags/example_task_group.py took 0.146 seconds
[2023-05-26T07:01:57.884+0000] {processor.py:157} INFO - Started process (PID=789) to work on /home/airflow/.local/lib/python3.7/site-packages/airflow/example_dags/example_task_group.py
[2023-05-26T07:01:57.887+0000] {processor.py:826} INFO - Processing file /home/airflow/.local/lib/python3.7/site-packages/airflow/example_dags/example_task_group.py for tasks to queue
[2023-05-26T07:01:57.894+0000] {logging_mixin.py:149} INFO - [2023-05-26T07:01:57.894+0000] {dagbag.py:541} INFO - Filling up the DagBag from /home/airflow/.local/lib/python3.7/site-packages/airflow/example_dags/example_task_group.py
[2023-05-26T07:01:57.913+0000] {processor.py:836} INFO - DAG(s) dict_keys(['example_task_group']) retrieved from /home/airflow/.local/lib/python3.7/site-packages/airflow/example_dags/example_task_group.py
[2023-05-26T07:01:57.977+0000] {logging_mixin.py:149} INFO - [2023-05-26T07:01:57.977+0000] {dag.py:2726} INFO - Sync 1 DAGs
[2023-05-26T07:01:58.020+0000] {logging_mixin.py:149} INFO - [2023-05-26T07:01:58.020+0000] {dag.py:3490} INFO - Setting next_dagrun for example_task_group to 2023-05-25T07:01:58.020400+00:00, run_after=2023-05-26T07:01:58.020400+00:00
[2023-05-26T07:01:58.064+0000] {processor.py:179} INFO - Processing /home/airflow/.local/lib/python3.7/site-packages/airflow/example_dags/example_task_group.py took 0.188 seconds
[2023-05-26T07:02:30.969+0000] {processor.py:157} INFO - Started process (PID=845) to work on /home/airflow/.local/lib/python3.7/site-packages/airflow/example_dags/example_task_group.py
[2023-05-26T07:02:30.972+0000] {processor.py:826} INFO - Processing file /home/airflow/.local/lib/python3.7/site-packages/airflow/example_dags/example_task_group.py for tasks to queue
[2023-05-26T07:02:30.980+0000] {logging_mixin.py:149} INFO - [2023-05-26T07:02:30.979+0000] {dagbag.py:541} INFO - Filling up the DagBag from /home/airflow/.local/lib/python3.7/site-packages/airflow/example_dags/example_task_group.py
[2023-05-26T07:02:31.004+0000] {processor.py:836} INFO - DAG(s) dict_keys(['example_task_group']) retrieved from /home/airflow/.local/lib/python3.7/site-packages/airflow/example_dags/example_task_group.py
[2023-05-26T07:02:31.076+0000] {logging_mixin.py:149} INFO - [2023-05-26T07:02:31.075+0000] {dag.py:2726} INFO - Sync 1 DAGs
[2023-05-26T07:02:31.142+0000] {logging_mixin.py:149} INFO - [2023-05-26T07:02:31.142+0000] {dag.py:3490} INFO - Setting next_dagrun for example_task_group to 2023-05-25T07:02:31.141573+00:00, run_after=2023-05-26T07:02:31.141573+00:00
[2023-05-26T07:02:31.197+0000] {processor.py:179} INFO - Processing /home/airflow/.local/lib/python3.7/site-packages/airflow/example_dags/example_task_group.py took 0.242 seconds
[2023-05-26T07:03:01.693+0000] {processor.py:157} INFO - Started process (PID=906) to work on /home/airflow/.local/lib/python3.7/site-packages/airflow/example_dags/example_task_group.py
[2023-05-26T07:03:01.695+0000] {processor.py:826} INFO - Processing file /home/airflow/.local/lib/python3.7/site-packages/airflow/example_dags/example_task_group.py for tasks to queue
[2023-05-26T07:03:01.698+0000] {logging_mixin.py:149} INFO - [2023-05-26T07:03:01.698+0000] {dagbag.py:541} INFO - Filling up the DagBag from /home/airflow/.local/lib/python3.7/site-packages/airflow/example_dags/example_task_group.py
[2023-05-26T07:03:01.712+0000] {processor.py:836} INFO - DAG(s) dict_keys(['example_task_group']) retrieved from /home/airflow/.local/lib/python3.7/site-packages/airflow/example_dags/example_task_group.py
[2023-05-26T07:03:01.742+0000] {logging_mixin.py:149} INFO - [2023-05-26T07:03:01.742+0000] {dag.py:2726} INFO - Sync 1 DAGs
[2023-05-26T07:03:01.770+0000] {logging_mixin.py:149} INFO - [2023-05-26T07:03:01.770+0000] {dag.py:3490} INFO - Setting next_dagrun for example_task_group to 2023-05-25T07:03:01.769864+00:00, run_after=2023-05-26T07:03:01.769864+00:00
[2023-05-26T07:03:01.796+0000] {processor.py:179} INFO - Processing /home/airflow/.local/lib/python3.7/site-packages/airflow/example_dags/example_task_group.py took 0.109 seconds
[2023-05-26T07:03:32.150+0000] {processor.py:157} INFO - Started process (PID=962) to work on /home/airflow/.local/lib/python3.7/site-packages/airflow/example_dags/example_task_group.py
[2023-05-26T07:03:32.152+0000] {processor.py:826} INFO - Processing file /home/airflow/.local/lib/python3.7/site-packages/airflow/example_dags/example_task_group.py for tasks to queue
[2023-05-26T07:03:32.156+0000] {logging_mixin.py:149} INFO - [2023-05-26T07:03:32.156+0000] {dagbag.py:541} INFO - Filling up the DagBag from /home/airflow/.local/lib/python3.7/site-packages/airflow/example_dags/example_task_group.py
[2023-05-26T07:03:32.166+0000] {processor.py:836} INFO - DAG(s) dict_keys(['example_task_group']) retrieved from /home/airflow/.local/lib/python3.7/site-packages/airflow/example_dags/example_task_group.py
[2023-05-26T07:03:32.198+0000] {logging_mixin.py:149} INFO - [2023-05-26T07:03:32.198+0000] {dag.py:2726} INFO - Sync 1 DAGs
[2023-05-26T07:03:32.229+0000] {logging_mixin.py:149} INFO - [2023-05-26T07:03:32.229+0000] {dag.py:3490} INFO - Setting next_dagrun for example_task_group to 2023-05-25T07:03:32.228608+00:00, run_after=2023-05-26T07:03:32.228608+00:00
[2023-05-26T07:03:32.257+0000] {processor.py:179} INFO - Processing /home/airflow/.local/lib/python3.7/site-packages/airflow/example_dags/example_task_group.py took 0.111 seconds
[2023-05-26T07:04:03.075+0000] {processor.py:157} INFO - Started process (PID=1018) to work on /home/airflow/.local/lib/python3.7/site-packages/airflow/example_dags/example_task_group.py
[2023-05-26T07:04:03.077+0000] {processor.py:826} INFO - Processing file /home/airflow/.local/lib/python3.7/site-packages/airflow/example_dags/example_task_group.py for tasks to queue
[2023-05-26T07:04:03.081+0000] {logging_mixin.py:149} INFO - [2023-05-26T07:04:03.081+0000] {dagbag.py:541} INFO - Filling up the DagBag from /home/airflow/.local/lib/python3.7/site-packages/airflow/example_dags/example_task_group.py
[2023-05-26T07:04:03.096+0000] {processor.py:836} INFO - DAG(s) dict_keys(['example_task_group']) retrieved from /home/airflow/.local/lib/python3.7/site-packages/airflow/example_dags/example_task_group.py
[2023-05-26T07:04:03.131+0000] {logging_mixin.py:149} INFO - [2023-05-26T07:04:03.131+0000] {dag.py:2726} INFO - Sync 1 DAGs
[2023-05-26T07:04:03.166+0000] {logging_mixin.py:149} INFO - [2023-05-26T07:04:03.166+0000] {dag.py:3490} INFO - Setting next_dagrun for example_task_group to 2023-05-25T07:04:03.165634+00:00, run_after=2023-05-26T07:04:03.165634+00:00
[2023-05-26T07:04:03.198+0000] {processor.py:179} INFO - Processing /home/airflow/.local/lib/python3.7/site-packages/airflow/example_dags/example_task_group.py took 0.130 seconds
[2023-05-26T07:04:34.072+0000] {processor.py:157} INFO - Started process (PID=1075) to work on /home/airflow/.local/lib/python3.7/site-packages/airflow/example_dags/example_task_group.py
[2023-05-26T07:04:34.074+0000] {processor.py:826} INFO - Processing file /home/airflow/.local/lib/python3.7/site-packages/airflow/example_dags/example_task_group.py for tasks to queue
[2023-05-26T07:04:34.077+0000] {logging_mixin.py:149} INFO - [2023-05-26T07:04:34.077+0000] {dagbag.py:541} INFO - Filling up the DagBag from /home/airflow/.local/lib/python3.7/site-packages/airflow/example_dags/example_task_group.py
[2023-05-26T07:04:34.087+0000] {processor.py:836} INFO - DAG(s) dict_keys(['example_task_group']) retrieved from /home/airflow/.local/lib/python3.7/site-packages/airflow/example_dags/example_task_group.py
[2023-05-26T07:04:34.120+0000] {logging_mixin.py:149} INFO - [2023-05-26T07:04:34.120+0000] {dag.py:2726} INFO - Sync 1 DAGs
[2023-05-26T07:04:34.152+0000] {logging_mixin.py:149} INFO - [2023-05-26T07:04:34.152+0000] {dag.py:3490} INFO - Setting next_dagrun for example_task_group to 2023-05-25T07:04:34.152031+00:00, run_after=2023-05-26T07:04:34.152031+00:00
[2023-05-26T07:04:34.181+0000] {processor.py:179} INFO - Processing /home/airflow/.local/lib/python3.7/site-packages/airflow/example_dags/example_task_group.py took 0.113 seconds
