[2023-05-26T06:51:29.274+0000] {processor.py:157} INFO - Started process (PID=71) to work on /home/airflow/.local/lib/python3.7/site-packages/airflow/example_dags/example_short_circuit_operator.py
[2023-05-26T06:51:29.276+0000] {processor.py:826} INFO - Processing file /home/airflow/.local/lib/python3.7/site-packages/airflow/example_dags/example_short_circuit_operator.py for tasks to queue
[2023-05-26T06:51:29.280+0000] {logging_mixin.py:149} INFO - [2023-05-26T06:51:29.279+0000] {dagbag.py:541} INFO - Filling up the DagBag from /home/airflow/.local/lib/python3.7/site-packages/airflow/example_dags/example_short_circuit_operator.py
[2023-05-26T06:51:29.291+0000] {processor.py:836} INFO - DAG(s) dict_keys(['example_short_circuit_operator']) retrieved from /home/airflow/.local/lib/python3.7/site-packages/airflow/example_dags/example_short_circuit_operator.py
[2023-05-26T06:51:29.310+0000] {logging_mixin.py:149} INFO - [2023-05-26T06:51:29.309+0000] {dag.py:2726} INFO - Sync 1 DAGs
[2023-05-26T06:51:29.342+0000] {logging_mixin.py:149} INFO - [2023-05-26T06:51:29.342+0000] {dag.py:3490} INFO - Setting next_dagrun for example_short_circuit_operator to 2023-05-25T06:51:29.342074+00:00, run_after=2023-05-26T06:51:29.342074+00:00
[2023-05-26T06:51:29.372+0000] {processor.py:179} INFO - Processing /home/airflow/.local/lib/python3.7/site-packages/airflow/example_dags/example_short_circuit_operator.py took 0.104 seconds
[2023-05-26T06:52:00.424+0000] {processor.py:157} INFO - Started process (PID=126) to work on /home/airflow/.local/lib/python3.7/site-packages/airflow/example_dags/example_short_circuit_operator.py
[2023-05-26T06:52:00.426+0000] {processor.py:826} INFO - Processing file /home/airflow/.local/lib/python3.7/site-packages/airflow/example_dags/example_short_circuit_operator.py for tasks to queue
[2023-05-26T06:52:00.429+0000] {logging_mixin.py:149} INFO - [2023-05-26T06:52:00.429+0000] {dagbag.py:541} INFO - Filling up the DagBag from /home/airflow/.local/lib/python3.7/site-packages/airflow/example_dags/example_short_circuit_operator.py
[2023-05-26T06:52:00.439+0000] {processor.py:836} INFO - DAG(s) dict_keys(['example_short_circuit_operator']) retrieved from /home/airflow/.local/lib/python3.7/site-packages/airflow/example_dags/example_short_circuit_operator.py
[2023-05-26T06:52:00.474+0000] {logging_mixin.py:149} INFO - [2023-05-26T06:52:00.474+0000] {dag.py:2726} INFO - Sync 1 DAGs
[2023-05-26T06:52:00.511+0000] {logging_mixin.py:149} INFO - [2023-05-26T06:52:00.511+0000] {dag.py:3490} INFO - Setting next_dagrun for example_short_circuit_operator to 2023-05-25T06:52:00.510660+00:00, run_after=2023-05-26T06:52:00.510660+00:00
[2023-05-26T06:52:00.537+0000] {processor.py:179} INFO - Processing /home/airflow/.local/lib/python3.7/site-packages/airflow/example_dags/example_short_circuit_operator.py took 0.118 seconds
[2023-05-26T06:55:18.437+0000] {processor.py:157} INFO - Started process (PID=70) to work on /home/airflow/.local/lib/python3.7/site-packages/airflow/example_dags/example_short_circuit_operator.py
[2023-05-26T06:55:18.438+0000] {processor.py:826} INFO - Processing file /home/airflow/.local/lib/python3.7/site-packages/airflow/example_dags/example_short_circuit_operator.py for tasks to queue
[2023-05-26T06:55:18.442+0000] {logging_mixin.py:149} INFO - [2023-05-26T06:55:18.442+0000] {dagbag.py:541} INFO - Filling up the DagBag from /home/airflow/.local/lib/python3.7/site-packages/airflow/example_dags/example_short_circuit_operator.py
[2023-05-26T06:55:18.454+0000] {processor.py:836} INFO - DAG(s) dict_keys(['example_short_circuit_operator']) retrieved from /home/airflow/.local/lib/python3.7/site-packages/airflow/example_dags/example_short_circuit_operator.py
[2023-05-26T06:55:18.476+0000] {logging_mixin.py:149} INFO - [2023-05-26T06:55:18.474+0000] {dag.py:2726} INFO - Sync 1 DAGs
[2023-05-26T06:55:18.510+0000] {logging_mixin.py:149} INFO - [2023-05-26T06:55:18.510+0000] {dag.py:3490} INFO - Setting next_dagrun for example_short_circuit_operator to 2023-05-25T06:55:18.510028+00:00, run_after=2023-05-26T06:55:18.510028+00:00
[2023-05-26T06:55:18.543+0000] {processor.py:179} INFO - Processing /home/airflow/.local/lib/python3.7/site-packages/airflow/example_dags/example_short_circuit_operator.py took 0.110 seconds
[2023-05-26T06:55:48.752+0000] {processor.py:157} INFO - Started process (PID=126) to work on /home/airflow/.local/lib/python3.7/site-packages/airflow/example_dags/example_short_circuit_operator.py
[2023-05-26T06:55:48.754+0000] {processor.py:826} INFO - Processing file /home/airflow/.local/lib/python3.7/site-packages/airflow/example_dags/example_short_circuit_operator.py for tasks to queue
[2023-05-26T06:55:48.758+0000] {logging_mixin.py:149} INFO - [2023-05-26T06:55:48.757+0000] {dagbag.py:541} INFO - Filling up the DagBag from /home/airflow/.local/lib/python3.7/site-packages/airflow/example_dags/example_short_circuit_operator.py
[2023-05-26T06:55:48.766+0000] {processor.py:836} INFO - DAG(s) dict_keys(['example_short_circuit_operator']) retrieved from /home/airflow/.local/lib/python3.7/site-packages/airflow/example_dags/example_short_circuit_operator.py
[2023-05-26T06:55:48.797+0000] {logging_mixin.py:149} INFO - [2023-05-26T06:55:48.797+0000] {dag.py:2726} INFO - Sync 1 DAGs
[2023-05-26T06:55:48.828+0000] {logging_mixin.py:149} INFO - [2023-05-26T06:55:48.827+0000] {dag.py:3490} INFO - Setting next_dagrun for example_short_circuit_operator to 2023-05-25T06:55:48.827543+00:00, run_after=2023-05-26T06:55:48.827543+00:00
[2023-05-26T06:55:48.854+0000] {processor.py:179} INFO - Processing /home/airflow/.local/lib/python3.7/site-packages/airflow/example_dags/example_short_circuit_operator.py took 0.106 seconds
[2023-05-26T06:56:19.511+0000] {processor.py:157} INFO - Started process (PID=182) to work on /home/airflow/.local/lib/python3.7/site-packages/airflow/example_dags/example_short_circuit_operator.py
[2023-05-26T06:56:19.513+0000] {processor.py:826} INFO - Processing file /home/airflow/.local/lib/python3.7/site-packages/airflow/example_dags/example_short_circuit_operator.py for tasks to queue
[2023-05-26T06:56:19.516+0000] {logging_mixin.py:149} INFO - [2023-05-26T06:56:19.516+0000] {dagbag.py:541} INFO - Filling up the DagBag from /home/airflow/.local/lib/python3.7/site-packages/airflow/example_dags/example_short_circuit_operator.py
[2023-05-26T06:56:19.524+0000] {processor.py:836} INFO - DAG(s) dict_keys(['example_short_circuit_operator']) retrieved from /home/airflow/.local/lib/python3.7/site-packages/airflow/example_dags/example_short_circuit_operator.py
[2023-05-26T06:56:19.559+0000] {logging_mixin.py:149} INFO - [2023-05-26T06:56:19.559+0000] {dag.py:2726} INFO - Sync 1 DAGs
[2023-05-26T06:56:19.590+0000] {logging_mixin.py:149} INFO - [2023-05-26T06:56:19.590+0000] {dag.py:3490} INFO - Setting next_dagrun for example_short_circuit_operator to 2023-05-25T06:56:19.589945+00:00, run_after=2023-05-26T06:56:19.589945+00:00
[2023-05-26T06:56:19.615+0000] {processor.py:179} INFO - Processing /home/airflow/.local/lib/python3.7/site-packages/airflow/example_dags/example_short_circuit_operator.py took 0.108 seconds
[2023-05-26T06:56:49.988+0000] {processor.py:157} INFO - Started process (PID=238) to work on /home/airflow/.local/lib/python3.7/site-packages/airflow/example_dags/example_short_circuit_operator.py
[2023-05-26T06:56:49.989+0000] {processor.py:826} INFO - Processing file /home/airflow/.local/lib/python3.7/site-packages/airflow/example_dags/example_short_circuit_operator.py for tasks to queue
[2023-05-26T06:56:49.993+0000] {logging_mixin.py:149} INFO - [2023-05-26T06:56:49.993+0000] {dagbag.py:541} INFO - Filling up the DagBag from /home/airflow/.local/lib/python3.7/site-packages/airflow/example_dags/example_short_circuit_operator.py
[2023-05-26T06:56:50.002+0000] {processor.py:836} INFO - DAG(s) dict_keys(['example_short_circuit_operator']) retrieved from /home/airflow/.local/lib/python3.7/site-packages/airflow/example_dags/example_short_circuit_operator.py
[2023-05-26T06:56:50.035+0000] {logging_mixin.py:149} INFO - [2023-05-26T06:56:50.034+0000] {dag.py:2726} INFO - Sync 1 DAGs
[2023-05-26T06:56:50.064+0000] {logging_mixin.py:149} INFO - [2023-05-26T06:56:50.064+0000] {dag.py:3490} INFO - Setting next_dagrun for example_short_circuit_operator to 2023-05-25T06:56:50.064451+00:00, run_after=2023-05-26T06:56:50.064451+00:00
[2023-05-26T06:56:50.090+0000] {processor.py:179} INFO - Processing /home/airflow/.local/lib/python3.7/site-packages/airflow/example_dags/example_short_circuit_operator.py took 0.107 seconds
[2023-05-26T06:57:20.425+0000] {processor.py:157} INFO - Started process (PID=293) to work on /home/airflow/.local/lib/python3.7/site-packages/airflow/example_dags/example_short_circuit_operator.py
[2023-05-26T06:57:20.427+0000] {processor.py:826} INFO - Processing file /home/airflow/.local/lib/python3.7/site-packages/airflow/example_dags/example_short_circuit_operator.py for tasks to queue
[2023-05-26T06:57:20.430+0000] {logging_mixin.py:149} INFO - [2023-05-26T06:57:20.430+0000] {dagbag.py:541} INFO - Filling up the DagBag from /home/airflow/.local/lib/python3.7/site-packages/airflow/example_dags/example_short_circuit_operator.py
[2023-05-26T06:57:20.441+0000] {processor.py:836} INFO - DAG(s) dict_keys(['example_short_circuit_operator']) retrieved from /home/airflow/.local/lib/python3.7/site-packages/airflow/example_dags/example_short_circuit_operator.py
[2023-05-26T06:57:20.480+0000] {logging_mixin.py:149} INFO - [2023-05-26T06:57:20.479+0000] {dag.py:2726} INFO - Sync 1 DAGs
[2023-05-26T06:57:20.509+0000] {logging_mixin.py:149} INFO - [2023-05-26T06:57:20.509+0000] {dag.py:3490} INFO - Setting next_dagrun for example_short_circuit_operator to 2023-05-25T06:57:20.508774+00:00, run_after=2023-05-26T06:57:20.508774+00:00
[2023-05-26T06:57:20.531+0000] {processor.py:179} INFO - Processing /home/airflow/.local/lib/python3.7/site-packages/airflow/example_dags/example_short_circuit_operator.py took 0.110 seconds
[2023-05-26T06:57:51.207+0000] {processor.py:157} INFO - Started process (PID=349) to work on /home/airflow/.local/lib/python3.7/site-packages/airflow/example_dags/example_short_circuit_operator.py
[2023-05-26T06:57:51.209+0000] {processor.py:826} INFO - Processing file /home/airflow/.local/lib/python3.7/site-packages/airflow/example_dags/example_short_circuit_operator.py for tasks to queue
[2023-05-26T06:57:51.212+0000] {logging_mixin.py:149} INFO - [2023-05-26T06:57:51.212+0000] {dagbag.py:541} INFO - Filling up the DagBag from /home/airflow/.local/lib/python3.7/site-packages/airflow/example_dags/example_short_circuit_operator.py
[2023-05-26T06:57:51.221+0000] {processor.py:836} INFO - DAG(s) dict_keys(['example_short_circuit_operator']) retrieved from /home/airflow/.local/lib/python3.7/site-packages/airflow/example_dags/example_short_circuit_operator.py
[2023-05-26T06:57:51.256+0000] {logging_mixin.py:149} INFO - [2023-05-26T06:57:51.255+0000] {dag.py:2726} INFO - Sync 1 DAGs
[2023-05-26T06:57:51.287+0000] {logging_mixin.py:149} INFO - [2023-05-26T06:57:51.287+0000] {dag.py:3490} INFO - Setting next_dagrun for example_short_circuit_operator to 2023-05-25T06:57:51.286700+00:00, run_after=2023-05-26T06:57:51.286700+00:00
[2023-05-26T06:57:51.312+0000] {processor.py:179} INFO - Processing /home/airflow/.local/lib/python3.7/site-packages/airflow/example_dags/example_short_circuit_operator.py took 0.108 seconds
[2023-05-26T06:58:21.857+0000] {processor.py:157} INFO - Started process (PID=405) to work on /home/airflow/.local/lib/python3.7/site-packages/airflow/example_dags/example_short_circuit_operator.py
[2023-05-26T06:58:21.859+0000] {processor.py:826} INFO - Processing file /home/airflow/.local/lib/python3.7/site-packages/airflow/example_dags/example_short_circuit_operator.py for tasks to queue
[2023-05-26T06:58:21.863+0000] {logging_mixin.py:149} INFO - [2023-05-26T06:58:21.862+0000] {dagbag.py:541} INFO - Filling up the DagBag from /home/airflow/.local/lib/python3.7/site-packages/airflow/example_dags/example_short_circuit_operator.py
[2023-05-26T06:58:21.872+0000] {processor.py:836} INFO - DAG(s) dict_keys(['example_short_circuit_operator']) retrieved from /home/airflow/.local/lib/python3.7/site-packages/airflow/example_dags/example_short_circuit_operator.py
[2023-05-26T06:58:21.907+0000] {logging_mixin.py:149} INFO - [2023-05-26T06:58:21.907+0000] {dag.py:2726} INFO - Sync 1 DAGs
[2023-05-26T06:58:21.938+0000] {logging_mixin.py:149} INFO - [2023-05-26T06:58:21.938+0000] {dag.py:3490} INFO - Setting next_dagrun for example_short_circuit_operator to 2023-05-25T06:58:21.937742+00:00, run_after=2023-05-26T06:58:21.937742+00:00
[2023-05-26T06:58:21.962+0000] {processor.py:179} INFO - Processing /home/airflow/.local/lib/python3.7/site-packages/airflow/example_dags/example_short_circuit_operator.py took 0.109 seconds
[2023-05-26T06:58:52.807+0000] {processor.py:157} INFO - Started process (PID=460) to work on /home/airflow/.local/lib/python3.7/site-packages/airflow/example_dags/example_short_circuit_operator.py
[2023-05-26T06:58:52.809+0000] {processor.py:826} INFO - Processing file /home/airflow/.local/lib/python3.7/site-packages/airflow/example_dags/example_short_circuit_operator.py for tasks to queue
[2023-05-26T06:58:52.813+0000] {logging_mixin.py:149} INFO - [2023-05-26T06:58:52.813+0000] {dagbag.py:541} INFO - Filling up the DagBag from /home/airflow/.local/lib/python3.7/site-packages/airflow/example_dags/example_short_circuit_operator.py
[2023-05-26T06:58:52.823+0000] {processor.py:836} INFO - DAG(s) dict_keys(['example_short_circuit_operator']) retrieved from /home/airflow/.local/lib/python3.7/site-packages/airflow/example_dags/example_short_circuit_operator.py
[2023-05-26T06:58:52.857+0000] {logging_mixin.py:149} INFO - [2023-05-26T06:58:52.857+0000] {dag.py:2726} INFO - Sync 1 DAGs
[2023-05-26T06:58:52.885+0000] {logging_mixin.py:149} INFO - [2023-05-26T06:58:52.885+0000] {dag.py:3490} INFO - Setting next_dagrun for example_short_circuit_operator to 2023-05-25T06:58:52.884757+00:00, run_after=2023-05-26T06:58:52.884757+00:00
[2023-05-26T06:58:52.909+0000] {processor.py:179} INFO - Processing /home/airflow/.local/lib/python3.7/site-packages/airflow/example_dags/example_short_circuit_operator.py took 0.106 seconds
[2023-05-26T06:59:23.676+0000] {processor.py:157} INFO - Started process (PID=516) to work on /home/airflow/.local/lib/python3.7/site-packages/airflow/example_dags/example_short_circuit_operator.py
[2023-05-26T06:59:23.678+0000] {processor.py:826} INFO - Processing file /home/airflow/.local/lib/python3.7/site-packages/airflow/example_dags/example_short_circuit_operator.py for tasks to queue
[2023-05-26T06:59:23.681+0000] {logging_mixin.py:149} INFO - [2023-05-26T06:59:23.681+0000] {dagbag.py:541} INFO - Filling up the DagBag from /home/airflow/.local/lib/python3.7/site-packages/airflow/example_dags/example_short_circuit_operator.py
[2023-05-26T06:59:23.689+0000] {processor.py:836} INFO - DAG(s) dict_keys(['example_short_circuit_operator']) retrieved from /home/airflow/.local/lib/python3.7/site-packages/airflow/example_dags/example_short_circuit_operator.py
[2023-05-26T06:59:23.721+0000] {logging_mixin.py:149} INFO - [2023-05-26T06:59:23.721+0000] {dag.py:2726} INFO - Sync 1 DAGs
[2023-05-26T06:59:23.750+0000] {logging_mixin.py:149} INFO - [2023-05-26T06:59:23.749+0000] {dag.py:3490} INFO - Setting next_dagrun for example_short_circuit_operator to 2023-05-25T06:59:23.749629+00:00, run_after=2023-05-26T06:59:23.749629+00:00
[2023-05-26T06:59:23.774+0000] {processor.py:179} INFO - Processing /home/airflow/.local/lib/python3.7/site-packages/airflow/example_dags/example_short_circuit_operator.py took 0.102 seconds
[2023-05-26T06:59:54.619+0000] {processor.py:157} INFO - Started process (PID=572) to work on /home/airflow/.local/lib/python3.7/site-packages/airflow/example_dags/example_short_circuit_operator.py
[2023-05-26T06:59:54.621+0000] {processor.py:826} INFO - Processing file /home/airflow/.local/lib/python3.7/site-packages/airflow/example_dags/example_short_circuit_operator.py for tasks to queue
[2023-05-26T06:59:54.625+0000] {logging_mixin.py:149} INFO - [2023-05-26T06:59:54.625+0000] {dagbag.py:541} INFO - Filling up the DagBag from /home/airflow/.local/lib/python3.7/site-packages/airflow/example_dags/example_short_circuit_operator.py
[2023-05-26T06:59:54.635+0000] {processor.py:836} INFO - DAG(s) dict_keys(['example_short_circuit_operator']) retrieved from /home/airflow/.local/lib/python3.7/site-packages/airflow/example_dags/example_short_circuit_operator.py
[2023-05-26T06:59:54.671+0000] {logging_mixin.py:149} INFO - [2023-05-26T06:59:54.671+0000] {dag.py:2726} INFO - Sync 1 DAGs
[2023-05-26T06:59:54.712+0000] {logging_mixin.py:149} INFO - [2023-05-26T06:59:54.711+0000] {dag.py:3490} INFO - Setting next_dagrun for example_short_circuit_operator to 2023-05-25T06:59:54.711466+00:00, run_after=2023-05-26T06:59:54.711466+00:00
[2023-05-26T06:59:54.739+0000] {processor.py:179} INFO - Processing /home/airflow/.local/lib/python3.7/site-packages/airflow/example_dags/example_short_circuit_operator.py took 0.124 seconds
[2023-05-26T07:00:25.411+0000] {processor.py:157} INFO - Started process (PID=627) to work on /home/airflow/.local/lib/python3.7/site-packages/airflow/example_dags/example_short_circuit_operator.py
[2023-05-26T07:00:25.413+0000] {processor.py:826} INFO - Processing file /home/airflow/.local/lib/python3.7/site-packages/airflow/example_dags/example_short_circuit_operator.py for tasks to queue
[2023-05-26T07:00:25.417+0000] {logging_mixin.py:149} INFO - [2023-05-26T07:00:25.416+0000] {dagbag.py:541} INFO - Filling up the DagBag from /home/airflow/.local/lib/python3.7/site-packages/airflow/example_dags/example_short_circuit_operator.py
[2023-05-26T07:00:25.425+0000] {processor.py:836} INFO - DAG(s) dict_keys(['example_short_circuit_operator']) retrieved from /home/airflow/.local/lib/python3.7/site-packages/airflow/example_dags/example_short_circuit_operator.py
[2023-05-26T07:00:25.463+0000] {logging_mixin.py:149} INFO - [2023-05-26T07:00:25.462+0000] {dag.py:2726} INFO - Sync 1 DAGs
[2023-05-26T07:00:25.492+0000] {logging_mixin.py:149} INFO - [2023-05-26T07:00:25.491+0000] {dag.py:3490} INFO - Setting next_dagrun for example_short_circuit_operator to 2023-05-25T07:00:25.491631+00:00, run_after=2023-05-26T07:00:25.491631+00:00
[2023-05-26T07:00:25.516+0000] {processor.py:179} INFO - Processing /home/airflow/.local/lib/python3.7/site-packages/airflow/example_dags/example_short_circuit_operator.py took 0.109 seconds
[2023-05-26T07:00:56.096+0000] {processor.py:157} INFO - Started process (PID=683) to work on /home/airflow/.local/lib/python3.7/site-packages/airflow/example_dags/example_short_circuit_operator.py
[2023-05-26T07:00:56.098+0000] {processor.py:826} INFO - Processing file /home/airflow/.local/lib/python3.7/site-packages/airflow/example_dags/example_short_circuit_operator.py for tasks to queue
[2023-05-26T07:00:56.101+0000] {logging_mixin.py:149} INFO - [2023-05-26T07:00:56.101+0000] {dagbag.py:541} INFO - Filling up the DagBag from /home/airflow/.local/lib/python3.7/site-packages/airflow/example_dags/example_short_circuit_operator.py
[2023-05-26T07:00:56.110+0000] {processor.py:836} INFO - DAG(s) dict_keys(['example_short_circuit_operator']) retrieved from /home/airflow/.local/lib/python3.7/site-packages/airflow/example_dags/example_short_circuit_operator.py
[2023-05-26T07:00:56.141+0000] {logging_mixin.py:149} INFO - [2023-05-26T07:00:56.140+0000] {dag.py:2726} INFO - Sync 1 DAGs
[2023-05-26T07:00:56.171+0000] {logging_mixin.py:149} INFO - [2023-05-26T07:00:56.171+0000] {dag.py:3490} INFO - Setting next_dagrun for example_short_circuit_operator to 2023-05-25T07:00:56.170902+00:00, run_after=2023-05-26T07:00:56.170902+00:00
[2023-05-26T07:00:56.197+0000] {processor.py:179} INFO - Processing /home/airflow/.local/lib/python3.7/site-packages/airflow/example_dags/example_short_circuit_operator.py took 0.105 seconds
[2023-05-26T07:01:27.524+0000] {processor.py:157} INFO - Started process (PID=739) to work on /home/airflow/.local/lib/python3.7/site-packages/airflow/example_dags/example_short_circuit_operator.py
[2023-05-26T07:01:27.537+0000] {processor.py:826} INFO - Processing file /home/airflow/.local/lib/python3.7/site-packages/airflow/example_dags/example_short_circuit_operator.py for tasks to queue
[2023-05-26T07:01:27.543+0000] {logging_mixin.py:149} INFO - [2023-05-26T07:01:27.542+0000] {dagbag.py:541} INFO - Filling up the DagBag from /home/airflow/.local/lib/python3.7/site-packages/airflow/example_dags/example_short_circuit_operator.py
[2023-05-26T07:01:27.566+0000] {processor.py:836} INFO - DAG(s) dict_keys(['example_short_circuit_operator']) retrieved from /home/airflow/.local/lib/python3.7/site-packages/airflow/example_dags/example_short_circuit_operator.py
[2023-05-26T07:01:27.651+0000] {logging_mixin.py:149} INFO - [2023-05-26T07:01:27.650+0000] {dag.py:2726} INFO - Sync 1 DAGs
[2023-05-26T07:01:27.700+0000] {logging_mixin.py:149} INFO - [2023-05-26T07:01:27.700+0000] {dag.py:3490} INFO - Setting next_dagrun for example_short_circuit_operator to 2023-05-25T07:01:27.699595+00:00, run_after=2023-05-26T07:01:27.699595+00:00
[2023-05-26T07:01:27.761+0000] {processor.py:179} INFO - Processing /home/airflow/.local/lib/python3.7/site-packages/airflow/example_dags/example_short_circuit_operator.py took 0.245 seconds
[2023-05-26T07:01:58.739+0000] {processor.py:157} INFO - Started process (PID=795) to work on /home/airflow/.local/lib/python3.7/site-packages/airflow/example_dags/example_short_circuit_operator.py
[2023-05-26T07:01:58.744+0000] {processor.py:826} INFO - Processing file /home/airflow/.local/lib/python3.7/site-packages/airflow/example_dags/example_short_circuit_operator.py for tasks to queue
[2023-05-26T07:01:58.758+0000] {logging_mixin.py:149} INFO - [2023-05-26T07:01:58.758+0000] {dagbag.py:541} INFO - Filling up the DagBag from /home/airflow/.local/lib/python3.7/site-packages/airflow/example_dags/example_short_circuit_operator.py
[2023-05-26T07:01:58.786+0000] {processor.py:836} INFO - DAG(s) dict_keys(['example_short_circuit_operator']) retrieved from /home/airflow/.local/lib/python3.7/site-packages/airflow/example_dags/example_short_circuit_operator.py
[2023-05-26T07:01:58.894+0000] {logging_mixin.py:149} INFO - [2023-05-26T07:01:58.893+0000] {dag.py:2726} INFO - Sync 1 DAGs
[2023-05-26T07:01:58.978+0000] {logging_mixin.py:149} INFO - [2023-05-26T07:01:58.978+0000] {dag.py:3490} INFO - Setting next_dagrun for example_short_circuit_operator to 2023-05-25T07:01:58.977532+00:00, run_after=2023-05-26T07:01:58.977532+00:00
[2023-05-26T07:01:59.032+0000] {processor.py:179} INFO - Processing /home/airflow/.local/lib/python3.7/site-packages/airflow/example_dags/example_short_circuit_operator.py took 0.303 seconds
[2023-05-26T07:02:31.950+0000] {processor.py:157} INFO - Started process (PID=851) to work on /home/airflow/.local/lib/python3.7/site-packages/airflow/example_dags/example_short_circuit_operator.py
[2023-05-26T07:02:31.954+0000] {processor.py:826} INFO - Processing file /home/airflow/.local/lib/python3.7/site-packages/airflow/example_dags/example_short_circuit_operator.py for tasks to queue
[2023-05-26T07:02:31.966+0000] {logging_mixin.py:149} INFO - [2023-05-26T07:02:31.966+0000] {dagbag.py:541} INFO - Filling up the DagBag from /home/airflow/.local/lib/python3.7/site-packages/airflow/example_dags/example_short_circuit_operator.py
[2023-05-26T07:02:31.991+0000] {processor.py:836} INFO - DAG(s) dict_keys(['example_short_circuit_operator']) retrieved from /home/airflow/.local/lib/python3.7/site-packages/airflow/example_dags/example_short_circuit_operator.py
[2023-05-26T07:02:32.069+0000] {logging_mixin.py:149} INFO - [2023-05-26T07:02:32.067+0000] {dag.py:2726} INFO - Sync 1 DAGs
[2023-05-26T07:02:32.148+0000] {logging_mixin.py:149} INFO - [2023-05-26T07:02:32.148+0000] {dag.py:3490} INFO - Setting next_dagrun for example_short_circuit_operator to 2023-05-25T07:02:32.147477+00:00, run_after=2023-05-26T07:02:32.147477+00:00
[2023-05-26T07:02:32.217+0000] {processor.py:179} INFO - Processing /home/airflow/.local/lib/python3.7/site-packages/airflow/example_dags/example_short_circuit_operator.py took 0.280 seconds
[2023-05-26T07:03:02.361+0000] {processor.py:157} INFO - Started process (PID=912) to work on /home/airflow/.local/lib/python3.7/site-packages/airflow/example_dags/example_short_circuit_operator.py
[2023-05-26T07:03:02.363+0000] {processor.py:826} INFO - Processing file /home/airflow/.local/lib/python3.7/site-packages/airflow/example_dags/example_short_circuit_operator.py for tasks to queue
[2023-05-26T07:03:02.368+0000] {logging_mixin.py:149} INFO - [2023-05-26T07:03:02.367+0000] {dagbag.py:541} INFO - Filling up the DagBag from /home/airflow/.local/lib/python3.7/site-packages/airflow/example_dags/example_short_circuit_operator.py
[2023-05-26T07:03:02.379+0000] {processor.py:836} INFO - DAG(s) dict_keys(['example_short_circuit_operator']) retrieved from /home/airflow/.local/lib/python3.7/site-packages/airflow/example_dags/example_short_circuit_operator.py
[2023-05-26T07:03:02.410+0000] {logging_mixin.py:149} INFO - [2023-05-26T07:03:02.409+0000] {dag.py:2726} INFO - Sync 1 DAGs
[2023-05-26T07:03:02.438+0000] {logging_mixin.py:149} INFO - [2023-05-26T07:03:02.438+0000] {dag.py:3490} INFO - Setting next_dagrun for example_short_circuit_operator to 2023-05-25T07:03:02.438307+00:00, run_after=2023-05-26T07:03:02.438307+00:00
[2023-05-26T07:03:02.461+0000] {processor.py:179} INFO - Processing /home/airflow/.local/lib/python3.7/site-packages/airflow/example_dags/example_short_circuit_operator.py took 0.105 seconds
[2023-05-26T07:03:32.624+0000] {processor.py:157} INFO - Started process (PID=968) to work on /home/airflow/.local/lib/python3.7/site-packages/airflow/example_dags/example_short_circuit_operator.py
[2023-05-26T07:03:32.626+0000] {processor.py:826} INFO - Processing file /home/airflow/.local/lib/python3.7/site-packages/airflow/example_dags/example_short_circuit_operator.py for tasks to queue
[2023-05-26T07:03:32.630+0000] {logging_mixin.py:149} INFO - [2023-05-26T07:03:32.630+0000] {dagbag.py:541} INFO - Filling up the DagBag from /home/airflow/.local/lib/python3.7/site-packages/airflow/example_dags/example_short_circuit_operator.py
[2023-05-26T07:03:32.639+0000] {processor.py:836} INFO - DAG(s) dict_keys(['example_short_circuit_operator']) retrieved from /home/airflow/.local/lib/python3.7/site-packages/airflow/example_dags/example_short_circuit_operator.py
[2023-05-26T07:03:32.672+0000] {logging_mixin.py:149} INFO - [2023-05-26T07:03:32.672+0000] {dag.py:2726} INFO - Sync 1 DAGs
[2023-05-26T07:03:32.707+0000] {logging_mixin.py:149} INFO - [2023-05-26T07:03:32.706+0000] {dag.py:3490} INFO - Setting next_dagrun for example_short_circuit_operator to 2023-05-25T07:03:32.706226+00:00, run_after=2023-05-26T07:03:32.706226+00:00
[2023-05-26T07:03:32.732+0000] {processor.py:179} INFO - Processing /home/airflow/.local/lib/python3.7/site-packages/airflow/example_dags/example_short_circuit_operator.py took 0.112 seconds
[2023-05-26T07:04:03.726+0000] {processor.py:157} INFO - Started process (PID=1024) to work on /home/airflow/.local/lib/python3.7/site-packages/airflow/example_dags/example_short_circuit_operator.py
[2023-05-26T07:04:03.728+0000] {processor.py:826} INFO - Processing file /home/airflow/.local/lib/python3.7/site-packages/airflow/example_dags/example_short_circuit_operator.py for tasks to queue
[2023-05-26T07:04:03.732+0000] {logging_mixin.py:149} INFO - [2023-05-26T07:04:03.732+0000] {dagbag.py:541} INFO - Filling up the DagBag from /home/airflow/.local/lib/python3.7/site-packages/airflow/example_dags/example_short_circuit_operator.py
[2023-05-26T07:04:03.745+0000] {processor.py:836} INFO - DAG(s) dict_keys(['example_short_circuit_operator']) retrieved from /home/airflow/.local/lib/python3.7/site-packages/airflow/example_dags/example_short_circuit_operator.py
[2023-05-26T07:04:03.786+0000] {logging_mixin.py:149} INFO - [2023-05-26T07:04:03.785+0000] {dag.py:2726} INFO - Sync 1 DAGs
[2023-05-26T07:04:03.830+0000] {logging_mixin.py:149} INFO - [2023-05-26T07:04:03.830+0000] {dag.py:3490} INFO - Setting next_dagrun for example_short_circuit_operator to 2023-05-25T07:04:03.829957+00:00, run_after=2023-05-26T07:04:03.829957+00:00
[2023-05-26T07:04:03.860+0000] {processor.py:179} INFO - Processing /home/airflow/.local/lib/python3.7/site-packages/airflow/example_dags/example_short_circuit_operator.py took 0.141 seconds
[2023-05-26T07:04:34.533+0000] {processor.py:157} INFO - Started process (PID=1081) to work on /home/airflow/.local/lib/python3.7/site-packages/airflow/example_dags/example_short_circuit_operator.py
[2023-05-26T07:04:34.536+0000] {processor.py:826} INFO - Processing file /home/airflow/.local/lib/python3.7/site-packages/airflow/example_dags/example_short_circuit_operator.py for tasks to queue
[2023-05-26T07:04:34.540+0000] {logging_mixin.py:149} INFO - [2023-05-26T07:04:34.540+0000] {dagbag.py:541} INFO - Filling up the DagBag from /home/airflow/.local/lib/python3.7/site-packages/airflow/example_dags/example_short_circuit_operator.py
[2023-05-26T07:04:34.550+0000] {processor.py:836} INFO - DAG(s) dict_keys(['example_short_circuit_operator']) retrieved from /home/airflow/.local/lib/python3.7/site-packages/airflow/example_dags/example_short_circuit_operator.py
[2023-05-26T07:04:34.581+0000] {logging_mixin.py:149} INFO - [2023-05-26T07:04:34.580+0000] {dag.py:2726} INFO - Sync 1 DAGs
[2023-05-26T07:04:34.610+0000] {logging_mixin.py:149} INFO - [2023-05-26T07:04:34.609+0000] {dag.py:3490} INFO - Setting next_dagrun for example_short_circuit_operator to 2023-05-25T07:04:34.609723+00:00, run_after=2023-05-26T07:04:34.609723+00:00
[2023-05-26T07:04:34.633+0000] {processor.py:179} INFO - Processing /home/airflow/.local/lib/python3.7/site-packages/airflow/example_dags/example_short_circuit_operator.py took 0.106 seconds
