[2023-05-26T06:51:28.362+0000] {processor.py:157} INFO - Started process (PID=62) to work on /home/airflow/.local/lib/python3.7/site-packages/airflow/example_dags/example_latest_only.py
[2023-05-26T06:51:28.365+0000] {processor.py:826} INFO - Processing file /home/airflow/.local/lib/python3.7/site-packages/airflow/example_dags/example_latest_only.py for tasks to queue
[2023-05-26T06:51:28.369+0000] {logging_mixin.py:149} INFO - [2023-05-26T06:51:28.369+0000] {dagbag.py:541} INFO - Filling up the DagBag from /home/airflow/.local/lib/python3.7/site-packages/airflow/example_dags/example_latest_only.py
[2023-05-26T06:51:28.381+0000] {processor.py:836} INFO - DAG(s) dict_keys(['latest_only']) retrieved from /home/airflow/.local/lib/python3.7/site-packages/airflow/example_dags/example_latest_only.py
[2023-05-26T06:51:28.399+0000] {logging_mixin.py:149} INFO - [2023-05-26T06:51:28.399+0000] {dag.py:2726} INFO - Sync 1 DAGs
[2023-05-26T06:51:28.431+0000] {logging_mixin.py:149} INFO - [2023-05-26T06:51:28.431+0000] {dag.py:3490} INFO - Setting next_dagrun for latest_only to 2023-05-26T02:51:28.431004+00:00, run_after=2023-05-26T06:51:28.431004+00:00
[2023-05-26T06:51:28.464+0000] {processor.py:179} INFO - Processing /home/airflow/.local/lib/python3.7/site-packages/airflow/example_dags/example_latest_only.py took 0.108 seconds
[2023-05-26T06:51:59.693+0000] {processor.py:157} INFO - Started process (PID=117) to work on /home/airflow/.local/lib/python3.7/site-packages/airflow/example_dags/example_latest_only.py
[2023-05-26T06:51:59.695+0000] {processor.py:826} INFO - Processing file /home/airflow/.local/lib/python3.7/site-packages/airflow/example_dags/example_latest_only.py for tasks to queue
[2023-05-26T06:51:59.699+0000] {logging_mixin.py:149} INFO - [2023-05-26T06:51:59.699+0000] {dagbag.py:541} INFO - Filling up the DagBag from /home/airflow/.local/lib/python3.7/site-packages/airflow/example_dags/example_latest_only.py
[2023-05-26T06:51:59.708+0000] {processor.py:836} INFO - DAG(s) dict_keys(['latest_only']) retrieved from /home/airflow/.local/lib/python3.7/site-packages/airflow/example_dags/example_latest_only.py
[2023-05-26T06:51:59.749+0000] {logging_mixin.py:149} INFO - [2023-05-26T06:51:59.749+0000] {dag.py:2726} INFO - Sync 1 DAGs
[2023-05-26T06:51:59.789+0000] {logging_mixin.py:149} INFO - [2023-05-26T06:51:59.789+0000] {dag.py:3490} INFO - Setting next_dagrun for latest_only to 2023-05-26T02:51:59.789403+00:00, run_after=2023-05-26T06:51:59.789403+00:00
[2023-05-26T06:51:59.823+0000] {processor.py:179} INFO - Processing /home/airflow/.local/lib/python3.7/site-packages/airflow/example_dags/example_latest_only.py took 0.136 seconds
[2023-05-26T06:55:17.703+0000] {processor.py:157} INFO - Started process (PID=61) to work on /home/airflow/.local/lib/python3.7/site-packages/airflow/example_dags/example_latest_only.py
[2023-05-26T06:55:17.705+0000] {processor.py:826} INFO - Processing file /home/airflow/.local/lib/python3.7/site-packages/airflow/example_dags/example_latest_only.py for tasks to queue
[2023-05-26T06:55:17.710+0000] {logging_mixin.py:149} INFO - [2023-05-26T06:55:17.710+0000] {dagbag.py:541} INFO - Filling up the DagBag from /home/airflow/.local/lib/python3.7/site-packages/airflow/example_dags/example_latest_only.py
[2023-05-26T06:55:17.721+0000] {processor.py:836} INFO - DAG(s) dict_keys(['latest_only']) retrieved from /home/airflow/.local/lib/python3.7/site-packages/airflow/example_dags/example_latest_only.py
[2023-05-26T06:55:17.741+0000] {logging_mixin.py:149} INFO - [2023-05-26T06:55:17.740+0000] {dag.py:2726} INFO - Sync 1 DAGs
[2023-05-26T06:55:17.780+0000] {logging_mixin.py:149} INFO - [2023-05-26T06:55:17.780+0000] {dag.py:3490} INFO - Setting next_dagrun for latest_only to 2023-05-26T02:55:17.780263+00:00, run_after=2023-05-26T06:55:17.780263+00:00
[2023-05-26T06:55:17.809+0000] {processor.py:179} INFO - Processing /home/airflow/.local/lib/python3.7/site-packages/airflow/example_dags/example_latest_only.py took 0.111 seconds
[2023-05-26T06:55:47.917+0000] {processor.py:157} INFO - Started process (PID=117) to work on /home/airflow/.local/lib/python3.7/site-packages/airflow/example_dags/example_latest_only.py
[2023-05-26T06:55:47.919+0000] {processor.py:826} INFO - Processing file /home/airflow/.local/lib/python3.7/site-packages/airflow/example_dags/example_latest_only.py for tasks to queue
[2023-05-26T06:55:47.922+0000] {logging_mixin.py:149} INFO - [2023-05-26T06:55:47.922+0000] {dagbag.py:541} INFO - Filling up the DagBag from /home/airflow/.local/lib/python3.7/site-packages/airflow/example_dags/example_latest_only.py
[2023-05-26T06:55:47.930+0000] {processor.py:836} INFO - DAG(s) dict_keys(['latest_only']) retrieved from /home/airflow/.local/lib/python3.7/site-packages/airflow/example_dags/example_latest_only.py
[2023-05-26T06:55:47.967+0000] {logging_mixin.py:149} INFO - [2023-05-26T06:55:47.966+0000] {dag.py:2726} INFO - Sync 1 DAGs
[2023-05-26T06:55:47.996+0000] {logging_mixin.py:149} INFO - [2023-05-26T06:55:47.996+0000] {dag.py:3490} INFO - Setting next_dagrun for latest_only to 2023-05-26T02:55:47.995908+00:00, run_after=2023-05-26T06:55:47.995908+00:00
[2023-05-26T06:55:48.021+0000] {processor.py:179} INFO - Processing /home/airflow/.local/lib/python3.7/site-packages/airflow/example_dags/example_latest_only.py took 0.109 seconds
[2023-05-26T06:56:18.860+0000] {processor.py:157} INFO - Started process (PID=173) to work on /home/airflow/.local/lib/python3.7/site-packages/airflow/example_dags/example_latest_only.py
[2023-05-26T06:56:18.862+0000] {processor.py:826} INFO - Processing file /home/airflow/.local/lib/python3.7/site-packages/airflow/example_dags/example_latest_only.py for tasks to queue
[2023-05-26T06:56:18.865+0000] {logging_mixin.py:149} INFO - [2023-05-26T06:56:18.865+0000] {dagbag.py:541} INFO - Filling up the DagBag from /home/airflow/.local/lib/python3.7/site-packages/airflow/example_dags/example_latest_only.py
[2023-05-26T06:56:18.871+0000] {processor.py:836} INFO - DAG(s) dict_keys(['latest_only']) retrieved from /home/airflow/.local/lib/python3.7/site-packages/airflow/example_dags/example_latest_only.py
[2023-05-26T06:56:18.900+0000] {logging_mixin.py:149} INFO - [2023-05-26T06:56:18.900+0000] {dag.py:2726} INFO - Sync 1 DAGs
[2023-05-26T06:56:18.928+0000] {logging_mixin.py:149} INFO - [2023-05-26T06:56:18.928+0000] {dag.py:3490} INFO - Setting next_dagrun for latest_only to 2023-05-26T02:56:18.928340+00:00, run_after=2023-05-26T06:56:18.928340+00:00
[2023-05-26T06:56:18.953+0000] {processor.py:179} INFO - Processing /home/airflow/.local/lib/python3.7/site-packages/airflow/example_dags/example_latest_only.py took 0.097 seconds
[2023-05-26T06:56:49.330+0000] {processor.py:157} INFO - Started process (PID=229) to work on /home/airflow/.local/lib/python3.7/site-packages/airflow/example_dags/example_latest_only.py
[2023-05-26T06:56:49.331+0000] {processor.py:826} INFO - Processing file /home/airflow/.local/lib/python3.7/site-packages/airflow/example_dags/example_latest_only.py for tasks to queue
[2023-05-26T06:56:49.334+0000] {logging_mixin.py:149} INFO - [2023-05-26T06:56:49.334+0000] {dagbag.py:541} INFO - Filling up the DagBag from /home/airflow/.local/lib/python3.7/site-packages/airflow/example_dags/example_latest_only.py
[2023-05-26T06:56:49.340+0000] {processor.py:836} INFO - DAG(s) dict_keys(['latest_only']) retrieved from /home/airflow/.local/lib/python3.7/site-packages/airflow/example_dags/example_latest_only.py
[2023-05-26T06:56:49.370+0000] {logging_mixin.py:149} INFO - [2023-05-26T06:56:49.369+0000] {dag.py:2726} INFO - Sync 1 DAGs
[2023-05-26T06:56:49.399+0000] {logging_mixin.py:149} INFO - [2023-05-26T06:56:49.399+0000] {dag.py:3490} INFO - Setting next_dagrun for latest_only to 2023-05-26T02:56:49.399430+00:00, run_after=2023-05-26T06:56:49.399430+00:00
[2023-05-26T06:56:49.425+0000] {processor.py:179} INFO - Processing /home/airflow/.local/lib/python3.7/site-packages/airflow/example_dags/example_latest_only.py took 0.100 seconds
[2023-05-26T06:57:19.773+0000] {processor.py:157} INFO - Started process (PID=284) to work on /home/airflow/.local/lib/python3.7/site-packages/airflow/example_dags/example_latest_only.py
[2023-05-26T06:57:19.775+0000] {processor.py:826} INFO - Processing file /home/airflow/.local/lib/python3.7/site-packages/airflow/example_dags/example_latest_only.py for tasks to queue
[2023-05-26T06:57:19.778+0000] {logging_mixin.py:149} INFO - [2023-05-26T06:57:19.778+0000] {dagbag.py:541} INFO - Filling up the DagBag from /home/airflow/.local/lib/python3.7/site-packages/airflow/example_dags/example_latest_only.py
[2023-05-26T06:57:19.784+0000] {processor.py:836} INFO - DAG(s) dict_keys(['latest_only']) retrieved from /home/airflow/.local/lib/python3.7/site-packages/airflow/example_dags/example_latest_only.py
[2023-05-26T06:57:19.813+0000] {logging_mixin.py:149} INFO - [2023-05-26T06:57:19.813+0000] {dag.py:2726} INFO - Sync 1 DAGs
[2023-05-26T06:57:19.842+0000] {logging_mixin.py:149} INFO - [2023-05-26T06:57:19.842+0000] {dag.py:3490} INFO - Setting next_dagrun for latest_only to 2023-05-26T02:57:19.842195+00:00, run_after=2023-05-26T06:57:19.842195+00:00
[2023-05-26T06:57:19.867+0000] {processor.py:179} INFO - Processing /home/airflow/.local/lib/python3.7/site-packages/airflow/example_dags/example_latest_only.py took 0.099 seconds
[2023-05-26T06:57:50.546+0000] {processor.py:157} INFO - Started process (PID=340) to work on /home/airflow/.local/lib/python3.7/site-packages/airflow/example_dags/example_latest_only.py
[2023-05-26T06:57:50.548+0000] {processor.py:826} INFO - Processing file /home/airflow/.local/lib/python3.7/site-packages/airflow/example_dags/example_latest_only.py for tasks to queue
[2023-05-26T06:57:50.551+0000] {logging_mixin.py:149} INFO - [2023-05-26T06:57:50.551+0000] {dagbag.py:541} INFO - Filling up the DagBag from /home/airflow/.local/lib/python3.7/site-packages/airflow/example_dags/example_latest_only.py
[2023-05-26T06:57:50.557+0000] {processor.py:836} INFO - DAG(s) dict_keys(['latest_only']) retrieved from /home/airflow/.local/lib/python3.7/site-packages/airflow/example_dags/example_latest_only.py
[2023-05-26T06:57:50.586+0000] {logging_mixin.py:149} INFO - [2023-05-26T06:57:50.585+0000] {dag.py:2726} INFO - Sync 1 DAGs
[2023-05-26T06:57:50.614+0000] {logging_mixin.py:149} INFO - [2023-05-26T06:57:50.614+0000] {dag.py:3490} INFO - Setting next_dagrun for latest_only to 2023-05-26T02:57:50.613870+00:00, run_after=2023-05-26T06:57:50.613870+00:00
[2023-05-26T06:57:50.639+0000] {processor.py:179} INFO - Processing /home/airflow/.local/lib/python3.7/site-packages/airflow/example_dags/example_latest_only.py took 0.097 seconds
[2023-05-26T06:58:21.201+0000] {processor.py:157} INFO - Started process (PID=396) to work on /home/airflow/.local/lib/python3.7/site-packages/airflow/example_dags/example_latest_only.py
[2023-05-26T06:58:21.203+0000] {processor.py:826} INFO - Processing file /home/airflow/.local/lib/python3.7/site-packages/airflow/example_dags/example_latest_only.py for tasks to queue
[2023-05-26T06:58:21.206+0000] {logging_mixin.py:149} INFO - [2023-05-26T06:58:21.206+0000] {dagbag.py:541} INFO - Filling up the DagBag from /home/airflow/.local/lib/python3.7/site-packages/airflow/example_dags/example_latest_only.py
[2023-05-26T06:58:21.212+0000] {processor.py:836} INFO - DAG(s) dict_keys(['latest_only']) retrieved from /home/airflow/.local/lib/python3.7/site-packages/airflow/example_dags/example_latest_only.py
[2023-05-26T06:58:21.242+0000] {logging_mixin.py:149} INFO - [2023-05-26T06:58:21.241+0000] {dag.py:2726} INFO - Sync 1 DAGs
[2023-05-26T06:58:21.272+0000] {logging_mixin.py:149} INFO - [2023-05-26T06:58:21.271+0000] {dag.py:3490} INFO - Setting next_dagrun for latest_only to 2023-05-26T02:58:21.271545+00:00, run_after=2023-05-26T06:58:21.271545+00:00
[2023-05-26T06:58:21.297+0000] {processor.py:179} INFO - Processing /home/airflow/.local/lib/python3.7/site-packages/airflow/example_dags/example_latest_only.py took 0.100 seconds
[2023-05-26T06:58:51.993+0000] {processor.py:157} INFO - Started process (PID=451) to work on /home/airflow/.local/lib/python3.7/site-packages/airflow/example_dags/example_latest_only.py
[2023-05-26T06:58:51.995+0000] {processor.py:826} INFO - Processing file /home/airflow/.local/lib/python3.7/site-packages/airflow/example_dags/example_latest_only.py for tasks to queue
[2023-05-26T06:58:51.998+0000] {logging_mixin.py:149} INFO - [2023-05-26T06:58:51.998+0000] {dagbag.py:541} INFO - Filling up the DagBag from /home/airflow/.local/lib/python3.7/site-packages/airflow/example_dags/example_latest_only.py
[2023-05-26T06:58:52.004+0000] {processor.py:836} INFO - DAG(s) dict_keys(['latest_only']) retrieved from /home/airflow/.local/lib/python3.7/site-packages/airflow/example_dags/example_latest_only.py
[2023-05-26T06:58:52.032+0000] {logging_mixin.py:149} INFO - [2023-05-26T06:58:52.031+0000] {dag.py:2726} INFO - Sync 1 DAGs
[2023-05-26T06:58:52.062+0000] {logging_mixin.py:149} INFO - [2023-05-26T06:58:52.062+0000] {dag.py:3490} INFO - Setting next_dagrun for latest_only to 2023-05-26T02:58:52.062024+00:00, run_after=2023-05-26T06:58:52.062024+00:00
[2023-05-26T06:58:52.088+0000] {processor.py:179} INFO - Processing /home/airflow/.local/lib/python3.7/site-packages/airflow/example_dags/example_latest_only.py took 0.099 seconds
[2023-05-26T06:59:22.798+0000] {processor.py:157} INFO - Started process (PID=507) to work on /home/airflow/.local/lib/python3.7/site-packages/airflow/example_dags/example_latest_only.py
[2023-05-26T06:59:22.800+0000] {processor.py:826} INFO - Processing file /home/airflow/.local/lib/python3.7/site-packages/airflow/example_dags/example_latest_only.py for tasks to queue
[2023-05-26T06:59:22.803+0000] {logging_mixin.py:149} INFO - [2023-05-26T06:59:22.803+0000] {dagbag.py:541} INFO - Filling up the DagBag from /home/airflow/.local/lib/python3.7/site-packages/airflow/example_dags/example_latest_only.py
[2023-05-26T06:59:22.809+0000] {processor.py:836} INFO - DAG(s) dict_keys(['latest_only']) retrieved from /home/airflow/.local/lib/python3.7/site-packages/airflow/example_dags/example_latest_only.py
[2023-05-26T06:59:22.839+0000] {logging_mixin.py:149} INFO - [2023-05-26T06:59:22.838+0000] {dag.py:2726} INFO - Sync 1 DAGs
[2023-05-26T06:59:22.868+0000] {logging_mixin.py:149} INFO - [2023-05-26T06:59:22.868+0000] {dag.py:3490} INFO - Setting next_dagrun for latest_only to 2023-05-26T02:59:22.867902+00:00, run_after=2023-05-26T06:59:22.867902+00:00
[2023-05-26T06:59:22.895+0000] {processor.py:179} INFO - Processing /home/airflow/.local/lib/python3.7/site-packages/airflow/example_dags/example_latest_only.py took 0.102 seconds
[2023-05-26T06:59:53.897+0000] {processor.py:157} INFO - Started process (PID=563) to work on /home/airflow/.local/lib/python3.7/site-packages/airflow/example_dags/example_latest_only.py
[2023-05-26T06:59:53.899+0000] {processor.py:826} INFO - Processing file /home/airflow/.local/lib/python3.7/site-packages/airflow/example_dags/example_latest_only.py for tasks to queue
[2023-05-26T06:59:53.902+0000] {logging_mixin.py:149} INFO - [2023-05-26T06:59:53.902+0000] {dagbag.py:541} INFO - Filling up the DagBag from /home/airflow/.local/lib/python3.7/site-packages/airflow/example_dags/example_latest_only.py
[2023-05-26T06:59:53.908+0000] {processor.py:836} INFO - DAG(s) dict_keys(['latest_only']) retrieved from /home/airflow/.local/lib/python3.7/site-packages/airflow/example_dags/example_latest_only.py
[2023-05-26T06:59:53.939+0000] {logging_mixin.py:149} INFO - [2023-05-26T06:59:53.938+0000] {dag.py:2726} INFO - Sync 1 DAGs
[2023-05-26T06:59:53.972+0000] {logging_mixin.py:149} INFO - [2023-05-26T06:59:53.972+0000] {dag.py:3490} INFO - Setting next_dagrun for latest_only to 2023-05-26T02:59:53.971993+00:00, run_after=2023-05-26T06:59:53.971993+00:00
[2023-05-26T06:59:54.007+0000] {processor.py:179} INFO - Processing /home/airflow/.local/lib/python3.7/site-packages/airflow/example_dags/example_latest_only.py took 0.114 seconds
[2023-05-26T07:00:24.739+0000] {processor.py:157} INFO - Started process (PID=618) to work on /home/airflow/.local/lib/python3.7/site-packages/airflow/example_dags/example_latest_only.py
[2023-05-26T07:00:24.741+0000] {processor.py:826} INFO - Processing file /home/airflow/.local/lib/python3.7/site-packages/airflow/example_dags/example_latest_only.py for tasks to queue
[2023-05-26T07:00:24.745+0000] {logging_mixin.py:149} INFO - [2023-05-26T07:00:24.745+0000] {dagbag.py:541} INFO - Filling up the DagBag from /home/airflow/.local/lib/python3.7/site-packages/airflow/example_dags/example_latest_only.py
[2023-05-26T07:00:24.752+0000] {processor.py:836} INFO - DAG(s) dict_keys(['latest_only']) retrieved from /home/airflow/.local/lib/python3.7/site-packages/airflow/example_dags/example_latest_only.py
[2023-05-26T07:00:24.781+0000] {logging_mixin.py:149} INFO - [2023-05-26T07:00:24.780+0000] {dag.py:2726} INFO - Sync 1 DAGs
[2023-05-26T07:00:24.810+0000] {logging_mixin.py:149} INFO - [2023-05-26T07:00:24.810+0000] {dag.py:3490} INFO - Setting next_dagrun for latest_only to 2023-05-26T03:00:24.809824+00:00, run_after=2023-05-26T07:00:24.809824+00:00
[2023-05-26T07:00:24.836+0000] {processor.py:179} INFO - Processing /home/airflow/.local/lib/python3.7/site-packages/airflow/example_dags/example_latest_only.py took 0.101 seconds
[2023-05-26T07:00:55.403+0000] {processor.py:157} INFO - Started process (PID=674) to work on /home/airflow/.local/lib/python3.7/site-packages/airflow/example_dags/example_latest_only.py
[2023-05-26T07:00:55.405+0000] {processor.py:826} INFO - Processing file /home/airflow/.local/lib/python3.7/site-packages/airflow/example_dags/example_latest_only.py for tasks to queue
[2023-05-26T07:00:55.408+0000] {logging_mixin.py:149} INFO - [2023-05-26T07:00:55.408+0000] {dagbag.py:541} INFO - Filling up the DagBag from /home/airflow/.local/lib/python3.7/site-packages/airflow/example_dags/example_latest_only.py
[2023-05-26T07:00:55.415+0000] {processor.py:836} INFO - DAG(s) dict_keys(['latest_only']) retrieved from /home/airflow/.local/lib/python3.7/site-packages/airflow/example_dags/example_latest_only.py
[2023-05-26T07:00:55.444+0000] {logging_mixin.py:149} INFO - [2023-05-26T07:00:55.443+0000] {dag.py:2726} INFO - Sync 1 DAGs
[2023-05-26T07:00:55.472+0000] {logging_mixin.py:149} INFO - [2023-05-26T07:00:55.471+0000] {dag.py:3490} INFO - Setting next_dagrun for latest_only to 2023-05-26T03:00:55.471540+00:00, run_after=2023-05-26T07:00:55.471540+00:00
[2023-05-26T07:00:55.497+0000] {processor.py:179} INFO - Processing /home/airflow/.local/lib/python3.7/site-packages/airflow/example_dags/example_latest_only.py took 0.098 seconds
[2023-05-26T07:01:26.271+0000] {processor.py:157} INFO - Started process (PID=730) to work on /home/airflow/.local/lib/python3.7/site-packages/airflow/example_dags/example_latest_only.py
[2023-05-26T07:01:26.274+0000] {processor.py:826} INFO - Processing file /home/airflow/.local/lib/python3.7/site-packages/airflow/example_dags/example_latest_only.py for tasks to queue
[2023-05-26T07:01:26.279+0000] {logging_mixin.py:149} INFO - [2023-05-26T07:01:26.279+0000] {dagbag.py:541} INFO - Filling up the DagBag from /home/airflow/.local/lib/python3.7/site-packages/airflow/example_dags/example_latest_only.py
[2023-05-26T07:01:26.291+0000] {processor.py:836} INFO - DAG(s) dict_keys(['latest_only']) retrieved from /home/airflow/.local/lib/python3.7/site-packages/airflow/example_dags/example_latest_only.py
[2023-05-26T07:01:26.340+0000] {logging_mixin.py:149} INFO - [2023-05-26T07:01:26.339+0000] {dag.py:2726} INFO - Sync 1 DAGs
[2023-05-26T07:01:26.389+0000] {logging_mixin.py:149} INFO - [2023-05-26T07:01:26.388+0000] {dag.py:3490} INFO - Setting next_dagrun for latest_only to 2023-05-26T03:01:26.388395+00:00, run_after=2023-05-26T07:01:26.388395+00:00
[2023-05-26T07:01:26.428+0000] {processor.py:179} INFO - Processing /home/airflow/.local/lib/python3.7/site-packages/airflow/example_dags/example_latest_only.py took 0.163 seconds
[2023-05-26T07:01:57.440+0000] {processor.py:157} INFO - Started process (PID=786) to work on /home/airflow/.local/lib/python3.7/site-packages/airflow/example_dags/example_latest_only.py
[2023-05-26T07:01:57.442+0000] {processor.py:826} INFO - Processing file /home/airflow/.local/lib/python3.7/site-packages/airflow/example_dags/example_latest_only.py for tasks to queue
[2023-05-26T07:01:57.445+0000] {logging_mixin.py:149} INFO - [2023-05-26T07:01:57.445+0000] {dagbag.py:541} INFO - Filling up the DagBag from /home/airflow/.local/lib/python3.7/site-packages/airflow/example_dags/example_latest_only.py
[2023-05-26T07:01:57.456+0000] {processor.py:836} INFO - DAG(s) dict_keys(['latest_only']) retrieved from /home/airflow/.local/lib/python3.7/site-packages/airflow/example_dags/example_latest_only.py
[2023-05-26T07:01:57.508+0000] {logging_mixin.py:149} INFO - [2023-05-26T07:01:57.507+0000] {dag.py:2726} INFO - Sync 1 DAGs
[2023-05-26T07:01:57.559+0000] {logging_mixin.py:149} INFO - [2023-05-26T07:01:57.559+0000] {dag.py:3490} INFO - Setting next_dagrun for latest_only to 2023-05-26T03:01:57.558793+00:00, run_after=2023-05-26T07:01:57.558793+00:00
[2023-05-26T07:01:57.610+0000] {processor.py:179} INFO - Processing /home/airflow/.local/lib/python3.7/site-packages/airflow/example_dags/example_latest_only.py took 0.178 seconds
[2023-05-26T07:02:30.306+0000] {processor.py:157} INFO - Started process (PID=842) to work on /home/airflow/.local/lib/python3.7/site-packages/airflow/example_dags/example_latest_only.py
[2023-05-26T07:02:30.309+0000] {processor.py:826} INFO - Processing file /home/airflow/.local/lib/python3.7/site-packages/airflow/example_dags/example_latest_only.py for tasks to queue
[2023-05-26T07:02:30.316+0000] {logging_mixin.py:149} INFO - [2023-05-26T07:02:30.316+0000] {dagbag.py:541} INFO - Filling up the DagBag from /home/airflow/.local/lib/python3.7/site-packages/airflow/example_dags/example_latest_only.py
[2023-05-26T07:02:30.331+0000] {processor.py:836} INFO - DAG(s) dict_keys(['latest_only']) retrieved from /home/airflow/.local/lib/python3.7/site-packages/airflow/example_dags/example_latest_only.py
[2023-05-26T07:02:30.419+0000] {logging_mixin.py:149} INFO - [2023-05-26T07:02:30.418+0000] {dag.py:2726} INFO - Sync 1 DAGs
[2023-05-26T07:02:30.493+0000] {logging_mixin.py:149} INFO - [2023-05-26T07:02:30.493+0000] {dag.py:3490} INFO - Setting next_dagrun for latest_only to 2023-05-26T03:02:30.492436+00:00, run_after=2023-05-26T07:02:30.492436+00:00
[2023-05-26T07:02:30.550+0000] {processor.py:179} INFO - Processing /home/airflow/.local/lib/python3.7/site-packages/airflow/example_dags/example_latest_only.py took 0.259 seconds
[2023-05-26T07:03:01.380+0000] {processor.py:157} INFO - Started process (PID=901) to work on /home/airflow/.local/lib/python3.7/site-packages/airflow/example_dags/example_latest_only.py
[2023-05-26T07:03:01.381+0000] {processor.py:826} INFO - Processing file /home/airflow/.local/lib/python3.7/site-packages/airflow/example_dags/example_latest_only.py for tasks to queue
[2023-05-26T07:03:01.384+0000] {logging_mixin.py:149} INFO - [2023-05-26T07:03:01.384+0000] {dagbag.py:541} INFO - Filling up the DagBag from /home/airflow/.local/lib/python3.7/site-packages/airflow/example_dags/example_latest_only.py
[2023-05-26T07:03:01.391+0000] {processor.py:836} INFO - DAG(s) dict_keys(['latest_only']) retrieved from /home/airflow/.local/lib/python3.7/site-packages/airflow/example_dags/example_latest_only.py
[2023-05-26T07:03:01.423+0000] {logging_mixin.py:149} INFO - [2023-05-26T07:03:01.422+0000] {dag.py:2726} INFO - Sync 1 DAGs
[2023-05-26T07:03:01.456+0000] {logging_mixin.py:149} INFO - [2023-05-26T07:03:01.456+0000] {dag.py:3490} INFO - Setting next_dagrun for latest_only to 2023-05-26T03:03:01.456486+00:00, run_after=2023-05-26T07:03:01.456486+00:00
[2023-05-26T07:03:01.481+0000] {processor.py:179} INFO - Processing /home/airflow/.local/lib/python3.7/site-packages/airflow/example_dags/example_latest_only.py took 0.106 seconds
[2023-05-26T07:03:31.830+0000] {processor.py:157} INFO - Started process (PID=959) to work on /home/airflow/.local/lib/python3.7/site-packages/airflow/example_dags/example_latest_only.py
[2023-05-26T07:03:31.832+0000] {processor.py:826} INFO - Processing file /home/airflow/.local/lib/python3.7/site-packages/airflow/example_dags/example_latest_only.py for tasks to queue
[2023-05-26T07:03:31.835+0000] {logging_mixin.py:149} INFO - [2023-05-26T07:03:31.835+0000] {dagbag.py:541} INFO - Filling up the DagBag from /home/airflow/.local/lib/python3.7/site-packages/airflow/example_dags/example_latest_only.py
[2023-05-26T07:03:31.844+0000] {processor.py:836} INFO - DAG(s) dict_keys(['latest_only']) retrieved from /home/airflow/.local/lib/python3.7/site-packages/airflow/example_dags/example_latest_only.py
[2023-05-26T07:03:31.879+0000] {logging_mixin.py:149} INFO - [2023-05-26T07:03:31.878+0000] {dag.py:2726} INFO - Sync 1 DAGs
[2023-05-26T07:03:31.917+0000] {logging_mixin.py:149} INFO - [2023-05-26T07:03:31.916+0000] {dag.py:3490} INFO - Setting next_dagrun for latest_only to 2023-05-26T03:03:31.916627+00:00, run_after=2023-05-26T07:03:31.916627+00:00
[2023-05-26T07:03:31.956+0000] {processor.py:179} INFO - Processing /home/airflow/.local/lib/python3.7/site-packages/airflow/example_dags/example_latest_only.py took 0.133 seconds
[2023-05-26T07:04:02.730+0000] {processor.py:157} INFO - Started process (PID=1015) to work on /home/airflow/.local/lib/python3.7/site-packages/airflow/example_dags/example_latest_only.py
[2023-05-26T07:04:02.732+0000] {processor.py:826} INFO - Processing file /home/airflow/.local/lib/python3.7/site-packages/airflow/example_dags/example_latest_only.py for tasks to queue
[2023-05-26T07:04:02.735+0000] {logging_mixin.py:149} INFO - [2023-05-26T07:04:02.735+0000] {dagbag.py:541} INFO - Filling up the DagBag from /home/airflow/.local/lib/python3.7/site-packages/airflow/example_dags/example_latest_only.py
[2023-05-26T07:04:02.744+0000] {processor.py:836} INFO - DAG(s) dict_keys(['latest_only']) retrieved from /home/airflow/.local/lib/python3.7/site-packages/airflow/example_dags/example_latest_only.py
[2023-05-26T07:04:02.779+0000] {logging_mixin.py:149} INFO - [2023-05-26T07:04:02.778+0000] {dag.py:2726} INFO - Sync 1 DAGs
[2023-05-26T07:04:02.815+0000] {logging_mixin.py:149} INFO - [2023-05-26T07:04:02.815+0000] {dag.py:3490} INFO - Setting next_dagrun for latest_only to 2023-05-26T03:04:02.815356+00:00, run_after=2023-05-26T07:04:02.815356+00:00
[2023-05-26T07:04:02.858+0000] {processor.py:179} INFO - Processing /home/airflow/.local/lib/python3.7/site-packages/airflow/example_dags/example_latest_only.py took 0.136 seconds
[2023-05-26T07:04:33.732+0000] {processor.py:157} INFO - Started process (PID=1072) to work on /home/airflow/.local/lib/python3.7/site-packages/airflow/example_dags/example_latest_only.py
[2023-05-26T07:04:33.734+0000] {processor.py:826} INFO - Processing file /home/airflow/.local/lib/python3.7/site-packages/airflow/example_dags/example_latest_only.py for tasks to queue
[2023-05-26T07:04:33.738+0000] {logging_mixin.py:149} INFO - [2023-05-26T07:04:33.738+0000] {dagbag.py:541} INFO - Filling up the DagBag from /home/airflow/.local/lib/python3.7/site-packages/airflow/example_dags/example_latest_only.py
[2023-05-26T07:04:33.748+0000] {processor.py:836} INFO - DAG(s) dict_keys(['latest_only']) retrieved from /home/airflow/.local/lib/python3.7/site-packages/airflow/example_dags/example_latest_only.py
[2023-05-26T07:04:33.796+0000] {logging_mixin.py:149} INFO - [2023-05-26T07:04:33.795+0000] {dag.py:2726} INFO - Sync 1 DAGs
[2023-05-26T07:04:33.856+0000] {logging_mixin.py:149} INFO - [2023-05-26T07:04:33.856+0000] {dag.py:3490} INFO - Setting next_dagrun for latest_only to 2023-05-26T03:04:33.855807+00:00, run_after=2023-05-26T07:04:33.855807+00:00
[2023-05-26T07:04:33.888+0000] {processor.py:179} INFO - Processing /home/airflow/.local/lib/python3.7/site-packages/airflow/example_dags/example_latest_only.py took 0.163 seconds
