[2023-05-26T06:51:27.983+0000] {processor.py:157} INFO - Started process (PID=57) to work on /home/airflow/.local/lib/python3.7/site-packages/airflow/example_dags/example_sla_dag.py
[2023-05-26T06:51:27.985+0000] {processor.py:826} INFO - Processing file /home/airflow/.local/lib/python3.7/site-packages/airflow/example_dags/example_sla_dag.py for tasks to queue
[2023-05-26T06:51:27.989+0000] {logging_mixin.py:149} INFO - [2023-05-26T06:51:27.988+0000] {dagbag.py:541} INFO - Filling up the DagBag from /home/airflow/.local/lib/python3.7/site-packages/airflow/example_dags/example_sla_dag.py
[2023-05-26T06:51:28.003+0000] {processor.py:836} INFO - DAG(s) dict_keys(['example_sla_dag']) retrieved from /home/airflow/.local/lib/python3.7/site-packages/airflow/example_dags/example_sla_dag.py
[2023-05-26T06:51:28.029+0000] {logging_mixin.py:149} INFO - [2023-05-26T06:51:28.028+0000] {dag.py:2726} INFO - Sync 1 DAGs
[2023-05-26T06:51:28.068+0000] {logging_mixin.py:149} INFO - [2023-05-26T06:51:28.068+0000] {dag.py:3490} INFO - Setting next_dagrun for example_sla_dag to 2023-05-26T06:48:00+00:00, run_after=2023-05-26T06:50:00+00:00
[2023-05-26T06:51:28.101+0000] {processor.py:179} INFO - Processing /home/airflow/.local/lib/python3.7/site-packages/airflow/example_dags/example_sla_dag.py took 0.122 seconds
[2023-05-26T06:51:59.201+0000] {processor.py:157} INFO - Started process (PID=112) to work on /home/airflow/.local/lib/python3.7/site-packages/airflow/example_dags/example_sla_dag.py
[2023-05-26T06:51:59.203+0000] {processor.py:826} INFO - Processing file /home/airflow/.local/lib/python3.7/site-packages/airflow/example_dags/example_sla_dag.py for tasks to queue
[2023-05-26T06:51:59.207+0000] {logging_mixin.py:149} INFO - [2023-05-26T06:51:59.207+0000] {dagbag.py:541} INFO - Filling up the DagBag from /home/airflow/.local/lib/python3.7/site-packages/airflow/example_dags/example_sla_dag.py
[2023-05-26T06:51:59.218+0000] {processor.py:836} INFO - DAG(s) dict_keys(['example_sla_dag']) retrieved from /home/airflow/.local/lib/python3.7/site-packages/airflow/example_dags/example_sla_dag.py
[2023-05-26T06:51:59.249+0000] {logging_mixin.py:149} INFO - [2023-05-26T06:51:59.248+0000] {dag.py:2726} INFO - Sync 1 DAGs
[2023-05-26T06:51:59.284+0000] {logging_mixin.py:149} INFO - [2023-05-26T06:51:59.284+0000] {dag.py:3490} INFO - Setting next_dagrun for example_sla_dag to 2023-05-26T06:48:00+00:00, run_after=2023-05-26T06:50:00+00:00
[2023-05-26T06:51:59.311+0000] {processor.py:179} INFO - Processing /home/airflow/.local/lib/python3.7/site-packages/airflow/example_dags/example_sla_dag.py took 0.116 seconds
[2023-05-26T06:55:17.324+0000] {processor.py:157} INFO - Started process (PID=56) to work on /home/airflow/.local/lib/python3.7/site-packages/airflow/example_dags/example_sla_dag.py
[2023-05-26T06:55:17.326+0000] {processor.py:826} INFO - Processing file /home/airflow/.local/lib/python3.7/site-packages/airflow/example_dags/example_sla_dag.py for tasks to queue
[2023-05-26T06:55:17.331+0000] {logging_mixin.py:149} INFO - [2023-05-26T06:55:17.331+0000] {dagbag.py:541} INFO - Filling up the DagBag from /home/airflow/.local/lib/python3.7/site-packages/airflow/example_dags/example_sla_dag.py
[2023-05-26T06:55:17.347+0000] {processor.py:836} INFO - DAG(s) dict_keys(['example_sla_dag']) retrieved from /home/airflow/.local/lib/python3.7/site-packages/airflow/example_dags/example_sla_dag.py
[2023-05-26T06:55:17.367+0000] {logging_mixin.py:149} INFO - [2023-05-26T06:55:17.366+0000] {dag.py:2726} INFO - Sync 1 DAGs
[2023-05-26T06:55:17.415+0000] {logging_mixin.py:149} INFO - [2023-05-26T06:55:17.415+0000] {dag.py:3490} INFO - Setting next_dagrun for example_sla_dag to 2023-05-26T06:52:00+00:00, run_after=2023-05-26T06:54:00+00:00
[2023-05-26T06:55:17.443+0000] {processor.py:179} INFO - Processing /home/airflow/.local/lib/python3.7/site-packages/airflow/example_dags/example_sla_dag.py took 0.124 seconds
[2023-05-26T06:55:47.584+0000] {processor.py:157} INFO - Started process (PID=112) to work on /home/airflow/.local/lib/python3.7/site-packages/airflow/example_dags/example_sla_dag.py
[2023-05-26T06:55:47.586+0000] {processor.py:826} INFO - Processing file /home/airflow/.local/lib/python3.7/site-packages/airflow/example_dags/example_sla_dag.py for tasks to queue
[2023-05-26T06:55:47.590+0000] {logging_mixin.py:149} INFO - [2023-05-26T06:55:47.589+0000] {dagbag.py:541} INFO - Filling up the DagBag from /home/airflow/.local/lib/python3.7/site-packages/airflow/example_dags/example_sla_dag.py
[2023-05-26T06:55:47.601+0000] {processor.py:836} INFO - DAG(s) dict_keys(['example_sla_dag']) retrieved from /home/airflow/.local/lib/python3.7/site-packages/airflow/example_dags/example_sla_dag.py
[2023-05-26T06:55:47.630+0000] {logging_mixin.py:149} INFO - [2023-05-26T06:55:47.630+0000] {dag.py:2726} INFO - Sync 1 DAGs
[2023-05-26T06:55:47.664+0000] {logging_mixin.py:149} INFO - [2023-05-26T06:55:47.664+0000] {dag.py:3490} INFO - Setting next_dagrun for example_sla_dag to 2023-05-26T06:52:00+00:00, run_after=2023-05-26T06:54:00+00:00
[2023-05-26T06:55:47.689+0000] {processor.py:179} INFO - Processing /home/airflow/.local/lib/python3.7/site-packages/airflow/example_dags/example_sla_dag.py took 0.110 seconds
[2023-05-26T06:56:18.559+0000] {processor.py:157} INFO - Started process (PID=168) to work on /home/airflow/.local/lib/python3.7/site-packages/airflow/example_dags/example_sla_dag.py
[2023-05-26T06:56:18.561+0000] {processor.py:826} INFO - Processing file /home/airflow/.local/lib/python3.7/site-packages/airflow/example_dags/example_sla_dag.py for tasks to queue
[2023-05-26T06:56:18.565+0000] {logging_mixin.py:149} INFO - [2023-05-26T06:56:18.564+0000] {dagbag.py:541} INFO - Filling up the DagBag from /home/airflow/.local/lib/python3.7/site-packages/airflow/example_dags/example_sla_dag.py
[2023-05-26T06:56:18.576+0000] {processor.py:836} INFO - DAG(s) dict_keys(['example_sla_dag']) retrieved from /home/airflow/.local/lib/python3.7/site-packages/airflow/example_dags/example_sla_dag.py
[2023-05-26T06:56:18.603+0000] {logging_mixin.py:149} INFO - [2023-05-26T06:56:18.602+0000] {dag.py:2726} INFO - Sync 1 DAGs
[2023-05-26T06:56:18.636+0000] {logging_mixin.py:149} INFO - [2023-05-26T06:56:18.635+0000] {dag.py:3490} INFO - Setting next_dagrun for example_sla_dag to 2023-05-26T06:54:00+00:00, run_after=2023-05-26T06:56:00+00:00
[2023-05-26T06:56:18.661+0000] {processor.py:179} INFO - Processing /home/airflow/.local/lib/python3.7/site-packages/airflow/example_dags/example_sla_dag.py took 0.105 seconds
[2023-05-26T06:56:49.026+0000] {processor.py:157} INFO - Started process (PID=224) to work on /home/airflow/.local/lib/python3.7/site-packages/airflow/example_dags/example_sla_dag.py
[2023-05-26T06:56:49.028+0000] {processor.py:826} INFO - Processing file /home/airflow/.local/lib/python3.7/site-packages/airflow/example_dags/example_sla_dag.py for tasks to queue
[2023-05-26T06:56:49.031+0000] {logging_mixin.py:149} INFO - [2023-05-26T06:56:49.031+0000] {dagbag.py:541} INFO - Filling up the DagBag from /home/airflow/.local/lib/python3.7/site-packages/airflow/example_dags/example_sla_dag.py
[2023-05-26T06:56:49.041+0000] {processor.py:836} INFO - DAG(s) dict_keys(['example_sla_dag']) retrieved from /home/airflow/.local/lib/python3.7/site-packages/airflow/example_dags/example_sla_dag.py
[2023-05-26T06:56:49.068+0000] {logging_mixin.py:149} INFO - [2023-05-26T06:56:49.067+0000] {dag.py:2726} INFO - Sync 1 DAGs
[2023-05-26T06:56:49.102+0000] {logging_mixin.py:149} INFO - [2023-05-26T06:56:49.102+0000] {dag.py:3490} INFO - Setting next_dagrun for example_sla_dag to 2023-05-26T06:54:00+00:00, run_after=2023-05-26T06:56:00+00:00
[2023-05-26T06:56:49.127+0000] {processor.py:179} INFO - Processing /home/airflow/.local/lib/python3.7/site-packages/airflow/example_dags/example_sla_dag.py took 0.105 seconds
[2023-05-26T06:57:19.457+0000] {processor.py:157} INFO - Started process (PID=279) to work on /home/airflow/.local/lib/python3.7/site-packages/airflow/example_dags/example_sla_dag.py
[2023-05-26T06:57:19.459+0000] {processor.py:826} INFO - Processing file /home/airflow/.local/lib/python3.7/site-packages/airflow/example_dags/example_sla_dag.py for tasks to queue
[2023-05-26T06:57:19.463+0000] {logging_mixin.py:149} INFO - [2023-05-26T06:57:19.463+0000] {dagbag.py:541} INFO - Filling up the DagBag from /home/airflow/.local/lib/python3.7/site-packages/airflow/example_dags/example_sla_dag.py
[2023-05-26T06:57:19.473+0000] {processor.py:836} INFO - DAG(s) dict_keys(['example_sla_dag']) retrieved from /home/airflow/.local/lib/python3.7/site-packages/airflow/example_dags/example_sla_dag.py
[2023-05-26T06:57:19.500+0000] {logging_mixin.py:149} INFO - [2023-05-26T06:57:19.499+0000] {dag.py:2726} INFO - Sync 1 DAGs
[2023-05-26T06:57:19.535+0000] {logging_mixin.py:149} INFO - [2023-05-26T06:57:19.534+0000] {dag.py:3490} INFO - Setting next_dagrun for example_sla_dag to 2023-05-26T06:54:00+00:00, run_after=2023-05-26T06:56:00+00:00
[2023-05-26T06:57:19.560+0000] {processor.py:179} INFO - Processing /home/airflow/.local/lib/python3.7/site-packages/airflow/example_dags/example_sla_dag.py took 0.107 seconds
[2023-05-26T06:57:50.033+0000] {processor.py:157} INFO - Started process (PID=335) to work on /home/airflow/.local/lib/python3.7/site-packages/airflow/example_dags/example_sla_dag.py
[2023-05-26T06:57:50.035+0000] {processor.py:826} INFO - Processing file /home/airflow/.local/lib/python3.7/site-packages/airflow/example_dags/example_sla_dag.py for tasks to queue
[2023-05-26T06:57:50.040+0000] {logging_mixin.py:149} INFO - [2023-05-26T06:57:50.039+0000] {dagbag.py:541} INFO - Filling up the DagBag from /home/airflow/.local/lib/python3.7/site-packages/airflow/example_dags/example_sla_dag.py
[2023-05-26T06:57:50.051+0000] {processor.py:836} INFO - DAG(s) dict_keys(['example_sla_dag']) retrieved from /home/airflow/.local/lib/python3.7/site-packages/airflow/example_dags/example_sla_dag.py
[2023-05-26T06:57:50.089+0000] {logging_mixin.py:149} INFO - [2023-05-26T06:57:50.088+0000] {dag.py:2726} INFO - Sync 1 DAGs
[2023-05-26T06:57:50.135+0000] {logging_mixin.py:149} INFO - [2023-05-26T06:57:50.135+0000] {dag.py:3490} INFO - Setting next_dagrun for example_sla_dag to 2023-05-26T06:54:00+00:00, run_after=2023-05-26T06:56:00+00:00
[2023-05-26T06:57:50.170+0000] {processor.py:179} INFO - Processing /home/airflow/.local/lib/python3.7/site-packages/airflow/example_dags/example_sla_dag.py took 0.142 seconds
[2023-05-26T06:58:20.895+0000] {processor.py:157} INFO - Started process (PID=391) to work on /home/airflow/.local/lib/python3.7/site-packages/airflow/example_dags/example_sla_dag.py
[2023-05-26T06:58:20.897+0000] {processor.py:826} INFO - Processing file /home/airflow/.local/lib/python3.7/site-packages/airflow/example_dags/example_sla_dag.py for tasks to queue
[2023-05-26T06:58:20.900+0000] {logging_mixin.py:149} INFO - [2023-05-26T06:58:20.900+0000] {dagbag.py:541} INFO - Filling up the DagBag from /home/airflow/.local/lib/python3.7/site-packages/airflow/example_dags/example_sla_dag.py
[2023-05-26T06:58:20.910+0000] {processor.py:836} INFO - DAG(s) dict_keys(['example_sla_dag']) retrieved from /home/airflow/.local/lib/python3.7/site-packages/airflow/example_dags/example_sla_dag.py
[2023-05-26T06:58:20.938+0000] {logging_mixin.py:149} INFO - [2023-05-26T06:58:20.937+0000] {dag.py:2726} INFO - Sync 1 DAGs
[2023-05-26T06:58:20.971+0000] {logging_mixin.py:149} INFO - [2023-05-26T06:58:20.971+0000] {dag.py:3490} INFO - Setting next_dagrun for example_sla_dag to 2023-05-26T06:56:00+00:00, run_after=2023-05-26T06:58:00+00:00
[2023-05-26T06:58:20.997+0000] {processor.py:179} INFO - Processing /home/airflow/.local/lib/python3.7/site-packages/airflow/example_dags/example_sla_dag.py took 0.106 seconds
[2023-05-26T06:58:51.688+0000] {processor.py:157} INFO - Started process (PID=446) to work on /home/airflow/.local/lib/python3.7/site-packages/airflow/example_dags/example_sla_dag.py
[2023-05-26T06:58:51.690+0000] {processor.py:826} INFO - Processing file /home/airflow/.local/lib/python3.7/site-packages/airflow/example_dags/example_sla_dag.py for tasks to queue
[2023-05-26T06:58:51.693+0000] {logging_mixin.py:149} INFO - [2023-05-26T06:58:51.693+0000] {dagbag.py:541} INFO - Filling up the DagBag from /home/airflow/.local/lib/python3.7/site-packages/airflow/example_dags/example_sla_dag.py
[2023-05-26T06:58:51.704+0000] {processor.py:836} INFO - DAG(s) dict_keys(['example_sla_dag']) retrieved from /home/airflow/.local/lib/python3.7/site-packages/airflow/example_dags/example_sla_dag.py
[2023-05-26T06:58:51.732+0000] {logging_mixin.py:149} INFO - [2023-05-26T06:58:51.731+0000] {dag.py:2726} INFO - Sync 1 DAGs
[2023-05-26T06:58:51.765+0000] {logging_mixin.py:149} INFO - [2023-05-26T06:58:51.765+0000] {dag.py:3490} INFO - Setting next_dagrun for example_sla_dag to 2023-05-26T06:56:00+00:00, run_after=2023-05-26T06:58:00+00:00
[2023-05-26T06:58:51.791+0000] {processor.py:179} INFO - Processing /home/airflow/.local/lib/python3.7/site-packages/airflow/example_dags/example_sla_dag.py took 0.107 seconds
[2023-05-26T06:59:22.460+0000] {processor.py:157} INFO - Started process (PID=502) to work on /home/airflow/.local/lib/python3.7/site-packages/airflow/example_dags/example_sla_dag.py
[2023-05-26T06:59:22.462+0000] {processor.py:826} INFO - Processing file /home/airflow/.local/lib/python3.7/site-packages/airflow/example_dags/example_sla_dag.py for tasks to queue
[2023-05-26T06:59:22.465+0000] {logging_mixin.py:149} INFO - [2023-05-26T06:59:22.465+0000] {dagbag.py:541} INFO - Filling up the DagBag from /home/airflow/.local/lib/python3.7/site-packages/airflow/example_dags/example_sla_dag.py
[2023-05-26T06:59:22.474+0000] {processor.py:836} INFO - DAG(s) dict_keys(['example_sla_dag']) retrieved from /home/airflow/.local/lib/python3.7/site-packages/airflow/example_dags/example_sla_dag.py
[2023-05-26T06:59:22.502+0000] {logging_mixin.py:149} INFO - [2023-05-26T06:59:22.502+0000] {dag.py:2726} INFO - Sync 1 DAGs
[2023-05-26T06:59:22.534+0000] {logging_mixin.py:149} INFO - [2023-05-26T06:59:22.534+0000] {dag.py:3490} INFO - Setting next_dagrun for example_sla_dag to 2023-05-26T06:56:00+00:00, run_after=2023-05-26T06:58:00+00:00
[2023-05-26T06:59:22.567+0000] {processor.py:179} INFO - Processing /home/airflow/.local/lib/python3.7/site-packages/airflow/example_dags/example_sla_dag.py took 0.110 seconds
[2023-05-26T06:59:53.538+0000] {processor.py:157} INFO - Started process (PID=558) to work on /home/airflow/.local/lib/python3.7/site-packages/airflow/example_dags/example_sla_dag.py
[2023-05-26T06:59:53.539+0000] {processor.py:826} INFO - Processing file /home/airflow/.local/lib/python3.7/site-packages/airflow/example_dags/example_sla_dag.py for tasks to queue
[2023-05-26T06:59:53.542+0000] {logging_mixin.py:149} INFO - [2023-05-26T06:59:53.542+0000] {dagbag.py:541} INFO - Filling up the DagBag from /home/airflow/.local/lib/python3.7/site-packages/airflow/example_dags/example_sla_dag.py
[2023-05-26T06:59:53.554+0000] {processor.py:836} INFO - DAG(s) dict_keys(['example_sla_dag']) retrieved from /home/airflow/.local/lib/python3.7/site-packages/airflow/example_dags/example_sla_dag.py
[2023-05-26T06:59:53.587+0000] {logging_mixin.py:149} INFO - [2023-05-26T06:59:53.586+0000] {dag.py:2726} INFO - Sync 1 DAGs
[2023-05-26T06:59:53.626+0000] {logging_mixin.py:149} INFO - [2023-05-26T06:59:53.626+0000] {dag.py:3490} INFO - Setting next_dagrun for example_sla_dag to 2023-05-26T06:56:00+00:00, run_after=2023-05-26T06:58:00+00:00
[2023-05-26T06:59:53.659+0000] {processor.py:179} INFO - Processing /home/airflow/.local/lib/python3.7/site-packages/airflow/example_dags/example_sla_dag.py took 0.126 seconds
[2023-05-26T07:00:24.434+0000] {processor.py:157} INFO - Started process (PID=613) to work on /home/airflow/.local/lib/python3.7/site-packages/airflow/example_dags/example_sla_dag.py
[2023-05-26T07:00:24.435+0000] {processor.py:826} INFO - Processing file /home/airflow/.local/lib/python3.7/site-packages/airflow/example_dags/example_sla_dag.py for tasks to queue
[2023-05-26T07:00:24.438+0000] {logging_mixin.py:149} INFO - [2023-05-26T07:00:24.438+0000] {dagbag.py:541} INFO - Filling up the DagBag from /home/airflow/.local/lib/python3.7/site-packages/airflow/example_dags/example_sla_dag.py
[2023-05-26T07:00:24.448+0000] {processor.py:836} INFO - DAG(s) dict_keys(['example_sla_dag']) retrieved from /home/airflow/.local/lib/python3.7/site-packages/airflow/example_dags/example_sla_dag.py
[2023-05-26T07:00:24.475+0000] {logging_mixin.py:149} INFO - [2023-05-26T07:00:24.475+0000] {dag.py:2726} INFO - Sync 1 DAGs
[2023-05-26T07:00:24.508+0000] {logging_mixin.py:149} INFO - [2023-05-26T07:00:24.508+0000] {dag.py:3490} INFO - Setting next_dagrun for example_sla_dag to 2023-05-26T06:58:00+00:00, run_after=2023-05-26T07:00:00+00:00
[2023-05-26T07:00:24.534+0000] {processor.py:179} INFO - Processing /home/airflow/.local/lib/python3.7/site-packages/airflow/example_dags/example_sla_dag.py took 0.104 seconds
[2023-05-26T07:00:55.093+0000] {processor.py:157} INFO - Started process (PID=669) to work on /home/airflow/.local/lib/python3.7/site-packages/airflow/example_dags/example_sla_dag.py
[2023-05-26T07:00:55.095+0000] {processor.py:826} INFO - Processing file /home/airflow/.local/lib/python3.7/site-packages/airflow/example_dags/example_sla_dag.py for tasks to queue
[2023-05-26T07:00:55.098+0000] {logging_mixin.py:149} INFO - [2023-05-26T07:00:55.098+0000] {dagbag.py:541} INFO - Filling up the DagBag from /home/airflow/.local/lib/python3.7/site-packages/airflow/example_dags/example_sla_dag.py
[2023-05-26T07:00:55.108+0000] {processor.py:836} INFO - DAG(s) dict_keys(['example_sla_dag']) retrieved from /home/airflow/.local/lib/python3.7/site-packages/airflow/example_dags/example_sla_dag.py
[2023-05-26T07:00:55.136+0000] {logging_mixin.py:149} INFO - [2023-05-26T07:00:55.136+0000] {dag.py:2726} INFO - Sync 1 DAGs
[2023-05-26T07:00:55.171+0000] {logging_mixin.py:149} INFO - [2023-05-26T07:00:55.170+0000] {dag.py:3490} INFO - Setting next_dagrun for example_sla_dag to 2023-05-26T06:58:00+00:00, run_after=2023-05-26T07:00:00+00:00
[2023-05-26T07:00:55.195+0000] {processor.py:179} INFO - Processing /home/airflow/.local/lib/python3.7/site-packages/airflow/example_dags/example_sla_dag.py took 0.106 seconds
[2023-05-26T07:01:25.811+0000] {processor.py:157} INFO - Started process (PID=725) to work on /home/airflow/.local/lib/python3.7/site-packages/airflow/example_dags/example_sla_dag.py
[2023-05-26T07:01:25.813+0000] {processor.py:826} INFO - Processing file /home/airflow/.local/lib/python3.7/site-packages/airflow/example_dags/example_sla_dag.py for tasks to queue
[2023-05-26T07:01:25.818+0000] {logging_mixin.py:149} INFO - [2023-05-26T07:01:25.817+0000] {dagbag.py:541} INFO - Filling up the DagBag from /home/airflow/.local/lib/python3.7/site-packages/airflow/example_dags/example_sla_dag.py
[2023-05-26T07:01:25.835+0000] {processor.py:836} INFO - DAG(s) dict_keys(['example_sla_dag']) retrieved from /home/airflow/.local/lib/python3.7/site-packages/airflow/example_dags/example_sla_dag.py
[2023-05-26T07:01:25.891+0000] {logging_mixin.py:149} INFO - [2023-05-26T07:01:25.890+0000] {dag.py:2726} INFO - Sync 1 DAGs
[2023-05-26T07:01:25.953+0000] {logging_mixin.py:149} INFO - [2023-05-26T07:01:25.952+0000] {dag.py:3490} INFO - Setting next_dagrun for example_sla_dag to 2023-05-26T06:58:00+00:00, run_after=2023-05-26T07:00:00+00:00
[2023-05-26T07:01:25.993+0000] {processor.py:179} INFO - Processing /home/airflow/.local/lib/python3.7/site-packages/airflow/example_dags/example_sla_dag.py took 0.186 seconds
[2023-05-26T07:01:56.873+0000] {processor.py:157} INFO - Started process (PID=781) to work on /home/airflow/.local/lib/python3.7/site-packages/airflow/example_dags/example_sla_dag.py
[2023-05-26T07:01:56.876+0000] {processor.py:826} INFO - Processing file /home/airflow/.local/lib/python3.7/site-packages/airflow/example_dags/example_sla_dag.py for tasks to queue
[2023-05-26T07:01:56.882+0000] {logging_mixin.py:149} INFO - [2023-05-26T07:01:56.881+0000] {dagbag.py:541} INFO - Filling up the DagBag from /home/airflow/.local/lib/python3.7/site-packages/airflow/example_dags/example_sla_dag.py
[2023-05-26T07:01:56.901+0000] {processor.py:836} INFO - DAG(s) dict_keys(['example_sla_dag']) retrieved from /home/airflow/.local/lib/python3.7/site-packages/airflow/example_dags/example_sla_dag.py
[2023-05-26T07:01:56.953+0000] {logging_mixin.py:149} INFO - [2023-05-26T07:01:56.952+0000] {dag.py:2726} INFO - Sync 1 DAGs
[2023-05-26T07:01:56.998+0000] {logging_mixin.py:149} INFO - [2023-05-26T07:01:56.998+0000] {dag.py:3490} INFO - Setting next_dagrun for example_sla_dag to 2023-05-26T06:58:00+00:00, run_after=2023-05-26T07:00:00+00:00
[2023-05-26T07:01:57.024+0000] {processor.py:179} INFO - Processing /home/airflow/.local/lib/python3.7/site-packages/airflow/example_dags/example_sla_dag.py took 0.158 seconds
[2023-05-26T07:02:29.290+0000] {processor.py:157} INFO - Started process (PID=837) to work on /home/airflow/.local/lib/python3.7/site-packages/airflow/example_dags/example_sla_dag.py
[2023-05-26T07:02:29.293+0000] {processor.py:826} INFO - Processing file /home/airflow/.local/lib/python3.7/site-packages/airflow/example_dags/example_sla_dag.py for tasks to queue
[2023-05-26T07:02:29.300+0000] {logging_mixin.py:149} INFO - [2023-05-26T07:02:29.300+0000] {dagbag.py:541} INFO - Filling up the DagBag from /home/airflow/.local/lib/python3.7/site-packages/airflow/example_dags/example_sla_dag.py
[2023-05-26T07:02:29.324+0000] {processor.py:836} INFO - DAG(s) dict_keys(['example_sla_dag']) retrieved from /home/airflow/.local/lib/python3.7/site-packages/airflow/example_dags/example_sla_dag.py
[2023-05-26T07:02:29.390+0000] {logging_mixin.py:149} INFO - [2023-05-26T07:02:29.389+0000] {dag.py:2726} INFO - Sync 1 DAGs
[2023-05-26T07:02:29.472+0000] {logging_mixin.py:149} INFO - [2023-05-26T07:02:29.471+0000] {dag.py:3490} INFO - Setting next_dagrun for example_sla_dag to 2023-05-26T07:00:00+00:00, run_after=2023-05-26T07:02:00+00:00
[2023-05-26T07:02:29.529+0000] {processor.py:179} INFO - Processing /home/airflow/.local/lib/python3.7/site-packages/airflow/example_dags/example_sla_dag.py took 0.250 seconds
[2023-05-26T07:02:59.995+0000] {processor.py:157} INFO - Started process (PID=895) to work on /home/airflow/.local/lib/python3.7/site-packages/airflow/example_dags/example_sla_dag.py
[2023-05-26T07:02:59.997+0000] {processor.py:826} INFO - Processing file /home/airflow/.local/lib/python3.7/site-packages/airflow/example_dags/example_sla_dag.py for tasks to queue
[2023-05-26T07:03:00.001+0000] {logging_mixin.py:149} INFO - [2023-05-26T07:03:00.000+0000] {dagbag.py:541} INFO - Filling up the DagBag from /home/airflow/.local/lib/python3.7/site-packages/airflow/example_dags/example_sla_dag.py
[2023-05-26T07:03:00.017+0000] {processor.py:836} INFO - DAG(s) dict_keys(['example_sla_dag']) retrieved from /home/airflow/.local/lib/python3.7/site-packages/airflow/example_dags/example_sla_dag.py
[2023-05-26T07:03:00.054+0000] {logging_mixin.py:149} INFO - [2023-05-26T07:03:00.053+0000] {dag.py:2726} INFO - Sync 1 DAGs
[2023-05-26T07:03:00.095+0000] {logging_mixin.py:149} INFO - [2023-05-26T07:03:00.095+0000] {dag.py:3490} INFO - Setting next_dagrun for example_sla_dag to 2023-05-26T07:00:00+00:00, run_after=2023-05-26T07:02:00+00:00
[2023-05-26T07:03:00.125+0000] {processor.py:179} INFO - Processing /home/airflow/.local/lib/python3.7/site-packages/airflow/example_dags/example_sla_dag.py took 0.135 seconds
[2023-05-26T07:03:30.466+0000] {processor.py:157} INFO - Started process (PID=954) to work on /home/airflow/.local/lib/python3.7/site-packages/airflow/example_dags/example_sla_dag.py
[2023-05-26T07:03:30.468+0000] {processor.py:826} INFO - Processing file /home/airflow/.local/lib/python3.7/site-packages/airflow/example_dags/example_sla_dag.py for tasks to queue
[2023-05-26T07:03:30.471+0000] {logging_mixin.py:149} INFO - [2023-05-26T07:03:30.470+0000] {dagbag.py:541} INFO - Filling up the DagBag from /home/airflow/.local/lib/python3.7/site-packages/airflow/example_dags/example_sla_dag.py
[2023-05-26T07:03:30.481+0000] {processor.py:836} INFO - DAG(s) dict_keys(['example_sla_dag']) retrieved from /home/airflow/.local/lib/python3.7/site-packages/airflow/example_dags/example_sla_dag.py
[2023-05-26T07:03:30.509+0000] {logging_mixin.py:149} INFO - [2023-05-26T07:03:30.509+0000] {dag.py:2726} INFO - Sync 1 DAGs
[2023-05-26T07:03:30.548+0000] {logging_mixin.py:149} INFO - [2023-05-26T07:03:30.547+0000] {dag.py:3490} INFO - Setting next_dagrun for example_sla_dag to 2023-05-26T07:00:00+00:00, run_after=2023-05-26T07:02:00+00:00
[2023-05-26T07:03:30.587+0000] {processor.py:179} INFO - Processing /home/airflow/.local/lib/python3.7/site-packages/airflow/example_dags/example_sla_dag.py took 0.125 seconds
[2023-05-26T07:04:01.359+0000] {processor.py:157} INFO - Started process (PID=1010) to work on /home/airflow/.local/lib/python3.7/site-packages/airflow/example_dags/example_sla_dag.py
[2023-05-26T07:04:01.361+0000] {processor.py:826} INFO - Processing file /home/airflow/.local/lib/python3.7/site-packages/airflow/example_dags/example_sla_dag.py for tasks to queue
[2023-05-26T07:04:01.364+0000] {logging_mixin.py:149} INFO - [2023-05-26T07:04:01.364+0000] {dagbag.py:541} INFO - Filling up the DagBag from /home/airflow/.local/lib/python3.7/site-packages/airflow/example_dags/example_sla_dag.py
[2023-05-26T07:04:01.375+0000] {processor.py:836} INFO - DAG(s) dict_keys(['example_sla_dag']) retrieved from /home/airflow/.local/lib/python3.7/site-packages/airflow/example_dags/example_sla_dag.py
[2023-05-26T07:04:01.422+0000] {logging_mixin.py:149} INFO - [2023-05-26T07:04:01.421+0000] {dag.py:2726} INFO - Sync 1 DAGs
[2023-05-26T07:04:01.467+0000] {logging_mixin.py:149} INFO - [2023-05-26T07:04:01.467+0000] {dag.py:3490} INFO - Setting next_dagrun for example_sla_dag to 2023-05-26T07:02:00+00:00, run_after=2023-05-26T07:04:00+00:00
[2023-05-26T07:04:01.509+0000] {processor.py:179} INFO - Processing /home/airflow/.local/lib/python3.7/site-packages/airflow/example_dags/example_sla_dag.py took 0.155 seconds
[2023-05-26T07:04:32.410+0000] {processor.py:157} INFO - Started process (PID=1067) to work on /home/airflow/.local/lib/python3.7/site-packages/airflow/example_dags/example_sla_dag.py
[2023-05-26T07:04:32.411+0000] {processor.py:826} INFO - Processing file /home/airflow/.local/lib/python3.7/site-packages/airflow/example_dags/example_sla_dag.py for tasks to queue
[2023-05-26T07:04:32.414+0000] {logging_mixin.py:149} INFO - [2023-05-26T07:04:32.414+0000] {dagbag.py:541} INFO - Filling up the DagBag from /home/airflow/.local/lib/python3.7/site-packages/airflow/example_dags/example_sla_dag.py
[2023-05-26T07:04:32.424+0000] {processor.py:836} INFO - DAG(s) dict_keys(['example_sla_dag']) retrieved from /home/airflow/.local/lib/python3.7/site-packages/airflow/example_dags/example_sla_dag.py
[2023-05-26T07:04:32.451+0000] {logging_mixin.py:149} INFO - [2023-05-26T07:04:32.451+0000] {dag.py:2726} INFO - Sync 1 DAGs
[2023-05-26T07:04:32.484+0000] {logging_mixin.py:149} INFO - [2023-05-26T07:04:32.484+0000] {dag.py:3490} INFO - Setting next_dagrun for example_sla_dag to 2023-05-26T07:02:00+00:00, run_after=2023-05-26T07:04:00+00:00
[2023-05-26T07:04:32.510+0000] {processor.py:179} INFO - Processing /home/airflow/.local/lib/python3.7/site-packages/airflow/example_dags/example_sla_dag.py took 0.105 seconds
