[2023-05-26T06:51:29.249+0000] {processor.py:157} INFO - Started process (PID=70) to work on /home/airflow/.local/lib/python3.7/site-packages/airflow/example_dags/example_sensor_decorator.py
[2023-05-26T06:51:29.250+0000] {processor.py:826} INFO - Processing file /home/airflow/.local/lib/python3.7/site-packages/airflow/example_dags/example_sensor_decorator.py for tasks to queue
[2023-05-26T06:51:29.254+0000] {logging_mixin.py:149} INFO - [2023-05-26T06:51:29.253+0000] {dagbag.py:541} INFO - Filling up the DagBag from /home/airflow/.local/lib/python3.7/site-packages/airflow/example_dags/example_sensor_decorator.py
[2023-05-26T06:51:29.264+0000] {processor.py:836} INFO - DAG(s) dict_keys(['example_sensor_decorator']) retrieved from /home/airflow/.local/lib/python3.7/site-packages/airflow/example_dags/example_sensor_decorator.py
[2023-05-26T06:51:29.284+0000] {logging_mixin.py:149} INFO - [2023-05-26T06:51:29.283+0000] {dag.py:2726} INFO - Sync 1 DAGs
[2023-05-26T06:51:29.320+0000] {logging_mixin.py:149} INFO - [2023-05-26T06:51:29.319+0000] {dag.py:3490} INFO - Setting next_dagrun for example_sensor_decorator to None, run_after=None
[2023-05-26T06:51:29.345+0000] {processor.py:179} INFO - Processing /home/airflow/.local/lib/python3.7/site-packages/airflow/example_dags/example_sensor_decorator.py took 0.101 seconds
[2023-05-26T06:52:00.296+0000] {processor.py:157} INFO - Started process (PID=125) to work on /home/airflow/.local/lib/python3.7/site-packages/airflow/example_dags/example_sensor_decorator.py
[2023-05-26T06:52:00.297+0000] {processor.py:826} INFO - Processing file /home/airflow/.local/lib/python3.7/site-packages/airflow/example_dags/example_sensor_decorator.py for tasks to queue
[2023-05-26T06:52:00.301+0000] {logging_mixin.py:149} INFO - [2023-05-26T06:52:00.301+0000] {dagbag.py:541} INFO - Filling up the DagBag from /home/airflow/.local/lib/python3.7/site-packages/airflow/example_dags/example_sensor_decorator.py
[2023-05-26T06:52:00.308+0000] {processor.py:836} INFO - DAG(s) dict_keys(['example_sensor_decorator']) retrieved from /home/airflow/.local/lib/python3.7/site-packages/airflow/example_dags/example_sensor_decorator.py
[2023-05-26T06:52:00.337+0000] {logging_mixin.py:149} INFO - [2023-05-26T06:52:00.336+0000] {dag.py:2726} INFO - Sync 1 DAGs
[2023-05-26T06:52:00.366+0000] {logging_mixin.py:149} INFO - [2023-05-26T06:52:00.366+0000] {dag.py:3490} INFO - Setting next_dagrun for example_sensor_decorator to None, run_after=None
[2023-05-26T06:52:00.390+0000] {processor.py:179} INFO - Processing /home/airflow/.local/lib/python3.7/site-packages/airflow/example_dags/example_sensor_decorator.py took 0.099 seconds
[2023-05-26T06:55:18.403+0000] {processor.py:157} INFO - Started process (PID=69) to work on /home/airflow/.local/lib/python3.7/site-packages/airflow/example_dags/example_sensor_decorator.py
[2023-05-26T06:55:18.405+0000] {processor.py:826} INFO - Processing file /home/airflow/.local/lib/python3.7/site-packages/airflow/example_dags/example_sensor_decorator.py for tasks to queue
[2023-05-26T06:55:18.409+0000] {logging_mixin.py:149} INFO - [2023-05-26T06:55:18.409+0000] {dagbag.py:541} INFO - Filling up the DagBag from /home/airflow/.local/lib/python3.7/site-packages/airflow/example_dags/example_sensor_decorator.py
[2023-05-26T06:55:18.417+0000] {processor.py:836} INFO - DAG(s) dict_keys(['example_sensor_decorator']) retrieved from /home/airflow/.local/lib/python3.7/site-packages/airflow/example_dags/example_sensor_decorator.py
[2023-05-26T06:55:18.437+0000] {logging_mixin.py:149} INFO - [2023-05-26T06:55:18.437+0000] {dag.py:2726} INFO - Sync 1 DAGs
[2023-05-26T06:55:18.474+0000] {logging_mixin.py:149} INFO - [2023-05-26T06:55:18.473+0000] {dag.py:3490} INFO - Setting next_dagrun for example_sensor_decorator to None, run_after=None
[2023-05-26T06:55:18.501+0000] {processor.py:179} INFO - Processing /home/airflow/.local/lib/python3.7/site-packages/airflow/example_dags/example_sensor_decorator.py took 0.102 seconds
[2023-05-26T06:55:48.725+0000] {processor.py:157} INFO - Started process (PID=125) to work on /home/airflow/.local/lib/python3.7/site-packages/airflow/example_dags/example_sensor_decorator.py
[2023-05-26T06:55:48.728+0000] {processor.py:826} INFO - Processing file /home/airflow/.local/lib/python3.7/site-packages/airflow/example_dags/example_sensor_decorator.py for tasks to queue
[2023-05-26T06:55:48.731+0000] {logging_mixin.py:149} INFO - [2023-05-26T06:55:48.731+0000] {dagbag.py:541} INFO - Filling up the DagBag from /home/airflow/.local/lib/python3.7/site-packages/airflow/example_dags/example_sensor_decorator.py
[2023-05-26T06:55:48.738+0000] {processor.py:836} INFO - DAG(s) dict_keys(['example_sensor_decorator']) retrieved from /home/airflow/.local/lib/python3.7/site-packages/airflow/example_dags/example_sensor_decorator.py
[2023-05-26T06:55:48.766+0000] {logging_mixin.py:149} INFO - [2023-05-26T06:55:48.766+0000] {dag.py:2726} INFO - Sync 1 DAGs
[2023-05-26T06:55:48.793+0000] {logging_mixin.py:149} INFO - [2023-05-26T06:55:48.793+0000] {dag.py:3490} INFO - Setting next_dagrun for example_sensor_decorator to None, run_after=None
[2023-05-26T06:55:48.818+0000] {processor.py:179} INFO - Processing /home/airflow/.local/lib/python3.7/site-packages/airflow/example_dags/example_sensor_decorator.py took 0.098 seconds
[2023-05-26T06:56:19.428+0000] {processor.py:157} INFO - Started process (PID=181) to work on /home/airflow/.local/lib/python3.7/site-packages/airflow/example_dags/example_sensor_decorator.py
[2023-05-26T06:56:19.430+0000] {processor.py:826} INFO - Processing file /home/airflow/.local/lib/python3.7/site-packages/airflow/example_dags/example_sensor_decorator.py for tasks to queue
[2023-05-26T06:56:19.434+0000] {logging_mixin.py:149} INFO - [2023-05-26T06:56:19.433+0000] {dagbag.py:541} INFO - Filling up the DagBag from /home/airflow/.local/lib/python3.7/site-packages/airflow/example_dags/example_sensor_decorator.py
[2023-05-26T06:56:19.440+0000] {processor.py:836} INFO - DAG(s) dict_keys(['example_sensor_decorator']) retrieved from /home/airflow/.local/lib/python3.7/site-packages/airflow/example_dags/example_sensor_decorator.py
[2023-05-26T06:56:19.469+0000] {logging_mixin.py:149} INFO - [2023-05-26T06:56:19.469+0000] {dag.py:2726} INFO - Sync 1 DAGs
[2023-05-26T06:56:19.501+0000] {logging_mixin.py:149} INFO - [2023-05-26T06:56:19.501+0000] {dag.py:3490} INFO - Setting next_dagrun for example_sensor_decorator to None, run_after=None
[2023-05-26T06:56:19.523+0000] {processor.py:179} INFO - Processing /home/airflow/.local/lib/python3.7/site-packages/airflow/example_dags/example_sensor_decorator.py took 0.099 seconds
[2023-05-26T06:56:49.905+0000] {processor.py:157} INFO - Started process (PID=237) to work on /home/airflow/.local/lib/python3.7/site-packages/airflow/example_dags/example_sensor_decorator.py
[2023-05-26T06:56:49.907+0000] {processor.py:826} INFO - Processing file /home/airflow/.local/lib/python3.7/site-packages/airflow/example_dags/example_sensor_decorator.py for tasks to queue
[2023-05-26T06:56:49.910+0000] {logging_mixin.py:149} INFO - [2023-05-26T06:56:49.910+0000] {dagbag.py:541} INFO - Filling up the DagBag from /home/airflow/.local/lib/python3.7/site-packages/airflow/example_dags/example_sensor_decorator.py
[2023-05-26T06:56:49.917+0000] {processor.py:836} INFO - DAG(s) dict_keys(['example_sensor_decorator']) retrieved from /home/airflow/.local/lib/python3.7/site-packages/airflow/example_dags/example_sensor_decorator.py
[2023-05-26T06:56:49.947+0000] {logging_mixin.py:149} INFO - [2023-05-26T06:56:49.946+0000] {dag.py:2726} INFO - Sync 1 DAGs
[2023-05-26T06:56:49.978+0000] {logging_mixin.py:149} INFO - [2023-05-26T06:56:49.978+0000] {dag.py:3490} INFO - Setting next_dagrun for example_sensor_decorator to None, run_after=None
[2023-05-26T06:56:50.002+0000] {processor.py:179} INFO - Processing /home/airflow/.local/lib/python3.7/site-packages/airflow/example_dags/example_sensor_decorator.py took 0.101 seconds
[2023-05-26T06:57:20.338+0000] {processor.py:157} INFO - Started process (PID=292) to work on /home/airflow/.local/lib/python3.7/site-packages/airflow/example_dags/example_sensor_decorator.py
[2023-05-26T06:57:20.340+0000] {processor.py:826} INFO - Processing file /home/airflow/.local/lib/python3.7/site-packages/airflow/example_dags/example_sensor_decorator.py for tasks to queue
[2023-05-26T06:57:20.344+0000] {logging_mixin.py:149} INFO - [2023-05-26T06:57:20.344+0000] {dagbag.py:541} INFO - Filling up the DagBag from /home/airflow/.local/lib/python3.7/site-packages/airflow/example_dags/example_sensor_decorator.py
[2023-05-26T06:57:20.350+0000] {processor.py:836} INFO - DAG(s) dict_keys(['example_sensor_decorator']) retrieved from /home/airflow/.local/lib/python3.7/site-packages/airflow/example_dags/example_sensor_decorator.py
[2023-05-26T06:57:20.379+0000] {logging_mixin.py:149} INFO - [2023-05-26T06:57:20.379+0000] {dag.py:2726} INFO - Sync 1 DAGs
[2023-05-26T06:57:20.410+0000] {logging_mixin.py:149} INFO - [2023-05-26T06:57:20.410+0000] {dag.py:3490} INFO - Setting next_dagrun for example_sensor_decorator to None, run_after=None
[2023-05-26T06:57:20.432+0000] {processor.py:179} INFO - Processing /home/airflow/.local/lib/python3.7/site-packages/airflow/example_dags/example_sensor_decorator.py took 0.098 seconds
[2023-05-26T06:57:51.132+0000] {processor.py:157} INFO - Started process (PID=348) to work on /home/airflow/.local/lib/python3.7/site-packages/airflow/example_dags/example_sensor_decorator.py
[2023-05-26T06:57:51.134+0000] {processor.py:826} INFO - Processing file /home/airflow/.local/lib/python3.7/site-packages/airflow/example_dags/example_sensor_decorator.py for tasks to queue
[2023-05-26T06:57:51.137+0000] {logging_mixin.py:149} INFO - [2023-05-26T06:57:51.137+0000] {dagbag.py:541} INFO - Filling up the DagBag from /home/airflow/.local/lib/python3.7/site-packages/airflow/example_dags/example_sensor_decorator.py
[2023-05-26T06:57:51.144+0000] {processor.py:836} INFO - DAG(s) dict_keys(['example_sensor_decorator']) retrieved from /home/airflow/.local/lib/python3.7/site-packages/airflow/example_dags/example_sensor_decorator.py
[2023-05-26T06:57:51.172+0000] {logging_mixin.py:149} INFO - [2023-05-26T06:57:51.172+0000] {dag.py:2726} INFO - Sync 1 DAGs
[2023-05-26T06:57:51.204+0000] {logging_mixin.py:149} INFO - [2023-05-26T06:57:51.204+0000] {dag.py:3490} INFO - Setting next_dagrun for example_sensor_decorator to None, run_after=None
[2023-05-26T06:57:51.226+0000] {processor.py:179} INFO - Processing /home/airflow/.local/lib/python3.7/site-packages/airflow/example_dags/example_sensor_decorator.py took 0.098 seconds
[2023-05-26T06:58:21.778+0000] {processor.py:157} INFO - Started process (PID=404) to work on /home/airflow/.local/lib/python3.7/site-packages/airflow/example_dags/example_sensor_decorator.py
[2023-05-26T06:58:21.779+0000] {processor.py:826} INFO - Processing file /home/airflow/.local/lib/python3.7/site-packages/airflow/example_dags/example_sensor_decorator.py for tasks to queue
[2023-05-26T06:58:21.783+0000] {logging_mixin.py:149} INFO - [2023-05-26T06:58:21.783+0000] {dagbag.py:541} INFO - Filling up the DagBag from /home/airflow/.local/lib/python3.7/site-packages/airflow/example_dags/example_sensor_decorator.py
[2023-05-26T06:58:21.790+0000] {processor.py:836} INFO - DAG(s) dict_keys(['example_sensor_decorator']) retrieved from /home/airflow/.local/lib/python3.7/site-packages/airflow/example_dags/example_sensor_decorator.py
[2023-05-26T06:58:21.818+0000] {logging_mixin.py:149} INFO - [2023-05-26T06:58:21.817+0000] {dag.py:2726} INFO - Sync 1 DAGs
[2023-05-26T06:58:21.850+0000] {logging_mixin.py:149} INFO - [2023-05-26T06:58:21.850+0000] {dag.py:3490} INFO - Setting next_dagrun for example_sensor_decorator to None, run_after=None
[2023-05-26T06:58:21.874+0000] {processor.py:179} INFO - Processing /home/airflow/.local/lib/python3.7/site-packages/airflow/example_dags/example_sensor_decorator.py took 0.101 seconds
[2023-05-26T06:58:52.705+0000] {processor.py:157} INFO - Started process (PID=459) to work on /home/airflow/.local/lib/python3.7/site-packages/airflow/example_dags/example_sensor_decorator.py
[2023-05-26T06:58:52.706+0000] {processor.py:826} INFO - Processing file /home/airflow/.local/lib/python3.7/site-packages/airflow/example_dags/example_sensor_decorator.py for tasks to queue
[2023-05-26T06:58:52.711+0000] {logging_mixin.py:149} INFO - [2023-05-26T06:58:52.710+0000] {dagbag.py:541} INFO - Filling up the DagBag from /home/airflow/.local/lib/python3.7/site-packages/airflow/example_dags/example_sensor_decorator.py
[2023-05-26T06:58:52.717+0000] {processor.py:836} INFO - DAG(s) dict_keys(['example_sensor_decorator']) retrieved from /home/airflow/.local/lib/python3.7/site-packages/airflow/example_dags/example_sensor_decorator.py
[2023-05-26T06:58:52.746+0000] {logging_mixin.py:149} INFO - [2023-05-26T06:58:52.746+0000] {dag.py:2726} INFO - Sync 1 DAGs
[2023-05-26T06:58:52.776+0000] {logging_mixin.py:149} INFO - [2023-05-26T06:58:52.776+0000] {dag.py:3490} INFO - Setting next_dagrun for example_sensor_decorator to None, run_after=None
[2023-05-26T06:58:52.804+0000] {processor.py:179} INFO - Processing /home/airflow/.local/lib/python3.7/site-packages/airflow/example_dags/example_sensor_decorator.py took 0.103 seconds
[2023-05-26T06:59:23.551+0000] {processor.py:157} INFO - Started process (PID=515) to work on /home/airflow/.local/lib/python3.7/site-packages/airflow/example_dags/example_sensor_decorator.py
[2023-05-26T06:59:23.553+0000] {processor.py:826} INFO - Processing file /home/airflow/.local/lib/python3.7/site-packages/airflow/example_dags/example_sensor_decorator.py for tasks to queue
[2023-05-26T06:59:23.557+0000] {logging_mixin.py:149} INFO - [2023-05-26T06:59:23.556+0000] {dagbag.py:541} INFO - Filling up the DagBag from /home/airflow/.local/lib/python3.7/site-packages/airflow/example_dags/example_sensor_decorator.py
[2023-05-26T06:59:23.564+0000] {processor.py:836} INFO - DAG(s) dict_keys(['example_sensor_decorator']) retrieved from /home/airflow/.local/lib/python3.7/site-packages/airflow/example_dags/example_sensor_decorator.py
[2023-05-26T06:59:23.593+0000] {logging_mixin.py:149} INFO - [2023-05-26T06:59:23.593+0000] {dag.py:2726} INFO - Sync 1 DAGs
[2023-05-26T06:59:23.621+0000] {logging_mixin.py:149} INFO - [2023-05-26T06:59:23.621+0000] {dag.py:3490} INFO - Setting next_dagrun for example_sensor_decorator to None, run_after=None
[2023-05-26T06:59:23.645+0000] {processor.py:179} INFO - Processing /home/airflow/.local/lib/python3.7/site-packages/airflow/example_dags/example_sensor_decorator.py took 0.098 seconds
[2023-05-26T06:59:54.548+0000] {processor.py:157} INFO - Started process (PID=571) to work on /home/airflow/.local/lib/python3.7/site-packages/airflow/example_dags/example_sensor_decorator.py
[2023-05-26T06:59:54.550+0000] {processor.py:826} INFO - Processing file /home/airflow/.local/lib/python3.7/site-packages/airflow/example_dags/example_sensor_decorator.py for tasks to queue
[2023-05-26T06:59:54.554+0000] {logging_mixin.py:149} INFO - [2023-05-26T06:59:54.554+0000] {dagbag.py:541} INFO - Filling up the DagBag from /home/airflow/.local/lib/python3.7/site-packages/airflow/example_dags/example_sensor_decorator.py
[2023-05-26T06:59:54.561+0000] {processor.py:836} INFO - DAG(s) dict_keys(['example_sensor_decorator']) retrieved from /home/airflow/.local/lib/python3.7/site-packages/airflow/example_dags/example_sensor_decorator.py
[2023-05-26T06:59:54.594+0000] {logging_mixin.py:149} INFO - [2023-05-26T06:59:54.594+0000] {dag.py:2726} INFO - Sync 1 DAGs
[2023-05-26T06:59:54.637+0000] {logging_mixin.py:149} INFO - [2023-05-26T06:59:54.636+0000] {dag.py:3490} INFO - Setting next_dagrun for example_sensor_decorator to None, run_after=None
[2023-05-26T06:59:54.665+0000] {processor.py:179} INFO - Processing /home/airflow/.local/lib/python3.7/site-packages/airflow/example_dags/example_sensor_decorator.py took 0.122 seconds
[2023-05-26T07:00:25.329+0000] {processor.py:157} INFO - Started process (PID=626) to work on /home/airflow/.local/lib/python3.7/site-packages/airflow/example_dags/example_sensor_decorator.py
[2023-05-26T07:00:25.330+0000] {processor.py:826} INFO - Processing file /home/airflow/.local/lib/python3.7/site-packages/airflow/example_dags/example_sensor_decorator.py for tasks to queue
[2023-05-26T07:00:25.335+0000] {logging_mixin.py:149} INFO - [2023-05-26T07:00:25.334+0000] {dagbag.py:541} INFO - Filling up the DagBag from /home/airflow/.local/lib/python3.7/site-packages/airflow/example_dags/example_sensor_decorator.py
[2023-05-26T07:00:25.342+0000] {processor.py:836} INFO - DAG(s) dict_keys(['example_sensor_decorator']) retrieved from /home/airflow/.local/lib/python3.7/site-packages/airflow/example_dags/example_sensor_decorator.py
[2023-05-26T07:00:25.371+0000] {logging_mixin.py:149} INFO - [2023-05-26T07:00:25.370+0000] {dag.py:2726} INFO - Sync 1 DAGs
[2023-05-26T07:00:25.403+0000] {logging_mixin.py:149} INFO - [2023-05-26T07:00:25.403+0000] {dag.py:3490} INFO - Setting next_dagrun for example_sensor_decorator to None, run_after=None
[2023-05-26T07:00:25.426+0000] {processor.py:179} INFO - Processing /home/airflow/.local/lib/python3.7/site-packages/airflow/example_dags/example_sensor_decorator.py took 0.101 seconds
[2023-05-26T07:00:56.078+0000] {processor.py:157} INFO - Started process (PID=682) to work on /home/airflow/.local/lib/python3.7/site-packages/airflow/example_dags/example_sensor_decorator.py
[2023-05-26T07:00:56.080+0000] {processor.py:826} INFO - Processing file /home/airflow/.local/lib/python3.7/site-packages/airflow/example_dags/example_sensor_decorator.py for tasks to queue
[2023-05-26T07:00:56.083+0000] {logging_mixin.py:149} INFO - [2023-05-26T07:00:56.083+0000] {dagbag.py:541} INFO - Filling up the DagBag from /home/airflow/.local/lib/python3.7/site-packages/airflow/example_dags/example_sensor_decorator.py
[2023-05-26T07:00:56.090+0000] {processor.py:836} INFO - DAG(s) dict_keys(['example_sensor_decorator']) retrieved from /home/airflow/.local/lib/python3.7/site-packages/airflow/example_dags/example_sensor_decorator.py
[2023-05-26T07:00:56.118+0000] {logging_mixin.py:149} INFO - [2023-05-26T07:00:56.117+0000] {dag.py:2726} INFO - Sync 1 DAGs
[2023-05-26T07:00:56.146+0000] {logging_mixin.py:149} INFO - [2023-05-26T07:00:56.146+0000] {dag.py:3490} INFO - Setting next_dagrun for example_sensor_decorator to None, run_after=None
[2023-05-26T07:00:56.168+0000] {processor.py:179} INFO - Processing /home/airflow/.local/lib/python3.7/site-packages/airflow/example_dags/example_sensor_decorator.py took 0.094 seconds
[2023-05-26T07:01:27.303+0000] {processor.py:157} INFO - Started process (PID=738) to work on /home/airflow/.local/lib/python3.7/site-packages/airflow/example_dags/example_sensor_decorator.py
[2023-05-26T07:01:27.306+0000] {processor.py:826} INFO - Processing file /home/airflow/.local/lib/python3.7/site-packages/airflow/example_dags/example_sensor_decorator.py for tasks to queue
[2023-05-26T07:01:27.312+0000] {logging_mixin.py:149} INFO - [2023-05-26T07:01:27.311+0000] {dagbag.py:541} INFO - Filling up the DagBag from /home/airflow/.local/lib/python3.7/site-packages/airflow/example_dags/example_sensor_decorator.py
[2023-05-26T07:01:27.324+0000] {processor.py:836} INFO - DAG(s) dict_keys(['example_sensor_decorator']) retrieved from /home/airflow/.local/lib/python3.7/site-packages/airflow/example_dags/example_sensor_decorator.py
[2023-05-26T07:01:27.369+0000] {logging_mixin.py:149} INFO - [2023-05-26T07:01:27.368+0000] {dag.py:2726} INFO - Sync 1 DAGs
[2023-05-26T07:01:27.425+0000] {logging_mixin.py:149} INFO - [2023-05-26T07:01:27.425+0000] {dag.py:3490} INFO - Setting next_dagrun for example_sensor_decorator to None, run_after=None
[2023-05-26T07:01:27.492+0000] {processor.py:179} INFO - Processing /home/airflow/.local/lib/python3.7/site-packages/airflow/example_dags/example_sensor_decorator.py took 0.196 seconds
[2023-05-26T07:01:58.484+0000] {processor.py:157} INFO - Started process (PID=794) to work on /home/airflow/.local/lib/python3.7/site-packages/airflow/example_dags/example_sensor_decorator.py
[2023-05-26T07:01:58.490+0000] {processor.py:826} INFO - Processing file /home/airflow/.local/lib/python3.7/site-packages/airflow/example_dags/example_sensor_decorator.py for tasks to queue
[2023-05-26T07:01:58.498+0000] {logging_mixin.py:149} INFO - [2023-05-26T07:01:58.497+0000] {dagbag.py:541} INFO - Filling up the DagBag from /home/airflow/.local/lib/python3.7/site-packages/airflow/example_dags/example_sensor_decorator.py
[2023-05-26T07:01:58.535+0000] {processor.py:836} INFO - DAG(s) dict_keys(['example_sensor_decorator']) retrieved from /home/airflow/.local/lib/python3.7/site-packages/airflow/example_dags/example_sensor_decorator.py
[2023-05-26T07:01:58.598+0000] {logging_mixin.py:149} INFO - [2023-05-26T07:01:58.597+0000] {dag.py:2726} INFO - Sync 1 DAGs
[2023-05-26T07:01:58.683+0000] {logging_mixin.py:149} INFO - [2023-05-26T07:01:58.682+0000] {dag.py:3490} INFO - Setting next_dagrun for example_sensor_decorator to None, run_after=None
[2023-05-26T07:01:58.775+0000] {processor.py:179} INFO - Processing /home/airflow/.local/lib/python3.7/site-packages/airflow/example_dags/example_sensor_decorator.py took 0.304 seconds
[2023-05-26T07:02:31.878+0000] {processor.py:157} INFO - Started process (PID=850) to work on /home/airflow/.local/lib/python3.7/site-packages/airflow/example_dags/example_sensor_decorator.py
[2023-05-26T07:02:31.881+0000] {processor.py:826} INFO - Processing file /home/airflow/.local/lib/python3.7/site-packages/airflow/example_dags/example_sensor_decorator.py for tasks to queue
[2023-05-26T07:02:31.889+0000] {logging_mixin.py:149} INFO - [2023-05-26T07:02:31.888+0000] {dagbag.py:541} INFO - Filling up the DagBag from /home/airflow/.local/lib/python3.7/site-packages/airflow/example_dags/example_sensor_decorator.py
[2023-05-26T07:02:31.906+0000] {processor.py:836} INFO - DAG(s) dict_keys(['example_sensor_decorator']) retrieved from /home/airflow/.local/lib/python3.7/site-packages/airflow/example_dags/example_sensor_decorator.py
[2023-05-26T07:02:31.988+0000] {logging_mixin.py:149} INFO - [2023-05-26T07:02:31.986+0000] {dag.py:2726} INFO - Sync 1 DAGs
[2023-05-26T07:02:32.059+0000] {logging_mixin.py:149} INFO - [2023-05-26T07:02:32.058+0000] {dag.py:3490} INFO - Setting next_dagrun for example_sensor_decorator to None, run_after=None
[2023-05-26T07:02:32.112+0000] {processor.py:179} INFO - Processing /home/airflow/.local/lib/python3.7/site-packages/airflow/example_dags/example_sensor_decorator.py took 0.244 seconds
[2023-05-26T07:03:02.228+0000] {processor.py:157} INFO - Started process (PID=911) to work on /home/airflow/.local/lib/python3.7/site-packages/airflow/example_dags/example_sensor_decorator.py
[2023-05-26T07:03:02.230+0000] {processor.py:826} INFO - Processing file /home/airflow/.local/lib/python3.7/site-packages/airflow/example_dags/example_sensor_decorator.py for tasks to queue
[2023-05-26T07:03:02.233+0000] {logging_mixin.py:149} INFO - [2023-05-26T07:03:02.233+0000] {dagbag.py:541} INFO - Filling up the DagBag from /home/airflow/.local/lib/python3.7/site-packages/airflow/example_dags/example_sensor_decorator.py
[2023-05-26T07:03:02.240+0000] {processor.py:836} INFO - DAG(s) dict_keys(['example_sensor_decorator']) retrieved from /home/airflow/.local/lib/python3.7/site-packages/airflow/example_dags/example_sensor_decorator.py
[2023-05-26T07:03:02.267+0000] {logging_mixin.py:149} INFO - [2023-05-26T07:03:02.266+0000] {dag.py:2726} INFO - Sync 1 DAGs
[2023-05-26T07:03:02.296+0000] {logging_mixin.py:149} INFO - [2023-05-26T07:03:02.296+0000] {dag.py:3490} INFO - Setting next_dagrun for example_sensor_decorator to None, run_after=None
[2023-05-26T07:03:02.327+0000] {processor.py:179} INFO - Processing /home/airflow/.local/lib/python3.7/site-packages/airflow/example_dags/example_sensor_decorator.py took 0.103 seconds
[2023-05-26T07:03:32.596+0000] {processor.py:157} INFO - Started process (PID=967) to work on /home/airflow/.local/lib/python3.7/site-packages/airflow/example_dags/example_sensor_decorator.py
[2023-05-26T07:03:32.598+0000] {processor.py:826} INFO - Processing file /home/airflow/.local/lib/python3.7/site-packages/airflow/example_dags/example_sensor_decorator.py for tasks to queue
[2023-05-26T07:03:32.602+0000] {logging_mixin.py:149} INFO - [2023-05-26T07:03:32.602+0000] {dagbag.py:541} INFO - Filling up the DagBag from /home/airflow/.local/lib/python3.7/site-packages/airflow/example_dags/example_sensor_decorator.py
[2023-05-26T07:03:32.611+0000] {processor.py:836} INFO - DAG(s) dict_keys(['example_sensor_decorator']) retrieved from /home/airflow/.local/lib/python3.7/site-packages/airflow/example_dags/example_sensor_decorator.py
[2023-05-26T07:03:32.640+0000] {logging_mixin.py:149} INFO - [2023-05-26T07:03:32.639+0000] {dag.py:2726} INFO - Sync 1 DAGs
[2023-05-26T07:03:32.669+0000] {logging_mixin.py:149} INFO - [2023-05-26T07:03:32.668+0000] {dag.py:3490} INFO - Setting next_dagrun for example_sensor_decorator to None, run_after=None
[2023-05-26T07:03:32.696+0000] {processor.py:179} INFO - Processing /home/airflow/.local/lib/python3.7/site-packages/airflow/example_dags/example_sensor_decorator.py took 0.104 seconds
[2023-05-26T07:04:03.645+0000] {processor.py:157} INFO - Started process (PID=1023) to work on /home/airflow/.local/lib/python3.7/site-packages/airflow/example_dags/example_sensor_decorator.py
[2023-05-26T07:04:03.652+0000] {processor.py:826} INFO - Processing file /home/airflow/.local/lib/python3.7/site-packages/airflow/example_dags/example_sensor_decorator.py for tasks to queue
[2023-05-26T07:04:03.659+0000] {logging_mixin.py:149} INFO - [2023-05-26T07:04:03.658+0000] {dagbag.py:541} INFO - Filling up the DagBag from /home/airflow/.local/lib/python3.7/site-packages/airflow/example_dags/example_sensor_decorator.py
[2023-05-26T07:04:03.678+0000] {processor.py:836} INFO - DAG(s) dict_keys(['example_sensor_decorator']) retrieved from /home/airflow/.local/lib/python3.7/site-packages/airflow/example_dags/example_sensor_decorator.py
[2023-05-26T07:04:03.734+0000] {logging_mixin.py:149} INFO - [2023-05-26T07:04:03.733+0000] {dag.py:2726} INFO - Sync 1 DAGs
[2023-05-26T07:04:03.774+0000] {logging_mixin.py:149} INFO - [2023-05-26T07:04:03.774+0000] {dag.py:3490} INFO - Setting next_dagrun for example_sensor_decorator to None, run_after=None
[2023-05-26T07:04:03.804+0000] {processor.py:179} INFO - Processing /home/airflow/.local/lib/python3.7/site-packages/airflow/example_dags/example_sensor_decorator.py took 0.171 seconds
[2023-05-26T07:04:34.429+0000] {processor.py:157} INFO - Started process (PID=1080) to work on /home/airflow/.local/lib/python3.7/site-packages/airflow/example_dags/example_sensor_decorator.py
[2023-05-26T07:04:34.431+0000] {processor.py:826} INFO - Processing file /home/airflow/.local/lib/python3.7/site-packages/airflow/example_dags/example_sensor_decorator.py for tasks to queue
[2023-05-26T07:04:34.434+0000] {logging_mixin.py:149} INFO - [2023-05-26T07:04:34.434+0000] {dagbag.py:541} INFO - Filling up the DagBag from /home/airflow/.local/lib/python3.7/site-packages/airflow/example_dags/example_sensor_decorator.py
[2023-05-26T07:04:34.440+0000] {processor.py:836} INFO - DAG(s) dict_keys(['example_sensor_decorator']) retrieved from /home/airflow/.local/lib/python3.7/site-packages/airflow/example_dags/example_sensor_decorator.py
[2023-05-26T07:04:34.473+0000] {logging_mixin.py:149} INFO - [2023-05-26T07:04:34.472+0000] {dag.py:2726} INFO - Sync 1 DAGs
[2023-05-26T07:04:34.503+0000] {logging_mixin.py:149} INFO - [2023-05-26T07:04:34.503+0000] {dag.py:3490} INFO - Setting next_dagrun for example_sensor_decorator to None, run_after=None
[2023-05-26T07:04:34.533+0000] {processor.py:179} INFO - Processing /home/airflow/.local/lib/python3.7/site-packages/airflow/example_dags/example_sensor_decorator.py took 0.109 seconds
