[2023-05-26T06:51:29.612+0000] {processor.py:157} INFO - Started process (PID=74) to work on /home/airflow/.local/lib/python3.7/site-packages/airflow/example_dags/example_skip_dag.py
[2023-05-26T06:51:29.615+0000] {processor.py:826} INFO - Processing file /home/airflow/.local/lib/python3.7/site-packages/airflow/example_dags/example_skip_dag.py for tasks to queue
[2023-05-26T06:51:29.620+0000] {logging_mixin.py:149} INFO - [2023-05-26T06:51:29.620+0000] {dagbag.py:541} INFO - Filling up the DagBag from /home/airflow/.local/lib/python3.7/site-packages/airflow/example_dags/example_skip_dag.py
[2023-05-26T06:51:29.634+0000] {processor.py:836} INFO - DAG(s) dict_keys(['example_skip_dag']) retrieved from /home/airflow/.local/lib/python3.7/site-packages/airflow/example_dags/example_skip_dag.py
[2023-05-26T06:51:29.668+0000] {logging_mixin.py:149} INFO - [2023-05-26T06:51:29.667+0000] {dag.py:2726} INFO - Sync 1 DAGs
[2023-05-26T06:51:29.743+0000] {logging_mixin.py:149} INFO - [2023-05-26T06:51:29.742+0000] {dag.py:3490} INFO - Setting next_dagrun for example_skip_dag to 2023-05-25T06:51:29.742307+00:00, run_after=2023-05-26T06:51:29.742307+00:00
[2023-05-26T06:51:29.801+0000] {processor.py:179} INFO - Processing /home/airflow/.local/lib/python3.7/site-packages/airflow/example_dags/example_skip_dag.py took 0.196 seconds
[2023-05-26T06:52:00.719+0000] {processor.py:157} INFO - Started process (PID=129) to work on /home/airflow/.local/lib/python3.7/site-packages/airflow/example_dags/example_skip_dag.py
[2023-05-26T06:52:00.721+0000] {processor.py:826} INFO - Processing file /home/airflow/.local/lib/python3.7/site-packages/airflow/example_dags/example_skip_dag.py for tasks to queue
[2023-05-26T06:52:00.724+0000] {logging_mixin.py:149} INFO - [2023-05-26T06:52:00.724+0000] {dagbag.py:541} INFO - Filling up the DagBag from /home/airflow/.local/lib/python3.7/site-packages/airflow/example_dags/example_skip_dag.py
[2023-05-26T06:52:00.732+0000] {processor.py:836} INFO - DAG(s) dict_keys(['example_skip_dag']) retrieved from /home/airflow/.local/lib/python3.7/site-packages/airflow/example_dags/example_skip_dag.py
[2023-05-26T06:52:00.761+0000] {logging_mixin.py:149} INFO - [2023-05-26T06:52:00.761+0000] {dag.py:2726} INFO - Sync 1 DAGs
[2023-05-26T06:52:00.791+0000] {logging_mixin.py:149} INFO - [2023-05-26T06:52:00.790+0000] {dag.py:3490} INFO - Setting next_dagrun for example_skip_dag to 2023-05-25T06:52:00.790592+00:00, run_after=2023-05-26T06:52:00.790592+00:00
[2023-05-26T06:52:00.816+0000] {processor.py:179} INFO - Processing /home/airflow/.local/lib/python3.7/site-packages/airflow/example_dags/example_skip_dag.py took 0.102 seconds
[2023-05-26T06:55:18.692+0000] {processor.py:157} INFO - Started process (PID=73) to work on /home/airflow/.local/lib/python3.7/site-packages/airflow/example_dags/example_skip_dag.py
[2023-05-26T06:55:18.694+0000] {processor.py:826} INFO - Processing file /home/airflow/.local/lib/python3.7/site-packages/airflow/example_dags/example_skip_dag.py for tasks to queue
[2023-05-26T06:55:18.698+0000] {logging_mixin.py:149} INFO - [2023-05-26T06:55:18.698+0000] {dagbag.py:541} INFO - Filling up the DagBag from /home/airflow/.local/lib/python3.7/site-packages/airflow/example_dags/example_skip_dag.py
[2023-05-26T06:55:18.711+0000] {processor.py:836} INFO - DAG(s) dict_keys(['example_skip_dag']) retrieved from /home/airflow/.local/lib/python3.7/site-packages/airflow/example_dags/example_skip_dag.py
[2023-05-26T06:55:18.732+0000] {logging_mixin.py:149} INFO - [2023-05-26T06:55:18.730+0000] {dag.py:2726} INFO - Sync 1 DAGs
[2023-05-26T06:55:18.768+0000] {logging_mixin.py:149} INFO - [2023-05-26T06:55:18.768+0000] {dag.py:3490} INFO - Setting next_dagrun for example_skip_dag to 2023-05-25T06:55:18.767716+00:00, run_after=2023-05-26T06:55:18.767716+00:00
[2023-05-26T06:55:18.797+0000] {processor.py:179} INFO - Processing /home/airflow/.local/lib/python3.7/site-packages/airflow/example_dags/example_skip_dag.py took 0.110 seconds
[2023-05-26T06:55:48.995+0000] {processor.py:157} INFO - Started process (PID=129) to work on /home/airflow/.local/lib/python3.7/site-packages/airflow/example_dags/example_skip_dag.py
[2023-05-26T06:55:48.997+0000] {processor.py:826} INFO - Processing file /home/airflow/.local/lib/python3.7/site-packages/airflow/example_dags/example_skip_dag.py for tasks to queue
[2023-05-26T06:55:49.001+0000] {logging_mixin.py:149} INFO - [2023-05-26T06:55:49.000+0000] {dagbag.py:541} INFO - Filling up the DagBag from /home/airflow/.local/lib/python3.7/site-packages/airflow/example_dags/example_skip_dag.py
[2023-05-26T06:55:49.009+0000] {processor.py:836} INFO - DAG(s) dict_keys(['example_skip_dag']) retrieved from /home/airflow/.local/lib/python3.7/site-packages/airflow/example_dags/example_skip_dag.py
[2023-05-26T06:55:49.041+0000] {logging_mixin.py:149} INFO - [2023-05-26T06:55:49.040+0000] {dag.py:2726} INFO - Sync 1 DAGs
[2023-05-26T06:55:49.070+0000] {logging_mixin.py:149} INFO - [2023-05-26T06:55:49.070+0000] {dag.py:3490} INFO - Setting next_dagrun for example_skip_dag to 2023-05-25T06:55:49.070355+00:00, run_after=2023-05-26T06:55:49.070355+00:00
[2023-05-26T06:55:49.095+0000] {processor.py:179} INFO - Processing /home/airflow/.local/lib/python3.7/site-packages/airflow/example_dags/example_skip_dag.py took 0.105 seconds
[2023-05-26T06:56:19.700+0000] {processor.py:157} INFO - Started process (PID=185) to work on /home/airflow/.local/lib/python3.7/site-packages/airflow/example_dags/example_skip_dag.py
[2023-05-26T06:56:19.702+0000] {processor.py:826} INFO - Processing file /home/airflow/.local/lib/python3.7/site-packages/airflow/example_dags/example_skip_dag.py for tasks to queue
[2023-05-26T06:56:19.705+0000] {logging_mixin.py:149} INFO - [2023-05-26T06:56:19.705+0000] {dagbag.py:541} INFO - Filling up the DagBag from /home/airflow/.local/lib/python3.7/site-packages/airflow/example_dags/example_skip_dag.py
[2023-05-26T06:56:19.712+0000] {processor.py:836} INFO - DAG(s) dict_keys(['example_skip_dag']) retrieved from /home/airflow/.local/lib/python3.7/site-packages/airflow/example_dags/example_skip_dag.py
[2023-05-26T06:56:19.741+0000] {logging_mixin.py:149} INFO - [2023-05-26T06:56:19.740+0000] {dag.py:2726} INFO - Sync 1 DAGs
[2023-05-26T06:56:19.772+0000] {logging_mixin.py:149} INFO - [2023-05-26T06:56:19.772+0000] {dag.py:3490} INFO - Setting next_dagrun for example_skip_dag to 2023-05-25T06:56:19.771803+00:00, run_after=2023-05-26T06:56:19.771803+00:00
[2023-05-26T06:56:19.797+0000] {processor.py:179} INFO - Processing /home/airflow/.local/lib/python3.7/site-packages/airflow/example_dags/example_skip_dag.py took 0.101 seconds
[2023-05-26T06:56:50.174+0000] {processor.py:157} INFO - Started process (PID=241) to work on /home/airflow/.local/lib/python3.7/site-packages/airflow/example_dags/example_skip_dag.py
[2023-05-26T06:56:50.176+0000] {processor.py:826} INFO - Processing file /home/airflow/.local/lib/python3.7/site-packages/airflow/example_dags/example_skip_dag.py for tasks to queue
[2023-05-26T06:56:50.179+0000] {logging_mixin.py:149} INFO - [2023-05-26T06:56:50.179+0000] {dagbag.py:541} INFO - Filling up the DagBag from /home/airflow/.local/lib/python3.7/site-packages/airflow/example_dags/example_skip_dag.py
[2023-05-26T06:56:50.187+0000] {processor.py:836} INFO - DAG(s) dict_keys(['example_skip_dag']) retrieved from /home/airflow/.local/lib/python3.7/site-packages/airflow/example_dags/example_skip_dag.py
[2023-05-26T06:56:50.216+0000] {logging_mixin.py:149} INFO - [2023-05-26T06:56:50.215+0000] {dag.py:2726} INFO - Sync 1 DAGs
[2023-05-26T06:56:50.246+0000] {logging_mixin.py:149} INFO - [2023-05-26T06:56:50.246+0000] {dag.py:3490} INFO - Setting next_dagrun for example_skip_dag to 2023-05-25T06:56:50.245767+00:00, run_after=2023-05-26T06:56:50.245767+00:00
[2023-05-26T06:56:50.274+0000] {processor.py:179} INFO - Processing /home/airflow/.local/lib/python3.7/site-packages/airflow/example_dags/example_skip_dag.py took 0.104 seconds
[2023-05-26T06:57:20.615+0000] {processor.py:157} INFO - Started process (PID=296) to work on /home/airflow/.local/lib/python3.7/site-packages/airflow/example_dags/example_skip_dag.py
[2023-05-26T06:57:20.617+0000] {processor.py:826} INFO - Processing file /home/airflow/.local/lib/python3.7/site-packages/airflow/example_dags/example_skip_dag.py for tasks to queue
[2023-05-26T06:57:20.621+0000] {logging_mixin.py:149} INFO - [2023-05-26T06:57:20.620+0000] {dagbag.py:541} INFO - Filling up the DagBag from /home/airflow/.local/lib/python3.7/site-packages/airflow/example_dags/example_skip_dag.py
[2023-05-26T06:57:20.628+0000] {processor.py:836} INFO - DAG(s) dict_keys(['example_skip_dag']) retrieved from /home/airflow/.local/lib/python3.7/site-packages/airflow/example_dags/example_skip_dag.py
[2023-05-26T06:57:20.657+0000] {logging_mixin.py:149} INFO - [2023-05-26T06:57:20.657+0000] {dag.py:2726} INFO - Sync 1 DAGs
[2023-05-26T06:57:20.686+0000] {logging_mixin.py:149} INFO - [2023-05-26T06:57:20.686+0000] {dag.py:3490} INFO - Setting next_dagrun for example_skip_dag to 2023-05-25T06:57:20.686009+00:00, run_after=2023-05-26T06:57:20.686009+00:00
[2023-05-26T06:57:20.713+0000] {processor.py:179} INFO - Processing /home/airflow/.local/lib/python3.7/site-packages/airflow/example_dags/example_skip_dag.py took 0.102 seconds
[2023-05-26T06:57:51.405+0000] {processor.py:157} INFO - Started process (PID=352) to work on /home/airflow/.local/lib/python3.7/site-packages/airflow/example_dags/example_skip_dag.py
[2023-05-26T06:57:51.407+0000] {processor.py:826} INFO - Processing file /home/airflow/.local/lib/python3.7/site-packages/airflow/example_dags/example_skip_dag.py for tasks to queue
[2023-05-26T06:57:51.410+0000] {logging_mixin.py:149} INFO - [2023-05-26T06:57:51.410+0000] {dagbag.py:541} INFO - Filling up the DagBag from /home/airflow/.local/lib/python3.7/site-packages/airflow/example_dags/example_skip_dag.py
[2023-05-26T06:57:51.417+0000] {processor.py:836} INFO - DAG(s) dict_keys(['example_skip_dag']) retrieved from /home/airflow/.local/lib/python3.7/site-packages/airflow/example_dags/example_skip_dag.py
[2023-05-26T06:57:51.447+0000] {logging_mixin.py:149} INFO - [2023-05-26T06:57:51.447+0000] {dag.py:2726} INFO - Sync 1 DAGs
[2023-05-26T06:57:51.476+0000] {logging_mixin.py:149} INFO - [2023-05-26T06:57:51.476+0000] {dag.py:3490} INFO - Setting next_dagrun for example_skip_dag to 2023-05-25T06:57:51.475880+00:00, run_after=2023-05-26T06:57:51.475880+00:00
[2023-05-26T06:57:51.502+0000] {processor.py:179} INFO - Processing /home/airflow/.local/lib/python3.7/site-packages/airflow/example_dags/example_skip_dag.py took 0.101 seconds
[2023-05-26T06:58:22.048+0000] {processor.py:157} INFO - Started process (PID=408) to work on /home/airflow/.local/lib/python3.7/site-packages/airflow/example_dags/example_skip_dag.py
[2023-05-26T06:58:22.050+0000] {processor.py:826} INFO - Processing file /home/airflow/.local/lib/python3.7/site-packages/airflow/example_dags/example_skip_dag.py for tasks to queue
[2023-05-26T06:58:22.054+0000] {logging_mixin.py:149} INFO - [2023-05-26T06:58:22.054+0000] {dagbag.py:541} INFO - Filling up the DagBag from /home/airflow/.local/lib/python3.7/site-packages/airflow/example_dags/example_skip_dag.py
[2023-05-26T06:58:22.061+0000] {processor.py:836} INFO - DAG(s) dict_keys(['example_skip_dag']) retrieved from /home/airflow/.local/lib/python3.7/site-packages/airflow/example_dags/example_skip_dag.py
[2023-05-26T06:58:22.091+0000] {logging_mixin.py:149} INFO - [2023-05-26T06:58:22.090+0000] {dag.py:2726} INFO - Sync 1 DAGs
[2023-05-26T06:58:22.123+0000] {logging_mixin.py:149} INFO - [2023-05-26T06:58:22.123+0000] {dag.py:3490} INFO - Setting next_dagrun for example_skip_dag to 2023-05-25T06:58:22.123062+00:00, run_after=2023-05-26T06:58:22.123062+00:00
[2023-05-26T06:58:22.147+0000] {processor.py:179} INFO - Processing /home/airflow/.local/lib/python3.7/site-packages/airflow/example_dags/example_skip_dag.py took 0.103 seconds
[2023-05-26T06:58:52.984+0000] {processor.py:157} INFO - Started process (PID=463) to work on /home/airflow/.local/lib/python3.7/site-packages/airflow/example_dags/example_skip_dag.py
[2023-05-26T06:58:52.985+0000] {processor.py:826} INFO - Processing file /home/airflow/.local/lib/python3.7/site-packages/airflow/example_dags/example_skip_dag.py for tasks to queue
[2023-05-26T06:58:52.989+0000] {logging_mixin.py:149} INFO - [2023-05-26T06:58:52.989+0000] {dagbag.py:541} INFO - Filling up the DagBag from /home/airflow/.local/lib/python3.7/site-packages/airflow/example_dags/example_skip_dag.py
[2023-05-26T06:58:52.996+0000] {processor.py:836} INFO - DAG(s) dict_keys(['example_skip_dag']) retrieved from /home/airflow/.local/lib/python3.7/site-packages/airflow/example_dags/example_skip_dag.py
[2023-05-26T06:58:53.026+0000] {logging_mixin.py:149} INFO - [2023-05-26T06:58:53.025+0000] {dag.py:2726} INFO - Sync 1 DAGs
[2023-05-26T06:58:53.060+0000] {logging_mixin.py:149} INFO - [2023-05-26T06:58:53.059+0000] {dag.py:3490} INFO - Setting next_dagrun for example_skip_dag to 2023-05-25T06:58:53.059453+00:00, run_after=2023-05-26T06:58:53.059453+00:00
[2023-05-26T06:58:53.086+0000] {processor.py:179} INFO - Processing /home/airflow/.local/lib/python3.7/site-packages/airflow/example_dags/example_skip_dag.py took 0.106 seconds
[2023-05-26T06:59:23.985+0000] {processor.py:157} INFO - Started process (PID=519) to work on /home/airflow/.local/lib/python3.7/site-packages/airflow/example_dags/example_skip_dag.py
[2023-05-26T06:59:23.988+0000] {processor.py:826} INFO - Processing file /home/airflow/.local/lib/python3.7/site-packages/airflow/example_dags/example_skip_dag.py for tasks to queue
[2023-05-26T06:59:23.994+0000] {logging_mixin.py:149} INFO - [2023-05-26T06:59:23.994+0000] {dagbag.py:541} INFO - Filling up the DagBag from /home/airflow/.local/lib/python3.7/site-packages/airflow/example_dags/example_skip_dag.py
[2023-05-26T06:59:24.009+0000] {processor.py:836} INFO - DAG(s) dict_keys(['example_skip_dag']) retrieved from /home/airflow/.local/lib/python3.7/site-packages/airflow/example_dags/example_skip_dag.py
[2023-05-26T06:59:24.076+0000] {logging_mixin.py:149} INFO - [2023-05-26T06:59:24.075+0000] {dag.py:2726} INFO - Sync 1 DAGs
[2023-05-26T06:59:24.152+0000] {logging_mixin.py:149} INFO - [2023-05-26T06:59:24.152+0000] {dag.py:3490} INFO - Setting next_dagrun for example_skip_dag to 2023-05-25T06:59:24.151577+00:00, run_after=2023-05-26T06:59:24.151577+00:00
[2023-05-26T06:59:24.189+0000] {processor.py:179} INFO - Processing /home/airflow/.local/lib/python3.7/site-packages/airflow/example_dags/example_skip_dag.py took 0.208 seconds
[2023-05-26T06:59:54.862+0000] {processor.py:157} INFO - Started process (PID=575) to work on /home/airflow/.local/lib/python3.7/site-packages/airflow/example_dags/example_skip_dag.py
[2023-05-26T06:59:54.864+0000] {processor.py:826} INFO - Processing file /home/airflow/.local/lib/python3.7/site-packages/airflow/example_dags/example_skip_dag.py for tasks to queue
[2023-05-26T06:59:54.867+0000] {logging_mixin.py:149} INFO - [2023-05-26T06:59:54.867+0000] {dagbag.py:541} INFO - Filling up the DagBag from /home/airflow/.local/lib/python3.7/site-packages/airflow/example_dags/example_skip_dag.py
[2023-05-26T06:59:54.874+0000] {processor.py:836} INFO - DAG(s) dict_keys(['example_skip_dag']) retrieved from /home/airflow/.local/lib/python3.7/site-packages/airflow/example_dags/example_skip_dag.py
[2023-05-26T06:59:54.907+0000] {logging_mixin.py:149} INFO - [2023-05-26T06:59:54.907+0000] {dag.py:2726} INFO - Sync 1 DAGs
[2023-05-26T06:59:54.940+0000] {logging_mixin.py:149} INFO - [2023-05-26T06:59:54.939+0000] {dag.py:3490} INFO - Setting next_dagrun for example_skip_dag to 2023-05-25T06:59:54.939679+00:00, run_after=2023-05-26T06:59:54.939679+00:00
[2023-05-26T06:59:54.966+0000] {processor.py:179} INFO - Processing /home/airflow/.local/lib/python3.7/site-packages/airflow/example_dags/example_skip_dag.py took 0.108 seconds
[2023-05-26T07:00:25.604+0000] {processor.py:157} INFO - Started process (PID=630) to work on /home/airflow/.local/lib/python3.7/site-packages/airflow/example_dags/example_skip_dag.py
[2023-05-26T07:00:25.606+0000] {processor.py:826} INFO - Processing file /home/airflow/.local/lib/python3.7/site-packages/airflow/example_dags/example_skip_dag.py for tasks to queue
[2023-05-26T07:00:25.610+0000] {logging_mixin.py:149} INFO - [2023-05-26T07:00:25.609+0000] {dagbag.py:541} INFO - Filling up the DagBag from /home/airflow/.local/lib/python3.7/site-packages/airflow/example_dags/example_skip_dag.py
[2023-05-26T07:00:25.619+0000] {processor.py:836} INFO - DAG(s) dict_keys(['example_skip_dag']) retrieved from /home/airflow/.local/lib/python3.7/site-packages/airflow/example_dags/example_skip_dag.py
[2023-05-26T07:00:25.649+0000] {logging_mixin.py:149} INFO - [2023-05-26T07:00:25.648+0000] {dag.py:2726} INFO - Sync 1 DAGs
[2023-05-26T07:00:25.678+0000] {logging_mixin.py:149} INFO - [2023-05-26T07:00:25.678+0000] {dag.py:3490} INFO - Setting next_dagrun for example_skip_dag to 2023-05-25T07:00:25.678355+00:00, run_after=2023-05-26T07:00:25.678355+00:00
[2023-05-26T07:00:25.703+0000] {processor.py:179} INFO - Processing /home/airflow/.local/lib/python3.7/site-packages/airflow/example_dags/example_skip_dag.py took 0.102 seconds
[2023-05-26T07:00:56.346+0000] {processor.py:157} INFO - Started process (PID=686) to work on /home/airflow/.local/lib/python3.7/site-packages/airflow/example_dags/example_skip_dag.py
[2023-05-26T07:00:56.348+0000] {processor.py:826} INFO - Processing file /home/airflow/.local/lib/python3.7/site-packages/airflow/example_dags/example_skip_dag.py for tasks to queue
[2023-05-26T07:00:56.352+0000] {logging_mixin.py:149} INFO - [2023-05-26T07:00:56.351+0000] {dagbag.py:541} INFO - Filling up the DagBag from /home/airflow/.local/lib/python3.7/site-packages/airflow/example_dags/example_skip_dag.py
[2023-05-26T07:00:56.362+0000] {processor.py:836} INFO - DAG(s) dict_keys(['example_skip_dag']) retrieved from /home/airflow/.local/lib/python3.7/site-packages/airflow/example_dags/example_skip_dag.py
[2023-05-26T07:00:56.394+0000] {logging_mixin.py:149} INFO - [2023-05-26T07:00:56.394+0000] {dag.py:2726} INFO - Sync 1 DAGs
[2023-05-26T07:00:56.423+0000] {logging_mixin.py:149} INFO - [2023-05-26T07:00:56.423+0000] {dag.py:3490} INFO - Setting next_dagrun for example_skip_dag to 2023-05-25T07:00:56.423179+00:00, run_after=2023-05-26T07:00:56.423179+00:00
[2023-05-26T07:00:56.445+0000] {processor.py:179} INFO - Processing /home/airflow/.local/lib/python3.7/site-packages/airflow/example_dags/example_skip_dag.py took 0.103 seconds
[2023-05-26T07:01:27.856+0000] {processor.py:157} INFO - Started process (PID=742) to work on /home/airflow/.local/lib/python3.7/site-packages/airflow/example_dags/example_skip_dag.py
[2023-05-26T07:01:27.859+0000] {processor.py:826} INFO - Processing file /home/airflow/.local/lib/python3.7/site-packages/airflow/example_dags/example_skip_dag.py for tasks to queue
[2023-05-26T07:01:27.867+0000] {logging_mixin.py:149} INFO - [2023-05-26T07:01:27.866+0000] {dagbag.py:541} INFO - Filling up the DagBag from /home/airflow/.local/lib/python3.7/site-packages/airflow/example_dags/example_skip_dag.py
[2023-05-26T07:01:27.880+0000] {processor.py:836} INFO - DAG(s) dict_keys(['example_skip_dag']) retrieved from /home/airflow/.local/lib/python3.7/site-packages/airflow/example_dags/example_skip_dag.py
[2023-05-26T07:01:27.932+0000] {logging_mixin.py:149} INFO - [2023-05-26T07:01:27.931+0000] {dag.py:2726} INFO - Sync 1 DAGs
[2023-05-26T07:01:27.978+0000] {logging_mixin.py:149} INFO - [2023-05-26T07:01:27.978+0000] {dag.py:3490} INFO - Setting next_dagrun for example_skip_dag to 2023-05-25T07:01:27.977583+00:00, run_after=2023-05-26T07:01:27.977583+00:00
[2023-05-26T07:01:28.018+0000] {processor.py:179} INFO - Processing /home/airflow/.local/lib/python3.7/site-packages/airflow/example_dags/example_skip_dag.py took 0.168 seconds
[2023-05-26T07:01:59.233+0000] {processor.py:157} INFO - Started process (PID=798) to work on /home/airflow/.local/lib/python3.7/site-packages/airflow/example_dags/example_skip_dag.py
[2023-05-26T07:01:59.236+0000] {processor.py:826} INFO - Processing file /home/airflow/.local/lib/python3.7/site-packages/airflow/example_dags/example_skip_dag.py for tasks to queue
[2023-05-26T07:01:59.244+0000] {logging_mixin.py:149} INFO - [2023-05-26T07:01:59.244+0000] {dagbag.py:541} INFO - Filling up the DagBag from /home/airflow/.local/lib/python3.7/site-packages/airflow/example_dags/example_skip_dag.py
[2023-05-26T07:01:59.261+0000] {processor.py:836} INFO - DAG(s) dict_keys(['example_skip_dag']) retrieved from /home/airflow/.local/lib/python3.7/site-packages/airflow/example_dags/example_skip_dag.py
[2023-05-26T07:01:59.332+0000] {logging_mixin.py:149} INFO - [2023-05-26T07:01:59.331+0000] {dag.py:2726} INFO - Sync 1 DAGs
[2023-05-26T07:01:59.412+0000] {logging_mixin.py:149} INFO - [2023-05-26T07:01:59.412+0000] {dag.py:3490} INFO - Setting next_dagrun for example_skip_dag to 2023-05-25T07:01:59.411198+00:00, run_after=2023-05-26T07:01:59.411198+00:00
[2023-05-26T07:01:59.488+0000] {processor.py:179} INFO - Processing /home/airflow/.local/lib/python3.7/site-packages/airflow/example_dags/example_skip_dag.py took 0.266 seconds
[2023-05-26T07:02:32.583+0000] {processor.py:157} INFO - Started process (PID=854) to work on /home/airflow/.local/lib/python3.7/site-packages/airflow/example_dags/example_skip_dag.py
[2023-05-26T07:02:32.586+0000] {processor.py:826} INFO - Processing file /home/airflow/.local/lib/python3.7/site-packages/airflow/example_dags/example_skip_dag.py for tasks to queue
[2023-05-26T07:02:32.594+0000] {logging_mixin.py:149} INFO - [2023-05-26T07:02:32.593+0000] {dagbag.py:541} INFO - Filling up the DagBag from /home/airflow/.local/lib/python3.7/site-packages/airflow/example_dags/example_skip_dag.py
[2023-05-26T07:02:32.610+0000] {processor.py:836} INFO - DAG(s) dict_keys(['example_skip_dag']) retrieved from /home/airflow/.local/lib/python3.7/site-packages/airflow/example_dags/example_skip_dag.py
[2023-05-26T07:02:32.689+0000] {logging_mixin.py:149} INFO - [2023-05-26T07:02:32.686+0000] {dag.py:2726} INFO - Sync 1 DAGs
[2023-05-26T07:02:32.763+0000] {logging_mixin.py:149} INFO - [2023-05-26T07:02:32.762+0000] {dag.py:3490} INFO - Setting next_dagrun for example_skip_dag to 2023-05-25T07:02:32.761876+00:00, run_after=2023-05-26T07:02:32.761876+00:00
[2023-05-26T07:02:32.812+0000] {processor.py:179} INFO - Processing /home/airflow/.local/lib/python3.7/site-packages/airflow/example_dags/example_skip_dag.py took 0.239 seconds
[2023-05-26T07:03:03.527+0000] {processor.py:157} INFO - Started process (PID=915) to work on /home/airflow/.local/lib/python3.7/site-packages/airflow/example_dags/example_skip_dag.py
[2023-05-26T07:03:03.529+0000] {processor.py:826} INFO - Processing file /home/airflow/.local/lib/python3.7/site-packages/airflow/example_dags/example_skip_dag.py for tasks to queue
[2023-05-26T07:03:03.533+0000] {logging_mixin.py:149} INFO - [2023-05-26T07:03:03.533+0000] {dagbag.py:541} INFO - Filling up the DagBag from /home/airflow/.local/lib/python3.7/site-packages/airflow/example_dags/example_skip_dag.py
[2023-05-26T07:03:03.549+0000] {processor.py:836} INFO - DAG(s) dict_keys(['example_skip_dag']) retrieved from /home/airflow/.local/lib/python3.7/site-packages/airflow/example_dags/example_skip_dag.py
[2023-05-26T07:03:03.605+0000] {logging_mixin.py:149} INFO - [2023-05-26T07:03:03.605+0000] {dag.py:2726} INFO - Sync 1 DAGs
[2023-05-26T07:03:03.648+0000] {logging_mixin.py:149} INFO - [2023-05-26T07:03:03.647+0000] {dag.py:3490} INFO - Setting next_dagrun for example_skip_dag to 2023-05-25T07:03:03.646879+00:00, run_after=2023-05-26T07:03:03.646879+00:00
[2023-05-26T07:03:03.680+0000] {processor.py:179} INFO - Processing /home/airflow/.local/lib/python3.7/site-packages/airflow/example_dags/example_skip_dag.py took 0.158 seconds
[2023-05-26T07:03:33.933+0000] {processor.py:157} INFO - Started process (PID=971) to work on /home/airflow/.local/lib/python3.7/site-packages/airflow/example_dags/example_skip_dag.py
[2023-05-26T07:03:33.935+0000] {processor.py:826} INFO - Processing file /home/airflow/.local/lib/python3.7/site-packages/airflow/example_dags/example_skip_dag.py for tasks to queue
[2023-05-26T07:03:33.940+0000] {logging_mixin.py:149} INFO - [2023-05-26T07:03:33.940+0000] {dagbag.py:541} INFO - Filling up the DagBag from /home/airflow/.local/lib/python3.7/site-packages/airflow/example_dags/example_skip_dag.py
[2023-05-26T07:03:33.951+0000] {processor.py:836} INFO - DAG(s) dict_keys(['example_skip_dag']) retrieved from /home/airflow/.local/lib/python3.7/site-packages/airflow/example_dags/example_skip_dag.py
[2023-05-26T07:03:33.988+0000] {logging_mixin.py:149} INFO - [2023-05-26T07:03:33.988+0000] {dag.py:2726} INFO - Sync 1 DAGs
[2023-05-26T07:03:34.028+0000] {logging_mixin.py:149} INFO - [2023-05-26T07:03:34.028+0000] {dag.py:3490} INFO - Setting next_dagrun for example_skip_dag to 2023-05-25T07:03:34.027999+00:00, run_after=2023-05-26T07:03:34.027999+00:00
[2023-05-26T07:03:34.054+0000] {processor.py:179} INFO - Processing /home/airflow/.local/lib/python3.7/site-packages/airflow/example_dags/example_skip_dag.py took 0.125 seconds
[2023-05-26T07:04:04.999+0000] {processor.py:157} INFO - Started process (PID=1027) to work on /home/airflow/.local/lib/python3.7/site-packages/airflow/example_dags/example_skip_dag.py
[2023-05-26T07:04:05.001+0000] {processor.py:826} INFO - Processing file /home/airflow/.local/lib/python3.7/site-packages/airflow/example_dags/example_skip_dag.py for tasks to queue
[2023-05-26T07:04:05.004+0000] {logging_mixin.py:149} INFO - [2023-05-26T07:04:05.004+0000] {dagbag.py:541} INFO - Filling up the DagBag from /home/airflow/.local/lib/python3.7/site-packages/airflow/example_dags/example_skip_dag.py
[2023-05-26T07:04:05.012+0000] {processor.py:836} INFO - DAG(s) dict_keys(['example_skip_dag']) retrieved from /home/airflow/.local/lib/python3.7/site-packages/airflow/example_dags/example_skip_dag.py
[2023-05-26T07:04:05.041+0000] {logging_mixin.py:149} INFO - [2023-05-26T07:04:05.040+0000] {dag.py:2726} INFO - Sync 1 DAGs
[2023-05-26T07:04:05.070+0000] {logging_mixin.py:149} INFO - [2023-05-26T07:04:05.070+0000] {dag.py:3490} INFO - Setting next_dagrun for example_skip_dag to 2023-05-25T07:04:05.069783+00:00, run_after=2023-05-26T07:04:05.069783+00:00
[2023-05-26T07:04:05.094+0000] {processor.py:179} INFO - Processing /home/airflow/.local/lib/python3.7/site-packages/airflow/example_dags/example_skip_dag.py took 0.098 seconds
[2023-05-26T07:04:35.717+0000] {processor.py:157} INFO - Started process (PID=1084) to work on /home/airflow/.local/lib/python3.7/site-packages/airflow/example_dags/example_skip_dag.py
[2023-05-26T07:04:35.719+0000] {processor.py:826} INFO - Processing file /home/airflow/.local/lib/python3.7/site-packages/airflow/example_dags/example_skip_dag.py for tasks to queue
[2023-05-26T07:04:35.723+0000] {logging_mixin.py:149} INFO - [2023-05-26T07:04:35.722+0000] {dagbag.py:541} INFO - Filling up the DagBag from /home/airflow/.local/lib/python3.7/site-packages/airflow/example_dags/example_skip_dag.py
[2023-05-26T07:04:35.731+0000] {processor.py:836} INFO - DAG(s) dict_keys(['example_skip_dag']) retrieved from /home/airflow/.local/lib/python3.7/site-packages/airflow/example_dags/example_skip_dag.py
[2023-05-26T07:04:35.762+0000] {logging_mixin.py:149} INFO - [2023-05-26T07:04:35.761+0000] {dag.py:2726} INFO - Sync 1 DAGs
[2023-05-26T07:04:35.793+0000] {logging_mixin.py:149} INFO - [2023-05-26T07:04:35.793+0000] {dag.py:3490} INFO - Setting next_dagrun for example_skip_dag to 2023-05-25T07:04:35.793402+00:00, run_after=2023-05-26T07:04:35.793402+00:00
[2023-05-26T07:04:35.817+0000] {processor.py:179} INFO - Processing /home/airflow/.local/lib/python3.7/site-packages/airflow/example_dags/example_skip_dag.py took 0.104 seconds
