[2023-05-26T06:51:27.533+0000] {processor.py:157} INFO - Started process (PID=53) to work on /home/airflow/.local/lib/python3.7/site-packages/airflow/example_dags/example_branch_python_dop_operator_3.py
[2023-05-26T06:51:27.534+0000] {processor.py:826} INFO - Processing file /home/airflow/.local/lib/python3.7/site-packages/airflow/example_dags/example_branch_python_dop_operator_3.py for tasks to queue
[2023-05-26T06:51:27.538+0000] {logging_mixin.py:149} INFO - [2023-05-26T06:51:27.538+0000] {dagbag.py:541} INFO - Filling up the DagBag from /home/airflow/.local/lib/python3.7/site-packages/airflow/example_dags/example_branch_python_dop_operator_3.py
[2023-05-26T06:51:27.552+0000] {processor.py:836} INFO - DAG(s) dict_keys(['example_branch_dop_operator_v3']) retrieved from /home/airflow/.local/lib/python3.7/site-packages/airflow/example_dags/example_branch_python_dop_operator_3.py
[2023-05-26T06:51:27.579+0000] {logging_mixin.py:149} INFO - [2023-05-26T06:51:27.575+0000] {dag.py:2726} INFO - Sync 1 DAGs
[2023-05-26T06:51:27.624+0000] {logging_mixin.py:149} INFO - [2023-05-26T06:51:27.624+0000] {dag.py:3490} INFO - Setting next_dagrun for example_branch_dop_operator_v3 to 2023-05-26T06:50:00+00:00, run_after=2023-05-26T06:51:00+00:00
[2023-05-26T06:51:27.681+0000] {processor.py:179} INFO - Processing /home/airflow/.local/lib/python3.7/site-packages/airflow/example_dags/example_branch_python_dop_operator_3.py took 0.153 seconds
[2023-05-26T06:51:58.691+0000] {processor.py:157} INFO - Started process (PID=108) to work on /home/airflow/.local/lib/python3.7/site-packages/airflow/example_dags/example_branch_python_dop_operator_3.py
[2023-05-26T06:51:58.693+0000] {processor.py:826} INFO - Processing file /home/airflow/.local/lib/python3.7/site-packages/airflow/example_dags/example_branch_python_dop_operator_3.py for tasks to queue
[2023-05-26T06:51:58.696+0000] {logging_mixin.py:149} INFO - [2023-05-26T06:51:58.696+0000] {dagbag.py:541} INFO - Filling up the DagBag from /home/airflow/.local/lib/python3.7/site-packages/airflow/example_dags/example_branch_python_dop_operator_3.py
[2023-05-26T06:51:58.707+0000] {processor.py:836} INFO - DAG(s) dict_keys(['example_branch_dop_operator_v3']) retrieved from /home/airflow/.local/lib/python3.7/site-packages/airflow/example_dags/example_branch_python_dop_operator_3.py
[2023-05-26T06:51:58.735+0000] {logging_mixin.py:149} INFO - [2023-05-26T06:51:58.735+0000] {dag.py:2726} INFO - Sync 1 DAGs
[2023-05-26T06:51:58.771+0000] {logging_mixin.py:149} INFO - [2023-05-26T06:51:58.771+0000] {dag.py:3490} INFO - Setting next_dagrun for example_branch_dop_operator_v3 to 2023-05-26T06:50:00+00:00, run_after=2023-05-26T06:51:00+00:00
[2023-05-26T06:51:58.799+0000] {processor.py:179} INFO - Processing /home/airflow/.local/lib/python3.7/site-packages/airflow/example_dags/example_branch_python_dop_operator_3.py took 0.113 seconds
[2023-05-26T06:55:16.628+0000] {processor.py:157} INFO - Started process (PID=52) to work on /home/airflow/.local/lib/python3.7/site-packages/airflow/example_dags/example_branch_python_dop_operator_3.py
[2023-05-26T06:55:16.629+0000] {processor.py:826} INFO - Processing file /home/airflow/.local/lib/python3.7/site-packages/airflow/example_dags/example_branch_python_dop_operator_3.py for tasks to queue
[2023-05-26T06:55:16.633+0000] {logging_mixin.py:149} INFO - [2023-05-26T06:55:16.633+0000] {dagbag.py:541} INFO - Filling up the DagBag from /home/airflow/.local/lib/python3.7/site-packages/airflow/example_dags/example_branch_python_dop_operator_3.py
[2023-05-26T06:55:16.662+0000] {processor.py:836} INFO - DAG(s) dict_keys(['example_branch_dop_operator_v3']) retrieved from /home/airflow/.local/lib/python3.7/site-packages/airflow/example_dags/example_branch_python_dop_operator_3.py
[2023-05-26T06:55:16.697+0000] {logging_mixin.py:149} INFO - [2023-05-26T06:55:16.696+0000] {dag.py:2726} INFO - Sync 1 DAGs
[2023-05-26T06:55:16.762+0000] {logging_mixin.py:149} INFO - [2023-05-26T06:55:16.762+0000] {dag.py:3490} INFO - Setting next_dagrun for example_branch_dop_operator_v3 to 2023-05-26T06:54:00+00:00, run_after=2023-05-26T06:55:00+00:00
[2023-05-26T06:55:16.797+0000] {processor.py:179} INFO - Processing /home/airflow/.local/lib/python3.7/site-packages/airflow/example_dags/example_branch_python_dop_operator_3.py took 0.174 seconds
[2023-05-26T06:55:46.982+0000] {processor.py:157} INFO - Started process (PID=108) to work on /home/airflow/.local/lib/python3.7/site-packages/airflow/example_dags/example_branch_python_dop_operator_3.py
[2023-05-26T06:55:46.984+0000] {processor.py:826} INFO - Processing file /home/airflow/.local/lib/python3.7/site-packages/airflow/example_dags/example_branch_python_dop_operator_3.py for tasks to queue
[2023-05-26T06:55:46.987+0000] {logging_mixin.py:149} INFO - [2023-05-26T06:55:46.987+0000] {dagbag.py:541} INFO - Filling up the DagBag from /home/airflow/.local/lib/python3.7/site-packages/airflow/example_dags/example_branch_python_dop_operator_3.py
[2023-05-26T06:55:47.000+0000] {processor.py:836} INFO - DAG(s) dict_keys(['example_branch_dop_operator_v3']) retrieved from /home/airflow/.local/lib/python3.7/site-packages/airflow/example_dags/example_branch_python_dop_operator_3.py
[2023-05-26T06:55:47.036+0000] {logging_mixin.py:149} INFO - [2023-05-26T06:55:47.034+0000] {dag.py:2726} INFO - Sync 1 DAGs
[2023-05-26T06:55:47.072+0000] {logging_mixin.py:149} INFO - [2023-05-26T06:55:47.072+0000] {dag.py:3490} INFO - Setting next_dagrun for example_branch_dop_operator_v3 to 2023-05-26T06:54:00+00:00, run_after=2023-05-26T06:55:00+00:00
[2023-05-26T06:55:47.096+0000] {processor.py:179} INFO - Processing /home/airflow/.local/lib/python3.7/site-packages/airflow/example_dags/example_branch_python_dop_operator_3.py took 0.118 seconds
[2023-05-26T06:56:17.165+0000] {processor.py:157} INFO - Started process (PID=163) to work on /home/airflow/.local/lib/python3.7/site-packages/airflow/example_dags/example_branch_python_dop_operator_3.py
[2023-05-26T06:56:17.166+0000] {processor.py:826} INFO - Processing file /home/airflow/.local/lib/python3.7/site-packages/airflow/example_dags/example_branch_python_dop_operator_3.py for tasks to queue
[2023-05-26T06:56:17.169+0000] {logging_mixin.py:149} INFO - [2023-05-26T06:56:17.169+0000] {dagbag.py:541} INFO - Filling up the DagBag from /home/airflow/.local/lib/python3.7/site-packages/airflow/example_dags/example_branch_python_dop_operator_3.py
[2023-05-26T06:56:17.180+0000] {processor.py:836} INFO - DAG(s) dict_keys(['example_branch_dop_operator_v3']) retrieved from /home/airflow/.local/lib/python3.7/site-packages/airflow/example_dags/example_branch_python_dop_operator_3.py
[2023-05-26T06:56:17.212+0000] {logging_mixin.py:149} INFO - [2023-05-26T06:56:17.212+0000] {dag.py:2726} INFO - Sync 1 DAGs
[2023-05-26T06:56:17.249+0000] {logging_mixin.py:149} INFO - [2023-05-26T06:56:17.249+0000] {dag.py:3490} INFO - Setting next_dagrun for example_branch_dop_operator_v3 to 2023-05-26T06:55:00+00:00, run_after=2023-05-26T06:56:00+00:00
[2023-05-26T06:56:17.274+0000] {processor.py:179} INFO - Processing /home/airflow/.local/lib/python3.7/site-packages/airflow/example_dags/example_branch_python_dop_operator_3.py took 0.114 seconds
[2023-05-26T06:56:47.639+0000] {processor.py:157} INFO - Started process (PID=219) to work on /home/airflow/.local/lib/python3.7/site-packages/airflow/example_dags/example_branch_python_dop_operator_3.py
[2023-05-26T06:56:47.641+0000] {processor.py:826} INFO - Processing file /home/airflow/.local/lib/python3.7/site-packages/airflow/example_dags/example_branch_python_dop_operator_3.py for tasks to queue
[2023-05-26T06:56:47.644+0000] {logging_mixin.py:149} INFO - [2023-05-26T06:56:47.644+0000] {dagbag.py:541} INFO - Filling up the DagBag from /home/airflow/.local/lib/python3.7/site-packages/airflow/example_dags/example_branch_python_dop_operator_3.py
[2023-05-26T06:56:47.653+0000] {processor.py:836} INFO - DAG(s) dict_keys(['example_branch_dop_operator_v3']) retrieved from /home/airflow/.local/lib/python3.7/site-packages/airflow/example_dags/example_branch_python_dop_operator_3.py
[2023-05-26T06:56:47.680+0000] {logging_mixin.py:149} INFO - [2023-05-26T06:56:47.679+0000] {dag.py:2726} INFO - Sync 1 DAGs
[2023-05-26T06:56:47.712+0000] {logging_mixin.py:149} INFO - [2023-05-26T06:56:47.712+0000] {dag.py:3490} INFO - Setting next_dagrun for example_branch_dop_operator_v3 to 2023-05-26T06:55:00+00:00, run_after=2023-05-26T06:56:00+00:00
[2023-05-26T06:56:47.735+0000] {processor.py:179} INFO - Processing /home/airflow/.local/lib/python3.7/site-packages/airflow/example_dags/example_branch_python_dop_operator_3.py took 0.099 seconds
[2023-05-26T06:57:18.063+0000] {processor.py:157} INFO - Started process (PID=274) to work on /home/airflow/.local/lib/python3.7/site-packages/airflow/example_dags/example_branch_python_dop_operator_3.py
[2023-05-26T06:57:18.065+0000] {processor.py:826} INFO - Processing file /home/airflow/.local/lib/python3.7/site-packages/airflow/example_dags/example_branch_python_dop_operator_3.py for tasks to queue
[2023-05-26T06:57:18.068+0000] {logging_mixin.py:149} INFO - [2023-05-26T06:57:18.068+0000] {dagbag.py:541} INFO - Filling up the DagBag from /home/airflow/.local/lib/python3.7/site-packages/airflow/example_dags/example_branch_python_dop_operator_3.py
[2023-05-26T06:57:18.078+0000] {processor.py:836} INFO - DAG(s) dict_keys(['example_branch_dop_operator_v3']) retrieved from /home/airflow/.local/lib/python3.7/site-packages/airflow/example_dags/example_branch_python_dop_operator_3.py
[2023-05-26T06:57:18.106+0000] {logging_mixin.py:149} INFO - [2023-05-26T06:57:18.105+0000] {dag.py:2726} INFO - Sync 1 DAGs
[2023-05-26T06:57:18.140+0000] {logging_mixin.py:149} INFO - [2023-05-26T06:57:18.139+0000] {dag.py:3490} INFO - Setting next_dagrun for example_branch_dop_operator_v3 to 2023-05-26T06:56:00+00:00, run_after=2023-05-26T06:57:00+00:00
[2023-05-26T06:57:18.165+0000] {processor.py:179} INFO - Processing /home/airflow/.local/lib/python3.7/site-packages/airflow/example_dags/example_branch_python_dop_operator_3.py took 0.105 seconds
[2023-05-26T06:57:48.512+0000] {processor.py:157} INFO - Started process (PID=330) to work on /home/airflow/.local/lib/python3.7/site-packages/airflow/example_dags/example_branch_python_dop_operator_3.py
[2023-05-26T06:57:48.514+0000] {processor.py:826} INFO - Processing file /home/airflow/.local/lib/python3.7/site-packages/airflow/example_dags/example_branch_python_dop_operator_3.py for tasks to queue
[2023-05-26T06:57:48.517+0000] {logging_mixin.py:149} INFO - [2023-05-26T06:57:48.517+0000] {dagbag.py:541} INFO - Filling up the DagBag from /home/airflow/.local/lib/python3.7/site-packages/airflow/example_dags/example_branch_python_dop_operator_3.py
[2023-05-26T06:57:48.531+0000] {processor.py:836} INFO - DAG(s) dict_keys(['example_branch_dop_operator_v3']) retrieved from /home/airflow/.local/lib/python3.7/site-packages/airflow/example_dags/example_branch_python_dop_operator_3.py
[2023-05-26T06:57:48.572+0000] {logging_mixin.py:149} INFO - [2023-05-26T06:57:48.571+0000] {dag.py:2726} INFO - Sync 1 DAGs
[2023-05-26T06:57:48.631+0000] {logging_mixin.py:149} INFO - [2023-05-26T06:57:48.631+0000] {dag.py:3490} INFO - Setting next_dagrun for example_branch_dop_operator_v3 to 2023-05-26T06:56:00+00:00, run_after=2023-05-26T06:57:00+00:00
[2023-05-26T06:57:48.663+0000] {processor.py:179} INFO - Processing /home/airflow/.local/lib/python3.7/site-packages/airflow/example_dags/example_branch_python_dop_operator_3.py took 0.155 seconds
[2023-05-26T06:58:19.430+0000] {processor.py:157} INFO - Started process (PID=386) to work on /home/airflow/.local/lib/python3.7/site-packages/airflow/example_dags/example_branch_python_dop_operator_3.py
[2023-05-26T06:58:19.432+0000] {processor.py:826} INFO - Processing file /home/airflow/.local/lib/python3.7/site-packages/airflow/example_dags/example_branch_python_dop_operator_3.py for tasks to queue
[2023-05-26T06:58:19.435+0000] {logging_mixin.py:149} INFO - [2023-05-26T06:58:19.435+0000] {dagbag.py:541} INFO - Filling up the DagBag from /home/airflow/.local/lib/python3.7/site-packages/airflow/example_dags/example_branch_python_dop_operator_3.py
[2023-05-26T06:58:19.448+0000] {processor.py:836} INFO - DAG(s) dict_keys(['example_branch_dop_operator_v3']) retrieved from /home/airflow/.local/lib/python3.7/site-packages/airflow/example_dags/example_branch_python_dop_operator_3.py
[2023-05-26T06:58:19.484+0000] {logging_mixin.py:149} INFO - [2023-05-26T06:58:19.483+0000] {dag.py:2726} INFO - Sync 1 DAGs
[2023-05-26T06:58:19.520+0000] {logging_mixin.py:149} INFO - [2023-05-26T06:58:19.520+0000] {dag.py:3490} INFO - Setting next_dagrun for example_branch_dop_operator_v3 to 2023-05-26T06:57:00+00:00, run_after=2023-05-26T06:58:00+00:00
[2023-05-26T06:58:19.553+0000] {processor.py:179} INFO - Processing /home/airflow/.local/lib/python3.7/site-packages/airflow/example_dags/example_branch_python_dop_operator_3.py took 0.128 seconds
[2023-05-26T06:58:50.136+0000] {processor.py:157} INFO - Started process (PID=441) to work on /home/airflow/.local/lib/python3.7/site-packages/airflow/example_dags/example_branch_python_dop_operator_3.py
[2023-05-26T06:58:50.138+0000] {processor.py:826} INFO - Processing file /home/airflow/.local/lib/python3.7/site-packages/airflow/example_dags/example_branch_python_dop_operator_3.py for tasks to queue
[2023-05-26T06:58:50.143+0000] {logging_mixin.py:149} INFO - [2023-05-26T06:58:50.143+0000] {dagbag.py:541} INFO - Filling up the DagBag from /home/airflow/.local/lib/python3.7/site-packages/airflow/example_dags/example_branch_python_dop_operator_3.py
[2023-05-26T06:58:50.157+0000] {processor.py:836} INFO - DAG(s) dict_keys(['example_branch_dop_operator_v3']) retrieved from /home/airflow/.local/lib/python3.7/site-packages/airflow/example_dags/example_branch_python_dop_operator_3.py
[2023-05-26T06:58:50.201+0000] {logging_mixin.py:149} INFO - [2023-05-26T06:58:50.200+0000] {dag.py:2726} INFO - Sync 1 DAGs
[2023-05-26T06:58:50.272+0000] {logging_mixin.py:149} INFO - [2023-05-26T06:58:50.271+0000] {dag.py:3490} INFO - Setting next_dagrun for example_branch_dop_operator_v3 to 2023-05-26T06:57:00+00:00, run_after=2023-05-26T06:58:00+00:00
[2023-05-26T06:58:50.310+0000] {processor.py:179} INFO - Processing /home/airflow/.local/lib/python3.7/site-packages/airflow/example_dags/example_branch_python_dop_operator_3.py took 0.179 seconds
[2023-05-26T06:59:20.923+0000] {processor.py:157} INFO - Started process (PID=497) to work on /home/airflow/.local/lib/python3.7/site-packages/airflow/example_dags/example_branch_python_dop_operator_3.py
[2023-05-26T06:59:20.925+0000] {processor.py:826} INFO - Processing file /home/airflow/.local/lib/python3.7/site-packages/airflow/example_dags/example_branch_python_dop_operator_3.py for tasks to queue
[2023-05-26T06:59:20.928+0000] {logging_mixin.py:149} INFO - [2023-05-26T06:59:20.927+0000] {dagbag.py:541} INFO - Filling up the DagBag from /home/airflow/.local/lib/python3.7/site-packages/airflow/example_dags/example_branch_python_dop_operator_3.py
[2023-05-26T06:59:20.937+0000] {processor.py:836} INFO - DAG(s) dict_keys(['example_branch_dop_operator_v3']) retrieved from /home/airflow/.local/lib/python3.7/site-packages/airflow/example_dags/example_branch_python_dop_operator_3.py
[2023-05-26T06:59:20.965+0000] {logging_mixin.py:149} INFO - [2023-05-26T06:59:20.965+0000] {dag.py:2726} INFO - Sync 1 DAGs
[2023-05-26T06:59:21.000+0000] {logging_mixin.py:149} INFO - [2023-05-26T06:59:21.000+0000] {dag.py:3490} INFO - Setting next_dagrun for example_branch_dop_operator_v3 to 2023-05-26T06:58:00+00:00, run_after=2023-05-26T06:59:00+00:00
[2023-05-26T06:59:21.027+0000] {processor.py:179} INFO - Processing /home/airflow/.local/lib/python3.7/site-packages/airflow/example_dags/example_branch_python_dop_operator_3.py took 0.108 seconds
[2023-05-26T06:59:52.070+0000] {processor.py:157} INFO - Started process (PID=553) to work on /home/airflow/.local/lib/python3.7/site-packages/airflow/example_dags/example_branch_python_dop_operator_3.py
[2023-05-26T06:59:52.071+0000] {processor.py:826} INFO - Processing file /home/airflow/.local/lib/python3.7/site-packages/airflow/example_dags/example_branch_python_dop_operator_3.py for tasks to queue
[2023-05-26T06:59:52.074+0000] {logging_mixin.py:149} INFO - [2023-05-26T06:59:52.074+0000] {dagbag.py:541} INFO - Filling up the DagBag from /home/airflow/.local/lib/python3.7/site-packages/airflow/example_dags/example_branch_python_dop_operator_3.py
[2023-05-26T06:59:52.085+0000] {processor.py:836} INFO - DAG(s) dict_keys(['example_branch_dop_operator_v3']) retrieved from /home/airflow/.local/lib/python3.7/site-packages/airflow/example_dags/example_branch_python_dop_operator_3.py
[2023-05-26T06:59:52.117+0000] {logging_mixin.py:149} INFO - [2023-05-26T06:59:52.116+0000] {dag.py:2726} INFO - Sync 1 DAGs
[2023-05-26T06:59:52.158+0000] {logging_mixin.py:149} INFO - [2023-05-26T06:59:52.158+0000] {dag.py:3490} INFO - Setting next_dagrun for example_branch_dop_operator_v3 to 2023-05-26T06:58:00+00:00, run_after=2023-05-26T06:59:00+00:00
[2023-05-26T06:59:52.188+0000] {processor.py:179} INFO - Processing /home/airflow/.local/lib/python3.7/site-packages/airflow/example_dags/example_branch_python_dop_operator_3.py took 0.124 seconds
[2023-05-26T07:00:22.954+0000] {processor.py:157} INFO - Started process (PID=608) to work on /home/airflow/.local/lib/python3.7/site-packages/airflow/example_dags/example_branch_python_dop_operator_3.py
[2023-05-26T07:00:22.956+0000] {processor.py:826} INFO - Processing file /home/airflow/.local/lib/python3.7/site-packages/airflow/example_dags/example_branch_python_dop_operator_3.py for tasks to queue
[2023-05-26T07:00:22.959+0000] {logging_mixin.py:149} INFO - [2023-05-26T07:00:22.959+0000] {dagbag.py:541} INFO - Filling up the DagBag from /home/airflow/.local/lib/python3.7/site-packages/airflow/example_dags/example_branch_python_dop_operator_3.py
[2023-05-26T07:00:22.969+0000] {processor.py:836} INFO - DAG(s) dict_keys(['example_branch_dop_operator_v3']) retrieved from /home/airflow/.local/lib/python3.7/site-packages/airflow/example_dags/example_branch_python_dop_operator_3.py
[2023-05-26T07:00:23.000+0000] {logging_mixin.py:149} INFO - [2023-05-26T07:00:22.999+0000] {dag.py:2726} INFO - Sync 1 DAGs
[2023-05-26T07:00:23.037+0000] {logging_mixin.py:149} INFO - [2023-05-26T07:00:23.037+0000] {dag.py:3490} INFO - Setting next_dagrun for example_branch_dop_operator_v3 to 2023-05-26T06:59:00+00:00, run_after=2023-05-26T07:00:00+00:00
[2023-05-26T07:00:23.074+0000] {processor.py:179} INFO - Processing /home/airflow/.local/lib/python3.7/site-packages/airflow/example_dags/example_branch_python_dop_operator_3.py took 0.124 seconds
[2023-05-26T07:00:53.627+0000] {processor.py:157} INFO - Started process (PID=664) to work on /home/airflow/.local/lib/python3.7/site-packages/airflow/example_dags/example_branch_python_dop_operator_3.py
[2023-05-26T07:00:53.629+0000] {processor.py:826} INFO - Processing file /home/airflow/.local/lib/python3.7/site-packages/airflow/example_dags/example_branch_python_dop_operator_3.py for tasks to queue
[2023-05-26T07:00:53.632+0000] {logging_mixin.py:149} INFO - [2023-05-26T07:00:53.632+0000] {dagbag.py:541} INFO - Filling up the DagBag from /home/airflow/.local/lib/python3.7/site-packages/airflow/example_dags/example_branch_python_dop_operator_3.py
[2023-05-26T07:00:53.645+0000] {processor.py:836} INFO - DAG(s) dict_keys(['example_branch_dop_operator_v3']) retrieved from /home/airflow/.local/lib/python3.7/site-packages/airflow/example_dags/example_branch_python_dop_operator_3.py
[2023-05-26T07:00:53.674+0000] {logging_mixin.py:149} INFO - [2023-05-26T07:00:53.673+0000] {dag.py:2726} INFO - Sync 1 DAGs
[2023-05-26T07:00:53.712+0000] {logging_mixin.py:149} INFO - [2023-05-26T07:00:53.712+0000] {dag.py:3490} INFO - Setting next_dagrun for example_branch_dop_operator_v3 to 2023-05-26T06:59:00+00:00, run_after=2023-05-26T07:00:00+00:00
[2023-05-26T07:00:53.747+0000] {processor.py:179} INFO - Processing /home/airflow/.local/lib/python3.7/site-packages/airflow/example_dags/example_branch_python_dop_operator_3.py took 0.123 seconds
[2023-05-26T07:01:24.982+0000] {processor.py:157} INFO - Started process (PID=720) to work on /home/airflow/.local/lib/python3.7/site-packages/airflow/example_dags/example_branch_python_dop_operator_3.py
[2023-05-26T07:01:24.984+0000] {processor.py:826} INFO - Processing file /home/airflow/.local/lib/python3.7/site-packages/airflow/example_dags/example_branch_python_dop_operator_3.py for tasks to queue
[2023-05-26T07:01:24.987+0000] {logging_mixin.py:149} INFO - [2023-05-26T07:01:24.987+0000] {dagbag.py:541} INFO - Filling up the DagBag from /home/airflow/.local/lib/python3.7/site-packages/airflow/example_dags/example_branch_python_dop_operator_3.py
[2023-05-26T07:01:25.003+0000] {processor.py:836} INFO - DAG(s) dict_keys(['example_branch_dop_operator_v3']) retrieved from /home/airflow/.local/lib/python3.7/site-packages/airflow/example_dags/example_branch_python_dop_operator_3.py
[2023-05-26T07:01:25.052+0000] {logging_mixin.py:149} INFO - [2023-05-26T07:01:25.051+0000] {dag.py:2726} INFO - Sync 1 DAGs
[2023-05-26T07:01:25.110+0000] {logging_mixin.py:149} INFO - [2023-05-26T07:01:25.109+0000] {dag.py:3490} INFO - Setting next_dagrun for example_branch_dop_operator_v3 to 2023-05-26T07:00:00+00:00, run_after=2023-05-26T07:01:00+00:00
[2023-05-26T07:01:25.155+0000] {processor.py:179} INFO - Processing /home/airflow/.local/lib/python3.7/site-packages/airflow/example_dags/example_branch_python_dop_operator_3.py took 0.178 seconds
[2023-05-26T07:01:56.009+0000] {processor.py:157} INFO - Started process (PID=776) to work on /home/airflow/.local/lib/python3.7/site-packages/airflow/example_dags/example_branch_python_dop_operator_3.py
[2023-05-26T07:01:56.010+0000] {processor.py:826} INFO - Processing file /home/airflow/.local/lib/python3.7/site-packages/airflow/example_dags/example_branch_python_dop_operator_3.py for tasks to queue
[2023-05-26T07:01:56.014+0000] {logging_mixin.py:149} INFO - [2023-05-26T07:01:56.014+0000] {dagbag.py:541} INFO - Filling up the DagBag from /home/airflow/.local/lib/python3.7/site-packages/airflow/example_dags/example_branch_python_dop_operator_3.py
[2023-05-26T07:01:56.033+0000] {processor.py:836} INFO - DAG(s) dict_keys(['example_branch_dop_operator_v3']) retrieved from /home/airflow/.local/lib/python3.7/site-packages/airflow/example_dags/example_branch_python_dop_operator_3.py
[2023-05-26T07:01:56.088+0000] {logging_mixin.py:149} INFO - [2023-05-26T07:01:56.086+0000] {dag.py:2726} INFO - Sync 1 DAGs
[2023-05-26T07:01:56.141+0000] {logging_mixin.py:149} INFO - [2023-05-26T07:01:56.141+0000] {dag.py:3490} INFO - Setting next_dagrun for example_branch_dop_operator_v3 to 2023-05-26T07:00:00+00:00, run_after=2023-05-26T07:01:00+00:00
[2023-05-26T07:01:56.174+0000] {processor.py:179} INFO - Processing /home/airflow/.local/lib/python3.7/site-packages/airflow/example_dags/example_branch_python_dop_operator_3.py took 0.170 seconds
[2023-05-26T07:02:27.958+0000] {processor.py:157} INFO - Started process (PID=832) to work on /home/airflow/.local/lib/python3.7/site-packages/airflow/example_dags/example_branch_python_dop_operator_3.py
[2023-05-26T07:02:27.962+0000] {processor.py:826} INFO - Processing file /home/airflow/.local/lib/python3.7/site-packages/airflow/example_dags/example_branch_python_dop_operator_3.py for tasks to queue
[2023-05-26T07:02:27.971+0000] {logging_mixin.py:149} INFO - [2023-05-26T07:02:27.971+0000] {dagbag.py:541} INFO - Filling up the DagBag from /home/airflow/.local/lib/python3.7/site-packages/airflow/example_dags/example_branch_python_dop_operator_3.py
[2023-05-26T07:02:27.998+0000] {processor.py:836} INFO - DAG(s) dict_keys(['example_branch_dop_operator_v3']) retrieved from /home/airflow/.local/lib/python3.7/site-packages/airflow/example_dags/example_branch_python_dop_operator_3.py
[2023-05-26T07:02:28.072+0000] {logging_mixin.py:149} INFO - [2023-05-26T07:02:28.070+0000] {dag.py:2726} INFO - Sync 1 DAGs
[2023-05-26T07:02:28.171+0000] {logging_mixin.py:149} INFO - [2023-05-26T07:02:28.171+0000] {dag.py:3490} INFO - Setting next_dagrun for example_branch_dop_operator_v3 to 2023-05-26T07:01:00+00:00, run_after=2023-05-26T07:02:00+00:00
[2023-05-26T07:02:28.242+0000] {processor.py:179} INFO - Processing /home/airflow/.local/lib/python3.7/site-packages/airflow/example_dags/example_branch_python_dop_operator_3.py took 0.296 seconds
[2023-05-26T07:02:58.497+0000] {processor.py:157} INFO - Started process (PID=890) to work on /home/airflow/.local/lib/python3.7/site-packages/airflow/example_dags/example_branch_python_dop_operator_3.py
[2023-05-26T07:02:58.499+0000] {processor.py:826} INFO - Processing file /home/airflow/.local/lib/python3.7/site-packages/airflow/example_dags/example_branch_python_dop_operator_3.py for tasks to queue
[2023-05-26T07:02:58.502+0000] {logging_mixin.py:149} INFO - [2023-05-26T07:02:58.502+0000] {dagbag.py:541} INFO - Filling up the DagBag from /home/airflow/.local/lib/python3.7/site-packages/airflow/example_dags/example_branch_python_dop_operator_3.py
[2023-05-26T07:02:58.511+0000] {processor.py:836} INFO - DAG(s) dict_keys(['example_branch_dop_operator_v3']) retrieved from /home/airflow/.local/lib/python3.7/site-packages/airflow/example_dags/example_branch_python_dop_operator_3.py
[2023-05-26T07:02:58.541+0000] {logging_mixin.py:149} INFO - [2023-05-26T07:02:58.540+0000] {dag.py:2726} INFO - Sync 1 DAGs
[2023-05-26T07:02:58.574+0000] {logging_mixin.py:149} INFO - [2023-05-26T07:02:58.574+0000] {dag.py:3490} INFO - Setting next_dagrun for example_branch_dop_operator_v3 to 2023-05-26T07:01:00+00:00, run_after=2023-05-26T07:02:00+00:00
[2023-05-26T07:02:58.597+0000] {processor.py:179} INFO - Processing /home/airflow/.local/lib/python3.7/site-packages/airflow/example_dags/example_branch_python_dop_operator_3.py took 0.103 seconds
[2023-05-26T07:03:29.018+0000] {processor.py:157} INFO - Started process (PID=949) to work on /home/airflow/.local/lib/python3.7/site-packages/airflow/example_dags/example_branch_python_dop_operator_3.py
[2023-05-26T07:03:29.020+0000] {processor.py:826} INFO - Processing file /home/airflow/.local/lib/python3.7/site-packages/airflow/example_dags/example_branch_python_dop_operator_3.py for tasks to queue
[2023-05-26T07:03:29.023+0000] {logging_mixin.py:149} INFO - [2023-05-26T07:03:29.023+0000] {dagbag.py:541} INFO - Filling up the DagBag from /home/airflow/.local/lib/python3.7/site-packages/airflow/example_dags/example_branch_python_dop_operator_3.py
[2023-05-26T07:03:29.034+0000] {processor.py:836} INFO - DAG(s) dict_keys(['example_branch_dop_operator_v3']) retrieved from /home/airflow/.local/lib/python3.7/site-packages/airflow/example_dags/example_branch_python_dop_operator_3.py
[2023-05-26T07:03:29.069+0000] {logging_mixin.py:149} INFO - [2023-05-26T07:03:29.068+0000] {dag.py:2726} INFO - Sync 1 DAGs
[2023-05-26T07:03:29.102+0000] {logging_mixin.py:149} INFO - [2023-05-26T07:03:29.101+0000] {dag.py:3490} INFO - Setting next_dagrun for example_branch_dop_operator_v3 to 2023-05-26T07:02:00+00:00, run_after=2023-05-26T07:03:00+00:00
[2023-05-26T07:03:29.128+0000] {processor.py:179} INFO - Processing /home/airflow/.local/lib/python3.7/site-packages/airflow/example_dags/example_branch_python_dop_operator_3.py took 0.114 seconds
[2023-05-26T07:03:59.879+0000] {processor.py:157} INFO - Started process (PID=1005) to work on /home/airflow/.local/lib/python3.7/site-packages/airflow/example_dags/example_branch_python_dop_operator_3.py
[2023-05-26T07:03:59.880+0000] {processor.py:826} INFO - Processing file /home/airflow/.local/lib/python3.7/site-packages/airflow/example_dags/example_branch_python_dop_operator_3.py for tasks to queue
[2023-05-26T07:03:59.883+0000] {logging_mixin.py:149} INFO - [2023-05-26T07:03:59.883+0000] {dagbag.py:541} INFO - Filling up the DagBag from /home/airflow/.local/lib/python3.7/site-packages/airflow/example_dags/example_branch_python_dop_operator_3.py
[2023-05-26T07:03:59.893+0000] {processor.py:836} INFO - DAG(s) dict_keys(['example_branch_dop_operator_v3']) retrieved from /home/airflow/.local/lib/python3.7/site-packages/airflow/example_dags/example_branch_python_dop_operator_3.py
[2023-05-26T07:03:59.923+0000] {logging_mixin.py:149} INFO - [2023-05-26T07:03:59.922+0000] {dag.py:2726} INFO - Sync 1 DAGs
[2023-05-26T07:03:59.956+0000] {logging_mixin.py:149} INFO - [2023-05-26T07:03:59.956+0000] {dag.py:3490} INFO - Setting next_dagrun for example_branch_dop_operator_v3 to 2023-05-26T07:02:00+00:00, run_after=2023-05-26T07:03:00+00:00
[2023-05-26T07:03:59.980+0000] {processor.py:179} INFO - Processing /home/airflow/.local/lib/python3.7/site-packages/airflow/example_dags/example_branch_python_dop_operator_3.py took 0.105 seconds
[2023-05-26T07:04:30.962+0000] {processor.py:157} INFO - Started process (PID=1062) to work on /home/airflow/.local/lib/python3.7/site-packages/airflow/example_dags/example_branch_python_dop_operator_3.py
[2023-05-26T07:04:30.964+0000] {processor.py:826} INFO - Processing file /home/airflow/.local/lib/python3.7/site-packages/airflow/example_dags/example_branch_python_dop_operator_3.py for tasks to queue
[2023-05-26T07:04:30.967+0000] {logging_mixin.py:149} INFO - [2023-05-26T07:04:30.966+0000] {dagbag.py:541} INFO - Filling up the DagBag from /home/airflow/.local/lib/python3.7/site-packages/airflow/example_dags/example_branch_python_dop_operator_3.py
[2023-05-26T07:04:30.976+0000] {processor.py:836} INFO - DAG(s) dict_keys(['example_branch_dop_operator_v3']) retrieved from /home/airflow/.local/lib/python3.7/site-packages/airflow/example_dags/example_branch_python_dop_operator_3.py
[2023-05-26T07:04:31.007+0000] {logging_mixin.py:149} INFO - [2023-05-26T07:04:31.006+0000] {dag.py:2726} INFO - Sync 1 DAGs
[2023-05-26T07:04:31.041+0000] {logging_mixin.py:149} INFO - [2023-05-26T07:04:31.041+0000] {dag.py:3490} INFO - Setting next_dagrun for example_branch_dop_operator_v3 to 2023-05-26T07:03:00+00:00, run_after=2023-05-26T07:04:00+00:00
[2023-05-26T07:04:31.068+0000] {processor.py:179} INFO - Processing /home/airflow/.local/lib/python3.7/site-packages/airflow/example_dags/example_branch_python_dop_operator_3.py took 0.110 seconds
