[2023-05-26T06:51:29.425+0000] {processor.py:157} INFO - Started process (PID=73) to work on /home/airflow/.local/lib/python3.7/site-packages/airflow/example_dags/example_task_group_decorator.py
[2023-05-26T06:51:29.427+0000] {processor.py:826} INFO - Processing file /home/airflow/.local/lib/python3.7/site-packages/airflow/example_dags/example_task_group_decorator.py for tasks to queue
[2023-05-26T06:51:29.431+0000] {logging_mixin.py:149} INFO - [2023-05-26T06:51:29.430+0000] {dagbag.py:541} INFO - Filling up the DagBag from /home/airflow/.local/lib/python3.7/site-packages/airflow/example_dags/example_task_group_decorator.py
[2023-05-26T06:51:29.454+0000] {processor.py:836} INFO - DAG(s) dict_keys(['example_task_group_decorator']) retrieved from /home/airflow/.local/lib/python3.7/site-packages/airflow/example_dags/example_task_group_decorator.py
[2023-05-26T06:51:29.478+0000] {logging_mixin.py:149} INFO - [2023-05-26T06:51:29.477+0000] {dag.py:2726} INFO - Sync 1 DAGs
[2023-05-26T06:51:29.526+0000] {logging_mixin.py:149} INFO - [2023-05-26T06:51:29.526+0000] {dag.py:3490} INFO - Setting next_dagrun for example_task_group_decorator to 2023-05-25T06:51:29.526140+00:00, run_after=2023-05-26T06:51:29.526140+00:00
[2023-05-26T06:51:29.580+0000] {processor.py:179} INFO - Processing /home/airflow/.local/lib/python3.7/site-packages/airflow/example_dags/example_task_group_decorator.py took 0.160 seconds
[2023-05-26T06:52:00.575+0000] {processor.py:157} INFO - Started process (PID=128) to work on /home/airflow/.local/lib/python3.7/site-packages/airflow/example_dags/example_task_group_decorator.py
[2023-05-26T06:52:00.576+0000] {processor.py:826} INFO - Processing file /home/airflow/.local/lib/python3.7/site-packages/airflow/example_dags/example_task_group_decorator.py for tasks to queue
[2023-05-26T06:52:00.580+0000] {logging_mixin.py:149} INFO - [2023-05-26T06:52:00.580+0000] {dagbag.py:541} INFO - Filling up the DagBag from /home/airflow/.local/lib/python3.7/site-packages/airflow/example_dags/example_task_group_decorator.py
[2023-05-26T06:52:00.595+0000] {processor.py:836} INFO - DAG(s) dict_keys(['example_task_group_decorator']) retrieved from /home/airflow/.local/lib/python3.7/site-packages/airflow/example_dags/example_task_group_decorator.py
[2023-05-26T06:52:00.627+0000] {logging_mixin.py:149} INFO - [2023-05-26T06:52:00.626+0000] {dag.py:2726} INFO - Sync 1 DAGs
[2023-05-26T06:52:00.656+0000] {logging_mixin.py:149} INFO - [2023-05-26T06:52:00.656+0000] {dag.py:3490} INFO - Setting next_dagrun for example_task_group_decorator to 2023-05-25T06:52:00.655769+00:00, run_after=2023-05-26T06:52:00.655769+00:00
[2023-05-26T06:52:00.682+0000] {processor.py:179} INFO - Processing /home/airflow/.local/lib/python3.7/site-packages/airflow/example_dags/example_task_group_decorator.py took 0.111 seconds
[2023-05-26T06:55:18.589+0000] {processor.py:157} INFO - Started process (PID=72) to work on /home/airflow/.local/lib/python3.7/site-packages/airflow/example_dags/example_task_group_decorator.py
[2023-05-26T06:55:18.590+0000] {processor.py:826} INFO - Processing file /home/airflow/.local/lib/python3.7/site-packages/airflow/example_dags/example_task_group_decorator.py for tasks to queue
[2023-05-26T06:55:18.595+0000] {logging_mixin.py:149} INFO - [2023-05-26T06:55:18.595+0000] {dagbag.py:541} INFO - Filling up the DagBag from /home/airflow/.local/lib/python3.7/site-packages/airflow/example_dags/example_task_group_decorator.py
[2023-05-26T06:55:18.613+0000] {processor.py:836} INFO - DAG(s) dict_keys(['example_task_group_decorator']) retrieved from /home/airflow/.local/lib/python3.7/site-packages/airflow/example_dags/example_task_group_decorator.py
[2023-05-26T06:55:18.634+0000] {logging_mixin.py:149} INFO - [2023-05-26T06:55:18.633+0000] {dag.py:2726} INFO - Sync 1 DAGs
[2023-05-26T06:55:18.677+0000] {logging_mixin.py:149} INFO - [2023-05-26T06:55:18.676+0000] {dag.py:3490} INFO - Setting next_dagrun for example_task_group_decorator to 2023-05-25T06:55:18.676568+00:00, run_after=2023-05-26T06:55:18.676568+00:00
[2023-05-26T06:55:18.706+0000] {processor.py:179} INFO - Processing /home/airflow/.local/lib/python3.7/site-packages/airflow/example_dags/example_task_group_decorator.py took 0.122 seconds
[2023-05-26T06:55:48.892+0000] {processor.py:157} INFO - Started process (PID=128) to work on /home/airflow/.local/lib/python3.7/site-packages/airflow/example_dags/example_task_group_decorator.py
[2023-05-26T06:55:48.894+0000] {processor.py:826} INFO - Processing file /home/airflow/.local/lib/python3.7/site-packages/airflow/example_dags/example_task_group_decorator.py for tasks to queue
[2023-05-26T06:55:48.897+0000] {logging_mixin.py:149} INFO - [2023-05-26T06:55:48.897+0000] {dagbag.py:541} INFO - Filling up the DagBag from /home/airflow/.local/lib/python3.7/site-packages/airflow/example_dags/example_task_group_decorator.py
[2023-05-26T06:55:48.912+0000] {processor.py:836} INFO - DAG(s) dict_keys(['example_task_group_decorator']) retrieved from /home/airflow/.local/lib/python3.7/site-packages/airflow/example_dags/example_task_group_decorator.py
[2023-05-26T06:55:48.947+0000] {logging_mixin.py:149} INFO - [2023-05-26T06:55:48.947+0000] {dag.py:2726} INFO - Sync 1 DAGs
[2023-05-26T06:55:48.977+0000] {logging_mixin.py:149} INFO - [2023-05-26T06:55:48.976+0000] {dag.py:3490} INFO - Setting next_dagrun for example_task_group_decorator to 2023-05-25T06:55:48.976697+00:00, run_after=2023-05-26T06:55:48.976697+00:00
[2023-05-26T06:55:49.002+0000] {processor.py:179} INFO - Processing /home/airflow/.local/lib/python3.7/site-packages/airflow/example_dags/example_task_group_decorator.py took 0.115 seconds
[2023-05-26T06:56:19.652+0000] {processor.py:157} INFO - Started process (PID=184) to work on /home/airflow/.local/lib/python3.7/site-packages/airflow/example_dags/example_task_group_decorator.py
[2023-05-26T06:56:19.654+0000] {processor.py:826} INFO - Processing file /home/airflow/.local/lib/python3.7/site-packages/airflow/example_dags/example_task_group_decorator.py for tasks to queue
[2023-05-26T06:56:19.658+0000] {logging_mixin.py:149} INFO - [2023-05-26T06:56:19.657+0000] {dagbag.py:541} INFO - Filling up the DagBag from /home/airflow/.local/lib/python3.7/site-packages/airflow/example_dags/example_task_group_decorator.py
[2023-05-26T06:56:19.675+0000] {processor.py:836} INFO - DAG(s) dict_keys(['example_task_group_decorator']) retrieved from /home/airflow/.local/lib/python3.7/site-packages/airflow/example_dags/example_task_group_decorator.py
[2023-05-26T06:56:19.707+0000] {logging_mixin.py:149} INFO - [2023-05-26T06:56:19.706+0000] {dag.py:2726} INFO - Sync 1 DAGs
[2023-05-26T06:56:19.734+0000] {logging_mixin.py:149} INFO - [2023-05-26T06:56:19.734+0000] {dag.py:3490} INFO - Setting next_dagrun for example_task_group_decorator to 2023-05-25T06:56:19.734374+00:00, run_after=2023-05-26T06:56:19.734374+00:00
[2023-05-26T06:56:19.757+0000] {processor.py:179} INFO - Processing /home/airflow/.local/lib/python3.7/site-packages/airflow/example_dags/example_task_group_decorator.py took 0.110 seconds
[2023-05-26T06:56:50.126+0000] {processor.py:157} INFO - Started process (PID=240) to work on /home/airflow/.local/lib/python3.7/site-packages/airflow/example_dags/example_task_group_decorator.py
[2023-05-26T06:56:50.127+0000] {processor.py:826} INFO - Processing file /home/airflow/.local/lib/python3.7/site-packages/airflow/example_dags/example_task_group_decorator.py for tasks to queue
[2023-05-26T06:56:50.131+0000] {logging_mixin.py:149} INFO - [2023-05-26T06:56:50.131+0000] {dagbag.py:541} INFO - Filling up the DagBag from /home/airflow/.local/lib/python3.7/site-packages/airflow/example_dags/example_task_group_decorator.py
[2023-05-26T06:56:50.146+0000] {processor.py:836} INFO - DAG(s) dict_keys(['example_task_group_decorator']) retrieved from /home/airflow/.local/lib/python3.7/site-packages/airflow/example_dags/example_task_group_decorator.py
[2023-05-26T06:56:50.183+0000] {logging_mixin.py:149} INFO - [2023-05-26T06:56:50.182+0000] {dag.py:2726} INFO - Sync 1 DAGs
[2023-05-26T06:56:50.210+0000] {logging_mixin.py:149} INFO - [2023-05-26T06:56:50.210+0000] {dag.py:3490} INFO - Setting next_dagrun for example_task_group_decorator to 2023-05-25T06:56:50.210184+00:00, run_after=2023-05-26T06:56:50.210184+00:00
[2023-05-26T06:56:50.235+0000] {processor.py:179} INFO - Processing /home/airflow/.local/lib/python3.7/site-packages/airflow/example_dags/example_task_group_decorator.py took 0.114 seconds
[2023-05-26T06:57:20.568+0000] {processor.py:157} INFO - Started process (PID=295) to work on /home/airflow/.local/lib/python3.7/site-packages/airflow/example_dags/example_task_group_decorator.py
[2023-05-26T06:57:20.570+0000] {processor.py:826} INFO - Processing file /home/airflow/.local/lib/python3.7/site-packages/airflow/example_dags/example_task_group_decorator.py for tasks to queue
[2023-05-26T06:57:20.574+0000] {logging_mixin.py:149} INFO - [2023-05-26T06:57:20.574+0000] {dagbag.py:541} INFO - Filling up the DagBag from /home/airflow/.local/lib/python3.7/site-packages/airflow/example_dags/example_task_group_decorator.py
[2023-05-26T06:57:20.592+0000] {processor.py:836} INFO - DAG(s) dict_keys(['example_task_group_decorator']) retrieved from /home/airflow/.local/lib/python3.7/site-packages/airflow/example_dags/example_task_group_decorator.py
[2023-05-26T06:57:20.626+0000] {logging_mixin.py:149} INFO - [2023-05-26T06:57:20.625+0000] {dag.py:2726} INFO - Sync 1 DAGs
[2023-05-26T06:57:20.653+0000] {logging_mixin.py:149} INFO - [2023-05-26T06:57:20.653+0000] {dag.py:3490} INFO - Setting next_dagrun for example_task_group_decorator to 2023-05-25T06:57:20.653502+00:00, run_after=2023-05-26T06:57:20.653502+00:00
[2023-05-26T06:57:20.684+0000] {processor.py:179} INFO - Processing /home/airflow/.local/lib/python3.7/site-packages/airflow/example_dags/example_task_group_decorator.py took 0.121 seconds
[2023-05-26T06:57:51.345+0000] {processor.py:157} INFO - Started process (PID=351) to work on /home/airflow/.local/lib/python3.7/site-packages/airflow/example_dags/example_task_group_decorator.py
[2023-05-26T06:57:51.347+0000] {processor.py:826} INFO - Processing file /home/airflow/.local/lib/python3.7/site-packages/airflow/example_dags/example_task_group_decorator.py for tasks to queue
[2023-05-26T06:57:51.350+0000] {logging_mixin.py:149} INFO - [2023-05-26T06:57:51.350+0000] {dagbag.py:541} INFO - Filling up the DagBag from /home/airflow/.local/lib/python3.7/site-packages/airflow/example_dags/example_task_group_decorator.py
[2023-05-26T06:57:51.365+0000] {processor.py:836} INFO - DAG(s) dict_keys(['example_task_group_decorator']) retrieved from /home/airflow/.local/lib/python3.7/site-packages/airflow/example_dags/example_task_group_decorator.py
[2023-05-26T06:57:51.404+0000] {logging_mixin.py:149} INFO - [2023-05-26T06:57:51.404+0000] {dag.py:2726} INFO - Sync 1 DAGs
[2023-05-26T06:57:51.434+0000] {logging_mixin.py:149} INFO - [2023-05-26T06:57:51.434+0000] {dag.py:3490} INFO - Setting next_dagrun for example_task_group_decorator to 2023-05-25T06:57:51.433927+00:00, run_after=2023-05-26T06:57:51.433927+00:00
[2023-05-26T06:57:51.460+0000] {processor.py:179} INFO - Processing /home/airflow/.local/lib/python3.7/site-packages/airflow/example_dags/example_task_group_decorator.py took 0.118 seconds
[2023-05-26T06:58:21.997+0000] {processor.py:157} INFO - Started process (PID=407) to work on /home/airflow/.local/lib/python3.7/site-packages/airflow/example_dags/example_task_group_decorator.py
[2023-05-26T06:58:21.999+0000] {processor.py:826} INFO - Processing file /home/airflow/.local/lib/python3.7/site-packages/airflow/example_dags/example_task_group_decorator.py for tasks to queue
[2023-05-26T06:58:22.002+0000] {logging_mixin.py:149} INFO - [2023-05-26T06:58:22.002+0000] {dagbag.py:541} INFO - Filling up the DagBag from /home/airflow/.local/lib/python3.7/site-packages/airflow/example_dags/example_task_group_decorator.py
[2023-05-26T06:58:22.019+0000] {processor.py:836} INFO - DAG(s) dict_keys(['example_task_group_decorator']) retrieved from /home/airflow/.local/lib/python3.7/site-packages/airflow/example_dags/example_task_group_decorator.py
[2023-05-26T06:58:22.054+0000] {logging_mixin.py:149} INFO - [2023-05-26T06:58:22.053+0000] {dag.py:2726} INFO - Sync 1 DAGs
[2023-05-26T06:58:22.082+0000] {logging_mixin.py:149} INFO - [2023-05-26T06:58:22.081+0000] {dag.py:3490} INFO - Setting next_dagrun for example_task_group_decorator to 2023-05-25T06:58:22.081679+00:00, run_after=2023-05-26T06:58:22.081679+00:00
[2023-05-26T06:58:22.104+0000] {processor.py:179} INFO - Processing /home/airflow/.local/lib/python3.7/site-packages/airflow/example_dags/example_task_group_decorator.py took 0.112 seconds
[2023-05-26T06:58:52.946+0000] {processor.py:157} INFO - Started process (PID=462) to work on /home/airflow/.local/lib/python3.7/site-packages/airflow/example_dags/example_task_group_decorator.py
[2023-05-26T06:58:52.947+0000] {processor.py:826} INFO - Processing file /home/airflow/.local/lib/python3.7/site-packages/airflow/example_dags/example_task_group_decorator.py for tasks to queue
[2023-05-26T06:58:52.951+0000] {logging_mixin.py:149} INFO - [2023-05-26T06:58:52.951+0000] {dagbag.py:541} INFO - Filling up the DagBag from /home/airflow/.local/lib/python3.7/site-packages/airflow/example_dags/example_task_group_decorator.py
[2023-05-26T06:58:52.968+0000] {processor.py:836} INFO - DAG(s) dict_keys(['example_task_group_decorator']) retrieved from /home/airflow/.local/lib/python3.7/site-packages/airflow/example_dags/example_task_group_decorator.py
[2023-05-26T06:58:53.000+0000] {logging_mixin.py:149} INFO - [2023-05-26T06:58:53.000+0000] {dag.py:2726} INFO - Sync 1 DAGs
[2023-05-26T06:58:53.029+0000] {logging_mixin.py:149} INFO - [2023-05-26T06:58:53.029+0000] {dag.py:3490} INFO - Setting next_dagrun for example_task_group_decorator to 2023-05-25T06:58:53.029293+00:00, run_after=2023-05-26T06:58:53.029293+00:00
[2023-05-26T06:58:53.057+0000] {processor.py:179} INFO - Processing /home/airflow/.local/lib/python3.7/site-packages/airflow/example_dags/example_task_group_decorator.py took 0.115 seconds
[2023-05-26T06:59:23.819+0000] {processor.py:157} INFO - Started process (PID=518) to work on /home/airflow/.local/lib/python3.7/site-packages/airflow/example_dags/example_task_group_decorator.py
[2023-05-26T06:59:23.821+0000] {processor.py:826} INFO - Processing file /home/airflow/.local/lib/python3.7/site-packages/airflow/example_dags/example_task_group_decorator.py for tasks to queue
[2023-05-26T06:59:23.827+0000] {logging_mixin.py:149} INFO - [2023-05-26T06:59:23.826+0000] {dagbag.py:541} INFO - Filling up the DagBag from /home/airflow/.local/lib/python3.7/site-packages/airflow/example_dags/example_task_group_decorator.py
[2023-05-26T06:59:23.850+0000] {processor.py:836} INFO - DAG(s) dict_keys(['example_task_group_decorator']) retrieved from /home/airflow/.local/lib/python3.7/site-packages/airflow/example_dags/example_task_group_decorator.py
[2023-05-26T06:59:23.890+0000] {logging_mixin.py:149} INFO - [2023-05-26T06:59:23.889+0000] {dag.py:2726} INFO - Sync 1 DAGs
[2023-05-26T06:59:23.931+0000] {logging_mixin.py:149} INFO - [2023-05-26T06:59:23.931+0000] {dag.py:3490} INFO - Setting next_dagrun for example_task_group_decorator to 2023-05-25T06:59:23.931006+00:00, run_after=2023-05-26T06:59:23.931006+00:00
[2023-05-26T06:59:23.964+0000] {processor.py:179} INFO - Processing /home/airflow/.local/lib/python3.7/site-packages/airflow/example_dags/example_task_group_decorator.py took 0.149 seconds
[2023-05-26T06:59:54.777+0000] {processor.py:157} INFO - Started process (PID=574) to work on /home/airflow/.local/lib/python3.7/site-packages/airflow/example_dags/example_task_group_decorator.py
[2023-05-26T06:59:54.779+0000] {processor.py:826} INFO - Processing file /home/airflow/.local/lib/python3.7/site-packages/airflow/example_dags/example_task_group_decorator.py for tasks to queue
[2023-05-26T06:59:54.782+0000] {logging_mixin.py:149} INFO - [2023-05-26T06:59:54.782+0000] {dagbag.py:541} INFO - Filling up the DagBag from /home/airflow/.local/lib/python3.7/site-packages/airflow/example_dags/example_task_group_decorator.py
[2023-05-26T06:59:54.805+0000] {processor.py:836} INFO - DAG(s) dict_keys(['example_task_group_decorator']) retrieved from /home/airflow/.local/lib/python3.7/site-packages/airflow/example_dags/example_task_group_decorator.py
[2023-05-26T06:59:54.848+0000] {logging_mixin.py:149} INFO - [2023-05-26T06:59:54.847+0000] {dag.py:2726} INFO - Sync 1 DAGs
[2023-05-26T06:59:54.878+0000] {logging_mixin.py:149} INFO - [2023-05-26T06:59:54.878+0000] {dag.py:3490} INFO - Setting next_dagrun for example_task_group_decorator to 2023-05-25T06:59:54.878386+00:00, run_after=2023-05-26T06:59:54.878386+00:00
[2023-05-26T06:59:54.902+0000] {processor.py:179} INFO - Processing /home/airflow/.local/lib/python3.7/site-packages/airflow/example_dags/example_task_group_decorator.py took 0.129 seconds
[2023-05-26T07:00:25.550+0000] {processor.py:157} INFO - Started process (PID=629) to work on /home/airflow/.local/lib/python3.7/site-packages/airflow/example_dags/example_task_group_decorator.py
[2023-05-26T07:00:25.552+0000] {processor.py:826} INFO - Processing file /home/airflow/.local/lib/python3.7/site-packages/airflow/example_dags/example_task_group_decorator.py for tasks to queue
[2023-05-26T07:00:25.556+0000] {logging_mixin.py:149} INFO - [2023-05-26T07:00:25.555+0000] {dagbag.py:541} INFO - Filling up the DagBag from /home/airflow/.local/lib/python3.7/site-packages/airflow/example_dags/example_task_group_decorator.py
[2023-05-26T07:00:25.573+0000] {processor.py:836} INFO - DAG(s) dict_keys(['example_task_group_decorator']) retrieved from /home/airflow/.local/lib/python3.7/site-packages/airflow/example_dags/example_task_group_decorator.py
[2023-05-26T07:00:25.608+0000] {logging_mixin.py:149} INFO - [2023-05-26T07:00:25.607+0000] {dag.py:2726} INFO - Sync 1 DAGs
[2023-05-26T07:00:25.636+0000] {logging_mixin.py:149} INFO - [2023-05-26T07:00:25.635+0000] {dag.py:3490} INFO - Setting next_dagrun for example_task_group_decorator to 2023-05-25T07:00:25.635692+00:00, run_after=2023-05-26T07:00:25.635692+00:00
[2023-05-26T07:00:25.658+0000] {processor.py:179} INFO - Processing /home/airflow/.local/lib/python3.7/site-packages/airflow/example_dags/example_task_group_decorator.py took 0.112 seconds
[2023-05-26T07:00:56.235+0000] {processor.py:157} INFO - Started process (PID=685) to work on /home/airflow/.local/lib/python3.7/site-packages/airflow/example_dags/example_task_group_decorator.py
[2023-05-26T07:00:56.236+0000] {processor.py:826} INFO - Processing file /home/airflow/.local/lib/python3.7/site-packages/airflow/example_dags/example_task_group_decorator.py for tasks to queue
[2023-05-26T07:00:56.240+0000] {logging_mixin.py:149} INFO - [2023-05-26T07:00:56.239+0000] {dagbag.py:541} INFO - Filling up the DagBag from /home/airflow/.local/lib/python3.7/site-packages/airflow/example_dags/example_task_group_decorator.py
[2023-05-26T07:00:56.254+0000] {processor.py:836} INFO - DAG(s) dict_keys(['example_task_group_decorator']) retrieved from /home/airflow/.local/lib/python3.7/site-packages/airflow/example_dags/example_task_group_decorator.py
[2023-05-26T07:00:56.289+0000] {logging_mixin.py:149} INFO - [2023-05-26T07:00:56.289+0000] {dag.py:2726} INFO - Sync 1 DAGs
[2023-05-26T07:00:56.320+0000] {logging_mixin.py:149} INFO - [2023-05-26T07:00:56.320+0000] {dag.py:3490} INFO - Setting next_dagrun for example_task_group_decorator to 2023-05-25T07:00:56.320260+00:00, run_after=2023-05-26T07:00:56.320260+00:00
[2023-05-26T07:00:56.348+0000] {processor.py:179} INFO - Processing /home/airflow/.local/lib/python3.7/site-packages/airflow/example_dags/example_task_group_decorator.py took 0.117 seconds
[2023-05-26T07:01:27.822+0000] {processor.py:157} INFO - Started process (PID=741) to work on /home/airflow/.local/lib/python3.7/site-packages/airflow/example_dags/example_task_group_decorator.py
[2023-05-26T07:01:27.824+0000] {processor.py:826} INFO - Processing file /home/airflow/.local/lib/python3.7/site-packages/airflow/example_dags/example_task_group_decorator.py for tasks to queue
[2023-05-26T07:01:27.832+0000] {logging_mixin.py:149} INFO - [2023-05-26T07:01:27.832+0000] {dagbag.py:541} INFO - Filling up the DagBag from /home/airflow/.local/lib/python3.7/site-packages/airflow/example_dags/example_task_group_decorator.py
[2023-05-26T07:01:27.857+0000] {processor.py:836} INFO - DAG(s) dict_keys(['example_task_group_decorator']) retrieved from /home/airflow/.local/lib/python3.7/site-packages/airflow/example_dags/example_task_group_decorator.py
[2023-05-26T07:01:27.914+0000] {logging_mixin.py:149} INFO - [2023-05-26T07:01:27.913+0000] {dag.py:2726} INFO - Sync 1 DAGs
[2023-05-26T07:01:27.963+0000] {logging_mixin.py:149} INFO - [2023-05-26T07:01:27.963+0000] {dag.py:3490} INFO - Setting next_dagrun for example_task_group_decorator to 2023-05-25T07:01:27.962894+00:00, run_after=2023-05-26T07:01:27.962894+00:00
[2023-05-26T07:01:28.010+0000] {processor.py:179} INFO - Processing /home/airflow/.local/lib/python3.7/site-packages/airflow/example_dags/example_task_group_decorator.py took 0.192 seconds
[2023-05-26T07:01:59.117+0000] {processor.py:157} INFO - Started process (PID=797) to work on /home/airflow/.local/lib/python3.7/site-packages/airflow/example_dags/example_task_group_decorator.py
[2023-05-26T07:01:59.121+0000] {processor.py:826} INFO - Processing file /home/airflow/.local/lib/python3.7/site-packages/airflow/example_dags/example_task_group_decorator.py for tasks to queue
[2023-05-26T07:01:59.129+0000] {logging_mixin.py:149} INFO - [2023-05-26T07:01:59.129+0000] {dagbag.py:541} INFO - Filling up the DagBag from /home/airflow/.local/lib/python3.7/site-packages/airflow/example_dags/example_task_group_decorator.py
[2023-05-26T07:01:59.176+0000] {processor.py:836} INFO - DAG(s) dict_keys(['example_task_group_decorator']) retrieved from /home/airflow/.local/lib/python3.7/site-packages/airflow/example_dags/example_task_group_decorator.py
[2023-05-26T07:01:59.267+0000] {logging_mixin.py:149} INFO - [2023-05-26T07:01:59.266+0000] {dag.py:2726} INFO - Sync 1 DAGs
[2023-05-26T07:01:59.339+0000] {logging_mixin.py:149} INFO - [2023-05-26T07:01:59.339+0000] {dag.py:3490} INFO - Setting next_dagrun for example_task_group_decorator to 2023-05-25T07:01:59.338474+00:00, run_after=2023-05-26T07:01:59.338474+00:00
[2023-05-26T07:01:59.395+0000] {processor.py:179} INFO - Processing /home/airflow/.local/lib/python3.7/site-packages/airflow/example_dags/example_task_group_decorator.py took 0.288 seconds
[2023-05-26T07:02:32.329+0000] {processor.py:157} INFO - Started process (PID=853) to work on /home/airflow/.local/lib/python3.7/site-packages/airflow/example_dags/example_task_group_decorator.py
[2023-05-26T07:02:32.333+0000] {processor.py:826} INFO - Processing file /home/airflow/.local/lib/python3.7/site-packages/airflow/example_dags/example_task_group_decorator.py for tasks to queue
[2023-05-26T07:02:32.346+0000] {logging_mixin.py:149} INFO - [2023-05-26T07:02:32.345+0000] {dagbag.py:541} INFO - Filling up the DagBag from /home/airflow/.local/lib/python3.7/site-packages/airflow/example_dags/example_task_group_decorator.py
[2023-05-26T07:02:32.397+0000] {processor.py:836} INFO - DAG(s) dict_keys(['example_task_group_decorator']) retrieved from /home/airflow/.local/lib/python3.7/site-packages/airflow/example_dags/example_task_group_decorator.py
[2023-05-26T07:02:32.499+0000] {logging_mixin.py:149} INFO - [2023-05-26T07:02:32.498+0000] {dag.py:2726} INFO - Sync 1 DAGs
[2023-05-26T07:02:32.591+0000] {logging_mixin.py:149} INFO - [2023-05-26T07:02:32.590+0000] {dag.py:3490} INFO - Setting next_dagrun for example_task_group_decorator to 2023-05-25T07:02:32.590403+00:00, run_after=2023-05-26T07:02:32.590403+00:00
[2023-05-26T07:02:32.645+0000] {processor.py:179} INFO - Processing /home/airflow/.local/lib/python3.7/site-packages/airflow/example_dags/example_task_group_decorator.py took 0.340 seconds
[2023-05-26T07:03:03.381+0000] {processor.py:157} INFO - Started process (PID=914) to work on /home/airflow/.local/lib/python3.7/site-packages/airflow/example_dags/example_task_group_decorator.py
[2023-05-26T07:03:03.383+0000] {processor.py:826} INFO - Processing file /home/airflow/.local/lib/python3.7/site-packages/airflow/example_dags/example_task_group_decorator.py for tasks to queue
[2023-05-26T07:03:03.387+0000] {logging_mixin.py:149} INFO - [2023-05-26T07:03:03.386+0000] {dagbag.py:541} INFO - Filling up the DagBag from /home/airflow/.local/lib/python3.7/site-packages/airflow/example_dags/example_task_group_decorator.py
[2023-05-26T07:03:03.404+0000] {processor.py:836} INFO - DAG(s) dict_keys(['example_task_group_decorator']) retrieved from /home/airflow/.local/lib/python3.7/site-packages/airflow/example_dags/example_task_group_decorator.py
[2023-05-26T07:03:03.442+0000] {logging_mixin.py:149} INFO - [2023-05-26T07:03:03.441+0000] {dag.py:2726} INFO - Sync 1 DAGs
[2023-05-26T07:03:03.473+0000] {logging_mixin.py:149} INFO - [2023-05-26T07:03:03.472+0000] {dag.py:3490} INFO - Setting next_dagrun for example_task_group_decorator to 2023-05-25T07:03:03.472663+00:00, run_after=2023-05-26T07:03:03.472663+00:00
[2023-05-26T07:03:03.500+0000] {processor.py:179} INFO - Processing /home/airflow/.local/lib/python3.7/site-packages/airflow/example_dags/example_task_group_decorator.py took 0.123 seconds
[2023-05-26T07:03:33.747+0000] {processor.py:157} INFO - Started process (PID=970) to work on /home/airflow/.local/lib/python3.7/site-packages/airflow/example_dags/example_task_group_decorator.py
[2023-05-26T07:03:33.750+0000] {processor.py:826} INFO - Processing file /home/airflow/.local/lib/python3.7/site-packages/airflow/example_dags/example_task_group_decorator.py for tasks to queue
[2023-05-26T07:03:33.756+0000] {logging_mixin.py:149} INFO - [2023-05-26T07:03:33.756+0000] {dagbag.py:541} INFO - Filling up the DagBag from /home/airflow/.local/lib/python3.7/site-packages/airflow/example_dags/example_task_group_decorator.py
[2023-05-26T07:03:33.779+0000] {processor.py:836} INFO - DAG(s) dict_keys(['example_task_group_decorator']) retrieved from /home/airflow/.local/lib/python3.7/site-packages/airflow/example_dags/example_task_group_decorator.py
[2023-05-26T07:03:33.833+0000] {logging_mixin.py:149} INFO - [2023-05-26T07:03:33.833+0000] {dag.py:2726} INFO - Sync 1 DAGs
[2023-05-26T07:03:33.878+0000] {logging_mixin.py:149} INFO - [2023-05-26T07:03:33.878+0000] {dag.py:3490} INFO - Setting next_dagrun for example_task_group_decorator to 2023-05-25T07:03:33.878163+00:00, run_after=2023-05-26T07:03:33.878163+00:00
[2023-05-26T07:03:33.912+0000] {processor.py:179} INFO - Processing /home/airflow/.local/lib/python3.7/site-packages/airflow/example_dags/example_task_group_decorator.py took 0.170 seconds
[2023-05-26T07:04:04.858+0000] {processor.py:157} INFO - Started process (PID=1026) to work on /home/airflow/.local/lib/python3.7/site-packages/airflow/example_dags/example_task_group_decorator.py
[2023-05-26T07:04:04.860+0000] {processor.py:826} INFO - Processing file /home/airflow/.local/lib/python3.7/site-packages/airflow/example_dags/example_task_group_decorator.py for tasks to queue
[2023-05-26T07:04:04.863+0000] {logging_mixin.py:149} INFO - [2023-05-26T07:04:04.863+0000] {dagbag.py:541} INFO - Filling up the DagBag from /home/airflow/.local/lib/python3.7/site-packages/airflow/example_dags/example_task_group_decorator.py
[2023-05-26T07:04:04.880+0000] {processor.py:836} INFO - DAG(s) dict_keys(['example_task_group_decorator']) retrieved from /home/airflow/.local/lib/python3.7/site-packages/airflow/example_dags/example_task_group_decorator.py
[2023-05-26T07:04:04.917+0000] {logging_mixin.py:149} INFO - [2023-05-26T07:04:04.916+0000] {dag.py:2726} INFO - Sync 1 DAGs
[2023-05-26T07:04:04.948+0000] {logging_mixin.py:149} INFO - [2023-05-26T07:04:04.948+0000] {dag.py:3490} INFO - Setting next_dagrun for example_task_group_decorator to 2023-05-25T07:04:04.947936+00:00, run_after=2023-05-26T07:04:04.947936+00:00
[2023-05-26T07:04:04.974+0000] {processor.py:179} INFO - Processing /home/airflow/.local/lib/python3.7/site-packages/airflow/example_dags/example_task_group_decorator.py took 0.120 seconds
[2023-05-26T07:04:35.582+0000] {processor.py:157} INFO - Started process (PID=1083) to work on /home/airflow/.local/lib/python3.7/site-packages/airflow/example_dags/example_task_group_decorator.py
[2023-05-26T07:04:35.583+0000] {processor.py:826} INFO - Processing file /home/airflow/.local/lib/python3.7/site-packages/airflow/example_dags/example_task_group_decorator.py for tasks to queue
[2023-05-26T07:04:35.588+0000] {logging_mixin.py:149} INFO - [2023-05-26T07:04:35.587+0000] {dagbag.py:541} INFO - Filling up the DagBag from /home/airflow/.local/lib/python3.7/site-packages/airflow/example_dags/example_task_group_decorator.py
[2023-05-26T07:04:35.602+0000] {processor.py:836} INFO - DAG(s) dict_keys(['example_task_group_decorator']) retrieved from /home/airflow/.local/lib/python3.7/site-packages/airflow/example_dags/example_task_group_decorator.py
[2023-05-26T07:04:35.640+0000] {logging_mixin.py:149} INFO - [2023-05-26T07:04:35.640+0000] {dag.py:2726} INFO - Sync 1 DAGs
[2023-05-26T07:04:35.670+0000] {logging_mixin.py:149} INFO - [2023-05-26T07:04:35.670+0000] {dag.py:3490} INFO - Setting next_dagrun for example_task_group_decorator to 2023-05-25T07:04:35.669994+00:00, run_after=2023-05-26T07:04:35.669994+00:00
[2023-05-26T07:04:35.694+0000] {processor.py:179} INFO - Processing /home/airflow/.local/lib/python3.7/site-packages/airflow/example_dags/example_task_group_decorator.py took 0.116 seconds
