[2023-05-26T06:51:29.042+0000] {processor.py:157} INFO - Started process (PID=68) to work on /home/airflow/.local/lib/python3.7/site-packages/airflow/example_dags/example_subdag_operator.py
[2023-05-26T06:51:29.045+0000] {processor.py:826} INFO - Processing file /home/airflow/.local/lib/python3.7/site-packages/airflow/example_dags/example_subdag_operator.py for tasks to queue
[2023-05-26T06:51:29.050+0000] {logging_mixin.py:149} INFO - [2023-05-26T06:51:29.050+0000] {dagbag.py:541} INFO - Filling up the DagBag from /home/airflow/.local/lib/python3.7/site-packages/airflow/example_dags/example_subdag_operator.py
[2023-05-26T06:51:29.095+0000] {processor.py:836} INFO - DAG(s) dict_keys(['example_subdag_operator.section-1', 'example_subdag_operator.section-2', 'example_subdag_operator']) retrieved from /home/airflow/.local/lib/python3.7/site-packages/airflow/example_dags/example_subdag_operator.py
[2023-05-26T06:51:29.109+0000] {logging_mixin.py:149} INFO - [2023-05-26T06:51:29.108+0000] {dag.py:2726} INFO - Sync 3 DAGs
[2023-05-26T06:51:29.156+0000] {logging_mixin.py:149} INFO - [2023-05-26T06:51:29.156+0000] {dag.py:3490} INFO - Setting next_dagrun for example_subdag_operator to 2022-01-01T00:00:00+00:00, run_after=2022-01-01T00:00:00+00:00
[2023-05-26T06:51:29.164+0000] {logging_mixin.py:149} INFO - [2023-05-26T06:51:29.164+0000] {dag.py:3490} INFO - Setting next_dagrun for example_subdag_operator.section-1 to None, run_after=None
[2023-05-26T06:51:29.168+0000] {logging_mixin.py:149} INFO - [2023-05-26T06:51:29.168+0000] {dag.py:3490} INFO - Setting next_dagrun for example_subdag_operator.section-2 to None, run_after=None
[2023-05-26T06:51:29.182+0000] {logging_mixin.py:149} INFO - [2023-05-26T06:51:29.182+0000] {dag.py:2726} INFO - Sync 2 DAGs
[2023-05-26T06:51:29.193+0000] {logging_mixin.py:149} INFO - [2023-05-26T06:51:29.192+0000] {dag.py:3490} INFO - Setting next_dagrun for example_subdag_operator.section-1 to None, run_after=None
[2023-05-26T06:51:29.194+0000] {logging_mixin.py:149} INFO - [2023-05-26T06:51:29.194+0000] {dag.py:3490} INFO - Setting next_dagrun for example_subdag_operator.section-2 to None, run_after=None
[2023-05-26T06:51:29.221+0000] {processor.py:179} INFO - Processing /home/airflow/.local/lib/python3.7/site-packages/airflow/example_dags/example_subdag_operator.py took 0.193 seconds
[2023-05-26T06:52:00.133+0000] {processor.py:157} INFO - Started process (PID=123) to work on /home/airflow/.local/lib/python3.7/site-packages/airflow/example_dags/example_subdag_operator.py
[2023-05-26T06:52:00.135+0000] {processor.py:826} INFO - Processing file /home/airflow/.local/lib/python3.7/site-packages/airflow/example_dags/example_subdag_operator.py for tasks to queue
[2023-05-26T06:52:00.139+0000] {logging_mixin.py:149} INFO - [2023-05-26T06:52:00.138+0000] {dagbag.py:541} INFO - Filling up the DagBag from /home/airflow/.local/lib/python3.7/site-packages/airflow/example_dags/example_subdag_operator.py
[2023-05-26T06:52:00.171+0000] {processor.py:836} INFO - DAG(s) dict_keys(['example_subdag_operator.section-1', 'example_subdag_operator.section-2', 'example_subdag_operator']) retrieved from /home/airflow/.local/lib/python3.7/site-packages/airflow/example_dags/example_subdag_operator.py
[2023-05-26T06:52:00.194+0000] {logging_mixin.py:149} INFO - [2023-05-26T06:52:00.193+0000] {dag.py:2726} INFO - Sync 3 DAGs
[2023-05-26T06:52:00.222+0000] {logging_mixin.py:149} INFO - [2023-05-26T06:52:00.222+0000] {dag.py:3490} INFO - Setting next_dagrun for example_subdag_operator to 2022-01-01T00:00:00+00:00, run_after=2022-01-01T00:00:00+00:00
[2023-05-26T06:52:00.227+0000] {logging_mixin.py:149} INFO - [2023-05-26T06:52:00.227+0000] {dag.py:3490} INFO - Setting next_dagrun for example_subdag_operator.section-1 to None, run_after=None
[2023-05-26T06:52:00.230+0000] {logging_mixin.py:149} INFO - [2023-05-26T06:52:00.230+0000] {dag.py:3490} INFO - Setting next_dagrun for example_subdag_operator.section-2 to None, run_after=None
[2023-05-26T06:52:00.241+0000] {logging_mixin.py:149} INFO - [2023-05-26T06:52:00.241+0000] {dag.py:2726} INFO - Sync 2 DAGs
[2023-05-26T06:52:00.250+0000] {logging_mixin.py:149} INFO - [2023-05-26T06:52:00.249+0000] {dag.py:3490} INFO - Setting next_dagrun for example_subdag_operator.section-1 to None, run_after=None
[2023-05-26T06:52:00.251+0000] {logging_mixin.py:149} INFO - [2023-05-26T06:52:00.250+0000] {dag.py:3490} INFO - Setting next_dagrun for example_subdag_operator.section-2 to None, run_after=None
[2023-05-26T06:52:00.267+0000] {processor.py:179} INFO - Processing /home/airflow/.local/lib/python3.7/site-packages/airflow/example_dags/example_subdag_operator.py took 0.139 seconds
[2023-05-26T06:55:18.156+0000] {processor.py:157} INFO - Started process (PID=67) to work on /home/airflow/.local/lib/python3.7/site-packages/airflow/example_dags/example_subdag_operator.py
[2023-05-26T06:55:18.161+0000] {processor.py:826} INFO - Processing file /home/airflow/.local/lib/python3.7/site-packages/airflow/example_dags/example_subdag_operator.py for tasks to queue
[2023-05-26T06:55:18.165+0000] {logging_mixin.py:149} INFO - [2023-05-26T06:55:18.165+0000] {dagbag.py:541} INFO - Filling up the DagBag from /home/airflow/.local/lib/python3.7/site-packages/airflow/example_dags/example_subdag_operator.py
[2023-05-26T06:55:18.217+0000] {processor.py:836} INFO - DAG(s) dict_keys(['example_subdag_operator.section-1', 'example_subdag_operator.section-2', 'example_subdag_operator']) retrieved from /home/airflow/.local/lib/python3.7/site-packages/airflow/example_dags/example_subdag_operator.py
[2023-05-26T06:55:18.226+0000] {logging_mixin.py:149} INFO - [2023-05-26T06:55:18.226+0000] {dag.py:2726} INFO - Sync 3 DAGs
[2023-05-26T06:55:18.271+0000] {logging_mixin.py:149} INFO - [2023-05-26T06:55:18.271+0000] {dag.py:3490} INFO - Setting next_dagrun for example_subdag_operator to 2022-01-01T00:00:00+00:00, run_after=2022-01-01T00:00:00+00:00
[2023-05-26T06:55:18.283+0000] {logging_mixin.py:149} INFO - [2023-05-26T06:55:18.283+0000] {dag.py:3490} INFO - Setting next_dagrun for example_subdag_operator.section-1 to None, run_after=None
[2023-05-26T06:55:18.287+0000] {logging_mixin.py:149} INFO - [2023-05-26T06:55:18.287+0000] {dag.py:3490} INFO - Setting next_dagrun for example_subdag_operator.section-2 to None, run_after=None
[2023-05-26T06:55:18.315+0000] {logging_mixin.py:149} INFO - [2023-05-26T06:55:18.315+0000] {dag.py:2726} INFO - Sync 2 DAGs
[2023-05-26T06:55:18.330+0000] {logging_mixin.py:149} INFO - [2023-05-26T06:55:18.330+0000] {dag.py:3490} INFO - Setting next_dagrun for example_subdag_operator.section-1 to None, run_after=None
[2023-05-26T06:55:18.332+0000] {logging_mixin.py:149} INFO - [2023-05-26T06:55:18.332+0000] {dag.py:3490} INFO - Setting next_dagrun for example_subdag_operator.section-2 to None, run_after=None
[2023-05-26T06:55:18.357+0000] {processor.py:179} INFO - Processing /home/airflow/.local/lib/python3.7/site-packages/airflow/example_dags/example_subdag_operator.py took 0.206 seconds
[2023-05-26T06:55:48.585+0000] {processor.py:157} INFO - Started process (PID=123) to work on /home/airflow/.local/lib/python3.7/site-packages/airflow/example_dags/example_subdag_operator.py
[2023-05-26T06:55:48.587+0000] {processor.py:826} INFO - Processing file /home/airflow/.local/lib/python3.7/site-packages/airflow/example_dags/example_subdag_operator.py for tasks to queue
[2023-05-26T06:55:48.590+0000] {logging_mixin.py:149} INFO - [2023-05-26T06:55:48.590+0000] {dagbag.py:541} INFO - Filling up the DagBag from /home/airflow/.local/lib/python3.7/site-packages/airflow/example_dags/example_subdag_operator.py
[2023-05-26T06:55:48.620+0000] {processor.py:836} INFO - DAG(s) dict_keys(['example_subdag_operator.section-1', 'example_subdag_operator.section-2', 'example_subdag_operator']) retrieved from /home/airflow/.local/lib/python3.7/site-packages/airflow/example_dags/example_subdag_operator.py
[2023-05-26T06:55:48.641+0000] {logging_mixin.py:149} INFO - [2023-05-26T06:55:48.641+0000] {dag.py:2726} INFO - Sync 3 DAGs
[2023-05-26T06:55:48.671+0000] {logging_mixin.py:149} INFO - [2023-05-26T06:55:48.671+0000] {dag.py:3490} INFO - Setting next_dagrun for example_subdag_operator to 2022-01-01T00:00:00+00:00, run_after=2022-01-01T00:00:00+00:00
[2023-05-26T06:55:48.676+0000] {logging_mixin.py:149} INFO - [2023-05-26T06:55:48.676+0000] {dag.py:3490} INFO - Setting next_dagrun for example_subdag_operator.section-1 to None, run_after=None
[2023-05-26T06:55:48.679+0000] {logging_mixin.py:149} INFO - [2023-05-26T06:55:48.679+0000] {dag.py:3490} INFO - Setting next_dagrun for example_subdag_operator.section-2 to None, run_after=None
[2023-05-26T06:55:48.687+0000] {logging_mixin.py:149} INFO - [2023-05-26T06:55:48.687+0000] {dag.py:2726} INFO - Sync 2 DAGs
[2023-05-26T06:55:48.695+0000] {logging_mixin.py:149} INFO - [2023-05-26T06:55:48.695+0000] {dag.py:3490} INFO - Setting next_dagrun for example_subdag_operator.section-1 to None, run_after=None
[2023-05-26T06:55:48.696+0000] {logging_mixin.py:149} INFO - [2023-05-26T06:55:48.696+0000] {dag.py:3490} INFO - Setting next_dagrun for example_subdag_operator.section-2 to None, run_after=None
[2023-05-26T06:55:48.714+0000] {processor.py:179} INFO - Processing /home/airflow/.local/lib/python3.7/site-packages/airflow/example_dags/example_subdag_operator.py took 0.133 seconds
[2023-05-26T06:56:19.260+0000] {processor.py:157} INFO - Started process (PID=179) to work on /home/airflow/.local/lib/python3.7/site-packages/airflow/example_dags/example_subdag_operator.py
[2023-05-26T06:56:19.261+0000] {processor.py:826} INFO - Processing file /home/airflow/.local/lib/python3.7/site-packages/airflow/example_dags/example_subdag_operator.py for tasks to queue
[2023-05-26T06:56:19.264+0000] {logging_mixin.py:149} INFO - [2023-05-26T06:56:19.264+0000] {dagbag.py:541} INFO - Filling up the DagBag from /home/airflow/.local/lib/python3.7/site-packages/airflow/example_dags/example_subdag_operator.py
[2023-05-26T06:56:19.293+0000] {processor.py:836} INFO - DAG(s) dict_keys(['example_subdag_operator.section-1', 'example_subdag_operator.section-2', 'example_subdag_operator']) retrieved from /home/airflow/.local/lib/python3.7/site-packages/airflow/example_dags/example_subdag_operator.py
[2023-05-26T06:56:19.315+0000] {logging_mixin.py:149} INFO - [2023-05-26T06:56:19.315+0000] {dag.py:2726} INFO - Sync 3 DAGs
[2023-05-26T06:56:19.345+0000] {logging_mixin.py:149} INFO - [2023-05-26T06:56:19.345+0000] {dag.py:3490} INFO - Setting next_dagrun for example_subdag_operator to 2022-01-01T00:00:00+00:00, run_after=2022-01-01T00:00:00+00:00
[2023-05-26T06:56:19.350+0000] {logging_mixin.py:149} INFO - [2023-05-26T06:56:19.350+0000] {dag.py:3490} INFO - Setting next_dagrun for example_subdag_operator.section-1 to None, run_after=None
[2023-05-26T06:56:19.353+0000] {logging_mixin.py:149} INFO - [2023-05-26T06:56:19.353+0000] {dag.py:3490} INFO - Setting next_dagrun for example_subdag_operator.section-2 to None, run_after=None
[2023-05-26T06:56:19.365+0000] {logging_mixin.py:149} INFO - [2023-05-26T06:56:19.365+0000] {dag.py:2726} INFO - Sync 2 DAGs
[2023-05-26T06:56:19.376+0000] {logging_mixin.py:149} INFO - [2023-05-26T06:56:19.376+0000] {dag.py:3490} INFO - Setting next_dagrun for example_subdag_operator.section-1 to None, run_after=None
[2023-05-26T06:56:19.378+0000] {logging_mixin.py:149} INFO - [2023-05-26T06:56:19.377+0000] {dag.py:3490} INFO - Setting next_dagrun for example_subdag_operator.section-2 to None, run_after=None
[2023-05-26T06:56:19.394+0000] {processor.py:179} INFO - Processing /home/airflow/.local/lib/python3.7/site-packages/airflow/example_dags/example_subdag_operator.py took 0.138 seconds
[2023-05-26T06:56:49.739+0000] {processor.py:157} INFO - Started process (PID=235) to work on /home/airflow/.local/lib/python3.7/site-packages/airflow/example_dags/example_subdag_operator.py
[2023-05-26T06:56:49.741+0000] {processor.py:826} INFO - Processing file /home/airflow/.local/lib/python3.7/site-packages/airflow/example_dags/example_subdag_operator.py for tasks to queue
[2023-05-26T06:56:49.744+0000] {logging_mixin.py:149} INFO - [2023-05-26T06:56:49.744+0000] {dagbag.py:541} INFO - Filling up the DagBag from /home/airflow/.local/lib/python3.7/site-packages/airflow/example_dags/example_subdag_operator.py
[2023-05-26T06:56:49.776+0000] {processor.py:836} INFO - DAG(s) dict_keys(['example_subdag_operator.section-1', 'example_subdag_operator.section-2', 'example_subdag_operator']) retrieved from /home/airflow/.local/lib/python3.7/site-packages/airflow/example_dags/example_subdag_operator.py
[2023-05-26T06:56:49.798+0000] {logging_mixin.py:149} INFO - [2023-05-26T06:56:49.797+0000] {dag.py:2726} INFO - Sync 3 DAGs
[2023-05-26T06:56:49.827+0000] {logging_mixin.py:149} INFO - [2023-05-26T06:56:49.827+0000] {dag.py:3490} INFO - Setting next_dagrun for example_subdag_operator to 2022-01-01T00:00:00+00:00, run_after=2022-01-01T00:00:00+00:00
[2023-05-26T06:56:49.833+0000] {logging_mixin.py:149} INFO - [2023-05-26T06:56:49.833+0000] {dag.py:3490} INFO - Setting next_dagrun for example_subdag_operator.section-1 to None, run_after=None
[2023-05-26T06:56:49.835+0000] {logging_mixin.py:149} INFO - [2023-05-26T06:56:49.835+0000] {dag.py:3490} INFO - Setting next_dagrun for example_subdag_operator.section-2 to None, run_after=None
[2023-05-26T06:56:49.845+0000] {logging_mixin.py:149} INFO - [2023-05-26T06:56:49.844+0000] {dag.py:2726} INFO - Sync 2 DAGs
[2023-05-26T06:56:49.853+0000] {logging_mixin.py:149} INFO - [2023-05-26T06:56:49.853+0000] {dag.py:3490} INFO - Setting next_dagrun for example_subdag_operator.section-1 to None, run_after=None
[2023-05-26T06:56:49.854+0000] {logging_mixin.py:149} INFO - [2023-05-26T06:56:49.854+0000] {dag.py:3490} INFO - Setting next_dagrun for example_subdag_operator.section-2 to None, run_after=None
[2023-05-26T06:56:49.870+0000] {processor.py:179} INFO - Processing /home/airflow/.local/lib/python3.7/site-packages/airflow/example_dags/example_subdag_operator.py took 0.135 seconds
[2023-05-26T06:57:20.178+0000] {processor.py:157} INFO - Started process (PID=290) to work on /home/airflow/.local/lib/python3.7/site-packages/airflow/example_dags/example_subdag_operator.py
[2023-05-26T06:57:20.180+0000] {processor.py:826} INFO - Processing file /home/airflow/.local/lib/python3.7/site-packages/airflow/example_dags/example_subdag_operator.py for tasks to queue
[2023-05-26T06:57:20.183+0000] {logging_mixin.py:149} INFO - [2023-05-26T06:57:20.183+0000] {dagbag.py:541} INFO - Filling up the DagBag from /home/airflow/.local/lib/python3.7/site-packages/airflow/example_dags/example_subdag_operator.py
[2023-05-26T06:57:20.213+0000] {processor.py:836} INFO - DAG(s) dict_keys(['example_subdag_operator.section-1', 'example_subdag_operator.section-2', 'example_subdag_operator']) retrieved from /home/airflow/.local/lib/python3.7/site-packages/airflow/example_dags/example_subdag_operator.py
[2023-05-26T06:57:20.236+0000] {logging_mixin.py:149} INFO - [2023-05-26T06:57:20.235+0000] {dag.py:2726} INFO - Sync 3 DAGs
[2023-05-26T06:57:20.265+0000] {logging_mixin.py:149} INFO - [2023-05-26T06:57:20.264+0000] {dag.py:3490} INFO - Setting next_dagrun for example_subdag_operator to 2022-01-01T00:00:00+00:00, run_after=2022-01-01T00:00:00+00:00
[2023-05-26T06:57:20.270+0000] {logging_mixin.py:149} INFO - [2023-05-26T06:57:20.270+0000] {dag.py:3490} INFO - Setting next_dagrun for example_subdag_operator.section-1 to None, run_after=None
[2023-05-26T06:57:20.272+0000] {logging_mixin.py:149} INFO - [2023-05-26T06:57:20.272+0000] {dag.py:3490} INFO - Setting next_dagrun for example_subdag_operator.section-2 to None, run_after=None
[2023-05-26T06:57:20.281+0000] {logging_mixin.py:149} INFO - [2023-05-26T06:57:20.281+0000] {dag.py:2726} INFO - Sync 2 DAGs
[2023-05-26T06:57:20.289+0000] {logging_mixin.py:149} INFO - [2023-05-26T06:57:20.289+0000] {dag.py:3490} INFO - Setting next_dagrun for example_subdag_operator.section-1 to None, run_after=None
[2023-05-26T06:57:20.290+0000] {logging_mixin.py:149} INFO - [2023-05-26T06:57:20.290+0000] {dag.py:3490} INFO - Setting next_dagrun for example_subdag_operator.section-2 to None, run_after=None
[2023-05-26T06:57:20.304+0000] {processor.py:179} INFO - Processing /home/airflow/.local/lib/python3.7/site-packages/airflow/example_dags/example_subdag_operator.py took 0.131 seconds
[2023-05-26T06:57:50.964+0000] {processor.py:157} INFO - Started process (PID=346) to work on /home/airflow/.local/lib/python3.7/site-packages/airflow/example_dags/example_subdag_operator.py
[2023-05-26T06:57:50.966+0000] {processor.py:826} INFO - Processing file /home/airflow/.local/lib/python3.7/site-packages/airflow/example_dags/example_subdag_operator.py for tasks to queue
[2023-05-26T06:57:50.969+0000] {logging_mixin.py:149} INFO - [2023-05-26T06:57:50.969+0000] {dagbag.py:541} INFO - Filling up the DagBag from /home/airflow/.local/lib/python3.7/site-packages/airflow/example_dags/example_subdag_operator.py
[2023-05-26T06:57:50.999+0000] {processor.py:836} INFO - DAG(s) dict_keys(['example_subdag_operator.section-1', 'example_subdag_operator.section-2', 'example_subdag_operator']) retrieved from /home/airflow/.local/lib/python3.7/site-packages/airflow/example_dags/example_subdag_operator.py
[2023-05-26T06:57:51.021+0000] {logging_mixin.py:149} INFO - [2023-05-26T06:57:51.021+0000] {dag.py:2726} INFO - Sync 3 DAGs
[2023-05-26T06:57:51.054+0000] {logging_mixin.py:149} INFO - [2023-05-26T06:57:51.054+0000] {dag.py:3490} INFO - Setting next_dagrun for example_subdag_operator to 2022-01-01T00:00:00+00:00, run_after=2022-01-01T00:00:00+00:00
[2023-05-26T06:57:51.061+0000] {logging_mixin.py:149} INFO - [2023-05-26T06:57:51.061+0000] {dag.py:3490} INFO - Setting next_dagrun for example_subdag_operator.section-1 to None, run_after=None
[2023-05-26T06:57:51.064+0000] {logging_mixin.py:149} INFO - [2023-05-26T06:57:51.064+0000] {dag.py:3490} INFO - Setting next_dagrun for example_subdag_operator.section-2 to None, run_after=None
[2023-05-26T06:57:51.073+0000] {logging_mixin.py:149} INFO - [2023-05-26T06:57:51.073+0000] {dag.py:2726} INFO - Sync 2 DAGs
[2023-05-26T06:57:51.081+0000] {logging_mixin.py:149} INFO - [2023-05-26T06:57:51.081+0000] {dag.py:3490} INFO - Setting next_dagrun for example_subdag_operator.section-1 to None, run_after=None
[2023-05-26T06:57:51.082+0000] {logging_mixin.py:149} INFO - [2023-05-26T06:57:51.082+0000] {dag.py:3490} INFO - Setting next_dagrun for example_subdag_operator.section-2 to None, run_after=None
[2023-05-26T06:57:51.097+0000] {processor.py:179} INFO - Processing /home/airflow/.local/lib/python3.7/site-packages/airflow/example_dags/example_subdag_operator.py took 0.137 seconds
[2023-05-26T06:58:21.611+0000] {processor.py:157} INFO - Started process (PID=402) to work on /home/airflow/.local/lib/python3.7/site-packages/airflow/example_dags/example_subdag_operator.py
[2023-05-26T06:58:21.613+0000] {processor.py:826} INFO - Processing file /home/airflow/.local/lib/python3.7/site-packages/airflow/example_dags/example_subdag_operator.py for tasks to queue
[2023-05-26T06:58:21.616+0000] {logging_mixin.py:149} INFO - [2023-05-26T06:58:21.616+0000] {dagbag.py:541} INFO - Filling up the DagBag from /home/airflow/.local/lib/python3.7/site-packages/airflow/example_dags/example_subdag_operator.py
[2023-05-26T06:58:21.646+0000] {processor.py:836} INFO - DAG(s) dict_keys(['example_subdag_operator.section-1', 'example_subdag_operator.section-2', 'example_subdag_operator']) retrieved from /home/airflow/.local/lib/python3.7/site-packages/airflow/example_dags/example_subdag_operator.py
[2023-05-26T06:58:21.668+0000] {logging_mixin.py:149} INFO - [2023-05-26T06:58:21.667+0000] {dag.py:2726} INFO - Sync 3 DAGs
[2023-05-26T06:58:21.697+0000] {logging_mixin.py:149} INFO - [2023-05-26T06:58:21.697+0000] {dag.py:3490} INFO - Setting next_dagrun for example_subdag_operator to 2022-01-01T00:00:00+00:00, run_after=2022-01-01T00:00:00+00:00
[2023-05-26T06:58:21.703+0000] {logging_mixin.py:149} INFO - [2023-05-26T06:58:21.702+0000] {dag.py:3490} INFO - Setting next_dagrun for example_subdag_operator.section-1 to None, run_after=None
[2023-05-26T06:58:21.705+0000] {logging_mixin.py:149} INFO - [2023-05-26T06:58:21.705+0000] {dag.py:3490} INFO - Setting next_dagrun for example_subdag_operator.section-2 to None, run_after=None
[2023-05-26T06:58:21.714+0000] {logging_mixin.py:149} INFO - [2023-05-26T06:58:21.714+0000] {dag.py:2726} INFO - Sync 2 DAGs
[2023-05-26T06:58:21.723+0000] {logging_mixin.py:149} INFO - [2023-05-26T06:58:21.723+0000] {dag.py:3490} INFO - Setting next_dagrun for example_subdag_operator.section-1 to None, run_after=None
[2023-05-26T06:58:21.724+0000] {logging_mixin.py:149} INFO - [2023-05-26T06:58:21.724+0000] {dag.py:3490} INFO - Setting next_dagrun for example_subdag_operator.section-2 to None, run_after=None
[2023-05-26T06:58:21.739+0000] {processor.py:179} INFO - Processing /home/airflow/.local/lib/python3.7/site-packages/airflow/example_dags/example_subdag_operator.py took 0.132 seconds
[2023-05-26T06:58:52.536+0000] {processor.py:157} INFO - Started process (PID=457) to work on /home/airflow/.local/lib/python3.7/site-packages/airflow/example_dags/example_subdag_operator.py
[2023-05-26T06:58:52.538+0000] {processor.py:826} INFO - Processing file /home/airflow/.local/lib/python3.7/site-packages/airflow/example_dags/example_subdag_operator.py for tasks to queue
[2023-05-26T06:58:52.541+0000] {logging_mixin.py:149} INFO - [2023-05-26T06:58:52.541+0000] {dagbag.py:541} INFO - Filling up the DagBag from /home/airflow/.local/lib/python3.7/site-packages/airflow/example_dags/example_subdag_operator.py
[2023-05-26T06:58:52.571+0000] {processor.py:836} INFO - DAG(s) dict_keys(['example_subdag_operator.section-1', 'example_subdag_operator.section-2', 'example_subdag_operator']) retrieved from /home/airflow/.local/lib/python3.7/site-packages/airflow/example_dags/example_subdag_operator.py
[2023-05-26T06:58:52.593+0000] {logging_mixin.py:149} INFO - [2023-05-26T06:58:52.593+0000] {dag.py:2726} INFO - Sync 3 DAGs
[2023-05-26T06:58:52.624+0000] {logging_mixin.py:149} INFO - [2023-05-26T06:58:52.624+0000] {dag.py:3490} INFO - Setting next_dagrun for example_subdag_operator to 2022-01-01T00:00:00+00:00, run_after=2022-01-01T00:00:00+00:00
[2023-05-26T06:58:52.629+0000] {logging_mixin.py:149} INFO - [2023-05-26T06:58:52.629+0000] {dag.py:3490} INFO - Setting next_dagrun for example_subdag_operator.section-1 to None, run_after=None
[2023-05-26T06:58:52.631+0000] {logging_mixin.py:149} INFO - [2023-05-26T06:58:52.631+0000] {dag.py:3490} INFO - Setting next_dagrun for example_subdag_operator.section-2 to None, run_after=None
[2023-05-26T06:58:52.640+0000] {logging_mixin.py:149} INFO - [2023-05-26T06:58:52.640+0000] {dag.py:2726} INFO - Sync 2 DAGs
[2023-05-26T06:58:52.649+0000] {logging_mixin.py:149} INFO - [2023-05-26T06:58:52.648+0000] {dag.py:3490} INFO - Setting next_dagrun for example_subdag_operator.section-1 to None, run_after=None
[2023-05-26T06:58:52.650+0000] {logging_mixin.py:149} INFO - [2023-05-26T06:58:52.650+0000] {dag.py:3490} INFO - Setting next_dagrun for example_subdag_operator.section-2 to None, run_after=None
[2023-05-26T06:58:52.667+0000] {processor.py:179} INFO - Processing /home/airflow/.local/lib/python3.7/site-packages/airflow/example_dags/example_subdag_operator.py took 0.135 seconds
[2023-05-26T06:59:23.386+0000] {processor.py:157} INFO - Started process (PID=513) to work on /home/airflow/.local/lib/python3.7/site-packages/airflow/example_dags/example_subdag_operator.py
[2023-05-26T06:59:23.389+0000] {processor.py:826} INFO - Processing file /home/airflow/.local/lib/python3.7/site-packages/airflow/example_dags/example_subdag_operator.py for tasks to queue
[2023-05-26T06:59:23.393+0000] {logging_mixin.py:149} INFO - [2023-05-26T06:59:23.393+0000] {dagbag.py:541} INFO - Filling up the DagBag from /home/airflow/.local/lib/python3.7/site-packages/airflow/example_dags/example_subdag_operator.py
[2023-05-26T06:59:23.423+0000] {processor.py:836} INFO - DAG(s) dict_keys(['example_subdag_operator.section-1', 'example_subdag_operator.section-2', 'example_subdag_operator']) retrieved from /home/airflow/.local/lib/python3.7/site-packages/airflow/example_dags/example_subdag_operator.py
[2023-05-26T06:59:23.445+0000] {logging_mixin.py:149} INFO - [2023-05-26T06:59:23.444+0000] {dag.py:2726} INFO - Sync 3 DAGs
[2023-05-26T06:59:23.472+0000] {logging_mixin.py:149} INFO - [2023-05-26T06:59:23.472+0000] {dag.py:3490} INFO - Setting next_dagrun for example_subdag_operator to 2022-01-01T00:00:00+00:00, run_after=2022-01-01T00:00:00+00:00
[2023-05-26T06:59:23.479+0000] {logging_mixin.py:149} INFO - [2023-05-26T06:59:23.479+0000] {dag.py:3490} INFO - Setting next_dagrun for example_subdag_operator.section-1 to None, run_after=None
[2023-05-26T06:59:23.482+0000] {logging_mixin.py:149} INFO - [2023-05-26T06:59:23.482+0000] {dag.py:3490} INFO - Setting next_dagrun for example_subdag_operator.section-2 to None, run_after=None
[2023-05-26T06:59:23.490+0000] {logging_mixin.py:149} INFO - [2023-05-26T06:59:23.490+0000] {dag.py:2726} INFO - Sync 2 DAGs
[2023-05-26T06:59:23.497+0000] {logging_mixin.py:149} INFO - [2023-05-26T06:59:23.496+0000] {dag.py:3490} INFO - Setting next_dagrun for example_subdag_operator.section-1 to None, run_after=None
[2023-05-26T06:59:23.498+0000] {logging_mixin.py:149} INFO - [2023-05-26T06:59:23.498+0000] {dag.py:3490} INFO - Setting next_dagrun for example_subdag_operator.section-2 to None, run_after=None
[2023-05-26T06:59:23.511+0000] {processor.py:179} INFO - Processing /home/airflow/.local/lib/python3.7/site-packages/airflow/example_dags/example_subdag_operator.py took 0.129 seconds
[2023-05-26T06:59:54.354+0000] {processor.py:157} INFO - Started process (PID=569) to work on /home/airflow/.local/lib/python3.7/site-packages/airflow/example_dags/example_subdag_operator.py
[2023-05-26T06:59:54.356+0000] {processor.py:826} INFO - Processing file /home/airflow/.local/lib/python3.7/site-packages/airflow/example_dags/example_subdag_operator.py for tasks to queue
[2023-05-26T06:59:54.360+0000] {logging_mixin.py:149} INFO - [2023-05-26T06:59:54.360+0000] {dagbag.py:541} INFO - Filling up the DagBag from /home/airflow/.local/lib/python3.7/site-packages/airflow/example_dags/example_subdag_operator.py
[2023-05-26T06:59:54.395+0000] {processor.py:836} INFO - DAG(s) dict_keys(['example_subdag_operator.section-1', 'example_subdag_operator.section-2', 'example_subdag_operator']) retrieved from /home/airflow/.local/lib/python3.7/site-packages/airflow/example_dags/example_subdag_operator.py
[2023-05-26T06:59:54.421+0000] {logging_mixin.py:149} INFO - [2023-05-26T06:59:54.421+0000] {dag.py:2726} INFO - Sync 3 DAGs
[2023-05-26T06:59:54.456+0000] {logging_mixin.py:149} INFO - [2023-05-26T06:59:54.456+0000] {dag.py:3490} INFO - Setting next_dagrun for example_subdag_operator to 2022-01-01T00:00:00+00:00, run_after=2022-01-01T00:00:00+00:00
[2023-05-26T06:59:54.462+0000] {logging_mixin.py:149} INFO - [2023-05-26T06:59:54.462+0000] {dag.py:3490} INFO - Setting next_dagrun for example_subdag_operator.section-1 to None, run_after=None
[2023-05-26T06:59:54.465+0000] {logging_mixin.py:149} INFO - [2023-05-26T06:59:54.465+0000] {dag.py:3490} INFO - Setting next_dagrun for example_subdag_operator.section-2 to None, run_after=None
[2023-05-26T06:59:54.475+0000] {logging_mixin.py:149} INFO - [2023-05-26T06:59:54.475+0000] {dag.py:2726} INFO - Sync 2 DAGs
[2023-05-26T06:59:54.483+0000] {logging_mixin.py:149} INFO - [2023-05-26T06:59:54.483+0000] {dag.py:3490} INFO - Setting next_dagrun for example_subdag_operator.section-1 to None, run_after=None
[2023-05-26T06:59:54.485+0000] {logging_mixin.py:149} INFO - [2023-05-26T06:59:54.484+0000] {dag.py:3490} INFO - Setting next_dagrun for example_subdag_operator.section-2 to None, run_after=None
[2023-05-26T06:59:54.502+0000] {processor.py:179} INFO - Processing /home/airflow/.local/lib/python3.7/site-packages/airflow/example_dags/example_subdag_operator.py took 0.153 seconds
[2023-05-26T07:00:25.159+0000] {processor.py:157} INFO - Started process (PID=624) to work on /home/airflow/.local/lib/python3.7/site-packages/airflow/example_dags/example_subdag_operator.py
[2023-05-26T07:00:25.160+0000] {processor.py:826} INFO - Processing file /home/airflow/.local/lib/python3.7/site-packages/airflow/example_dags/example_subdag_operator.py for tasks to queue
[2023-05-26T07:00:25.164+0000] {logging_mixin.py:149} INFO - [2023-05-26T07:00:25.163+0000] {dagbag.py:541} INFO - Filling up the DagBag from /home/airflow/.local/lib/python3.7/site-packages/airflow/example_dags/example_subdag_operator.py
[2023-05-26T07:00:25.193+0000] {processor.py:836} INFO - DAG(s) dict_keys(['example_subdag_operator.section-1', 'example_subdag_operator.section-2', 'example_subdag_operator']) retrieved from /home/airflow/.local/lib/python3.7/site-packages/airflow/example_dags/example_subdag_operator.py
[2023-05-26T07:00:25.216+0000] {logging_mixin.py:149} INFO - [2023-05-26T07:00:25.215+0000] {dag.py:2726} INFO - Sync 3 DAGs
[2023-05-26T07:00:25.247+0000] {logging_mixin.py:149} INFO - [2023-05-26T07:00:25.247+0000] {dag.py:3490} INFO - Setting next_dagrun for example_subdag_operator to 2022-01-01T00:00:00+00:00, run_after=2022-01-01T00:00:00+00:00
[2023-05-26T07:00:25.254+0000] {logging_mixin.py:149} INFO - [2023-05-26T07:00:25.254+0000] {dag.py:3490} INFO - Setting next_dagrun for example_subdag_operator.section-1 to None, run_after=None
[2023-05-26T07:00:25.257+0000] {logging_mixin.py:149} INFO - [2023-05-26T07:00:25.257+0000] {dag.py:3490} INFO - Setting next_dagrun for example_subdag_operator.section-2 to None, run_after=None
[2023-05-26T07:00:25.267+0000] {logging_mixin.py:149} INFO - [2023-05-26T07:00:25.267+0000] {dag.py:2726} INFO - Sync 2 DAGs
[2023-05-26T07:00:25.277+0000] {logging_mixin.py:149} INFO - [2023-05-26T07:00:25.276+0000] {dag.py:3490} INFO - Setting next_dagrun for example_subdag_operator.section-1 to None, run_after=None
[2023-05-26T07:00:25.278+0000] {logging_mixin.py:149} INFO - [2023-05-26T07:00:25.277+0000] {dag.py:3490} INFO - Setting next_dagrun for example_subdag_operator.section-2 to None, run_after=None
[2023-05-26T07:00:25.293+0000] {processor.py:179} INFO - Processing /home/airflow/.local/lib/python3.7/site-packages/airflow/example_dags/example_subdag_operator.py took 0.139 seconds
[2023-05-26T07:00:55.928+0000] {processor.py:157} INFO - Started process (PID=680) to work on /home/airflow/.local/lib/python3.7/site-packages/airflow/example_dags/example_subdag_operator.py
[2023-05-26T07:00:55.930+0000] {processor.py:826} INFO - Processing file /home/airflow/.local/lib/python3.7/site-packages/airflow/example_dags/example_subdag_operator.py for tasks to queue
[2023-05-26T07:00:55.933+0000] {logging_mixin.py:149} INFO - [2023-05-26T07:00:55.933+0000] {dagbag.py:541} INFO - Filling up the DagBag from /home/airflow/.local/lib/python3.7/site-packages/airflow/example_dags/example_subdag_operator.py
[2023-05-26T07:00:55.962+0000] {processor.py:836} INFO - DAG(s) dict_keys(['example_subdag_operator.section-1', 'example_subdag_operator.section-2', 'example_subdag_operator']) retrieved from /home/airflow/.local/lib/python3.7/site-packages/airflow/example_dags/example_subdag_operator.py
[2023-05-26T07:00:55.985+0000] {logging_mixin.py:149} INFO - [2023-05-26T07:00:55.984+0000] {dag.py:2726} INFO - Sync 3 DAGs
[2023-05-26T07:00:56.014+0000] {logging_mixin.py:149} INFO - [2023-05-26T07:00:56.014+0000] {dag.py:3490} INFO - Setting next_dagrun for example_subdag_operator to 2022-01-01T00:00:00+00:00, run_after=2022-01-01T00:00:00+00:00
[2023-05-26T07:00:56.019+0000] {logging_mixin.py:149} INFO - [2023-05-26T07:00:56.019+0000] {dag.py:3490} INFO - Setting next_dagrun for example_subdag_operator.section-1 to None, run_after=None
[2023-05-26T07:00:56.021+0000] {logging_mixin.py:149} INFO - [2023-05-26T07:00:56.021+0000] {dag.py:3490} INFO - Setting next_dagrun for example_subdag_operator.section-2 to None, run_after=None
[2023-05-26T07:00:56.029+0000] {logging_mixin.py:149} INFO - [2023-05-26T07:00:56.029+0000] {dag.py:2726} INFO - Sync 2 DAGs
[2023-05-26T07:00:56.037+0000] {logging_mixin.py:149} INFO - [2023-05-26T07:00:56.037+0000] {dag.py:3490} INFO - Setting next_dagrun for example_subdag_operator.section-1 to None, run_after=None
[2023-05-26T07:00:56.038+0000] {logging_mixin.py:149} INFO - [2023-05-26T07:00:56.038+0000] {dag.py:3490} INFO - Setting next_dagrun for example_subdag_operator.section-2 to None, run_after=None
[2023-05-26T07:00:56.055+0000] {processor.py:179} INFO - Processing /home/airflow/.local/lib/python3.7/site-packages/airflow/example_dags/example_subdag_operator.py took 0.131 seconds
[2023-05-26T07:01:27.047+0000] {processor.py:157} INFO - Started process (PID=736) to work on /home/airflow/.local/lib/python3.7/site-packages/airflow/example_dags/example_subdag_operator.py
[2023-05-26T07:01:27.050+0000] {processor.py:826} INFO - Processing file /home/airflow/.local/lib/python3.7/site-packages/airflow/example_dags/example_subdag_operator.py for tasks to queue
[2023-05-26T07:01:27.056+0000] {logging_mixin.py:149} INFO - [2023-05-26T07:01:27.055+0000] {dagbag.py:541} INFO - Filling up the DagBag from /home/airflow/.local/lib/python3.7/site-packages/airflow/example_dags/example_subdag_operator.py
[2023-05-26T07:01:27.104+0000] {processor.py:836} INFO - DAG(s) dict_keys(['example_subdag_operator.section-1', 'example_subdag_operator.section-2', 'example_subdag_operator']) retrieved from /home/airflow/.local/lib/python3.7/site-packages/airflow/example_dags/example_subdag_operator.py
[2023-05-26T07:01:27.147+0000] {logging_mixin.py:149} INFO - [2023-05-26T07:01:27.146+0000] {dag.py:2726} INFO - Sync 3 DAGs
[2023-05-26T07:01:27.196+0000] {logging_mixin.py:149} INFO - [2023-05-26T07:01:27.195+0000] {dag.py:3490} INFO - Setting next_dagrun for example_subdag_operator to 2022-01-01T00:00:00+00:00, run_after=2022-01-01T00:00:00+00:00
[2023-05-26T07:01:27.201+0000] {logging_mixin.py:149} INFO - [2023-05-26T07:01:27.200+0000] {dag.py:3490} INFO - Setting next_dagrun for example_subdag_operator.section-1 to None, run_after=None
[2023-05-26T07:01:27.203+0000] {logging_mixin.py:149} INFO - [2023-05-26T07:01:27.203+0000] {dag.py:3490} INFO - Setting next_dagrun for example_subdag_operator.section-2 to None, run_after=None
[2023-05-26T07:01:27.213+0000] {logging_mixin.py:149} INFO - [2023-05-26T07:01:27.213+0000] {dag.py:2726} INFO - Sync 2 DAGs
[2023-05-26T07:01:27.224+0000] {logging_mixin.py:149} INFO - [2023-05-26T07:01:27.224+0000] {dag.py:3490} INFO - Setting next_dagrun for example_subdag_operator.section-1 to None, run_after=None
[2023-05-26T07:01:27.225+0000] {logging_mixin.py:149} INFO - [2023-05-26T07:01:27.225+0000] {dag.py:3490} INFO - Setting next_dagrun for example_subdag_operator.section-2 to None, run_after=None
[2023-05-26T07:01:27.255+0000] {processor.py:179} INFO - Processing /home/airflow/.local/lib/python3.7/site-packages/airflow/example_dags/example_subdag_operator.py took 0.214 seconds
[2023-05-26T07:01:58.151+0000] {processor.py:157} INFO - Started process (PID=792) to work on /home/airflow/.local/lib/python3.7/site-packages/airflow/example_dags/example_subdag_operator.py
[2023-05-26T07:01:58.154+0000] {processor.py:826} INFO - Processing file /home/airflow/.local/lib/python3.7/site-packages/airflow/example_dags/example_subdag_operator.py for tasks to queue
[2023-05-26T07:01:58.158+0000] {logging_mixin.py:149} INFO - [2023-05-26T07:01:58.158+0000] {dagbag.py:541} INFO - Filling up the DagBag from /home/airflow/.local/lib/python3.7/site-packages/airflow/example_dags/example_subdag_operator.py
[2023-05-26T07:01:58.203+0000] {processor.py:836} INFO - DAG(s) dict_keys(['example_subdag_operator.section-1', 'example_subdag_operator.section-2', 'example_subdag_operator']) retrieved from /home/airflow/.local/lib/python3.7/site-packages/airflow/example_dags/example_subdag_operator.py
[2023-05-26T07:01:58.238+0000] {logging_mixin.py:149} INFO - [2023-05-26T07:01:58.237+0000] {dag.py:2726} INFO - Sync 3 DAGs
[2023-05-26T07:01:58.283+0000] {logging_mixin.py:149} INFO - [2023-05-26T07:01:58.282+0000] {dag.py:3490} INFO - Setting next_dagrun for example_subdag_operator to 2022-01-01T00:00:00+00:00, run_after=2022-01-01T00:00:00+00:00
[2023-05-26T07:01:58.296+0000] {logging_mixin.py:149} INFO - [2023-05-26T07:01:58.295+0000] {dag.py:3490} INFO - Setting next_dagrun for example_subdag_operator.section-1 to None, run_after=None
[2023-05-26T07:01:58.301+0000] {logging_mixin.py:149} INFO - [2023-05-26T07:01:58.300+0000] {dag.py:3490} INFO - Setting next_dagrun for example_subdag_operator.section-2 to None, run_after=None
[2023-05-26T07:01:58.321+0000] {logging_mixin.py:149} INFO - [2023-05-26T07:01:58.321+0000] {dag.py:2726} INFO - Sync 2 DAGs
[2023-05-26T07:01:58.333+0000] {logging_mixin.py:149} INFO - [2023-05-26T07:01:58.332+0000] {dag.py:3490} INFO - Setting next_dagrun for example_subdag_operator.section-1 to None, run_after=None
[2023-05-26T07:01:58.340+0000] {logging_mixin.py:149} INFO - [2023-05-26T07:01:58.338+0000] {dag.py:3490} INFO - Setting next_dagrun for example_subdag_operator.section-2 to None, run_after=None
[2023-05-26T07:01:58.380+0000] {processor.py:179} INFO - Processing /home/airflow/.local/lib/python3.7/site-packages/airflow/example_dags/example_subdag_operator.py took 0.235 seconds
[2023-05-26T07:02:31.563+0000] {processor.py:157} INFO - Started process (PID=848) to work on /home/airflow/.local/lib/python3.7/site-packages/airflow/example_dags/example_subdag_operator.py
[2023-05-26T07:02:31.567+0000] {processor.py:826} INFO - Processing file /home/airflow/.local/lib/python3.7/site-packages/airflow/example_dags/example_subdag_operator.py for tasks to queue
[2023-05-26T07:02:31.576+0000] {logging_mixin.py:149} INFO - [2023-05-26T07:02:31.575+0000] {dagbag.py:541} INFO - Filling up the DagBag from /home/airflow/.local/lib/python3.7/site-packages/airflow/example_dags/example_subdag_operator.py
[2023-05-26T07:02:31.641+0000] {processor.py:836} INFO - DAG(s) dict_keys(['example_subdag_operator.section-1', 'example_subdag_operator.section-2', 'example_subdag_operator']) retrieved from /home/airflow/.local/lib/python3.7/site-packages/airflow/example_dags/example_subdag_operator.py
[2023-05-26T07:02:31.697+0000] {logging_mixin.py:149} INFO - [2023-05-26T07:02:31.696+0000] {dag.py:2726} INFO - Sync 3 DAGs
[2023-05-26T07:02:31.765+0000] {logging_mixin.py:149} INFO - [2023-05-26T07:02:31.764+0000] {dag.py:3490} INFO - Setting next_dagrun for example_subdag_operator to 2022-01-01T00:00:00+00:00, run_after=2022-01-01T00:00:00+00:00
[2023-05-26T07:02:31.776+0000] {logging_mixin.py:149} INFO - [2023-05-26T07:02:31.775+0000] {dag.py:3490} INFO - Setting next_dagrun for example_subdag_operator.section-1 to None, run_after=None
[2023-05-26T07:02:31.781+0000] {logging_mixin.py:149} INFO - [2023-05-26T07:02:31.781+0000] {dag.py:3490} INFO - Setting next_dagrun for example_subdag_operator.section-2 to None, run_after=None
[2023-05-26T07:02:31.805+0000] {logging_mixin.py:149} INFO - [2023-05-26T07:02:31.804+0000] {dag.py:2726} INFO - Sync 2 DAGs
[2023-05-26T07:02:31.825+0000] {logging_mixin.py:149} INFO - [2023-05-26T07:02:31.825+0000] {dag.py:3490} INFO - Setting next_dagrun for example_subdag_operator.section-1 to None, run_after=None
[2023-05-26T07:02:31.829+0000] {logging_mixin.py:149} INFO - [2023-05-26T07:02:31.828+0000] {dag.py:3490} INFO - Setting next_dagrun for example_subdag_operator.section-2 to None, run_after=None
[2023-05-26T07:02:31.866+0000] {processor.py:179} INFO - Processing /home/airflow/.local/lib/python3.7/site-packages/airflow/example_dags/example_subdag_operator.py took 0.312 seconds
[2023-05-26T07:03:01.968+0000] {processor.py:157} INFO - Started process (PID=909) to work on /home/airflow/.local/lib/python3.7/site-packages/airflow/example_dags/example_subdag_operator.py
[2023-05-26T07:03:01.970+0000] {processor.py:826} INFO - Processing file /home/airflow/.local/lib/python3.7/site-packages/airflow/example_dags/example_subdag_operator.py for tasks to queue
[2023-05-26T07:03:01.972+0000] {logging_mixin.py:149} INFO - [2023-05-26T07:03:01.972+0000] {dagbag.py:541} INFO - Filling up the DagBag from /home/airflow/.local/lib/python3.7/site-packages/airflow/example_dags/example_subdag_operator.py
[2023-05-26T07:03:02.000+0000] {processor.py:836} INFO - DAG(s) dict_keys(['example_subdag_operator.section-1', 'example_subdag_operator.section-2', 'example_subdag_operator']) retrieved from /home/airflow/.local/lib/python3.7/site-packages/airflow/example_dags/example_subdag_operator.py
[2023-05-26T07:03:02.026+0000] {logging_mixin.py:149} INFO - [2023-05-26T07:03:02.025+0000] {dag.py:2726} INFO - Sync 3 DAGs
[2023-05-26T07:03:02.057+0000] {logging_mixin.py:149} INFO - [2023-05-26T07:03:02.056+0000] {dag.py:3490} INFO - Setting next_dagrun for example_subdag_operator to 2022-01-01T00:00:00+00:00, run_after=2022-01-01T00:00:00+00:00
[2023-05-26T07:03:02.062+0000] {logging_mixin.py:149} INFO - [2023-05-26T07:03:02.061+0000] {dag.py:3490} INFO - Setting next_dagrun for example_subdag_operator.section-1 to None, run_after=None
[2023-05-26T07:03:02.064+0000] {logging_mixin.py:149} INFO - [2023-05-26T07:03:02.064+0000] {dag.py:3490} INFO - Setting next_dagrun for example_subdag_operator.section-2 to None, run_after=None
[2023-05-26T07:03:02.076+0000] {logging_mixin.py:149} INFO - [2023-05-26T07:03:02.075+0000] {dag.py:2726} INFO - Sync 2 DAGs
[2023-05-26T07:03:02.085+0000] {logging_mixin.py:149} INFO - [2023-05-26T07:03:02.084+0000] {dag.py:3490} INFO - Setting next_dagrun for example_subdag_operator.section-1 to None, run_after=None
[2023-05-26T07:03:02.086+0000] {logging_mixin.py:149} INFO - [2023-05-26T07:03:02.086+0000] {dag.py:3490} INFO - Setting next_dagrun for example_subdag_operator.section-2 to None, run_after=None
[2023-05-26T07:03:02.102+0000] {processor.py:179} INFO - Processing /home/airflow/.local/lib/python3.7/site-packages/airflow/example_dags/example_subdag_operator.py took 0.138 seconds
[2023-05-26T07:03:32.438+0000] {processor.py:157} INFO - Started process (PID=965) to work on /home/airflow/.local/lib/python3.7/site-packages/airflow/example_dags/example_subdag_operator.py
[2023-05-26T07:03:32.439+0000] {processor.py:826} INFO - Processing file /home/airflow/.local/lib/python3.7/site-packages/airflow/example_dags/example_subdag_operator.py for tasks to queue
[2023-05-26T07:03:32.443+0000] {logging_mixin.py:149} INFO - [2023-05-26T07:03:32.443+0000] {dagbag.py:541} INFO - Filling up the DagBag from /home/airflow/.local/lib/python3.7/site-packages/airflow/example_dags/example_subdag_operator.py
[2023-05-26T07:03:32.478+0000] {processor.py:836} INFO - DAG(s) dict_keys(['example_subdag_operator.section-1', 'example_subdag_operator.section-2', 'example_subdag_operator']) retrieved from /home/airflow/.local/lib/python3.7/site-packages/airflow/example_dags/example_subdag_operator.py
[2023-05-26T07:03:32.501+0000] {logging_mixin.py:149} INFO - [2023-05-26T07:03:32.501+0000] {dag.py:2726} INFO - Sync 3 DAGs
[2023-05-26T07:03:32.534+0000] {logging_mixin.py:149} INFO - [2023-05-26T07:03:32.533+0000] {dag.py:3490} INFO - Setting next_dagrun for example_subdag_operator to 2022-01-01T00:00:00+00:00, run_after=2022-01-01T00:00:00+00:00
[2023-05-26T07:03:32.539+0000] {logging_mixin.py:149} INFO - [2023-05-26T07:03:32.539+0000] {dag.py:3490} INFO - Setting next_dagrun for example_subdag_operator.section-1 to None, run_after=None
[2023-05-26T07:03:32.542+0000] {logging_mixin.py:149} INFO - [2023-05-26T07:03:32.542+0000] {dag.py:3490} INFO - Setting next_dagrun for example_subdag_operator.section-2 to None, run_after=None
[2023-05-26T07:03:32.552+0000] {logging_mixin.py:149} INFO - [2023-05-26T07:03:32.552+0000] {dag.py:2726} INFO - Sync 2 DAGs
[2023-05-26T07:03:32.562+0000] {logging_mixin.py:149} INFO - [2023-05-26T07:03:32.562+0000] {dag.py:3490} INFO - Setting next_dagrun for example_subdag_operator.section-1 to None, run_after=None
[2023-05-26T07:03:32.564+0000] {logging_mixin.py:149} INFO - [2023-05-26T07:03:32.564+0000] {dag.py:3490} INFO - Setting next_dagrun for example_subdag_operator.section-2 to None, run_after=None
[2023-05-26T07:03:32.581+0000] {processor.py:179} INFO - Processing /home/airflow/.local/lib/python3.7/site-packages/airflow/example_dags/example_subdag_operator.py took 0.148 seconds
[2023-05-26T07:04:03.416+0000] {processor.py:157} INFO - Started process (PID=1021) to work on /home/airflow/.local/lib/python3.7/site-packages/airflow/example_dags/example_subdag_operator.py
[2023-05-26T07:04:03.418+0000] {processor.py:826} INFO - Processing file /home/airflow/.local/lib/python3.7/site-packages/airflow/example_dags/example_subdag_operator.py for tasks to queue
[2023-05-26T07:04:03.422+0000] {logging_mixin.py:149} INFO - [2023-05-26T07:04:03.422+0000] {dagbag.py:541} INFO - Filling up the DagBag from /home/airflow/.local/lib/python3.7/site-packages/airflow/example_dags/example_subdag_operator.py
[2023-05-26T07:04:03.473+0000] {processor.py:836} INFO - DAG(s) dict_keys(['example_subdag_operator.section-1', 'example_subdag_operator.section-2', 'example_subdag_operator']) retrieved from /home/airflow/.local/lib/python3.7/site-packages/airflow/example_dags/example_subdag_operator.py
[2023-05-26T07:04:03.512+0000] {logging_mixin.py:149} INFO - [2023-05-26T07:04:03.512+0000] {dag.py:2726} INFO - Sync 3 DAGs
[2023-05-26T07:04:03.547+0000] {logging_mixin.py:149} INFO - [2023-05-26T07:04:03.547+0000] {dag.py:3490} INFO - Setting next_dagrun for example_subdag_operator to 2022-01-01T00:00:00+00:00, run_after=2022-01-01T00:00:00+00:00
[2023-05-26T07:04:03.555+0000] {logging_mixin.py:149} INFO - [2023-05-26T07:04:03.555+0000] {dag.py:3490} INFO - Setting next_dagrun for example_subdag_operator.section-1 to None, run_after=None
[2023-05-26T07:04:03.558+0000] {logging_mixin.py:149} INFO - [2023-05-26T07:04:03.558+0000] {dag.py:3490} INFO - Setting next_dagrun for example_subdag_operator.section-2 to None, run_after=None
[2023-05-26T07:04:03.570+0000] {logging_mixin.py:149} INFO - [2023-05-26T07:04:03.570+0000] {dag.py:2726} INFO - Sync 2 DAGs
[2023-05-26T07:04:03.586+0000] {logging_mixin.py:149} INFO - [2023-05-26T07:04:03.586+0000] {dag.py:3490} INFO - Setting next_dagrun for example_subdag_operator.section-1 to None, run_after=None
[2023-05-26T07:04:03.590+0000] {logging_mixin.py:149} INFO - [2023-05-26T07:04:03.590+0000] {dag.py:3490} INFO - Setting next_dagrun for example_subdag_operator.section-2 to None, run_after=None
[2023-05-26T07:04:03.660+0000] {processor.py:179} INFO - Processing /home/airflow/.local/lib/python3.7/site-packages/airflow/example_dags/example_subdag_operator.py took 0.248 seconds
[2023-05-26T07:04:34.239+0000] {processor.py:157} INFO - Started process (PID=1078) to work on /home/airflow/.local/lib/python3.7/site-packages/airflow/example_dags/example_subdag_operator.py
[2023-05-26T07:04:34.240+0000] {processor.py:826} INFO - Processing file /home/airflow/.local/lib/python3.7/site-packages/airflow/example_dags/example_subdag_operator.py for tasks to queue
[2023-05-26T07:04:34.243+0000] {logging_mixin.py:149} INFO - [2023-05-26T07:04:34.243+0000] {dagbag.py:541} INFO - Filling up the DagBag from /home/airflow/.local/lib/python3.7/site-packages/airflow/example_dags/example_subdag_operator.py
[2023-05-26T07:04:34.273+0000] {processor.py:836} INFO - DAG(s) dict_keys(['example_subdag_operator.section-1', 'example_subdag_operator.section-2', 'example_subdag_operator']) retrieved from /home/airflow/.local/lib/python3.7/site-packages/airflow/example_dags/example_subdag_operator.py
[2023-05-26T07:04:34.294+0000] {logging_mixin.py:149} INFO - [2023-05-26T07:04:34.294+0000] {dag.py:2726} INFO - Sync 3 DAGs
[2023-05-26T07:04:34.338+0000] {logging_mixin.py:149} INFO - [2023-05-26T07:04:34.338+0000] {dag.py:3490} INFO - Setting next_dagrun for example_subdag_operator to 2022-01-01T00:00:00+00:00, run_after=2022-01-01T00:00:00+00:00
[2023-05-26T07:04:34.345+0000] {logging_mixin.py:149} INFO - [2023-05-26T07:04:34.345+0000] {dag.py:3490} INFO - Setting next_dagrun for example_subdag_operator.section-1 to None, run_after=None
[2023-05-26T07:04:34.348+0000] {logging_mixin.py:149} INFO - [2023-05-26T07:04:34.348+0000] {dag.py:3490} INFO - Setting next_dagrun for example_subdag_operator.section-2 to None, run_after=None
[2023-05-26T07:04:34.359+0000] {logging_mixin.py:149} INFO - [2023-05-26T07:04:34.359+0000] {dag.py:2726} INFO - Sync 2 DAGs
[2023-05-26T07:04:34.371+0000] {logging_mixin.py:149} INFO - [2023-05-26T07:04:34.371+0000] {dag.py:3490} INFO - Setting next_dagrun for example_subdag_operator.section-1 to None, run_after=None
[2023-05-26T07:04:34.373+0000] {logging_mixin.py:149} INFO - [2023-05-26T07:04:34.372+0000] {dag.py:3490} INFO - Setting next_dagrun for example_subdag_operator.section-2 to None, run_after=None
[2023-05-26T07:04:34.389+0000] {processor.py:179} INFO - Processing /home/airflow/.local/lib/python3.7/site-packages/airflow/example_dags/example_subdag_operator.py took 0.155 seconds
