[2023-05-26T06:51:29.876+0000] {processor.py:157} INFO - Started process (PID=76) to work on /home/airflow/.local/lib/python3.7/site-packages/airflow/example_dags/example_sensors.py
[2023-05-26T06:51:29.878+0000] {processor.py:826} INFO - Processing file /home/airflow/.local/lib/python3.7/site-packages/airflow/example_dags/example_sensors.py for tasks to queue
[2023-05-26T06:51:29.881+0000] {logging_mixin.py:149} INFO - [2023-05-26T06:51:29.881+0000] {dagbag.py:541} INFO - Filling up the DagBag from /home/airflow/.local/lib/python3.7/site-packages/airflow/example_dags/example_sensors.py
[2023-05-26T06:51:29.898+0000] {processor.py:836} INFO - DAG(s) dict_keys(['example_sensors']) retrieved from /home/airflow/.local/lib/python3.7/site-packages/airflow/example_dags/example_sensors.py
[2023-05-26T06:51:29.917+0000] {logging_mixin.py:149} INFO - [2023-05-26T06:51:29.917+0000] {dag.py:2726} INFO - Sync 1 DAGs
[2023-05-26T06:51:29.960+0000] {logging_mixin.py:149} INFO - [2023-05-26T06:51:29.960+0000] {dag.py:3490} INFO - Setting next_dagrun for example_sensors to None, run_after=None
[2023-05-26T06:51:29.989+0000] {processor.py:179} INFO - Processing /home/airflow/.local/lib/python3.7/site-packages/airflow/example_dags/example_sensors.py took 0.118 seconds
[2023-05-26T06:52:00.854+0000] {processor.py:157} INFO - Started process (PID=131) to work on /home/airflow/.local/lib/python3.7/site-packages/airflow/example_dags/example_sensors.py
[2023-05-26T06:52:00.856+0000] {processor.py:826} INFO - Processing file /home/airflow/.local/lib/python3.7/site-packages/airflow/example_dags/example_sensors.py for tasks to queue
[2023-05-26T06:52:00.860+0000] {logging_mixin.py:149} INFO - [2023-05-26T06:52:00.859+0000] {dagbag.py:541} INFO - Filling up the DagBag from /home/airflow/.local/lib/python3.7/site-packages/airflow/example_dags/example_sensors.py
[2023-05-26T06:52:00.873+0000] {processor.py:836} INFO - DAG(s) dict_keys(['example_sensors']) retrieved from /home/airflow/.local/lib/python3.7/site-packages/airflow/example_dags/example_sensors.py
[2023-05-26T06:52:00.908+0000] {logging_mixin.py:149} INFO - [2023-05-26T06:52:00.908+0000] {dag.py:2726} INFO - Sync 1 DAGs
[2023-05-26T06:52:00.938+0000] {logging_mixin.py:149} INFO - [2023-05-26T06:52:00.938+0000] {dag.py:3490} INFO - Setting next_dagrun for example_sensors to None, run_after=None
[2023-05-26T06:52:00.967+0000] {processor.py:179} INFO - Processing /home/airflow/.local/lib/python3.7/site-packages/airflow/example_dags/example_sensors.py took 0.118 seconds
[2023-05-26T06:55:18.838+0000] {processor.py:157} INFO - Started process (PID=75) to work on /home/airflow/.local/lib/python3.7/site-packages/airflow/example_dags/example_sensors.py
[2023-05-26T06:55:18.840+0000] {processor.py:826} INFO - Processing file /home/airflow/.local/lib/python3.7/site-packages/airflow/example_dags/example_sensors.py for tasks to queue
[2023-05-26T06:55:18.844+0000] {logging_mixin.py:149} INFO - [2023-05-26T06:55:18.844+0000] {dagbag.py:541} INFO - Filling up the DagBag from /home/airflow/.local/lib/python3.7/site-packages/airflow/example_dags/example_sensors.py
[2023-05-26T06:55:18.858+0000] {processor.py:836} INFO - DAG(s) dict_keys(['example_sensors']) retrieved from /home/airflow/.local/lib/python3.7/site-packages/airflow/example_dags/example_sensors.py
[2023-05-26T06:55:18.876+0000] {logging_mixin.py:149} INFO - [2023-05-26T06:55:18.876+0000] {dag.py:2726} INFO - Sync 1 DAGs
[2023-05-26T06:55:18.913+0000] {logging_mixin.py:149} INFO - [2023-05-26T06:55:18.912+0000] {dag.py:3490} INFO - Setting next_dagrun for example_sensors to None, run_after=None
[2023-05-26T06:55:18.951+0000] {processor.py:179} INFO - Processing /home/airflow/.local/lib/python3.7/site-packages/airflow/example_dags/example_sensors.py took 0.117 seconds
[2023-05-26T06:55:49.130+0000] {processor.py:157} INFO - Started process (PID=131) to work on /home/airflow/.local/lib/python3.7/site-packages/airflow/example_dags/example_sensors.py
[2023-05-26T06:55:49.131+0000] {processor.py:826} INFO - Processing file /home/airflow/.local/lib/python3.7/site-packages/airflow/example_dags/example_sensors.py for tasks to queue
[2023-05-26T06:55:49.135+0000] {logging_mixin.py:149} INFO - [2023-05-26T06:55:49.135+0000] {dagbag.py:541} INFO - Filling up the DagBag from /home/airflow/.local/lib/python3.7/site-packages/airflow/example_dags/example_sensors.py
[2023-05-26T06:55:49.147+0000] {processor.py:836} INFO - DAG(s) dict_keys(['example_sensors']) retrieved from /home/airflow/.local/lib/python3.7/site-packages/airflow/example_dags/example_sensors.py
[2023-05-26T06:55:49.184+0000] {logging_mixin.py:149} INFO - [2023-05-26T06:55:49.184+0000] {dag.py:2726} INFO - Sync 1 DAGs
[2023-05-26T06:55:49.213+0000] {logging_mixin.py:149} INFO - [2023-05-26T06:55:49.213+0000] {dag.py:3490} INFO - Setting next_dagrun for example_sensors to None, run_after=None
[2023-05-26T06:55:49.237+0000] {processor.py:179} INFO - Processing /home/airflow/.local/lib/python3.7/site-packages/airflow/example_dags/example_sensors.py took 0.111 seconds
[2023-05-26T06:56:19.835+0000] {processor.py:157} INFO - Started process (PID=187) to work on /home/airflow/.local/lib/python3.7/site-packages/airflow/example_dags/example_sensors.py
[2023-05-26T06:56:19.836+0000] {processor.py:826} INFO - Processing file /home/airflow/.local/lib/python3.7/site-packages/airflow/example_dags/example_sensors.py for tasks to queue
[2023-05-26T06:56:19.839+0000] {logging_mixin.py:149} INFO - [2023-05-26T06:56:19.839+0000] {dagbag.py:541} INFO - Filling up the DagBag from /home/airflow/.local/lib/python3.7/site-packages/airflow/example_dags/example_sensors.py
[2023-05-26T06:56:19.850+0000] {processor.py:836} INFO - DAG(s) dict_keys(['example_sensors']) retrieved from /home/airflow/.local/lib/python3.7/site-packages/airflow/example_dags/example_sensors.py
[2023-05-26T06:56:19.884+0000] {logging_mixin.py:149} INFO - [2023-05-26T06:56:19.884+0000] {dag.py:2726} INFO - Sync 1 DAGs
[2023-05-26T06:56:19.913+0000] {logging_mixin.py:149} INFO - [2023-05-26T06:56:19.913+0000] {dag.py:3490} INFO - Setting next_dagrun for example_sensors to None, run_after=None
[2023-05-26T06:56:19.949+0000] {processor.py:179} INFO - Processing /home/airflow/.local/lib/python3.7/site-packages/airflow/example_dags/example_sensors.py took 0.119 seconds
[2023-05-26T06:56:50.315+0000] {processor.py:157} INFO - Started process (PID=243) to work on /home/airflow/.local/lib/python3.7/site-packages/airflow/example_dags/example_sensors.py
[2023-05-26T06:56:50.316+0000] {processor.py:826} INFO - Processing file /home/airflow/.local/lib/python3.7/site-packages/airflow/example_dags/example_sensors.py for tasks to queue
[2023-05-26T06:56:50.320+0000] {logging_mixin.py:149} INFO - [2023-05-26T06:56:50.319+0000] {dagbag.py:541} INFO - Filling up the DagBag from /home/airflow/.local/lib/python3.7/site-packages/airflow/example_dags/example_sensors.py
[2023-05-26T06:56:50.331+0000] {processor.py:836} INFO - DAG(s) dict_keys(['example_sensors']) retrieved from /home/airflow/.local/lib/python3.7/site-packages/airflow/example_dags/example_sensors.py
[2023-05-26T06:56:50.364+0000] {logging_mixin.py:149} INFO - [2023-05-26T06:56:50.364+0000] {dag.py:2726} INFO - Sync 1 DAGs
[2023-05-26T06:56:50.393+0000] {logging_mixin.py:149} INFO - [2023-05-26T06:56:50.393+0000] {dag.py:3490} INFO - Setting next_dagrun for example_sensors to None, run_after=None
[2023-05-26T06:56:50.419+0000] {processor.py:179} INFO - Processing /home/airflow/.local/lib/python3.7/site-packages/airflow/example_dags/example_sensors.py took 0.109 seconds
[2023-05-26T06:57:20.751+0000] {processor.py:157} INFO - Started process (PID=298) to work on /home/airflow/.local/lib/python3.7/site-packages/airflow/example_dags/example_sensors.py
[2023-05-26T06:57:20.753+0000] {processor.py:826} INFO - Processing file /home/airflow/.local/lib/python3.7/site-packages/airflow/example_dags/example_sensors.py for tasks to queue
[2023-05-26T06:57:20.756+0000] {logging_mixin.py:149} INFO - [2023-05-26T06:57:20.756+0000] {dagbag.py:541} INFO - Filling up the DagBag from /home/airflow/.local/lib/python3.7/site-packages/airflow/example_dags/example_sensors.py
[2023-05-26T06:57:20.767+0000] {processor.py:836} INFO - DAG(s) dict_keys(['example_sensors']) retrieved from /home/airflow/.local/lib/python3.7/site-packages/airflow/example_dags/example_sensors.py
[2023-05-26T06:57:20.799+0000] {logging_mixin.py:149} INFO - [2023-05-26T06:57:20.799+0000] {dag.py:2726} INFO - Sync 1 DAGs
[2023-05-26T06:57:20.827+0000] {logging_mixin.py:149} INFO - [2023-05-26T06:57:20.827+0000] {dag.py:3490} INFO - Setting next_dagrun for example_sensors to None, run_after=None
[2023-05-26T06:57:20.853+0000] {processor.py:179} INFO - Processing /home/airflow/.local/lib/python3.7/site-packages/airflow/example_dags/example_sensors.py took 0.106 seconds
[2023-05-26T06:57:51.537+0000] {processor.py:157} INFO - Started process (PID=354) to work on /home/airflow/.local/lib/python3.7/site-packages/airflow/example_dags/example_sensors.py
[2023-05-26T06:57:51.539+0000] {processor.py:826} INFO - Processing file /home/airflow/.local/lib/python3.7/site-packages/airflow/example_dags/example_sensors.py for tasks to queue
[2023-05-26T06:57:51.542+0000] {logging_mixin.py:149} INFO - [2023-05-26T06:57:51.542+0000] {dagbag.py:541} INFO - Filling up the DagBag from /home/airflow/.local/lib/python3.7/site-packages/airflow/example_dags/example_sensors.py
[2023-05-26T06:57:51.553+0000] {processor.py:836} INFO - DAG(s) dict_keys(['example_sensors']) retrieved from /home/airflow/.local/lib/python3.7/site-packages/airflow/example_dags/example_sensors.py
[2023-05-26T06:57:51.587+0000] {logging_mixin.py:149} INFO - [2023-05-26T06:57:51.587+0000] {dag.py:2726} INFO - Sync 1 DAGs
[2023-05-26T06:57:51.630+0000] {logging_mixin.py:149} INFO - [2023-05-26T06:57:51.630+0000] {dag.py:3490} INFO - Setting next_dagrun for example_sensors to None, run_after=None
[2023-05-26T06:57:51.675+0000] {processor.py:179} INFO - Processing /home/airflow/.local/lib/python3.7/site-packages/airflow/example_dags/example_sensors.py took 0.141 seconds
[2023-05-26T06:58:22.183+0000] {processor.py:157} INFO - Started process (PID=410) to work on /home/airflow/.local/lib/python3.7/site-packages/airflow/example_dags/example_sensors.py
[2023-05-26T06:58:22.185+0000] {processor.py:826} INFO - Processing file /home/airflow/.local/lib/python3.7/site-packages/airflow/example_dags/example_sensors.py for tasks to queue
[2023-05-26T06:58:22.188+0000] {logging_mixin.py:149} INFO - [2023-05-26T06:58:22.187+0000] {dagbag.py:541} INFO - Filling up the DagBag from /home/airflow/.local/lib/python3.7/site-packages/airflow/example_dags/example_sensors.py
[2023-05-26T06:58:22.200+0000] {processor.py:836} INFO - DAG(s) dict_keys(['example_sensors']) retrieved from /home/airflow/.local/lib/python3.7/site-packages/airflow/example_dags/example_sensors.py
[2023-05-26T06:58:22.235+0000] {logging_mixin.py:149} INFO - [2023-05-26T06:58:22.235+0000] {dag.py:2726} INFO - Sync 1 DAGs
[2023-05-26T06:58:22.264+0000] {logging_mixin.py:149} INFO - [2023-05-26T06:58:22.264+0000] {dag.py:3490} INFO - Setting next_dagrun for example_sensors to None, run_after=None
[2023-05-26T06:58:22.289+0000] {processor.py:179} INFO - Processing /home/airflow/.local/lib/python3.7/site-packages/airflow/example_dags/example_sensors.py took 0.110 seconds
[2023-05-26T06:58:53.144+0000] {processor.py:157} INFO - Started process (PID=465) to work on /home/airflow/.local/lib/python3.7/site-packages/airflow/example_dags/example_sensors.py
[2023-05-26T06:58:53.147+0000] {processor.py:826} INFO - Processing file /home/airflow/.local/lib/python3.7/site-packages/airflow/example_dags/example_sensors.py for tasks to queue
[2023-05-26T06:58:53.152+0000] {logging_mixin.py:149} INFO - [2023-05-26T06:58:53.152+0000] {dagbag.py:541} INFO - Filling up the DagBag from /home/airflow/.local/lib/python3.7/site-packages/airflow/example_dags/example_sensors.py
[2023-05-26T06:58:53.171+0000] {processor.py:836} INFO - DAG(s) dict_keys(['example_sensors']) retrieved from /home/airflow/.local/lib/python3.7/site-packages/airflow/example_dags/example_sensors.py
[2023-05-26T06:58:53.220+0000] {logging_mixin.py:149} INFO - [2023-05-26T06:58:53.219+0000] {dag.py:2726} INFO - Sync 1 DAGs
[2023-05-26T06:58:53.258+0000] {logging_mixin.py:149} INFO - [2023-05-26T06:58:53.258+0000] {dag.py:3490} INFO - Setting next_dagrun for example_sensors to None, run_after=None
[2023-05-26T06:58:53.286+0000] {processor.py:179} INFO - Processing /home/airflow/.local/lib/python3.7/site-packages/airflow/example_dags/example_sensors.py took 0.149 seconds
[2023-05-26T06:59:24.235+0000] {processor.py:157} INFO - Started process (PID=521) to work on /home/airflow/.local/lib/python3.7/site-packages/airflow/example_dags/example_sensors.py
[2023-05-26T06:59:24.237+0000] {processor.py:826} INFO - Processing file /home/airflow/.local/lib/python3.7/site-packages/airflow/example_dags/example_sensors.py for tasks to queue
[2023-05-26T06:59:24.241+0000] {logging_mixin.py:149} INFO - [2023-05-26T06:59:24.241+0000] {dagbag.py:541} INFO - Filling up the DagBag from /home/airflow/.local/lib/python3.7/site-packages/airflow/example_dags/example_sensors.py
[2023-05-26T06:59:24.259+0000] {processor.py:836} INFO - DAG(s) dict_keys(['example_sensors']) retrieved from /home/airflow/.local/lib/python3.7/site-packages/airflow/example_dags/example_sensors.py
[2023-05-26T06:59:24.304+0000] {logging_mixin.py:149} INFO - [2023-05-26T06:59:24.304+0000] {dag.py:2726} INFO - Sync 1 DAGs
[2023-05-26T06:59:24.341+0000] {logging_mixin.py:149} INFO - [2023-05-26T06:59:24.341+0000] {dag.py:3490} INFO - Setting next_dagrun for example_sensors to None, run_after=None
[2023-05-26T06:59:24.364+0000] {processor.py:179} INFO - Processing /home/airflow/.local/lib/python3.7/site-packages/airflow/example_dags/example_sensors.py took 0.136 seconds
[2023-05-26T06:59:55.005+0000] {processor.py:157} INFO - Started process (PID=577) to work on /home/airflow/.local/lib/python3.7/site-packages/airflow/example_dags/example_sensors.py
[2023-05-26T06:59:55.006+0000] {processor.py:826} INFO - Processing file /home/airflow/.local/lib/python3.7/site-packages/airflow/example_dags/example_sensors.py for tasks to queue
[2023-05-26T06:59:55.009+0000] {logging_mixin.py:149} INFO - [2023-05-26T06:59:55.009+0000] {dagbag.py:541} INFO - Filling up the DagBag from /home/airflow/.local/lib/python3.7/site-packages/airflow/example_dags/example_sensors.py
[2023-05-26T06:59:55.023+0000] {processor.py:836} INFO - DAG(s) dict_keys(['example_sensors']) retrieved from /home/airflow/.local/lib/python3.7/site-packages/airflow/example_dags/example_sensors.py
[2023-05-26T06:59:55.064+0000] {logging_mixin.py:149} INFO - [2023-05-26T06:59:55.064+0000] {dag.py:2726} INFO - Sync 1 DAGs
[2023-05-26T06:59:55.113+0000] {logging_mixin.py:149} INFO - [2023-05-26T06:59:55.113+0000] {dag.py:3490} INFO - Setting next_dagrun for example_sensors to None, run_after=None
[2023-05-26T06:59:55.171+0000] {processor.py:179} INFO - Processing /home/airflow/.local/lib/python3.7/site-packages/airflow/example_dags/example_sensors.py took 0.171 seconds
[2023-05-26T07:00:25.739+0000] {processor.py:157} INFO - Started process (PID=632) to work on /home/airflow/.local/lib/python3.7/site-packages/airflow/example_dags/example_sensors.py
[2023-05-26T07:00:25.741+0000] {processor.py:826} INFO - Processing file /home/airflow/.local/lib/python3.7/site-packages/airflow/example_dags/example_sensors.py for tasks to queue
[2023-05-26T07:00:25.744+0000] {logging_mixin.py:149} INFO - [2023-05-26T07:00:25.744+0000] {dagbag.py:541} INFO - Filling up the DagBag from /home/airflow/.local/lib/python3.7/site-packages/airflow/example_dags/example_sensors.py
[2023-05-26T07:00:25.755+0000] {processor.py:836} INFO - DAG(s) dict_keys(['example_sensors']) retrieved from /home/airflow/.local/lib/python3.7/site-packages/airflow/example_dags/example_sensors.py
[2023-05-26T07:00:25.789+0000] {logging_mixin.py:149} INFO - [2023-05-26T07:00:25.789+0000] {dag.py:2726} INFO - Sync 1 DAGs
[2023-05-26T07:00:25.817+0000] {logging_mixin.py:149} INFO - [2023-05-26T07:00:25.817+0000] {dag.py:3490} INFO - Setting next_dagrun for example_sensors to None, run_after=None
[2023-05-26T07:00:25.841+0000] {processor.py:179} INFO - Processing /home/airflow/.local/lib/python3.7/site-packages/airflow/example_dags/example_sensors.py took 0.106 seconds
[2023-05-26T07:00:56.482+0000] {processor.py:157} INFO - Started process (PID=688) to work on /home/airflow/.local/lib/python3.7/site-packages/airflow/example_dags/example_sensors.py
[2023-05-26T07:00:56.484+0000] {processor.py:826} INFO - Processing file /home/airflow/.local/lib/python3.7/site-packages/airflow/example_dags/example_sensors.py for tasks to queue
[2023-05-26T07:00:56.487+0000] {logging_mixin.py:149} INFO - [2023-05-26T07:00:56.487+0000] {dagbag.py:541} INFO - Filling up the DagBag from /home/airflow/.local/lib/python3.7/site-packages/airflow/example_dags/example_sensors.py
[2023-05-26T07:00:56.500+0000] {processor.py:836} INFO - DAG(s) dict_keys(['example_sensors']) retrieved from /home/airflow/.local/lib/python3.7/site-packages/airflow/example_dags/example_sensors.py
[2023-05-26T07:00:56.536+0000] {logging_mixin.py:149} INFO - [2023-05-26T07:00:56.536+0000] {dag.py:2726} INFO - Sync 1 DAGs
[2023-05-26T07:00:56.568+0000] {logging_mixin.py:149} INFO - [2023-05-26T07:00:56.567+0000] {dag.py:3490} INFO - Setting next_dagrun for example_sensors to None, run_after=None
[2023-05-26T07:00:56.591+0000] {processor.py:179} INFO - Processing /home/airflow/.local/lib/python3.7/site-packages/airflow/example_dags/example_sensors.py took 0.113 seconds
[2023-05-26T07:01:28.269+0000] {processor.py:157} INFO - Started process (PID=744) to work on /home/airflow/.local/lib/python3.7/site-packages/airflow/example_dags/example_sensors.py
[2023-05-26T07:01:28.271+0000] {processor.py:826} INFO - Processing file /home/airflow/.local/lib/python3.7/site-packages/airflow/example_dags/example_sensors.py for tasks to queue
[2023-05-26T07:01:28.275+0000] {logging_mixin.py:149} INFO - [2023-05-26T07:01:28.275+0000] {dagbag.py:541} INFO - Filling up the DagBag from /home/airflow/.local/lib/python3.7/site-packages/airflow/example_dags/example_sensors.py
[2023-05-26T07:01:28.296+0000] {processor.py:836} INFO - DAG(s) dict_keys(['example_sensors']) retrieved from /home/airflow/.local/lib/python3.7/site-packages/airflow/example_dags/example_sensors.py
[2023-05-26T07:01:28.355+0000] {logging_mixin.py:149} INFO - [2023-05-26T07:01:28.354+0000] {dag.py:2726} INFO - Sync 1 DAGs
[2023-05-26T07:01:28.394+0000] {logging_mixin.py:149} INFO - [2023-05-26T07:01:28.394+0000] {dag.py:3490} INFO - Setting next_dagrun for example_sensors to None, run_after=None
[2023-05-26T07:01:28.424+0000] {processor.py:179} INFO - Processing /home/airflow/.local/lib/python3.7/site-packages/airflow/example_dags/example_sensors.py took 0.162 seconds
[2023-05-26T07:01:59.570+0000] {processor.py:157} INFO - Started process (PID=800) to work on /home/airflow/.local/lib/python3.7/site-packages/airflow/example_dags/example_sensors.py
[2023-05-26T07:01:59.573+0000] {processor.py:826} INFO - Processing file /home/airflow/.local/lib/python3.7/site-packages/airflow/example_dags/example_sensors.py for tasks to queue
[2023-05-26T07:01:59.580+0000] {logging_mixin.py:149} INFO - [2023-05-26T07:01:59.579+0000] {dagbag.py:541} INFO - Filling up the DagBag from /home/airflow/.local/lib/python3.7/site-packages/airflow/example_dags/example_sensors.py
[2023-05-26T07:01:59.611+0000] {processor.py:836} INFO - DAG(s) dict_keys(['example_sensors']) retrieved from /home/airflow/.local/lib/python3.7/site-packages/airflow/example_dags/example_sensors.py
[2023-05-26T07:01:59.688+0000] {logging_mixin.py:149} INFO - [2023-05-26T07:01:59.688+0000] {dag.py:2726} INFO - Sync 1 DAGs
[2023-05-26T07:01:59.761+0000] {logging_mixin.py:149} INFO - [2023-05-26T07:01:59.761+0000] {dag.py:3490} INFO - Setting next_dagrun for example_sensors to None, run_after=None
[2023-05-26T07:01:59.820+0000] {processor.py:179} INFO - Processing /home/airflow/.local/lib/python3.7/site-packages/airflow/example_dags/example_sensors.py took 0.260 seconds
[2023-05-26T07:02:32.888+0000] {processor.py:157} INFO - Started process (PID=856) to work on /home/airflow/.local/lib/python3.7/site-packages/airflow/example_dags/example_sensors.py
[2023-05-26T07:02:32.893+0000] {processor.py:826} INFO - Processing file /home/airflow/.local/lib/python3.7/site-packages/airflow/example_dags/example_sensors.py for tasks to queue
[2023-05-26T07:02:32.899+0000] {logging_mixin.py:149} INFO - [2023-05-26T07:02:32.899+0000] {dagbag.py:541} INFO - Filling up the DagBag from /home/airflow/.local/lib/python3.7/site-packages/airflow/example_dags/example_sensors.py
[2023-05-26T07:02:32.926+0000] {processor.py:836} INFO - DAG(s) dict_keys(['example_sensors']) retrieved from /home/airflow/.local/lib/python3.7/site-packages/airflow/example_dags/example_sensors.py
[2023-05-26T07:02:33.052+0000] {logging_mixin.py:149} INFO - [2023-05-26T07:02:33.051+0000] {dag.py:2726} INFO - Sync 1 DAGs
[2023-05-26T07:02:33.139+0000] {logging_mixin.py:149} INFO - [2023-05-26T07:02:33.138+0000] {dag.py:3490} INFO - Setting next_dagrun for example_sensors to None, run_after=None
[2023-05-26T07:02:33.202+0000] {processor.py:179} INFO - Processing /home/airflow/.local/lib/python3.7/site-packages/airflow/example_dags/example_sensors.py took 0.321 seconds
[2023-05-26T07:03:03.727+0000] {processor.py:157} INFO - Started process (PID=917) to work on /home/airflow/.local/lib/python3.7/site-packages/airflow/example_dags/example_sensors.py
[2023-05-26T07:03:03.729+0000] {processor.py:826} INFO - Processing file /home/airflow/.local/lib/python3.7/site-packages/airflow/example_dags/example_sensors.py for tasks to queue
[2023-05-26T07:03:03.733+0000] {logging_mixin.py:149} INFO - [2023-05-26T07:03:03.733+0000] {dagbag.py:541} INFO - Filling up the DagBag from /home/airflow/.local/lib/python3.7/site-packages/airflow/example_dags/example_sensors.py
[2023-05-26T07:03:03.752+0000] {processor.py:836} INFO - DAG(s) dict_keys(['example_sensors']) retrieved from /home/airflow/.local/lib/python3.7/site-packages/airflow/example_dags/example_sensors.py
[2023-05-26T07:03:03.801+0000] {logging_mixin.py:149} INFO - [2023-05-26T07:03:03.800+0000] {dag.py:2726} INFO - Sync 1 DAGs
[2023-05-26T07:03:03.836+0000] {logging_mixin.py:149} INFO - [2023-05-26T07:03:03.836+0000] {dag.py:3490} INFO - Setting next_dagrun for example_sensors to None, run_after=None
[2023-05-26T07:03:03.857+0000] {processor.py:179} INFO - Processing /home/airflow/.local/lib/python3.7/site-packages/airflow/example_dags/example_sensors.py took 0.135 seconds
[2023-05-26T07:03:34.092+0000] {processor.py:157} INFO - Started process (PID=973) to work on /home/airflow/.local/lib/python3.7/site-packages/airflow/example_dags/example_sensors.py
[2023-05-26T07:03:34.094+0000] {processor.py:826} INFO - Processing file /home/airflow/.local/lib/python3.7/site-packages/airflow/example_dags/example_sensors.py for tasks to queue
[2023-05-26T07:03:34.097+0000] {logging_mixin.py:149} INFO - [2023-05-26T07:03:34.096+0000] {dagbag.py:541} INFO - Filling up the DagBag from /home/airflow/.local/lib/python3.7/site-packages/airflow/example_dags/example_sensors.py
[2023-05-26T07:03:34.111+0000] {processor.py:836} INFO - DAG(s) dict_keys(['example_sensors']) retrieved from /home/airflow/.local/lib/python3.7/site-packages/airflow/example_dags/example_sensors.py
[2023-05-26T07:03:34.151+0000] {logging_mixin.py:149} INFO - [2023-05-26T07:03:34.151+0000] {dag.py:2726} INFO - Sync 1 DAGs
[2023-05-26T07:03:34.179+0000] {logging_mixin.py:149} INFO - [2023-05-26T07:03:34.179+0000] {dag.py:3490} INFO - Setting next_dagrun for example_sensors to None, run_after=None
[2023-05-26T07:03:34.202+0000] {processor.py:179} INFO - Processing /home/airflow/.local/lib/python3.7/site-packages/airflow/example_dags/example_sensors.py took 0.114 seconds
[2023-05-26T07:04:05.133+0000] {processor.py:157} INFO - Started process (PID=1029) to work on /home/airflow/.local/lib/python3.7/site-packages/airflow/example_dags/example_sensors.py
[2023-05-26T07:04:05.135+0000] {processor.py:826} INFO - Processing file /home/airflow/.local/lib/python3.7/site-packages/airflow/example_dags/example_sensors.py for tasks to queue
[2023-05-26T07:04:05.140+0000] {logging_mixin.py:149} INFO - [2023-05-26T07:04:05.140+0000] {dagbag.py:541} INFO - Filling up the DagBag from /home/airflow/.local/lib/python3.7/site-packages/airflow/example_dags/example_sensors.py
[2023-05-26T07:04:05.159+0000] {processor.py:836} INFO - DAG(s) dict_keys(['example_sensors']) retrieved from /home/airflow/.local/lib/python3.7/site-packages/airflow/example_dags/example_sensors.py
[2023-05-26T07:04:05.196+0000] {logging_mixin.py:149} INFO - [2023-05-26T07:04:05.196+0000] {dag.py:2726} INFO - Sync 1 DAGs
[2023-05-26T07:04:05.228+0000] {logging_mixin.py:149} INFO - [2023-05-26T07:04:05.228+0000] {dag.py:3490} INFO - Setting next_dagrun for example_sensors to None, run_after=None
[2023-05-26T07:04:05.254+0000] {processor.py:179} INFO - Processing /home/airflow/.local/lib/python3.7/site-packages/airflow/example_dags/example_sensors.py took 0.125 seconds
[2023-05-26T07:04:35.856+0000] {processor.py:157} INFO - Started process (PID=1086) to work on /home/airflow/.local/lib/python3.7/site-packages/airflow/example_dags/example_sensors.py
[2023-05-26T07:04:35.858+0000] {processor.py:826} INFO - Processing file /home/airflow/.local/lib/python3.7/site-packages/airflow/example_dags/example_sensors.py for tasks to queue
[2023-05-26T07:04:35.861+0000] {logging_mixin.py:149} INFO - [2023-05-26T07:04:35.861+0000] {dagbag.py:541} INFO - Filling up the DagBag from /home/airflow/.local/lib/python3.7/site-packages/airflow/example_dags/example_sensors.py
[2023-05-26T07:04:35.877+0000] {processor.py:836} INFO - DAG(s) dict_keys(['example_sensors']) retrieved from /home/airflow/.local/lib/python3.7/site-packages/airflow/example_dags/example_sensors.py
[2023-05-26T07:04:35.918+0000] {logging_mixin.py:149} INFO - [2023-05-26T07:04:35.918+0000] {dag.py:2726} INFO - Sync 1 DAGs
[2023-05-26T07:04:35.950+0000] {logging_mixin.py:149} INFO - [2023-05-26T07:04:35.950+0000] {dag.py:3490} INFO - Setting next_dagrun for example_sensors to None, run_after=None
[2023-05-26T07:04:35.979+0000] {processor.py:179} INFO - Processing /home/airflow/.local/lib/python3.7/site-packages/airflow/example_dags/example_sensors.py took 0.128 seconds
