[2023-05-26T06:51:29.940+0000] {processor.py:157} INFO - Started process (PID=77) to work on /home/airflow/.local/lib/python3.7/site-packages/airflow/example_dags/example_dag_decorator.py
[2023-05-26T06:51:29.942+0000] {processor.py:826} INFO - Processing file /home/airflow/.local/lib/python3.7/site-packages/airflow/example_dags/example_dag_decorator.py for tasks to queue
[2023-05-26T06:51:29.946+0000] {logging_mixin.py:149} INFO - [2023-05-26T06:51:29.945+0000] {dagbag.py:541} INFO - Filling up the DagBag from /home/airflow/.local/lib/python3.7/site-packages/airflow/example_dags/example_dag_decorator.py
[2023-05-26T06:51:29.956+0000] {logging_mixin.py:149} INFO - [2023-05-26T06:51:29.956+0000] {taskmixin.py:211} WARNING - Dependency <Task(_PythonDecoratedOperator): prepare_email>, send_email already registered for DAG: example_dag_decorator
[2023-05-26T06:51:29.957+0000] {logging_mixin.py:149} INFO - [2023-05-26T06:51:29.957+0000] {taskmixin.py:211} WARNING - Dependency <Task(EmailOperator): send_email>, prepare_email already registered for DAG: example_dag_decorator
[2023-05-26T06:51:29.972+0000] {processor.py:836} INFO - DAG(s) dict_keys(['example_dag_decorator']) retrieved from /home/airflow/.local/lib/python3.7/site-packages/airflow/example_dags/example_dag_decorator.py
[2023-05-26T06:51:29.990+0000] {logging_mixin.py:149} INFO - [2023-05-26T06:51:29.989+0000] {dag.py:2726} INFO - Sync 1 DAGs
[2023-05-26T06:51:30.029+0000] {logging_mixin.py:149} INFO - [2023-05-26T06:51:30.029+0000] {dag.py:3490} INFO - Setting next_dagrun for example_dag_decorator to None, run_after=None
[2023-05-26T06:51:30.066+0000] {processor.py:179} INFO - Processing /home/airflow/.local/lib/python3.7/site-packages/airflow/example_dags/example_dag_decorator.py took 0.132 seconds
[2023-05-26T06:52:00.886+0000] {processor.py:157} INFO - Started process (PID=132) to work on /home/airflow/.local/lib/python3.7/site-packages/airflow/example_dags/example_dag_decorator.py
[2023-05-26T06:52:00.888+0000] {processor.py:826} INFO - Processing file /home/airflow/.local/lib/python3.7/site-packages/airflow/example_dags/example_dag_decorator.py for tasks to queue
[2023-05-26T06:52:00.891+0000] {logging_mixin.py:149} INFO - [2023-05-26T06:52:00.891+0000] {dagbag.py:541} INFO - Filling up the DagBag from /home/airflow/.local/lib/python3.7/site-packages/airflow/example_dags/example_dag_decorator.py
[2023-05-26T06:52:00.899+0000] {logging_mixin.py:149} INFO - [2023-05-26T06:52:00.899+0000] {taskmixin.py:211} WARNING - Dependency <Task(_PythonDecoratedOperator): prepare_email>, send_email already registered for DAG: example_dag_decorator
[2023-05-26T06:52:00.900+0000] {logging_mixin.py:149} INFO - [2023-05-26T06:52:00.900+0000] {taskmixin.py:211} WARNING - Dependency <Task(EmailOperator): send_email>, prepare_email already registered for DAG: example_dag_decorator
[2023-05-26T06:52:00.910+0000] {processor.py:836} INFO - DAG(s) dict_keys(['example_dag_decorator']) retrieved from /home/airflow/.local/lib/python3.7/site-packages/airflow/example_dags/example_dag_decorator.py
[2023-05-26T06:52:00.991+0000] {logging_mixin.py:149} INFO - [2023-05-26T06:52:00.990+0000] {dag.py:2726} INFO - Sync 1 DAGs
[2023-05-26T06:52:01.024+0000] {logging_mixin.py:149} INFO - [2023-05-26T06:52:01.024+0000] {dag.py:3490} INFO - Setting next_dagrun for example_dag_decorator to None, run_after=None
[2023-05-26T06:52:01.049+0000] {processor.py:179} INFO - Processing /home/airflow/.local/lib/python3.7/site-packages/airflow/example_dags/example_dag_decorator.py took 0.168 seconds
[2023-05-26T06:55:18.920+0000] {processor.py:157} INFO - Started process (PID=76) to work on /home/airflow/.local/lib/python3.7/site-packages/airflow/example_dags/example_dag_decorator.py
[2023-05-26T06:55:18.923+0000] {processor.py:826} INFO - Processing file /home/airflow/.local/lib/python3.7/site-packages/airflow/example_dags/example_dag_decorator.py for tasks to queue
[2023-05-26T06:55:18.928+0000] {logging_mixin.py:149} INFO - [2023-05-26T06:55:18.927+0000] {dagbag.py:541} INFO - Filling up the DagBag from /home/airflow/.local/lib/python3.7/site-packages/airflow/example_dags/example_dag_decorator.py
[2023-05-26T06:55:18.943+0000] {logging_mixin.py:149} INFO - [2023-05-26T06:55:18.943+0000] {taskmixin.py:211} WARNING - Dependency <Task(_PythonDecoratedOperator): prepare_email>, send_email already registered for DAG: example_dag_decorator
[2023-05-26T06:55:18.945+0000] {logging_mixin.py:149} INFO - [2023-05-26T06:55:18.944+0000] {taskmixin.py:211} WARNING - Dependency <Task(EmailOperator): send_email>, prepare_email already registered for DAG: example_dag_decorator
[2023-05-26T06:55:18.961+0000] {processor.py:836} INFO - DAG(s) dict_keys(['example_dag_decorator']) retrieved from /home/airflow/.local/lib/python3.7/site-packages/airflow/example_dags/example_dag_decorator.py
[2023-05-26T06:55:18.996+0000] {logging_mixin.py:149} INFO - [2023-05-26T06:55:18.994+0000] {dag.py:2726} INFO - Sync 1 DAGs
[2023-05-26T06:55:19.052+0000] {logging_mixin.py:149} INFO - [2023-05-26T06:55:19.052+0000] {dag.py:3490} INFO - Setting next_dagrun for example_dag_decorator to None, run_after=None
[2023-05-26T06:55:19.089+0000] {processor.py:179} INFO - Processing /home/airflow/.local/lib/python3.7/site-packages/airflow/example_dags/example_dag_decorator.py took 0.176 seconds
[2023-05-26T06:55:49.191+0000] {processor.py:157} INFO - Started process (PID=132) to work on /home/airflow/.local/lib/python3.7/site-packages/airflow/example_dags/example_dag_decorator.py
[2023-05-26T06:55:49.192+0000] {processor.py:826} INFO - Processing file /home/airflow/.local/lib/python3.7/site-packages/airflow/example_dags/example_dag_decorator.py for tasks to queue
[2023-05-26T06:55:49.196+0000] {logging_mixin.py:149} INFO - [2023-05-26T06:55:49.195+0000] {dagbag.py:541} INFO - Filling up the DagBag from /home/airflow/.local/lib/python3.7/site-packages/airflow/example_dags/example_dag_decorator.py
[2023-05-26T06:55:49.203+0000] {logging_mixin.py:149} INFO - [2023-05-26T06:55:49.203+0000] {taskmixin.py:211} WARNING - Dependency <Task(_PythonDecoratedOperator): prepare_email>, send_email already registered for DAG: example_dag_decorator
[2023-05-26T06:55:49.205+0000] {logging_mixin.py:149} INFO - [2023-05-26T06:55:49.204+0000] {taskmixin.py:211} WARNING - Dependency <Task(EmailOperator): send_email>, prepare_email already registered for DAG: example_dag_decorator
[2023-05-26T06:55:49.214+0000] {processor.py:836} INFO - DAG(s) dict_keys(['example_dag_decorator']) retrieved from /home/airflow/.local/lib/python3.7/site-packages/airflow/example_dags/example_dag_decorator.py
[2023-05-26T06:55:49.292+0000] {logging_mixin.py:149} INFO - [2023-05-26T06:55:49.292+0000] {dag.py:2726} INFO - Sync 1 DAGs
[2023-05-26T06:55:49.319+0000] {logging_mixin.py:149} INFO - [2023-05-26T06:55:49.319+0000] {dag.py:3490} INFO - Setting next_dagrun for example_dag_decorator to None, run_after=None
[2023-05-26T06:55:49.344+0000] {processor.py:179} INFO - Processing /home/airflow/.local/lib/python3.7/site-packages/airflow/example_dags/example_dag_decorator.py took 0.158 seconds
[2023-05-26T06:56:19.963+0000] {processor.py:157} INFO - Started process (PID=188) to work on /home/airflow/.local/lib/python3.7/site-packages/airflow/example_dags/example_dag_decorator.py
[2023-05-26T06:56:19.966+0000] {processor.py:826} INFO - Processing file /home/airflow/.local/lib/python3.7/site-packages/airflow/example_dags/example_dag_decorator.py for tasks to queue
[2023-05-26T06:56:19.973+0000] {logging_mixin.py:149} INFO - [2023-05-26T06:56:19.972+0000] {dagbag.py:541} INFO - Filling up the DagBag from /home/airflow/.local/lib/python3.7/site-packages/airflow/example_dags/example_dag_decorator.py
[2023-05-26T06:56:19.987+0000] {logging_mixin.py:149} INFO - [2023-05-26T06:56:19.986+0000] {taskmixin.py:211} WARNING - Dependency <Task(_PythonDecoratedOperator): prepare_email>, send_email already registered for DAG: example_dag_decorator
[2023-05-26T06:56:19.989+0000] {logging_mixin.py:149} INFO - [2023-05-26T06:56:19.988+0000] {taskmixin.py:211} WARNING - Dependency <Task(EmailOperator): send_email>, prepare_email already registered for DAG: example_dag_decorator
[2023-05-26T06:56:20.005+0000] {processor.py:836} INFO - DAG(s) dict_keys(['example_dag_decorator']) retrieved from /home/airflow/.local/lib/python3.7/site-packages/airflow/example_dags/example_dag_decorator.py
[2023-05-26T06:56:20.105+0000] {logging_mixin.py:149} INFO - [2023-05-26T06:56:20.104+0000] {dag.py:2726} INFO - Sync 1 DAGs
[2023-05-26T06:56:20.139+0000] {logging_mixin.py:149} INFO - [2023-05-26T06:56:20.139+0000] {dag.py:3490} INFO - Setting next_dagrun for example_dag_decorator to None, run_after=None
[2023-05-26T06:56:20.175+0000] {processor.py:179} INFO - Processing /home/airflow/.local/lib/python3.7/site-packages/airflow/example_dags/example_dag_decorator.py took 0.220 seconds
[2023-05-26T06:56:50.437+0000] {processor.py:157} INFO - Started process (PID=244) to work on /home/airflow/.local/lib/python3.7/site-packages/airflow/example_dags/example_dag_decorator.py
[2023-05-26T06:56:50.438+0000] {processor.py:826} INFO - Processing file /home/airflow/.local/lib/python3.7/site-packages/airflow/example_dags/example_dag_decorator.py for tasks to queue
[2023-05-26T06:56:50.441+0000] {logging_mixin.py:149} INFO - [2023-05-26T06:56:50.441+0000] {dagbag.py:541} INFO - Filling up the DagBag from /home/airflow/.local/lib/python3.7/site-packages/airflow/example_dags/example_dag_decorator.py
[2023-05-26T06:56:50.449+0000] {logging_mixin.py:149} INFO - [2023-05-26T06:56:50.449+0000] {taskmixin.py:211} WARNING - Dependency <Task(_PythonDecoratedOperator): prepare_email>, send_email already registered for DAG: example_dag_decorator
[2023-05-26T06:56:50.450+0000] {logging_mixin.py:149} INFO - [2023-05-26T06:56:50.450+0000] {taskmixin.py:211} WARNING - Dependency <Task(EmailOperator): send_email>, prepare_email already registered for DAG: example_dag_decorator
[2023-05-26T06:56:50.460+0000] {processor.py:836} INFO - DAG(s) dict_keys(['example_dag_decorator']) retrieved from /home/airflow/.local/lib/python3.7/site-packages/airflow/example_dags/example_dag_decorator.py
[2023-05-26T06:56:50.535+0000] {logging_mixin.py:149} INFO - [2023-05-26T06:56:50.535+0000] {dag.py:2726} INFO - Sync 1 DAGs
[2023-05-26T06:56:50.562+0000] {logging_mixin.py:149} INFO - [2023-05-26T06:56:50.562+0000] {dag.py:3490} INFO - Setting next_dagrun for example_dag_decorator to None, run_after=None
[2023-05-26T06:56:50.593+0000] {processor.py:179} INFO - Processing /home/airflow/.local/lib/python3.7/site-packages/airflow/example_dags/example_dag_decorator.py took 0.160 seconds
[2023-05-26T06:57:20.875+0000] {processor.py:157} INFO - Started process (PID=299) to work on /home/airflow/.local/lib/python3.7/site-packages/airflow/example_dags/example_dag_decorator.py
[2023-05-26T06:57:20.876+0000] {processor.py:826} INFO - Processing file /home/airflow/.local/lib/python3.7/site-packages/airflow/example_dags/example_dag_decorator.py for tasks to queue
[2023-05-26T06:57:20.879+0000] {logging_mixin.py:149} INFO - [2023-05-26T06:57:20.879+0000] {dagbag.py:541} INFO - Filling up the DagBag from /home/airflow/.local/lib/python3.7/site-packages/airflow/example_dags/example_dag_decorator.py
[2023-05-26T06:57:20.887+0000] {logging_mixin.py:149} INFO - [2023-05-26T06:57:20.887+0000] {taskmixin.py:211} WARNING - Dependency <Task(_PythonDecoratedOperator): prepare_email>, send_email already registered for DAG: example_dag_decorator
[2023-05-26T06:57:20.888+0000] {logging_mixin.py:149} INFO - [2023-05-26T06:57:20.888+0000] {taskmixin.py:211} WARNING - Dependency <Task(EmailOperator): send_email>, prepare_email already registered for DAG: example_dag_decorator
[2023-05-26T06:57:20.897+0000] {processor.py:836} INFO - DAG(s) dict_keys(['example_dag_decorator']) retrieved from /home/airflow/.local/lib/python3.7/site-packages/airflow/example_dags/example_dag_decorator.py
[2023-05-26T06:57:20.967+0000] {logging_mixin.py:149} INFO - [2023-05-26T06:57:20.967+0000] {dag.py:2726} INFO - Sync 1 DAGs
[2023-05-26T06:57:20.995+0000] {logging_mixin.py:149} INFO - [2023-05-26T06:57:20.995+0000] {dag.py:3490} INFO - Setting next_dagrun for example_dag_decorator to None, run_after=None
[2023-05-26T06:57:21.023+0000] {processor.py:179} INFO - Processing /home/airflow/.local/lib/python3.7/site-packages/airflow/example_dags/example_dag_decorator.py took 0.151 seconds
[2023-05-26T06:57:51.685+0000] {processor.py:157} INFO - Started process (PID=355) to work on /home/airflow/.local/lib/python3.7/site-packages/airflow/example_dags/example_dag_decorator.py
[2023-05-26T06:57:51.688+0000] {processor.py:826} INFO - Processing file /home/airflow/.local/lib/python3.7/site-packages/airflow/example_dags/example_dag_decorator.py for tasks to queue
[2023-05-26T06:57:51.693+0000] {logging_mixin.py:149} INFO - [2023-05-26T06:57:51.693+0000] {dagbag.py:541} INFO - Filling up the DagBag from /home/airflow/.local/lib/python3.7/site-packages/airflow/example_dags/example_dag_decorator.py
[2023-05-26T06:57:51.705+0000] {logging_mixin.py:149} INFO - [2023-05-26T06:57:51.704+0000] {taskmixin.py:211} WARNING - Dependency <Task(_PythonDecoratedOperator): prepare_email>, send_email already registered for DAG: example_dag_decorator
[2023-05-26T06:57:51.706+0000] {logging_mixin.py:149} INFO - [2023-05-26T06:57:51.706+0000] {taskmixin.py:211} WARNING - Dependency <Task(EmailOperator): send_email>, prepare_email already registered for DAG: example_dag_decorator
[2023-05-26T06:57:51.723+0000] {processor.py:836} INFO - DAG(s) dict_keys(['example_dag_decorator']) retrieved from /home/airflow/.local/lib/python3.7/site-packages/airflow/example_dags/example_dag_decorator.py
[2023-05-26T06:57:51.824+0000] {logging_mixin.py:149} INFO - [2023-05-26T06:57:51.823+0000] {dag.py:2726} INFO - Sync 1 DAGs
[2023-05-26T06:57:51.858+0000] {logging_mixin.py:149} INFO - [2023-05-26T06:57:51.858+0000] {dag.py:3490} INFO - Setting next_dagrun for example_dag_decorator to None, run_after=None
[2023-05-26T06:57:51.885+0000] {processor.py:179} INFO - Processing /home/airflow/.local/lib/python3.7/site-packages/airflow/example_dags/example_dag_decorator.py took 0.206 seconds
[2023-05-26T06:58:22.295+0000] {processor.py:157} INFO - Started process (PID=411) to work on /home/airflow/.local/lib/python3.7/site-packages/airflow/example_dags/example_dag_decorator.py
[2023-05-26T06:58:22.296+0000] {processor.py:826} INFO - Processing file /home/airflow/.local/lib/python3.7/site-packages/airflow/example_dags/example_dag_decorator.py for tasks to queue
[2023-05-26T06:58:22.300+0000] {logging_mixin.py:149} INFO - [2023-05-26T06:58:22.300+0000] {dagbag.py:541} INFO - Filling up the DagBag from /home/airflow/.local/lib/python3.7/site-packages/airflow/example_dags/example_dag_decorator.py
[2023-05-26T06:58:22.308+0000] {logging_mixin.py:149} INFO - [2023-05-26T06:58:22.308+0000] {taskmixin.py:211} WARNING - Dependency <Task(_PythonDecoratedOperator): prepare_email>, send_email already registered for DAG: example_dag_decorator
[2023-05-26T06:58:22.309+0000] {logging_mixin.py:149} INFO - [2023-05-26T06:58:22.309+0000] {taskmixin.py:211} WARNING - Dependency <Task(EmailOperator): send_email>, prepare_email already registered for DAG: example_dag_decorator
[2023-05-26T06:58:22.319+0000] {processor.py:836} INFO - DAG(s) dict_keys(['example_dag_decorator']) retrieved from /home/airflow/.local/lib/python3.7/site-packages/airflow/example_dags/example_dag_decorator.py
[2023-05-26T06:58:22.393+0000] {logging_mixin.py:149} INFO - [2023-05-26T06:58:22.393+0000] {dag.py:2726} INFO - Sync 1 DAGs
[2023-05-26T06:58:22.419+0000] {logging_mixin.py:149} INFO - [2023-05-26T06:58:22.419+0000] {dag.py:3490} INFO - Setting next_dagrun for example_dag_decorator to None, run_after=None
[2023-05-26T06:58:22.448+0000] {processor.py:179} INFO - Processing /home/airflow/.local/lib/python3.7/site-packages/airflow/example_dags/example_dag_decorator.py took 0.158 seconds
[2023-05-26T06:58:53.317+0000] {processor.py:157} INFO - Started process (PID=466) to work on /home/airflow/.local/lib/python3.7/site-packages/airflow/example_dags/example_dag_decorator.py
[2023-05-26T06:58:53.319+0000] {processor.py:826} INFO - Processing file /home/airflow/.local/lib/python3.7/site-packages/airflow/example_dags/example_dag_decorator.py for tasks to queue
[2023-05-26T06:58:53.323+0000] {logging_mixin.py:149} INFO - [2023-05-26T06:58:53.323+0000] {dagbag.py:541} INFO - Filling up the DagBag from /home/airflow/.local/lib/python3.7/site-packages/airflow/example_dags/example_dag_decorator.py
[2023-05-26T06:58:53.335+0000] {logging_mixin.py:149} INFO - [2023-05-26T06:58:53.335+0000] {taskmixin.py:211} WARNING - Dependency <Task(_PythonDecoratedOperator): prepare_email>, send_email already registered for DAG: example_dag_decorator
[2023-05-26T06:58:53.336+0000] {logging_mixin.py:149} INFO - [2023-05-26T06:58:53.336+0000] {taskmixin.py:211} WARNING - Dependency <Task(EmailOperator): send_email>, prepare_email already registered for DAG: example_dag_decorator
[2023-05-26T06:58:53.347+0000] {processor.py:836} INFO - DAG(s) dict_keys(['example_dag_decorator']) retrieved from /home/airflow/.local/lib/python3.7/site-packages/airflow/example_dags/example_dag_decorator.py
[2023-05-26T06:58:53.429+0000] {logging_mixin.py:149} INFO - [2023-05-26T06:58:53.428+0000] {dag.py:2726} INFO - Sync 1 DAGs
[2023-05-26T06:58:53.458+0000] {logging_mixin.py:149} INFO - [2023-05-26T06:58:53.458+0000] {dag.py:3490} INFO - Setting next_dagrun for example_dag_decorator to None, run_after=None
[2023-05-26T06:58:53.482+0000] {processor.py:179} INFO - Processing /home/airflow/.local/lib/python3.7/site-packages/airflow/example_dags/example_dag_decorator.py took 0.170 seconds
[2023-05-26T06:59:24.294+0000] {processor.py:157} INFO - Started process (PID=522) to work on /home/airflow/.local/lib/python3.7/site-packages/airflow/example_dags/example_dag_decorator.py
[2023-05-26T06:59:24.296+0000] {processor.py:826} INFO - Processing file /home/airflow/.local/lib/python3.7/site-packages/airflow/example_dags/example_dag_decorator.py for tasks to queue
[2023-05-26T06:59:24.301+0000] {logging_mixin.py:149} INFO - [2023-05-26T06:59:24.300+0000] {dagbag.py:541} INFO - Filling up the DagBag from /home/airflow/.local/lib/python3.7/site-packages/airflow/example_dags/example_dag_decorator.py
[2023-05-26T06:59:24.311+0000] {logging_mixin.py:149} INFO - [2023-05-26T06:59:24.311+0000] {taskmixin.py:211} WARNING - Dependency <Task(_PythonDecoratedOperator): prepare_email>, send_email already registered for DAG: example_dag_decorator
[2023-05-26T06:59:24.312+0000] {logging_mixin.py:149} INFO - [2023-05-26T06:59:24.312+0000] {taskmixin.py:211} WARNING - Dependency <Task(EmailOperator): send_email>, prepare_email already registered for DAG: example_dag_decorator
[2023-05-26T06:59:24.324+0000] {processor.py:836} INFO - DAG(s) dict_keys(['example_dag_decorator']) retrieved from /home/airflow/.local/lib/python3.7/site-packages/airflow/example_dags/example_dag_decorator.py
[2023-05-26T06:59:24.412+0000] {logging_mixin.py:149} INFO - [2023-05-26T06:59:24.411+0000] {dag.py:2726} INFO - Sync 1 DAGs
[2023-05-26T06:59:24.439+0000] {logging_mixin.py:149} INFO - [2023-05-26T06:59:24.439+0000] {dag.py:3490} INFO - Setting next_dagrun for example_dag_decorator to None, run_after=None
[2023-05-26T06:59:24.464+0000] {processor.py:179} INFO - Processing /home/airflow/.local/lib/python3.7/site-packages/airflow/example_dags/example_dag_decorator.py took 0.177 seconds
[2023-05-26T06:59:55.145+0000] {processor.py:157} INFO - Started process (PID=578) to work on /home/airflow/.local/lib/python3.7/site-packages/airflow/example_dags/example_dag_decorator.py
[2023-05-26T06:59:55.148+0000] {processor.py:826} INFO - Processing file /home/airflow/.local/lib/python3.7/site-packages/airflow/example_dags/example_dag_decorator.py for tasks to queue
[2023-05-26T06:59:55.152+0000] {logging_mixin.py:149} INFO - [2023-05-26T06:59:55.152+0000] {dagbag.py:541} INFO - Filling up the DagBag from /home/airflow/.local/lib/python3.7/site-packages/airflow/example_dags/example_dag_decorator.py
[2023-05-26T06:59:55.167+0000] {logging_mixin.py:149} INFO - [2023-05-26T06:59:55.166+0000] {taskmixin.py:211} WARNING - Dependency <Task(_PythonDecoratedOperator): prepare_email>, send_email already registered for DAG: example_dag_decorator
[2023-05-26T06:59:55.169+0000] {logging_mixin.py:149} INFO - [2023-05-26T06:59:55.169+0000] {taskmixin.py:211} WARNING - Dependency <Task(EmailOperator): send_email>, prepare_email already registered for DAG: example_dag_decorator
[2023-05-26T06:59:55.187+0000] {processor.py:836} INFO - DAG(s) dict_keys(['example_dag_decorator']) retrieved from /home/airflow/.local/lib/python3.7/site-packages/airflow/example_dags/example_dag_decorator.py
[2023-05-26T06:59:55.315+0000] {logging_mixin.py:149} INFO - [2023-05-26T06:59:55.314+0000] {dag.py:2726} INFO - Sync 1 DAGs
[2023-05-26T06:59:55.357+0000] {logging_mixin.py:149} INFO - [2023-05-26T06:59:55.357+0000] {dag.py:3490} INFO - Setting next_dagrun for example_dag_decorator to None, run_after=None
[2023-05-26T06:59:55.394+0000] {processor.py:179} INFO - Processing /home/airflow/.local/lib/python3.7/site-packages/airflow/example_dags/example_dag_decorator.py took 0.255 seconds
[2023-05-26T07:00:25.846+0000] {processor.py:157} INFO - Started process (PID=633) to work on /home/airflow/.local/lib/python3.7/site-packages/airflow/example_dags/example_dag_decorator.py
[2023-05-26T07:00:25.850+0000] {processor.py:826} INFO - Processing file /home/airflow/.local/lib/python3.7/site-packages/airflow/example_dags/example_dag_decorator.py for tasks to queue
[2023-05-26T07:00:25.855+0000] {logging_mixin.py:149} INFO - [2023-05-26T07:00:25.855+0000] {dagbag.py:541} INFO - Filling up the DagBag from /home/airflow/.local/lib/python3.7/site-packages/airflow/example_dags/example_dag_decorator.py
[2023-05-26T07:00:25.867+0000] {logging_mixin.py:149} INFO - [2023-05-26T07:00:25.867+0000] {taskmixin.py:211} WARNING - Dependency <Task(_PythonDecoratedOperator): prepare_email>, send_email already registered for DAG: example_dag_decorator
[2023-05-26T07:00:25.868+0000] {logging_mixin.py:149} INFO - [2023-05-26T07:00:25.868+0000] {taskmixin.py:211} WARNING - Dependency <Task(EmailOperator): send_email>, prepare_email already registered for DAG: example_dag_decorator
[2023-05-26T07:00:25.878+0000] {processor.py:836} INFO - DAG(s) dict_keys(['example_dag_decorator']) retrieved from /home/airflow/.local/lib/python3.7/site-packages/airflow/example_dags/example_dag_decorator.py
[2023-05-26T07:00:25.967+0000] {logging_mixin.py:149} INFO - [2023-05-26T07:00:25.966+0000] {dag.py:2726} INFO - Sync 1 DAGs
[2023-05-26T07:00:26.002+0000] {logging_mixin.py:149} INFO - [2023-05-26T07:00:26.002+0000] {dag.py:3490} INFO - Setting next_dagrun for example_dag_decorator to None, run_after=None
[2023-05-26T07:00:26.053+0000] {processor.py:179} INFO - Processing /home/airflow/.local/lib/python3.7/site-packages/airflow/example_dags/example_dag_decorator.py took 0.213 seconds
[2023-05-26T07:00:56.546+0000] {processor.py:157} INFO - Started process (PID=689) to work on /home/airflow/.local/lib/python3.7/site-packages/airflow/example_dags/example_dag_decorator.py
[2023-05-26T07:00:56.548+0000] {processor.py:826} INFO - Processing file /home/airflow/.local/lib/python3.7/site-packages/airflow/example_dags/example_dag_decorator.py for tasks to queue
[2023-05-26T07:00:56.551+0000] {logging_mixin.py:149} INFO - [2023-05-26T07:00:56.551+0000] {dagbag.py:541} INFO - Filling up the DagBag from /home/airflow/.local/lib/python3.7/site-packages/airflow/example_dags/example_dag_decorator.py
[2023-05-26T07:00:56.559+0000] {logging_mixin.py:149} INFO - [2023-05-26T07:00:56.559+0000] {taskmixin.py:211} WARNING - Dependency <Task(_PythonDecoratedOperator): prepare_email>, send_email already registered for DAG: example_dag_decorator
[2023-05-26T07:00:56.560+0000] {logging_mixin.py:149} INFO - [2023-05-26T07:00:56.560+0000] {taskmixin.py:211} WARNING - Dependency <Task(EmailOperator): send_email>, prepare_email already registered for DAG: example_dag_decorator
[2023-05-26T07:00:56.571+0000] {processor.py:836} INFO - DAG(s) dict_keys(['example_dag_decorator']) retrieved from /home/airflow/.local/lib/python3.7/site-packages/airflow/example_dags/example_dag_decorator.py
[2023-05-26T07:00:56.647+0000] {logging_mixin.py:149} INFO - [2023-05-26T07:00:56.647+0000] {dag.py:2726} INFO - Sync 1 DAGs
[2023-05-26T07:00:56.676+0000] {logging_mixin.py:149} INFO - [2023-05-26T07:00:56.676+0000] {dag.py:3490} INFO - Setting next_dagrun for example_dag_decorator to None, run_after=None
[2023-05-26T07:00:56.709+0000] {processor.py:179} INFO - Processing /home/airflow/.local/lib/python3.7/site-packages/airflow/example_dags/example_dag_decorator.py took 0.166 seconds
[2023-05-26T07:01:28.465+0000] {processor.py:157} INFO - Started process (PID=745) to work on /home/airflow/.local/lib/python3.7/site-packages/airflow/example_dags/example_dag_decorator.py
[2023-05-26T07:01:28.468+0000] {processor.py:826} INFO - Processing file /home/airflow/.local/lib/python3.7/site-packages/airflow/example_dags/example_dag_decorator.py for tasks to queue
[2023-05-26T07:01:28.473+0000] {logging_mixin.py:149} INFO - [2023-05-26T07:01:28.473+0000] {dagbag.py:541} INFO - Filling up the DagBag from /home/airflow/.local/lib/python3.7/site-packages/airflow/example_dags/example_dag_decorator.py
[2023-05-26T07:01:28.486+0000] {logging_mixin.py:149} INFO - [2023-05-26T07:01:28.485+0000] {taskmixin.py:211} WARNING - Dependency <Task(_PythonDecoratedOperator): prepare_email>, send_email already registered for DAG: example_dag_decorator
[2023-05-26T07:01:28.486+0000] {logging_mixin.py:149} INFO - [2023-05-26T07:01:28.486+0000] {taskmixin.py:211} WARNING - Dependency <Task(EmailOperator): send_email>, prepare_email already registered for DAG: example_dag_decorator
[2023-05-26T07:01:28.500+0000] {processor.py:836} INFO - DAG(s) dict_keys(['example_dag_decorator']) retrieved from /home/airflow/.local/lib/python3.7/site-packages/airflow/example_dags/example_dag_decorator.py
[2023-05-26T07:01:28.601+0000] {logging_mixin.py:149} INFO - [2023-05-26T07:01:28.601+0000] {dag.py:2726} INFO - Sync 1 DAGs
[2023-05-26T07:01:28.637+0000] {logging_mixin.py:149} INFO - [2023-05-26T07:01:28.636+0000] {dag.py:3490} INFO - Setting next_dagrun for example_dag_decorator to None, run_after=None
[2023-05-26T07:01:28.668+0000] {processor.py:179} INFO - Processing /home/airflow/.local/lib/python3.7/site-packages/airflow/example_dags/example_dag_decorator.py took 0.209 seconds
[2023-05-26T07:01:59.864+0000] {processor.py:157} INFO - Started process (PID=801) to work on /home/airflow/.local/lib/python3.7/site-packages/airflow/example_dags/example_dag_decorator.py
[2023-05-26T07:01:59.867+0000] {processor.py:826} INFO - Processing file /home/airflow/.local/lib/python3.7/site-packages/airflow/example_dags/example_dag_decorator.py for tasks to queue
[2023-05-26T07:01:59.876+0000] {logging_mixin.py:149} INFO - [2023-05-26T07:01:59.875+0000] {dagbag.py:541} INFO - Filling up the DagBag from /home/airflow/.local/lib/python3.7/site-packages/airflow/example_dags/example_dag_decorator.py
[2023-05-26T07:01:59.897+0000] {logging_mixin.py:149} INFO - [2023-05-26T07:01:59.896+0000] {taskmixin.py:211} WARNING - Dependency <Task(_PythonDecoratedOperator): prepare_email>, send_email already registered for DAG: example_dag_decorator
[2023-05-26T07:01:59.898+0000] {logging_mixin.py:149} INFO - [2023-05-26T07:01:59.898+0000] {taskmixin.py:211} WARNING - Dependency <Task(EmailOperator): send_email>, prepare_email already registered for DAG: example_dag_decorator
[2023-05-26T07:01:59.919+0000] {processor.py:836} INFO - DAG(s) dict_keys(['example_dag_decorator']) retrieved from /home/airflow/.local/lib/python3.7/site-packages/airflow/example_dags/example_dag_decorator.py
[2023-05-26T07:02:00.140+0000] {logging_mixin.py:149} INFO - [2023-05-26T07:02:00.139+0000] {dag.py:2726} INFO - Sync 1 DAGs
[2023-05-26T07:02:00.224+0000] {logging_mixin.py:149} INFO - [2023-05-26T07:02:00.223+0000] {dag.py:3490} INFO - Setting next_dagrun for example_dag_decorator to None, run_after=None
[2023-05-26T07:02:00.308+0000] {processor.py:179} INFO - Processing /home/airflow/.local/lib/python3.7/site-packages/airflow/example_dags/example_dag_decorator.py took 0.453 seconds
[2023-05-26T07:02:33.156+0000] {processor.py:157} INFO - Started process (PID=857) to work on /home/airflow/.local/lib/python3.7/site-packages/airflow/example_dags/example_dag_decorator.py
[2023-05-26T07:02:33.165+0000] {processor.py:826} INFO - Processing file /home/airflow/.local/lib/python3.7/site-packages/airflow/example_dags/example_dag_decorator.py for tasks to queue
[2023-05-26T07:02:33.173+0000] {logging_mixin.py:149} INFO - [2023-05-26T07:02:33.173+0000] {dagbag.py:541} INFO - Filling up the DagBag from /home/airflow/.local/lib/python3.7/site-packages/airflow/example_dags/example_dag_decorator.py
[2023-05-26T07:02:33.194+0000] {logging_mixin.py:149} INFO - [2023-05-26T07:02:33.193+0000] {taskmixin.py:211} WARNING - Dependency <Task(_PythonDecoratedOperator): prepare_email>, send_email already registered for DAG: example_dag_decorator
[2023-05-26T07:02:33.196+0000] {logging_mixin.py:149} INFO - [2023-05-26T07:02:33.195+0000] {taskmixin.py:211} WARNING - Dependency <Task(EmailOperator): send_email>, prepare_email already registered for DAG: example_dag_decorator
[2023-05-26T07:02:33.219+0000] {processor.py:836} INFO - DAG(s) dict_keys(['example_dag_decorator']) retrieved from /home/airflow/.local/lib/python3.7/site-packages/airflow/example_dags/example_dag_decorator.py
[2023-05-26T07:02:33.425+0000] {logging_mixin.py:149} INFO - [2023-05-26T07:02:33.423+0000] {dag.py:2726} INFO - Sync 1 DAGs
[2023-05-26T07:02:33.494+0000] {logging_mixin.py:149} INFO - [2023-05-26T07:02:33.494+0000] {dag.py:3490} INFO - Setting next_dagrun for example_dag_decorator to None, run_after=None
[2023-05-26T07:02:33.561+0000] {processor.py:179} INFO - Processing /home/airflow/.local/lib/python3.7/site-packages/airflow/example_dags/example_dag_decorator.py took 0.416 seconds
[2023-05-26T07:03:03.788+0000] {processor.py:157} INFO - Started process (PID=918) to work on /home/airflow/.local/lib/python3.7/site-packages/airflow/example_dags/example_dag_decorator.py
[2023-05-26T07:03:03.791+0000] {processor.py:826} INFO - Processing file /home/airflow/.local/lib/python3.7/site-packages/airflow/example_dags/example_dag_decorator.py for tasks to queue
[2023-05-26T07:03:03.795+0000] {logging_mixin.py:149} INFO - [2023-05-26T07:03:03.795+0000] {dagbag.py:541} INFO - Filling up the DagBag from /home/airflow/.local/lib/python3.7/site-packages/airflow/example_dags/example_dag_decorator.py
[2023-05-26T07:03:03.805+0000] {logging_mixin.py:149} INFO - [2023-05-26T07:03:03.805+0000] {taskmixin.py:211} WARNING - Dependency <Task(_PythonDecoratedOperator): prepare_email>, send_email already registered for DAG: example_dag_decorator
[2023-05-26T07:03:03.807+0000] {logging_mixin.py:149} INFO - [2023-05-26T07:03:03.806+0000] {taskmixin.py:211} WARNING - Dependency <Task(EmailOperator): send_email>, prepare_email already registered for DAG: example_dag_decorator
[2023-05-26T07:03:03.820+0000] {processor.py:836} INFO - DAG(s) dict_keys(['example_dag_decorator']) retrieved from /home/airflow/.local/lib/python3.7/site-packages/airflow/example_dags/example_dag_decorator.py
[2023-05-26T07:03:03.897+0000] {logging_mixin.py:149} INFO - [2023-05-26T07:03:03.897+0000] {dag.py:2726} INFO - Sync 1 DAGs
[2023-05-26T07:03:03.923+0000] {logging_mixin.py:149} INFO - [2023-05-26T07:03:03.922+0000] {dag.py:3490} INFO - Setting next_dagrun for example_dag_decorator to None, run_after=None
[2023-05-26T07:03:03.960+0000] {processor.py:179} INFO - Processing /home/airflow/.local/lib/python3.7/site-packages/airflow/example_dags/example_dag_decorator.py took 0.177 seconds
[2023-05-26T07:03:34.138+0000] {processor.py:157} INFO - Started process (PID=974) to work on /home/airflow/.local/lib/python3.7/site-packages/airflow/example_dags/example_dag_decorator.py
[2023-05-26T07:03:34.140+0000] {processor.py:826} INFO - Processing file /home/airflow/.local/lib/python3.7/site-packages/airflow/example_dags/example_dag_decorator.py for tasks to queue
[2023-05-26T07:03:34.143+0000] {logging_mixin.py:149} INFO - [2023-05-26T07:03:34.143+0000] {dagbag.py:541} INFO - Filling up the DagBag from /home/airflow/.local/lib/python3.7/site-packages/airflow/example_dags/example_dag_decorator.py
[2023-05-26T07:03:34.151+0000] {logging_mixin.py:149} INFO - [2023-05-26T07:03:34.151+0000] {taskmixin.py:211} WARNING - Dependency <Task(_PythonDecoratedOperator): prepare_email>, send_email already registered for DAG: example_dag_decorator
[2023-05-26T07:03:34.152+0000] {logging_mixin.py:149} INFO - [2023-05-26T07:03:34.152+0000] {taskmixin.py:211} WARNING - Dependency <Task(EmailOperator): send_email>, prepare_email already registered for DAG: example_dag_decorator
[2023-05-26T07:03:34.161+0000] {processor.py:836} INFO - DAG(s) dict_keys(['example_dag_decorator']) retrieved from /home/airflow/.local/lib/python3.7/site-packages/airflow/example_dags/example_dag_decorator.py
[2023-05-26T07:03:34.234+0000] {logging_mixin.py:149} INFO - [2023-05-26T07:03:34.233+0000] {dag.py:2726} INFO - Sync 1 DAGs
[2023-05-26T07:03:34.263+0000] {logging_mixin.py:149} INFO - [2023-05-26T07:03:34.263+0000] {dag.py:3490} INFO - Setting next_dagrun for example_dag_decorator to None, run_after=None
[2023-05-26T07:03:34.293+0000] {processor.py:179} INFO - Processing /home/airflow/.local/lib/python3.7/site-packages/airflow/example_dags/example_dag_decorator.py took 0.159 seconds
[2023-05-26T07:04:05.188+0000] {processor.py:157} INFO - Started process (PID=1030) to work on /home/airflow/.local/lib/python3.7/site-packages/airflow/example_dags/example_dag_decorator.py
[2023-05-26T07:04:05.190+0000] {processor.py:826} INFO - Processing file /home/airflow/.local/lib/python3.7/site-packages/airflow/example_dags/example_dag_decorator.py for tasks to queue
[2023-05-26T07:04:05.193+0000] {logging_mixin.py:149} INFO - [2023-05-26T07:04:05.193+0000] {dagbag.py:541} INFO - Filling up the DagBag from /home/airflow/.local/lib/python3.7/site-packages/airflow/example_dags/example_dag_decorator.py
[2023-05-26T07:04:05.201+0000] {logging_mixin.py:149} INFO - [2023-05-26T07:04:05.201+0000] {taskmixin.py:211} WARNING - Dependency <Task(_PythonDecoratedOperator): prepare_email>, send_email already registered for DAG: example_dag_decorator
[2023-05-26T07:04:05.202+0000] {logging_mixin.py:149} INFO - [2023-05-26T07:04:05.202+0000] {taskmixin.py:211} WARNING - Dependency <Task(EmailOperator): send_email>, prepare_email already registered for DAG: example_dag_decorator
[2023-05-26T07:04:05.213+0000] {processor.py:836} INFO - DAG(s) dict_keys(['example_dag_decorator']) retrieved from /home/airflow/.local/lib/python3.7/site-packages/airflow/example_dags/example_dag_decorator.py
[2023-05-26T07:04:05.299+0000] {logging_mixin.py:149} INFO - [2023-05-26T07:04:05.298+0000] {dag.py:2726} INFO - Sync 1 DAGs
[2023-05-26T07:04:05.328+0000] {logging_mixin.py:149} INFO - [2023-05-26T07:04:05.328+0000] {dag.py:3490} INFO - Setting next_dagrun for example_dag_decorator to None, run_after=None
[2023-05-26T07:04:05.360+0000] {processor.py:179} INFO - Processing /home/airflow/.local/lib/python3.7/site-packages/airflow/example_dags/example_dag_decorator.py took 0.177 seconds
[2023-05-26T07:04:35.908+0000] {processor.py:157} INFO - Started process (PID=1087) to work on /home/airflow/.local/lib/python3.7/site-packages/airflow/example_dags/example_dag_decorator.py
[2023-05-26T07:04:35.909+0000] {processor.py:826} INFO - Processing file /home/airflow/.local/lib/python3.7/site-packages/airflow/example_dags/example_dag_decorator.py for tasks to queue
[2023-05-26T07:04:35.913+0000] {logging_mixin.py:149} INFO - [2023-05-26T07:04:35.912+0000] {dagbag.py:541} INFO - Filling up the DagBag from /home/airflow/.local/lib/python3.7/site-packages/airflow/example_dags/example_dag_decorator.py
[2023-05-26T07:04:35.922+0000] {logging_mixin.py:149} INFO - [2023-05-26T07:04:35.922+0000] {taskmixin.py:211} WARNING - Dependency <Task(_PythonDecoratedOperator): prepare_email>, send_email already registered for DAG: example_dag_decorator
[2023-05-26T07:04:35.923+0000] {logging_mixin.py:149} INFO - [2023-05-26T07:04:35.923+0000] {taskmixin.py:211} WARNING - Dependency <Task(EmailOperator): send_email>, prepare_email already registered for DAG: example_dag_decorator
[2023-05-26T07:04:35.933+0000] {processor.py:836} INFO - DAG(s) dict_keys(['example_dag_decorator']) retrieved from /home/airflow/.local/lib/python3.7/site-packages/airflow/example_dags/example_dag_decorator.py
[2023-05-26T07:04:36.013+0000] {logging_mixin.py:149} INFO - [2023-05-26T07:04:36.013+0000] {dag.py:2726} INFO - Sync 1 DAGs
[2023-05-26T07:04:36.045+0000] {logging_mixin.py:149} INFO - [2023-05-26T07:04:36.045+0000] {dag.py:3490} INFO - Setting next_dagrun for example_dag_decorator to None, run_after=None
[2023-05-26T07:04:36.076+0000] {processor.py:179} INFO - Processing /home/airflow/.local/lib/python3.7/site-packages/airflow/example_dags/example_dag_decorator.py took 0.172 seconds
