[2023-05-26T06:51:28.841+0000] {processor.py:157} INFO - Started process (PID=67) to work on /home/airflow/.local/lib/python3.7/site-packages/airflow/example_dags/example_xcomargs.py
[2023-05-26T06:51:28.842+0000] {processor.py:826} INFO - Processing file /home/airflow/.local/lib/python3.7/site-packages/airflow/example_dags/example_xcomargs.py for tasks to queue
[2023-05-26T06:51:28.849+0000] {logging_mixin.py:149} INFO - [2023-05-26T06:51:28.849+0000] {dagbag.py:541} INFO - Filling up the DagBag from /home/airflow/.local/lib/python3.7/site-packages/airflow/example_dags/example_xcomargs.py
[2023-05-26T06:51:28.863+0000] {processor.py:836} INFO - DAG(s) dict_keys(['example_xcom_args_with_operators', 'example_xcom_args']) retrieved from /home/airflow/.local/lib/python3.7/site-packages/airflow/example_dags/example_xcomargs.py
[2023-05-26T06:51:28.880+0000] {logging_mixin.py:149} INFO - [2023-05-26T06:51:28.880+0000] {dag.py:2726} INFO - Sync 2 DAGs
[2023-05-26T06:51:28.918+0000] {logging_mixin.py:149} INFO - [2023-05-26T06:51:28.918+0000] {dag.py:3490} INFO - Setting next_dagrun for example_xcom_args to None, run_after=None
[2023-05-26T06:51:28.926+0000] {logging_mixin.py:149} INFO - [2023-05-26T06:51:28.925+0000] {dag.py:3490} INFO - Setting next_dagrun for example_xcom_args_with_operators to None, run_after=None
[2023-05-26T06:51:28.965+0000] {processor.py:179} INFO - Processing /home/airflow/.local/lib/python3.7/site-packages/airflow/example_dags/example_xcomargs.py took 0.128 seconds
[2023-05-26T06:52:00.019+0000] {processor.py:157} INFO - Started process (PID=122) to work on /home/airflow/.local/lib/python3.7/site-packages/airflow/example_dags/example_xcomargs.py
[2023-05-26T06:52:00.020+0000] {processor.py:826} INFO - Processing file /home/airflow/.local/lib/python3.7/site-packages/airflow/example_dags/example_xcomargs.py for tasks to queue
[2023-05-26T06:52:00.024+0000] {logging_mixin.py:149} INFO - [2023-05-26T06:52:00.024+0000] {dagbag.py:541} INFO - Filling up the DagBag from /home/airflow/.local/lib/python3.7/site-packages/airflow/example_dags/example_xcomargs.py
[2023-05-26T06:52:00.034+0000] {processor.py:836} INFO - DAG(s) dict_keys(['example_xcom_args', 'example_xcom_args_with_operators']) retrieved from /home/airflow/.local/lib/python3.7/site-packages/airflow/example_dags/example_xcomargs.py
[2023-05-26T06:52:00.069+0000] {logging_mixin.py:149} INFO - [2023-05-26T06:52:00.069+0000] {dag.py:2726} INFO - Sync 2 DAGs
[2023-05-26T06:52:00.097+0000] {logging_mixin.py:149} INFO - [2023-05-26T06:52:00.097+0000] {dag.py:3490} INFO - Setting next_dagrun for example_xcom_args to None, run_after=None
[2023-05-26T06:52:00.102+0000] {logging_mixin.py:149} INFO - [2023-05-26T06:52:00.102+0000] {dag.py:3490} INFO - Setting next_dagrun for example_xcom_args_with_operators to None, run_after=None
[2023-05-26T06:52:00.127+0000] {processor.py:179} INFO - Processing /home/airflow/.local/lib/python3.7/site-packages/airflow/example_dags/example_xcomargs.py took 0.112 seconds
[2023-05-26T06:55:18.070+0000] {processor.py:157} INFO - Started process (PID=66) to work on /home/airflow/.local/lib/python3.7/site-packages/airflow/example_dags/example_xcomargs.py
[2023-05-26T06:55:18.072+0000] {processor.py:826} INFO - Processing file /home/airflow/.local/lib/python3.7/site-packages/airflow/example_dags/example_xcomargs.py for tasks to queue
[2023-05-26T06:55:18.076+0000] {logging_mixin.py:149} INFO - [2023-05-26T06:55:18.076+0000] {dagbag.py:541} INFO - Filling up the DagBag from /home/airflow/.local/lib/python3.7/site-packages/airflow/example_dags/example_xcomargs.py
[2023-05-26T06:55:18.091+0000] {processor.py:836} INFO - DAG(s) dict_keys(['example_xcom_args_with_operators', 'example_xcom_args']) retrieved from /home/airflow/.local/lib/python3.7/site-packages/airflow/example_dags/example_xcomargs.py
[2023-05-26T06:55:18.116+0000] {logging_mixin.py:149} INFO - [2023-05-26T06:55:18.116+0000] {dag.py:2726} INFO - Sync 2 DAGs
[2023-05-26T06:55:18.157+0000] {logging_mixin.py:149} INFO - [2023-05-26T06:55:18.157+0000] {dag.py:3490} INFO - Setting next_dagrun for example_xcom_args to None, run_after=None
[2023-05-26T06:55:18.165+0000] {logging_mixin.py:149} INFO - [2023-05-26T06:55:18.165+0000] {dag.py:3490} INFO - Setting next_dagrun for example_xcom_args_with_operators to None, run_after=None
[2023-05-26T06:55:18.190+0000] {processor.py:179} INFO - Processing /home/airflow/.local/lib/python3.7/site-packages/airflow/example_dags/example_xcomargs.py took 0.125 seconds
[2023-05-26T06:55:48.450+0000] {processor.py:157} INFO - Started process (PID=122) to work on /home/airflow/.local/lib/python3.7/site-packages/airflow/example_dags/example_xcomargs.py
[2023-05-26T06:55:48.452+0000] {processor.py:826} INFO - Processing file /home/airflow/.local/lib/python3.7/site-packages/airflow/example_dags/example_xcomargs.py for tasks to queue
[2023-05-26T06:55:48.455+0000] {logging_mixin.py:149} INFO - [2023-05-26T06:55:48.455+0000] {dagbag.py:541} INFO - Filling up the DagBag from /home/airflow/.local/lib/python3.7/site-packages/airflow/example_dags/example_xcomargs.py
[2023-05-26T06:55:48.464+0000] {processor.py:836} INFO - DAG(s) dict_keys(['example_xcom_args_with_operators', 'example_xcom_args']) retrieved from /home/airflow/.local/lib/python3.7/site-packages/airflow/example_dags/example_xcomargs.py
[2023-05-26T06:55:48.494+0000] {logging_mixin.py:149} INFO - [2023-05-26T06:55:48.494+0000] {dag.py:2726} INFO - Sync 2 DAGs
[2023-05-26T06:55:48.522+0000] {logging_mixin.py:149} INFO - [2023-05-26T06:55:48.522+0000] {dag.py:3490} INFO - Setting next_dagrun for example_xcom_args to None, run_after=None
[2023-05-26T06:55:48.528+0000] {logging_mixin.py:149} INFO - [2023-05-26T06:55:48.527+0000] {dag.py:3490} INFO - Setting next_dagrun for example_xcom_args_with_operators to None, run_after=None
[2023-05-26T06:55:48.549+0000] {processor.py:179} INFO - Processing /home/airflow/.local/lib/python3.7/site-packages/airflow/example_dags/example_xcomargs.py took 0.103 seconds
[2023-05-26T06:56:19.232+0000] {processor.py:157} INFO - Started process (PID=178) to work on /home/airflow/.local/lib/python3.7/site-packages/airflow/example_dags/example_xcomargs.py
[2023-05-26T06:56:19.234+0000] {processor.py:826} INFO - Processing file /home/airflow/.local/lib/python3.7/site-packages/airflow/example_dags/example_xcomargs.py for tasks to queue
[2023-05-26T06:56:19.237+0000] {logging_mixin.py:149} INFO - [2023-05-26T06:56:19.237+0000] {dagbag.py:541} INFO - Filling up the DagBag from /home/airflow/.local/lib/python3.7/site-packages/airflow/example_dags/example_xcomargs.py
[2023-05-26T06:56:19.247+0000] {processor.py:836} INFO - DAG(s) dict_keys(['example_xcom_args', 'example_xcom_args_with_operators']) retrieved from /home/airflow/.local/lib/python3.7/site-packages/airflow/example_dags/example_xcomargs.py
[2023-05-26T06:56:19.278+0000] {logging_mixin.py:149} INFO - [2023-05-26T06:56:19.278+0000] {dag.py:2726} INFO - Sync 2 DAGs
[2023-05-26T06:56:19.307+0000] {logging_mixin.py:149} INFO - [2023-05-26T06:56:19.307+0000] {dag.py:3490} INFO - Setting next_dagrun for example_xcom_args to None, run_after=None
[2023-05-26T06:56:19.312+0000] {logging_mixin.py:149} INFO - [2023-05-26T06:56:19.312+0000] {dag.py:3490} INFO - Setting next_dagrun for example_xcom_args_with_operators to None, run_after=None
[2023-05-26T06:56:19.332+0000] {processor.py:179} INFO - Processing /home/airflow/.local/lib/python3.7/site-packages/airflow/example_dags/example_xcomargs.py took 0.104 seconds
[2023-05-26T06:56:49.715+0000] {processor.py:157} INFO - Started process (PID=234) to work on /home/airflow/.local/lib/python3.7/site-packages/airflow/example_dags/example_xcomargs.py
[2023-05-26T06:56:49.717+0000] {processor.py:826} INFO - Processing file /home/airflow/.local/lib/python3.7/site-packages/airflow/example_dags/example_xcomargs.py for tasks to queue
[2023-05-26T06:56:49.720+0000] {logging_mixin.py:149} INFO - [2023-05-26T06:56:49.720+0000] {dagbag.py:541} INFO - Filling up the DagBag from /home/airflow/.local/lib/python3.7/site-packages/airflow/example_dags/example_xcomargs.py
[2023-05-26T06:56:49.731+0000] {processor.py:836} INFO - DAG(s) dict_keys(['example_xcom_args_with_operators', 'example_xcom_args']) retrieved from /home/airflow/.local/lib/python3.7/site-packages/airflow/example_dags/example_xcomargs.py
[2023-05-26T06:56:49.764+0000] {logging_mixin.py:149} INFO - [2023-05-26T06:56:49.764+0000] {dag.py:2726} INFO - Sync 2 DAGs
[2023-05-26T06:56:49.794+0000] {logging_mixin.py:149} INFO - [2023-05-26T06:56:49.794+0000] {dag.py:3490} INFO - Setting next_dagrun for example_xcom_args to None, run_after=None
[2023-05-26T06:56:49.799+0000] {logging_mixin.py:149} INFO - [2023-05-26T06:56:49.799+0000] {dag.py:3490} INFO - Setting next_dagrun for example_xcom_args_with_operators to None, run_after=None
[2023-05-26T06:56:49.820+0000] {processor.py:179} INFO - Processing /home/airflow/.local/lib/python3.7/site-packages/airflow/example_dags/example_xcomargs.py took 0.109 seconds
[2023-05-26T06:57:20.157+0000] {processor.py:157} INFO - Started process (PID=289) to work on /home/airflow/.local/lib/python3.7/site-packages/airflow/example_dags/example_xcomargs.py
[2023-05-26T06:57:20.158+0000] {processor.py:826} INFO - Processing file /home/airflow/.local/lib/python3.7/site-packages/airflow/example_dags/example_xcomargs.py for tasks to queue
[2023-05-26T06:57:20.161+0000] {logging_mixin.py:149} INFO - [2023-05-26T06:57:20.161+0000] {dagbag.py:541} INFO - Filling up the DagBag from /home/airflow/.local/lib/python3.7/site-packages/airflow/example_dags/example_xcomargs.py
[2023-05-26T06:57:20.173+0000] {processor.py:836} INFO - DAG(s) dict_keys(['example_xcom_args', 'example_xcom_args_with_operators']) retrieved from /home/airflow/.local/lib/python3.7/site-packages/airflow/example_dags/example_xcomargs.py
[2023-05-26T06:57:20.206+0000] {logging_mixin.py:149} INFO - [2023-05-26T06:57:20.205+0000] {dag.py:2726} INFO - Sync 2 DAGs
[2023-05-26T06:57:20.236+0000] {logging_mixin.py:149} INFO - [2023-05-26T06:57:20.235+0000] {dag.py:3490} INFO - Setting next_dagrun for example_xcom_args to None, run_after=None
[2023-05-26T06:57:20.241+0000] {logging_mixin.py:149} INFO - [2023-05-26T06:57:20.240+0000] {dag.py:3490} INFO - Setting next_dagrun for example_xcom_args_with_operators to None, run_after=None
[2023-05-26T06:57:20.260+0000] {processor.py:179} INFO - Processing /home/airflow/.local/lib/python3.7/site-packages/airflow/example_dags/example_xcomargs.py took 0.107 seconds
[2023-05-26T06:57:50.938+0000] {processor.py:157} INFO - Started process (PID=345) to work on /home/airflow/.local/lib/python3.7/site-packages/airflow/example_dags/example_xcomargs.py
[2023-05-26T06:57:50.940+0000] {processor.py:826} INFO - Processing file /home/airflow/.local/lib/python3.7/site-packages/airflow/example_dags/example_xcomargs.py for tasks to queue
[2023-05-26T06:57:50.943+0000] {logging_mixin.py:149} INFO - [2023-05-26T06:57:50.943+0000] {dagbag.py:541} INFO - Filling up the DagBag from /home/airflow/.local/lib/python3.7/site-packages/airflow/example_dags/example_xcomargs.py
[2023-05-26T06:57:50.954+0000] {processor.py:836} INFO - DAG(s) dict_keys(['example_xcom_args_with_operators', 'example_xcom_args']) retrieved from /home/airflow/.local/lib/python3.7/site-packages/airflow/example_dags/example_xcomargs.py
[2023-05-26T06:57:50.987+0000] {logging_mixin.py:149} INFO - [2023-05-26T06:57:50.987+0000] {dag.py:2726} INFO - Sync 2 DAGs
[2023-05-26T06:57:51.014+0000] {logging_mixin.py:149} INFO - [2023-05-26T06:57:51.014+0000] {dag.py:3490} INFO - Setting next_dagrun for example_xcom_args to None, run_after=None
[2023-05-26T06:57:51.019+0000] {logging_mixin.py:149} INFO - [2023-05-26T06:57:51.019+0000] {dag.py:3490} INFO - Setting next_dagrun for example_xcom_args_with_operators to None, run_after=None
[2023-05-26T06:57:51.040+0000] {processor.py:179} INFO - Processing /home/airflow/.local/lib/python3.7/site-packages/airflow/example_dags/example_xcomargs.py took 0.107 seconds
[2023-05-26T06:58:21.585+0000] {processor.py:157} INFO - Started process (PID=401) to work on /home/airflow/.local/lib/python3.7/site-packages/airflow/example_dags/example_xcomargs.py
[2023-05-26T06:58:21.587+0000] {processor.py:826} INFO - Processing file /home/airflow/.local/lib/python3.7/site-packages/airflow/example_dags/example_xcomargs.py for tasks to queue
[2023-05-26T06:58:21.590+0000] {logging_mixin.py:149} INFO - [2023-05-26T06:58:21.590+0000] {dagbag.py:541} INFO - Filling up the DagBag from /home/airflow/.local/lib/python3.7/site-packages/airflow/example_dags/example_xcomargs.py
[2023-05-26T06:58:21.601+0000] {processor.py:836} INFO - DAG(s) dict_keys(['example_xcom_args_with_operators', 'example_xcom_args']) retrieved from /home/airflow/.local/lib/python3.7/site-packages/airflow/example_dags/example_xcomargs.py
[2023-05-26T06:58:21.632+0000] {logging_mixin.py:149} INFO - [2023-05-26T06:58:21.632+0000] {dag.py:2726} INFO - Sync 2 DAGs
[2023-05-26T06:58:21.662+0000] {logging_mixin.py:149} INFO - [2023-05-26T06:58:21.662+0000] {dag.py:3490} INFO - Setting next_dagrun for example_xcom_args to None, run_after=None
[2023-05-26T06:58:21.667+0000] {logging_mixin.py:149} INFO - [2023-05-26T06:58:21.667+0000] {dag.py:3490} INFO - Setting next_dagrun for example_xcom_args_with_operators to None, run_after=None
[2023-05-26T06:58:21.688+0000] {processor.py:179} INFO - Processing /home/airflow/.local/lib/python3.7/site-packages/airflow/example_dags/example_xcomargs.py took 0.108 seconds
[2023-05-26T06:58:52.530+0000] {processor.py:157} INFO - Started process (PID=456) to work on /home/airflow/.local/lib/python3.7/site-packages/airflow/example_dags/example_xcomargs.py
[2023-05-26T06:58:52.532+0000] {processor.py:826} INFO - Processing file /home/airflow/.local/lib/python3.7/site-packages/airflow/example_dags/example_xcomargs.py for tasks to queue
[2023-05-26T06:58:52.535+0000] {logging_mixin.py:149} INFO - [2023-05-26T06:58:52.534+0000] {dagbag.py:541} INFO - Filling up the DagBag from /home/airflow/.local/lib/python3.7/site-packages/airflow/example_dags/example_xcomargs.py
[2023-05-26T06:58:52.548+0000] {processor.py:836} INFO - DAG(s) dict_keys(['example_xcom_args', 'example_xcom_args_with_operators']) retrieved from /home/airflow/.local/lib/python3.7/site-packages/airflow/example_dags/example_xcomargs.py
[2023-05-26T06:58:52.581+0000] {logging_mixin.py:149} INFO - [2023-05-26T06:58:52.581+0000] {dag.py:2726} INFO - Sync 2 DAGs
[2023-05-26T06:58:52.610+0000] {logging_mixin.py:149} INFO - [2023-05-26T06:58:52.610+0000] {dag.py:3490} INFO - Setting next_dagrun for example_xcom_args to None, run_after=None
[2023-05-26T06:58:52.615+0000] {logging_mixin.py:149} INFO - [2023-05-26T06:58:52.615+0000] {dag.py:3490} INFO - Setting next_dagrun for example_xcom_args_with_operators to None, run_after=None
[2023-05-26T06:58:52.639+0000] {processor.py:179} INFO - Processing /home/airflow/.local/lib/python3.7/site-packages/airflow/example_dags/example_xcomargs.py took 0.115 seconds
[2023-05-26T06:59:23.223+0000] {processor.py:157} INFO - Started process (PID=512) to work on /home/airflow/.local/lib/python3.7/site-packages/airflow/example_dags/example_xcomargs.py
[2023-05-26T06:59:23.225+0000] {processor.py:826} INFO - Processing file /home/airflow/.local/lib/python3.7/site-packages/airflow/example_dags/example_xcomargs.py for tasks to queue
[2023-05-26T06:59:23.229+0000] {logging_mixin.py:149} INFO - [2023-05-26T06:59:23.228+0000] {dagbag.py:541} INFO - Filling up the DagBag from /home/airflow/.local/lib/python3.7/site-packages/airflow/example_dags/example_xcomargs.py
[2023-05-26T06:59:23.243+0000] {processor.py:836} INFO - DAG(s) dict_keys(['example_xcom_args', 'example_xcom_args_with_operators']) retrieved from /home/airflow/.local/lib/python3.7/site-packages/airflow/example_dags/example_xcomargs.py
[2023-05-26T06:59:23.279+0000] {logging_mixin.py:149} INFO - [2023-05-26T06:59:23.279+0000] {dag.py:2726} INFO - Sync 2 DAGs
[2023-05-26T06:59:23.313+0000] {logging_mixin.py:149} INFO - [2023-05-26T06:59:23.313+0000] {dag.py:3490} INFO - Setting next_dagrun for example_xcom_args to None, run_after=None
[2023-05-26T06:59:23.319+0000] {logging_mixin.py:149} INFO - [2023-05-26T06:59:23.319+0000] {dag.py:3490} INFO - Setting next_dagrun for example_xcom_args_with_operators to None, run_after=None
[2023-05-26T06:59:23.343+0000] {processor.py:179} INFO - Processing /home/airflow/.local/lib/python3.7/site-packages/airflow/example_dags/example_xcomargs.py took 0.125 seconds
[2023-05-26T06:59:54.303+0000] {processor.py:157} INFO - Started process (PID=568) to work on /home/airflow/.local/lib/python3.7/site-packages/airflow/example_dags/example_xcomargs.py
[2023-05-26T06:59:54.304+0000] {processor.py:826} INFO - Processing file /home/airflow/.local/lib/python3.7/site-packages/airflow/example_dags/example_xcomargs.py for tasks to queue
[2023-05-26T06:59:54.308+0000] {logging_mixin.py:149} INFO - [2023-05-26T06:59:54.308+0000] {dagbag.py:541} INFO - Filling up the DagBag from /home/airflow/.local/lib/python3.7/site-packages/airflow/example_dags/example_xcomargs.py
[2023-05-26T06:59:54.320+0000] {processor.py:836} INFO - DAG(s) dict_keys(['example_xcom_args_with_operators', 'example_xcom_args']) retrieved from /home/airflow/.local/lib/python3.7/site-packages/airflow/example_dags/example_xcomargs.py
[2023-05-26T06:59:54.370+0000] {logging_mixin.py:149} INFO - [2023-05-26T06:59:54.370+0000] {dag.py:2726} INFO - Sync 2 DAGs
[2023-05-26T06:59:54.401+0000] {logging_mixin.py:149} INFO - [2023-05-26T06:59:54.401+0000] {dag.py:3490} INFO - Setting next_dagrun for example_xcom_args to None, run_after=None
[2023-05-26T06:59:54.406+0000] {logging_mixin.py:149} INFO - [2023-05-26T06:59:54.406+0000] {dag.py:3490} INFO - Setting next_dagrun for example_xcom_args_with_operators to None, run_after=None
[2023-05-26T06:59:54.431+0000] {processor.py:179} INFO - Processing /home/airflow/.local/lib/python3.7/site-packages/airflow/example_dags/example_xcomargs.py took 0.133 seconds
[2023-05-26T07:00:25.132+0000] {processor.py:157} INFO - Started process (PID=623) to work on /home/airflow/.local/lib/python3.7/site-packages/airflow/example_dags/example_xcomargs.py
[2023-05-26T07:00:25.134+0000] {processor.py:826} INFO - Processing file /home/airflow/.local/lib/python3.7/site-packages/airflow/example_dags/example_xcomargs.py for tasks to queue
[2023-05-26T07:00:25.137+0000] {logging_mixin.py:149} INFO - [2023-05-26T07:00:25.137+0000] {dagbag.py:541} INFO - Filling up the DagBag from /home/airflow/.local/lib/python3.7/site-packages/airflow/example_dags/example_xcomargs.py
[2023-05-26T07:00:25.149+0000] {processor.py:836} INFO - DAG(s) dict_keys(['example_xcom_args', 'example_xcom_args_with_operators']) retrieved from /home/airflow/.local/lib/python3.7/site-packages/airflow/example_dags/example_xcomargs.py
[2023-05-26T07:00:25.181+0000] {logging_mixin.py:149} INFO - [2023-05-26T07:00:25.181+0000] {dag.py:2726} INFO - Sync 2 DAGs
[2023-05-26T07:00:25.208+0000] {logging_mixin.py:149} INFO - [2023-05-26T07:00:25.208+0000] {dag.py:3490} INFO - Setting next_dagrun for example_xcom_args to None, run_after=None
[2023-05-26T07:00:25.213+0000] {logging_mixin.py:149} INFO - [2023-05-26T07:00:25.212+0000] {dag.py:3490} INFO - Setting next_dagrun for example_xcom_args_with_operators to None, run_after=None
[2023-05-26T07:00:25.234+0000] {processor.py:179} INFO - Processing /home/airflow/.local/lib/python3.7/site-packages/airflow/example_dags/example_xcomargs.py took 0.106 seconds
[2023-05-26T07:00:55.806+0000] {processor.py:157} INFO - Started process (PID=679) to work on /home/airflow/.local/lib/python3.7/site-packages/airflow/example_dags/example_xcomargs.py
[2023-05-26T07:00:55.808+0000] {processor.py:826} INFO - Processing file /home/airflow/.local/lib/python3.7/site-packages/airflow/example_dags/example_xcomargs.py for tasks to queue
[2023-05-26T07:00:55.811+0000] {logging_mixin.py:149} INFO - [2023-05-26T07:00:55.811+0000] {dagbag.py:541} INFO - Filling up the DagBag from /home/airflow/.local/lib/python3.7/site-packages/airflow/example_dags/example_xcomargs.py
[2023-05-26T07:00:55.821+0000] {processor.py:836} INFO - DAG(s) dict_keys(['example_xcom_args_with_operators', 'example_xcom_args']) retrieved from /home/airflow/.local/lib/python3.7/site-packages/airflow/example_dags/example_xcomargs.py
[2023-05-26T07:00:55.853+0000] {logging_mixin.py:149} INFO - [2023-05-26T07:00:55.853+0000] {dag.py:2726} INFO - Sync 2 DAGs
[2023-05-26T07:00:55.883+0000] {logging_mixin.py:149} INFO - [2023-05-26T07:00:55.883+0000] {dag.py:3490} INFO - Setting next_dagrun for example_xcom_args to None, run_after=None
[2023-05-26T07:00:55.888+0000] {logging_mixin.py:149} INFO - [2023-05-26T07:00:55.888+0000] {dag.py:3490} INFO - Setting next_dagrun for example_xcom_args_with_operators to None, run_after=None
[2023-05-26T07:00:55.912+0000] {processor.py:179} INFO - Processing /home/airflow/.local/lib/python3.7/site-packages/airflow/example_dags/example_xcomargs.py took 0.110 seconds
[2023-05-26T07:01:27.037+0000] {processor.py:157} INFO - Started process (PID=735) to work on /home/airflow/.local/lib/python3.7/site-packages/airflow/example_dags/example_xcomargs.py
[2023-05-26T07:01:27.040+0000] {processor.py:826} INFO - Processing file /home/airflow/.local/lib/python3.7/site-packages/airflow/example_dags/example_xcomargs.py for tasks to queue
[2023-05-26T07:01:27.045+0000] {logging_mixin.py:149} INFO - [2023-05-26T07:01:27.044+0000] {dagbag.py:541} INFO - Filling up the DagBag from /home/airflow/.local/lib/python3.7/site-packages/airflow/example_dags/example_xcomargs.py
[2023-05-26T07:01:27.065+0000] {processor.py:836} INFO - DAG(s) dict_keys(['example_xcom_args_with_operators', 'example_xcom_args']) retrieved from /home/airflow/.local/lib/python3.7/site-packages/airflow/example_dags/example_xcomargs.py
[2023-05-26T07:01:27.121+0000] {logging_mixin.py:149} INFO - [2023-05-26T07:01:27.121+0000] {dag.py:2726} INFO - Sync 2 DAGs
[2023-05-26T07:01:27.179+0000] {logging_mixin.py:149} INFO - [2023-05-26T07:01:27.178+0000] {dag.py:3490} INFO - Setting next_dagrun for example_xcom_args to None, run_after=None
[2023-05-26T07:01:27.188+0000] {logging_mixin.py:149} INFO - [2023-05-26T07:01:27.188+0000] {dag.py:3490} INFO - Setting next_dagrun for example_xcom_args_with_operators to None, run_after=None
[2023-05-26T07:01:27.217+0000] {processor.py:179} INFO - Processing /home/airflow/.local/lib/python3.7/site-packages/airflow/example_dags/example_xcomargs.py took 0.188 seconds
[2023-05-26T07:01:58.121+0000] {processor.py:157} INFO - Started process (PID=791) to work on /home/airflow/.local/lib/python3.7/site-packages/airflow/example_dags/example_xcomargs.py
[2023-05-26T07:01:58.123+0000] {processor.py:826} INFO - Processing file /home/airflow/.local/lib/python3.7/site-packages/airflow/example_dags/example_xcomargs.py for tasks to queue
[2023-05-26T07:01:58.126+0000] {logging_mixin.py:149} INFO - [2023-05-26T07:01:58.126+0000] {dagbag.py:541} INFO - Filling up the DagBag from /home/airflow/.local/lib/python3.7/site-packages/airflow/example_dags/example_xcomargs.py
[2023-05-26T07:01:58.145+0000] {processor.py:836} INFO - DAG(s) dict_keys(['example_xcom_args', 'example_xcom_args_with_operators']) retrieved from /home/airflow/.local/lib/python3.7/site-packages/airflow/example_dags/example_xcomargs.py
[2023-05-26T07:01:58.196+0000] {logging_mixin.py:149} INFO - [2023-05-26T07:01:58.196+0000] {dag.py:2726} INFO - Sync 2 DAGs
[2023-05-26T07:01:58.237+0000] {logging_mixin.py:149} INFO - [2023-05-26T07:01:58.237+0000] {dag.py:3490} INFO - Setting next_dagrun for example_xcom_args to None, run_after=None
[2023-05-26T07:01:58.244+0000] {logging_mixin.py:149} INFO - [2023-05-26T07:01:58.244+0000] {dag.py:3490} INFO - Setting next_dagrun for example_xcom_args_with_operators to None, run_after=None
[2023-05-26T07:01:58.278+0000] {processor.py:179} INFO - Processing /home/airflow/.local/lib/python3.7/site-packages/airflow/example_dags/example_xcomargs.py took 0.161 seconds
[2023-05-26T07:02:31.268+0000] {processor.py:157} INFO - Started process (PID=847) to work on /home/airflow/.local/lib/python3.7/site-packages/airflow/example_dags/example_xcomargs.py
[2023-05-26T07:02:31.271+0000] {processor.py:826} INFO - Processing file /home/airflow/.local/lib/python3.7/site-packages/airflow/example_dags/example_xcomargs.py for tasks to queue
[2023-05-26T07:02:31.278+0000] {logging_mixin.py:149} INFO - [2023-05-26T07:02:31.278+0000] {dagbag.py:541} INFO - Filling up the DagBag from /home/airflow/.local/lib/python3.7/site-packages/airflow/example_dags/example_xcomargs.py
[2023-05-26T07:02:31.302+0000] {processor.py:836} INFO - DAG(s) dict_keys(['example_xcom_args_with_operators', 'example_xcom_args']) retrieved from /home/airflow/.local/lib/python3.7/site-packages/airflow/example_dags/example_xcomargs.py
[2023-05-26T07:02:31.367+0000] {logging_mixin.py:149} INFO - [2023-05-26T07:02:31.366+0000] {dag.py:2726} INFO - Sync 2 DAGs
[2023-05-26T07:02:31.440+0000] {logging_mixin.py:149} INFO - [2023-05-26T07:02:31.440+0000] {dag.py:3490} INFO - Setting next_dagrun for example_xcom_args to None, run_after=None
[2023-05-26T07:02:31.453+0000] {logging_mixin.py:149} INFO - [2023-05-26T07:02:31.453+0000] {dag.py:3490} INFO - Setting next_dagrun for example_xcom_args_with_operators to None, run_after=None
[2023-05-26T07:02:31.496+0000] {processor.py:179} INFO - Processing /home/airflow/.local/lib/python3.7/site-packages/airflow/example_dags/example_xcomargs.py took 0.237 seconds
[2023-05-26T07:03:01.962+0000] {processor.py:157} INFO - Started process (PID=908) to work on /home/airflow/.local/lib/python3.7/site-packages/airflow/example_dags/example_xcomargs.py
[2023-05-26T07:03:01.963+0000] {processor.py:826} INFO - Processing file /home/airflow/.local/lib/python3.7/site-packages/airflow/example_dags/example_xcomargs.py for tasks to queue
[2023-05-26T07:03:01.966+0000] {logging_mixin.py:149} INFO - [2023-05-26T07:03:01.966+0000] {dagbag.py:541} INFO - Filling up the DagBag from /home/airflow/.local/lib/python3.7/site-packages/airflow/example_dags/example_xcomargs.py
[2023-05-26T07:03:01.976+0000] {processor.py:836} INFO - DAG(s) dict_keys(['example_xcom_args', 'example_xcom_args_with_operators']) retrieved from /home/airflow/.local/lib/python3.7/site-packages/airflow/example_dags/example_xcomargs.py
[2023-05-26T07:03:02.007+0000] {logging_mixin.py:149} INFO - [2023-05-26T07:03:02.007+0000] {dag.py:2726} INFO - Sync 2 DAGs
[2023-05-26T07:03:02.037+0000] {logging_mixin.py:149} INFO - [2023-05-26T07:03:02.037+0000] {dag.py:3490} INFO - Setting next_dagrun for example_xcom_args to None, run_after=None
[2023-05-26T07:03:02.042+0000] {logging_mixin.py:149} INFO - [2023-05-26T07:03:02.042+0000] {dag.py:3490} INFO - Setting next_dagrun for example_xcom_args_with_operators to None, run_after=None
[2023-05-26T07:03:02.065+0000] {processor.py:179} INFO - Processing /home/airflow/.local/lib/python3.7/site-packages/airflow/example_dags/example_xcomargs.py took 0.108 seconds
[2023-05-26T07:03:32.291+0000] {processor.py:157} INFO - Started process (PID=964) to work on /home/airflow/.local/lib/python3.7/site-packages/airflow/example_dags/example_xcomargs.py
[2023-05-26T07:03:32.293+0000] {processor.py:826} INFO - Processing file /home/airflow/.local/lib/python3.7/site-packages/airflow/example_dags/example_xcomargs.py for tasks to queue
[2023-05-26T07:03:32.296+0000] {logging_mixin.py:149} INFO - [2023-05-26T07:03:32.295+0000] {dagbag.py:541} INFO - Filling up the DagBag from /home/airflow/.local/lib/python3.7/site-packages/airflow/example_dags/example_xcomargs.py
[2023-05-26T07:03:32.313+0000] {processor.py:836} INFO - DAG(s) dict_keys(['example_xcom_args_with_operators', 'example_xcom_args']) retrieved from /home/airflow/.local/lib/python3.7/site-packages/airflow/example_dags/example_xcomargs.py
[2023-05-26T07:03:32.346+0000] {logging_mixin.py:149} INFO - [2023-05-26T07:03:32.346+0000] {dag.py:2726} INFO - Sync 2 DAGs
[2023-05-26T07:03:32.374+0000] {logging_mixin.py:149} INFO - [2023-05-26T07:03:32.374+0000] {dag.py:3490} INFO - Setting next_dagrun for example_xcom_args to None, run_after=None
[2023-05-26T07:03:32.380+0000] {logging_mixin.py:149} INFO - [2023-05-26T07:03:32.380+0000] {dag.py:3490} INFO - Setting next_dagrun for example_xcom_args_with_operators to None, run_after=None
[2023-05-26T07:03:32.401+0000] {processor.py:179} INFO - Processing /home/airflow/.local/lib/python3.7/site-packages/airflow/example_dags/example_xcomargs.py took 0.115 seconds
[2023-05-26T07:04:03.244+0000] {processor.py:157} INFO - Started process (PID=1020) to work on /home/airflow/.local/lib/python3.7/site-packages/airflow/example_dags/example_xcomargs.py
[2023-05-26T07:04:03.246+0000] {processor.py:826} INFO - Processing file /home/airflow/.local/lib/python3.7/site-packages/airflow/example_dags/example_xcomargs.py for tasks to queue
[2023-05-26T07:04:03.249+0000] {logging_mixin.py:149} INFO - [2023-05-26T07:04:03.249+0000] {dagbag.py:541} INFO - Filling up the DagBag from /home/airflow/.local/lib/python3.7/site-packages/airflow/example_dags/example_xcomargs.py
[2023-05-26T07:04:03.261+0000] {processor.py:836} INFO - DAG(s) dict_keys(['example_xcom_args_with_operators', 'example_xcom_args']) retrieved from /home/airflow/.local/lib/python3.7/site-packages/airflow/example_dags/example_xcomargs.py
[2023-05-26T07:04:03.300+0000] {logging_mixin.py:149} INFO - [2023-05-26T07:04:03.299+0000] {dag.py:2726} INFO - Sync 2 DAGs
[2023-05-26T07:04:03.333+0000] {logging_mixin.py:149} INFO - [2023-05-26T07:04:03.333+0000] {dag.py:3490} INFO - Setting next_dagrun for example_xcom_args to None, run_after=None
[2023-05-26T07:04:03.340+0000] {logging_mixin.py:149} INFO - [2023-05-26T07:04:03.340+0000] {dag.py:3490} INFO - Setting next_dagrun for example_xcom_args_with_operators to None, run_after=None
[2023-05-26T07:04:03.367+0000] {processor.py:179} INFO - Processing /home/airflow/.local/lib/python3.7/site-packages/airflow/example_dags/example_xcomargs.py took 0.128 seconds
[2023-05-26T07:04:34.221+0000] {processor.py:157} INFO - Started process (PID=1077) to work on /home/airflow/.local/lib/python3.7/site-packages/airflow/example_dags/example_xcomargs.py
[2023-05-26T07:04:34.223+0000] {processor.py:826} INFO - Processing file /home/airflow/.local/lib/python3.7/site-packages/airflow/example_dags/example_xcomargs.py for tasks to queue
[2023-05-26T07:04:34.226+0000] {logging_mixin.py:149} INFO - [2023-05-26T07:04:34.225+0000] {dagbag.py:541} INFO - Filling up the DagBag from /home/airflow/.local/lib/python3.7/site-packages/airflow/example_dags/example_xcomargs.py
[2023-05-26T07:04:34.237+0000] {processor.py:836} INFO - DAG(s) dict_keys(['example_xcom_args_with_operators', 'example_xcom_args']) retrieved from /home/airflow/.local/lib/python3.7/site-packages/airflow/example_dags/example_xcomargs.py
[2023-05-26T07:04:34.268+0000] {logging_mixin.py:149} INFO - [2023-05-26T07:04:34.268+0000] {dag.py:2726} INFO - Sync 2 DAGs
[2023-05-26T07:04:34.306+0000] {logging_mixin.py:149} INFO - [2023-05-26T07:04:34.305+0000] {dag.py:3490} INFO - Setting next_dagrun for example_xcom_args to None, run_after=None
[2023-05-26T07:04:34.317+0000] {logging_mixin.py:149} INFO - [2023-05-26T07:04:34.317+0000] {dag.py:3490} INFO - Setting next_dagrun for example_xcom_args_with_operators to None, run_after=None
[2023-05-26T07:04:34.340+0000] {processor.py:179} INFO - Processing /home/airflow/.local/lib/python3.7/site-packages/airflow/example_dags/example_xcomargs.py took 0.123 seconds
