[2023-05-26T06:51:27.735+0000] {processor.py:157} INFO - Started process (PID=54) to work on /home/airflow/.local/lib/python3.7/site-packages/airflow/example_dags/example_datasets.py
[2023-05-26T06:51:27.736+0000] {processor.py:826} INFO - Processing file /home/airflow/.local/lib/python3.7/site-packages/airflow/example_dags/example_datasets.py for tasks to queue
[2023-05-26T06:51:27.740+0000] {logging_mixin.py:149} INFO - [2023-05-26T06:51:27.740+0000] {dagbag.py:541} INFO - Filling up the DagBag from /home/airflow/.local/lib/python3.7/site-packages/airflow/example_dags/example_datasets.py
[2023-05-26T06:51:27.758+0000] {processor.py:836} INFO - DAG(s) dict_keys(['dataset_produces_2', 'dataset_consumes_1', 'dataset_consumes_1_and_2', 'dataset_produces_1', 'dataset_consumes_1_never_scheduled', 'dataset_consumes_unknown_never_scheduled']) retrieved from /home/airflow/.local/lib/python3.7/site-packages/airflow/example_dags/example_datasets.py
[2023-05-26T06:51:27.785+0000] {logging_mixin.py:149} INFO - [2023-05-26T06:51:27.784+0000] {dag.py:2726} INFO - Sync 6 DAGs
[2023-05-26T06:51:27.825+0000] {logging_mixin.py:149} INFO - [2023-05-26T06:51:27.825+0000] {dag.py:3490} INFO - Setting next_dagrun for dataset_consumes_1 to None, run_after=None
[2023-05-26T06:51:27.832+0000] {logging_mixin.py:149} INFO - [2023-05-26T06:51:27.831+0000] {dag.py:3490} INFO - Setting next_dagrun for dataset_consumes_1_and_2 to None, run_after=None
[2023-05-26T06:51:27.834+0000] {logging_mixin.py:149} INFO - [2023-05-26T06:51:27.834+0000] {dag.py:3490} INFO - Setting next_dagrun for dataset_consumes_1_never_scheduled to None, run_after=None
[2023-05-26T06:51:27.837+0000] {logging_mixin.py:149} INFO - [2023-05-26T06:51:27.836+0000] {dag.py:3490} INFO - Setting next_dagrun for dataset_consumes_unknown_never_scheduled to None, run_after=None
[2023-05-26T06:51:27.841+0000] {logging_mixin.py:149} INFO - [2023-05-26T06:51:27.841+0000] {dag.py:3490} INFO - Setting next_dagrun for dataset_produces_1 to 2023-05-25T00:00:00+00:00, run_after=2023-05-26T00:00:00+00:00
[2023-05-26T06:51:27.843+0000] {logging_mixin.py:149} INFO - [2023-05-26T06:51:27.843+0000] {dag.py:3490} INFO - Setting next_dagrun for dataset_produces_2 to None, run_after=None
[2023-05-26T06:51:27.891+0000] {processor.py:179} INFO - Processing /home/airflow/.local/lib/python3.7/site-packages/airflow/example_dags/example_datasets.py took 0.160 seconds
[2023-05-26T06:51:58.834+0000] {processor.py:157} INFO - Started process (PID=109) to work on /home/airflow/.local/lib/python3.7/site-packages/airflow/example_dags/example_datasets.py
[2023-05-26T06:51:58.836+0000] {processor.py:826} INFO - Processing file /home/airflow/.local/lib/python3.7/site-packages/airflow/example_dags/example_datasets.py for tasks to queue
[2023-05-26T06:51:58.839+0000] {logging_mixin.py:149} INFO - [2023-05-26T06:51:58.839+0000] {dagbag.py:541} INFO - Filling up the DagBag from /home/airflow/.local/lib/python3.7/site-packages/airflow/example_dags/example_datasets.py
[2023-05-26T06:51:58.851+0000] {processor.py:836} INFO - DAG(s) dict_keys(['dataset_consumes_1', 'dataset_produces_2', 'dataset_consumes_1_never_scheduled', 'dataset_produces_1', 'dataset_consumes_unknown_never_scheduled', 'dataset_consumes_1_and_2']) retrieved from /home/airflow/.local/lib/python3.7/site-packages/airflow/example_dags/example_datasets.py
[2023-05-26T06:51:58.951+0000] {logging_mixin.py:149} INFO - [2023-05-26T06:51:58.951+0000] {dag.py:2726} INFO - Sync 6 DAGs
[2023-05-26T06:51:58.981+0000] {logging_mixin.py:149} INFO - [2023-05-26T06:51:58.981+0000] {dag.py:3490} INFO - Setting next_dagrun for dataset_consumes_1 to None, run_after=None
[2023-05-26T06:51:58.986+0000] {logging_mixin.py:149} INFO - [2023-05-26T06:51:58.986+0000] {dag.py:3490} INFO - Setting next_dagrun for dataset_consumes_1_and_2 to None, run_after=None
[2023-05-26T06:51:58.989+0000] {logging_mixin.py:149} INFO - [2023-05-26T06:51:58.989+0000] {dag.py:3490} INFO - Setting next_dagrun for dataset_consumes_1_never_scheduled to None, run_after=None
[2023-05-26T06:51:58.992+0000] {logging_mixin.py:149} INFO - [2023-05-26T06:51:58.992+0000] {dag.py:3490} INFO - Setting next_dagrun for dataset_consumes_unknown_never_scheduled to None, run_after=None
[2023-05-26T06:51:58.998+0000] {logging_mixin.py:149} INFO - [2023-05-26T06:51:58.997+0000] {dag.py:3490} INFO - Setting next_dagrun for dataset_produces_1 to 2023-05-25T00:00:00+00:00, run_after=2023-05-26T00:00:00+00:00
[2023-05-26T06:51:59.000+0000] {logging_mixin.py:149} INFO - [2023-05-26T06:51:59.000+0000] {dag.py:3490} INFO - Setting next_dagrun for dataset_produces_2 to None, run_after=None
[2023-05-26T06:51:59.049+0000] {processor.py:179} INFO - Processing /home/airflow/.local/lib/python3.7/site-packages/airflow/example_dags/example_datasets.py took 0.219 seconds
[2023-05-26T06:55:16.864+0000] {processor.py:157} INFO - Started process (PID=53) to work on /home/airflow/.local/lib/python3.7/site-packages/airflow/example_dags/example_datasets.py
[2023-05-26T06:55:16.866+0000] {processor.py:826} INFO - Processing file /home/airflow/.local/lib/python3.7/site-packages/airflow/example_dags/example_datasets.py for tasks to queue
[2023-05-26T06:55:16.870+0000] {logging_mixin.py:149} INFO - [2023-05-26T06:55:16.870+0000] {dagbag.py:541} INFO - Filling up the DagBag from /home/airflow/.local/lib/python3.7/site-packages/airflow/example_dags/example_datasets.py
[2023-05-26T06:55:16.896+0000] {processor.py:836} INFO - DAG(s) dict_keys(['dataset_produces_2', 'dataset_consumes_1', 'dataset_consumes_unknown_never_scheduled', 'dataset_consumes_1_never_scheduled', 'dataset_produces_1', 'dataset_consumes_1_and_2']) retrieved from /home/airflow/.local/lib/python3.7/site-packages/airflow/example_dags/example_datasets.py
[2023-05-26T06:55:16.932+0000] {logging_mixin.py:149} INFO - [2023-05-26T06:55:16.932+0000] {dag.py:2726} INFO - Sync 6 DAGs
[2023-05-26T06:55:17.006+0000] {logging_mixin.py:149} INFO - [2023-05-26T06:55:17.005+0000] {dag.py:3490} INFO - Setting next_dagrun for dataset_consumes_1 to None, run_after=None
[2023-05-26T06:55:17.021+0000] {logging_mixin.py:149} INFO - [2023-05-26T06:55:17.020+0000] {dag.py:3490} INFO - Setting next_dagrun for dataset_consumes_1_and_2 to None, run_after=None
[2023-05-26T06:55:17.025+0000] {logging_mixin.py:149} INFO - [2023-05-26T06:55:17.025+0000] {dag.py:3490} INFO - Setting next_dagrun for dataset_consumes_1_never_scheduled to None, run_after=None
[2023-05-26T06:55:17.030+0000] {logging_mixin.py:149} INFO - [2023-05-26T06:55:17.030+0000] {dag.py:3490} INFO - Setting next_dagrun for dataset_consumes_unknown_never_scheduled to None, run_after=None
[2023-05-26T06:55:17.042+0000] {logging_mixin.py:149} INFO - [2023-05-26T06:55:17.041+0000] {dag.py:3490} INFO - Setting next_dagrun for dataset_produces_1 to 2023-05-25T00:00:00+00:00, run_after=2023-05-26T00:00:00+00:00
[2023-05-26T06:55:17.047+0000] {logging_mixin.py:149} INFO - [2023-05-26T06:55:17.046+0000] {dag.py:3490} INFO - Setting next_dagrun for dataset_produces_2 to None, run_after=None
[2023-05-26T06:55:17.111+0000] {processor.py:179} INFO - Processing /home/airflow/.local/lib/python3.7/site-packages/airflow/example_dags/example_datasets.py took 0.252 seconds
[2023-05-26T06:55:47.321+0000] {processor.py:157} INFO - Started process (PID=109) to work on /home/airflow/.local/lib/python3.7/site-packages/airflow/example_dags/example_datasets.py
[2023-05-26T06:55:47.323+0000] {processor.py:826} INFO - Processing file /home/airflow/.local/lib/python3.7/site-packages/airflow/example_dags/example_datasets.py for tasks to queue
[2023-05-26T06:55:47.327+0000] {logging_mixin.py:149} INFO - [2023-05-26T06:55:47.327+0000] {dagbag.py:541} INFO - Filling up the DagBag from /home/airflow/.local/lib/python3.7/site-packages/airflow/example_dags/example_datasets.py
[2023-05-26T06:55:47.338+0000] {processor.py:836} INFO - DAG(s) dict_keys(['dataset_produces_1', 'dataset_consumes_1_never_scheduled', 'dataset_consumes_1', 'dataset_consumes_1_and_2', 'dataset_produces_2', 'dataset_consumes_unknown_never_scheduled']) retrieved from /home/airflow/.local/lib/python3.7/site-packages/airflow/example_dags/example_datasets.py
[2023-05-26T06:55:47.454+0000] {logging_mixin.py:149} INFO - [2023-05-26T06:55:47.454+0000] {dag.py:2726} INFO - Sync 6 DAGs
[2023-05-26T06:55:47.486+0000] {logging_mixin.py:149} INFO - [2023-05-26T06:55:47.486+0000] {dag.py:3490} INFO - Setting next_dagrun for dataset_consumes_1 to None, run_after=None
[2023-05-26T06:55:47.492+0000] {logging_mixin.py:149} INFO - [2023-05-26T06:55:47.492+0000] {dag.py:3490} INFO - Setting next_dagrun for dataset_consumes_1_and_2 to None, run_after=None
[2023-05-26T06:55:47.494+0000] {logging_mixin.py:149} INFO - [2023-05-26T06:55:47.494+0000] {dag.py:3490} INFO - Setting next_dagrun for dataset_consumes_1_never_scheduled to None, run_after=None
[2023-05-26T06:55:47.496+0000] {logging_mixin.py:149} INFO - [2023-05-26T06:55:47.496+0000] {dag.py:3490} INFO - Setting next_dagrun for dataset_consumes_unknown_never_scheduled to None, run_after=None
[2023-05-26T06:55:47.500+0000] {logging_mixin.py:149} INFO - [2023-05-26T06:55:47.500+0000] {dag.py:3490} INFO - Setting next_dagrun for dataset_produces_1 to 2023-05-25T00:00:00+00:00, run_after=2023-05-26T00:00:00+00:00
[2023-05-26T06:55:47.502+0000] {logging_mixin.py:149} INFO - [2023-05-26T06:55:47.502+0000] {dag.py:3490} INFO - Setting next_dagrun for dataset_produces_2 to None, run_after=None
[2023-05-26T06:55:47.545+0000] {processor.py:179} INFO - Processing /home/airflow/.local/lib/python3.7/site-packages/airflow/example_dags/example_datasets.py took 0.229 seconds
[2023-05-26T06:56:18.183+0000] {processor.py:157} INFO - Started process (PID=165) to work on /home/airflow/.local/lib/python3.7/site-packages/airflow/example_dags/example_datasets.py
[2023-05-26T06:56:18.184+0000] {processor.py:826} INFO - Processing file /home/airflow/.local/lib/python3.7/site-packages/airflow/example_dags/example_datasets.py for tasks to queue
[2023-05-26T06:56:18.188+0000] {logging_mixin.py:149} INFO - [2023-05-26T06:56:18.187+0000] {dagbag.py:541} INFO - Filling up the DagBag from /home/airflow/.local/lib/python3.7/site-packages/airflow/example_dags/example_datasets.py
[2023-05-26T06:56:18.198+0000] {processor.py:836} INFO - DAG(s) dict_keys(['dataset_produces_2', 'dataset_consumes_unknown_never_scheduled', 'dataset_consumes_1_and_2', 'dataset_consumes_1_never_scheduled', 'dataset_produces_1', 'dataset_consumes_1']) retrieved from /home/airflow/.local/lib/python3.7/site-packages/airflow/example_dags/example_datasets.py
[2023-05-26T06:56:18.261+0000] {logging_mixin.py:149} INFO - [2023-05-26T06:56:18.261+0000] {dag.py:2726} INFO - Sync 6 DAGs
[2023-05-26T06:56:18.294+0000] {logging_mixin.py:149} INFO - [2023-05-26T06:56:18.294+0000] {dag.py:3490} INFO - Setting next_dagrun for dataset_consumes_1 to None, run_after=None
[2023-05-26T06:56:18.298+0000] {logging_mixin.py:149} INFO - [2023-05-26T06:56:18.298+0000] {dag.py:3490} INFO - Setting next_dagrun for dataset_consumes_1_and_2 to None, run_after=None
[2023-05-26T06:56:18.301+0000] {logging_mixin.py:149} INFO - [2023-05-26T06:56:18.301+0000] {dag.py:3490} INFO - Setting next_dagrun for dataset_consumes_1_never_scheduled to None, run_after=None
[2023-05-26T06:56:18.303+0000] {logging_mixin.py:149} INFO - [2023-05-26T06:56:18.303+0000] {dag.py:3490} INFO - Setting next_dagrun for dataset_consumes_unknown_never_scheduled to None, run_after=None
[2023-05-26T06:56:18.307+0000] {logging_mixin.py:149} INFO - [2023-05-26T06:56:18.307+0000] {dag.py:3490} INFO - Setting next_dagrun for dataset_produces_1 to 2023-05-25T00:00:00+00:00, run_after=2023-05-26T00:00:00+00:00
[2023-05-26T06:56:18.309+0000] {logging_mixin.py:149} INFO - [2023-05-26T06:56:18.309+0000] {dag.py:3490} INFO - Setting next_dagrun for dataset_produces_2 to None, run_after=None
[2023-05-26T06:56:18.359+0000] {processor.py:179} INFO - Processing /home/airflow/.local/lib/python3.7/site-packages/airflow/example_dags/example_datasets.py took 0.181 seconds
[2023-05-26T06:56:48.669+0000] {processor.py:157} INFO - Started process (PID=221) to work on /home/airflow/.local/lib/python3.7/site-packages/airflow/example_dags/example_datasets.py
[2023-05-26T06:56:48.671+0000] {processor.py:826} INFO - Processing file /home/airflow/.local/lib/python3.7/site-packages/airflow/example_dags/example_datasets.py for tasks to queue
[2023-05-26T06:56:48.674+0000] {logging_mixin.py:149} INFO - [2023-05-26T06:56:48.674+0000] {dagbag.py:541} INFO - Filling up the DagBag from /home/airflow/.local/lib/python3.7/site-packages/airflow/example_dags/example_datasets.py
[2023-05-26T06:56:48.686+0000] {processor.py:836} INFO - DAG(s) dict_keys(['dataset_consumes_1_and_2', 'dataset_produces_2', 'dataset_consumes_unknown_never_scheduled', 'dataset_consumes_1_never_scheduled', 'dataset_produces_1', 'dataset_consumes_1']) retrieved from /home/airflow/.local/lib/python3.7/site-packages/airflow/example_dags/example_datasets.py
[2023-05-26T06:56:48.735+0000] {logging_mixin.py:149} INFO - [2023-05-26T06:56:48.735+0000] {dag.py:2726} INFO - Sync 6 DAGs
[2023-05-26T06:56:48.766+0000] {logging_mixin.py:149} INFO - [2023-05-26T06:56:48.766+0000] {dag.py:3490} INFO - Setting next_dagrun for dataset_consumes_1 to None, run_after=None
[2023-05-26T06:56:48.771+0000] {logging_mixin.py:149} INFO - [2023-05-26T06:56:48.771+0000] {dag.py:3490} INFO - Setting next_dagrun for dataset_consumes_1_and_2 to None, run_after=None
[2023-05-26T06:56:48.774+0000] {logging_mixin.py:149} INFO - [2023-05-26T06:56:48.773+0000] {dag.py:3490} INFO - Setting next_dagrun for dataset_consumes_1_never_scheduled to None, run_after=None
[2023-05-26T06:56:48.776+0000] {logging_mixin.py:149} INFO - [2023-05-26T06:56:48.776+0000] {dag.py:3490} INFO - Setting next_dagrun for dataset_consumes_unknown_never_scheduled to None, run_after=None
[2023-05-26T06:56:48.780+0000] {logging_mixin.py:149} INFO - [2023-05-26T06:56:48.780+0000] {dag.py:3490} INFO - Setting next_dagrun for dataset_produces_1 to 2023-05-25T00:00:00+00:00, run_after=2023-05-26T00:00:00+00:00
[2023-05-26T06:56:48.782+0000] {logging_mixin.py:149} INFO - [2023-05-26T06:56:48.782+0000] {dag.py:3490} INFO - Setting next_dagrun for dataset_produces_2 to None, run_after=None
[2023-05-26T06:56:48.830+0000] {processor.py:179} INFO - Processing /home/airflow/.local/lib/python3.7/site-packages/airflow/example_dags/example_datasets.py took 0.166 seconds
[2023-05-26T06:57:19.098+0000] {processor.py:157} INFO - Started process (PID=276) to work on /home/airflow/.local/lib/python3.7/site-packages/airflow/example_dags/example_datasets.py
[2023-05-26T06:57:19.100+0000] {processor.py:826} INFO - Processing file /home/airflow/.local/lib/python3.7/site-packages/airflow/example_dags/example_datasets.py for tasks to queue
[2023-05-26T06:57:19.103+0000] {logging_mixin.py:149} INFO - [2023-05-26T06:57:19.103+0000] {dagbag.py:541} INFO - Filling up the DagBag from /home/airflow/.local/lib/python3.7/site-packages/airflow/example_dags/example_datasets.py
[2023-05-26T06:57:19.115+0000] {processor.py:836} INFO - DAG(s) dict_keys(['dataset_produces_2', 'dataset_consumes_1_never_scheduled', 'dataset_produces_1', 'dataset_consumes_unknown_never_scheduled', 'dataset_consumes_1', 'dataset_consumes_1_and_2']) retrieved from /home/airflow/.local/lib/python3.7/site-packages/airflow/example_dags/example_datasets.py
[2023-05-26T06:57:19.165+0000] {logging_mixin.py:149} INFO - [2023-05-26T06:57:19.165+0000] {dag.py:2726} INFO - Sync 6 DAGs
[2023-05-26T06:57:19.195+0000] {logging_mixin.py:149} INFO - [2023-05-26T06:57:19.195+0000] {dag.py:3490} INFO - Setting next_dagrun for dataset_consumes_1 to None, run_after=None
[2023-05-26T06:57:19.200+0000] {logging_mixin.py:149} INFO - [2023-05-26T06:57:19.200+0000] {dag.py:3490} INFO - Setting next_dagrun for dataset_consumes_1_and_2 to None, run_after=None
[2023-05-26T06:57:19.202+0000] {logging_mixin.py:149} INFO - [2023-05-26T06:57:19.202+0000] {dag.py:3490} INFO - Setting next_dagrun for dataset_consumes_1_never_scheduled to None, run_after=None
[2023-05-26T06:57:19.204+0000] {logging_mixin.py:149} INFO - [2023-05-26T06:57:19.204+0000] {dag.py:3490} INFO - Setting next_dagrun for dataset_consumes_unknown_never_scheduled to None, run_after=None
[2023-05-26T06:57:19.209+0000] {logging_mixin.py:149} INFO - [2023-05-26T06:57:19.208+0000] {dag.py:3490} INFO - Setting next_dagrun for dataset_produces_1 to 2023-05-25T00:00:00+00:00, run_after=2023-05-26T00:00:00+00:00
[2023-05-26T06:57:19.211+0000] {logging_mixin.py:149} INFO - [2023-05-26T06:57:19.211+0000] {dag.py:3490} INFO - Setting next_dagrun for dataset_produces_2 to None, run_after=None
[2023-05-26T06:57:19.255+0000] {processor.py:179} INFO - Processing /home/airflow/.local/lib/python3.7/site-packages/airflow/example_dags/example_datasets.py took 0.161 seconds
[2023-05-26T06:57:49.578+0000] {processor.py:157} INFO - Started process (PID=332) to work on /home/airflow/.local/lib/python3.7/site-packages/airflow/example_dags/example_datasets.py
[2023-05-26T06:57:49.580+0000] {processor.py:826} INFO - Processing file /home/airflow/.local/lib/python3.7/site-packages/airflow/example_dags/example_datasets.py for tasks to queue
[2023-05-26T06:57:49.585+0000] {logging_mixin.py:149} INFO - [2023-05-26T06:57:49.585+0000] {dagbag.py:541} INFO - Filling up the DagBag from /home/airflow/.local/lib/python3.7/site-packages/airflow/example_dags/example_datasets.py
[2023-05-26T06:57:49.604+0000] {processor.py:836} INFO - DAG(s) dict_keys(['dataset_consumes_1', 'dataset_consumes_1_never_scheduled', 'dataset_produces_2', 'dataset_consumes_unknown_never_scheduled', 'dataset_consumes_1_and_2', 'dataset_produces_1']) retrieved from /home/airflow/.local/lib/python3.7/site-packages/airflow/example_dags/example_datasets.py
[2023-05-26T06:57:49.668+0000] {logging_mixin.py:149} INFO - [2023-05-26T06:57:49.667+0000] {dag.py:2726} INFO - Sync 6 DAGs
[2023-05-26T06:57:49.703+0000] {logging_mixin.py:149} INFO - [2023-05-26T06:57:49.703+0000] {dag.py:3490} INFO - Setting next_dagrun for dataset_consumes_1 to None, run_after=None
[2023-05-26T06:57:49.708+0000] {logging_mixin.py:149} INFO - [2023-05-26T06:57:49.708+0000] {dag.py:3490} INFO - Setting next_dagrun for dataset_consumes_1_and_2 to None, run_after=None
[2023-05-26T06:57:49.711+0000] {logging_mixin.py:149} INFO - [2023-05-26T06:57:49.711+0000] {dag.py:3490} INFO - Setting next_dagrun for dataset_consumes_1_never_scheduled to None, run_after=None
[2023-05-26T06:57:49.714+0000] {logging_mixin.py:149} INFO - [2023-05-26T06:57:49.714+0000] {dag.py:3490} INFO - Setting next_dagrun for dataset_consumes_unknown_never_scheduled to None, run_after=None
[2023-05-26T06:57:49.719+0000] {logging_mixin.py:149} INFO - [2023-05-26T06:57:49.719+0000] {dag.py:3490} INFO - Setting next_dagrun for dataset_produces_1 to 2023-05-25T00:00:00+00:00, run_after=2023-05-26T00:00:00+00:00
[2023-05-26T06:57:49.721+0000] {logging_mixin.py:149} INFO - [2023-05-26T06:57:49.721+0000] {dag.py:3490} INFO - Setting next_dagrun for dataset_produces_2 to None, run_after=None
[2023-05-26T06:57:49.783+0000] {processor.py:179} INFO - Processing /home/airflow/.local/lib/python3.7/site-packages/airflow/example_dags/example_datasets.py took 0.212 seconds
[2023-05-26T06:58:20.541+0000] {processor.py:157} INFO - Started process (PID=388) to work on /home/airflow/.local/lib/python3.7/site-packages/airflow/example_dags/example_datasets.py
[2023-05-26T06:58:20.543+0000] {processor.py:826} INFO - Processing file /home/airflow/.local/lib/python3.7/site-packages/airflow/example_dags/example_datasets.py for tasks to queue
[2023-05-26T06:58:20.546+0000] {logging_mixin.py:149} INFO - [2023-05-26T06:58:20.546+0000] {dagbag.py:541} INFO - Filling up the DagBag from /home/airflow/.local/lib/python3.7/site-packages/airflow/example_dags/example_datasets.py
[2023-05-26T06:58:20.557+0000] {processor.py:836} INFO - DAG(s) dict_keys(['dataset_produces_2', 'dataset_consumes_1', 'dataset_consumes_unknown_never_scheduled', 'dataset_consumes_1_and_2', 'dataset_consumes_1_never_scheduled', 'dataset_produces_1']) retrieved from /home/airflow/.local/lib/python3.7/site-packages/airflow/example_dags/example_datasets.py
[2023-05-26T06:58:20.608+0000] {logging_mixin.py:149} INFO - [2023-05-26T06:58:20.608+0000] {dag.py:2726} INFO - Sync 6 DAGs
[2023-05-26T06:58:20.639+0000] {logging_mixin.py:149} INFO - [2023-05-26T06:58:20.639+0000] {dag.py:3490} INFO - Setting next_dagrun for dataset_consumes_1 to None, run_after=None
[2023-05-26T06:58:20.645+0000] {logging_mixin.py:149} INFO - [2023-05-26T06:58:20.645+0000] {dag.py:3490} INFO - Setting next_dagrun for dataset_consumes_1_and_2 to None, run_after=None
[2023-05-26T06:58:20.647+0000] {logging_mixin.py:149} INFO - [2023-05-26T06:58:20.647+0000] {dag.py:3490} INFO - Setting next_dagrun for dataset_consumes_1_never_scheduled to None, run_after=None
[2023-05-26T06:58:20.650+0000] {logging_mixin.py:149} INFO - [2023-05-26T06:58:20.649+0000] {dag.py:3490} INFO - Setting next_dagrun for dataset_consumes_unknown_never_scheduled to None, run_after=None
[2023-05-26T06:58:20.654+0000] {logging_mixin.py:149} INFO - [2023-05-26T06:58:20.653+0000] {dag.py:3490} INFO - Setting next_dagrun for dataset_produces_1 to 2023-05-25T00:00:00+00:00, run_after=2023-05-26T00:00:00+00:00
[2023-05-26T06:58:20.656+0000] {logging_mixin.py:149} INFO - [2023-05-26T06:58:20.656+0000] {dag.py:3490} INFO - Setting next_dagrun for dataset_produces_2 to None, run_after=None
[2023-05-26T06:58:20.703+0000] {processor.py:179} INFO - Processing /home/airflow/.local/lib/python3.7/site-packages/airflow/example_dags/example_datasets.py took 0.165 seconds
[2023-05-26T06:58:51.325+0000] {processor.py:157} INFO - Started process (PID=443) to work on /home/airflow/.local/lib/python3.7/site-packages/airflow/example_dags/example_datasets.py
[2023-05-26T06:58:51.327+0000] {processor.py:826} INFO - Processing file /home/airflow/.local/lib/python3.7/site-packages/airflow/example_dags/example_datasets.py for tasks to queue
[2023-05-26T06:58:51.330+0000] {logging_mixin.py:149} INFO - [2023-05-26T06:58:51.330+0000] {dagbag.py:541} INFO - Filling up the DagBag from /home/airflow/.local/lib/python3.7/site-packages/airflow/example_dags/example_datasets.py
[2023-05-26T06:58:51.342+0000] {processor.py:836} INFO - DAG(s) dict_keys(['dataset_produces_2', 'dataset_consumes_unknown_never_scheduled', 'dataset_consumes_1_and_2', 'dataset_consumes_1_never_scheduled', 'dataset_consumes_1', 'dataset_produces_1']) retrieved from /home/airflow/.local/lib/python3.7/site-packages/airflow/example_dags/example_datasets.py
[2023-05-26T06:58:51.392+0000] {logging_mixin.py:149} INFO - [2023-05-26T06:58:51.392+0000] {dag.py:2726} INFO - Sync 6 DAGs
[2023-05-26T06:58:51.423+0000] {logging_mixin.py:149} INFO - [2023-05-26T06:58:51.423+0000] {dag.py:3490} INFO - Setting next_dagrun for dataset_consumes_1 to None, run_after=None
[2023-05-26T06:58:51.429+0000] {logging_mixin.py:149} INFO - [2023-05-26T06:58:51.429+0000] {dag.py:3490} INFO - Setting next_dagrun for dataset_consumes_1_and_2 to None, run_after=None
[2023-05-26T06:58:51.432+0000] {logging_mixin.py:149} INFO - [2023-05-26T06:58:51.432+0000] {dag.py:3490} INFO - Setting next_dagrun for dataset_consumes_1_never_scheduled to None, run_after=None
[2023-05-26T06:58:51.434+0000] {logging_mixin.py:149} INFO - [2023-05-26T06:58:51.434+0000] {dag.py:3490} INFO - Setting next_dagrun for dataset_consumes_unknown_never_scheduled to None, run_after=None
[2023-05-26T06:58:51.439+0000] {logging_mixin.py:149} INFO - [2023-05-26T06:58:51.438+0000] {dag.py:3490} INFO - Setting next_dagrun for dataset_produces_1 to 2023-05-25T00:00:00+00:00, run_after=2023-05-26T00:00:00+00:00
[2023-05-26T06:58:51.441+0000] {logging_mixin.py:149} INFO - [2023-05-26T06:58:51.441+0000] {dag.py:3490} INFO - Setting next_dagrun for dataset_produces_2 to None, run_after=None
[2023-05-26T06:58:51.489+0000] {processor.py:179} INFO - Processing /home/airflow/.local/lib/python3.7/site-packages/airflow/example_dags/example_datasets.py took 0.168 seconds
[2023-05-26T06:59:22.055+0000] {processor.py:157} INFO - Started process (PID=499) to work on /home/airflow/.local/lib/python3.7/site-packages/airflow/example_dags/example_datasets.py
[2023-05-26T06:59:22.057+0000] {processor.py:826} INFO - Processing file /home/airflow/.local/lib/python3.7/site-packages/airflow/example_dags/example_datasets.py for tasks to queue
[2023-05-26T06:59:22.061+0000] {logging_mixin.py:149} INFO - [2023-05-26T06:59:22.060+0000] {dagbag.py:541} INFO - Filling up the DagBag from /home/airflow/.local/lib/python3.7/site-packages/airflow/example_dags/example_datasets.py
[2023-05-26T06:59:22.076+0000] {processor.py:836} INFO - DAG(s) dict_keys(['dataset_consumes_1_never_scheduled', 'dataset_produces_1', 'dataset_consumes_1', 'dataset_consumes_1_and_2', 'dataset_consumes_unknown_never_scheduled', 'dataset_produces_2']) retrieved from /home/airflow/.local/lib/python3.7/site-packages/airflow/example_dags/example_datasets.py
[2023-05-26T06:59:22.125+0000] {logging_mixin.py:149} INFO - [2023-05-26T06:59:22.125+0000] {dag.py:2726} INFO - Sync 6 DAGs
[2023-05-26T06:59:22.156+0000] {logging_mixin.py:149} INFO - [2023-05-26T06:59:22.156+0000] {dag.py:3490} INFO - Setting next_dagrun for dataset_consumes_1 to None, run_after=None
[2023-05-26T06:59:22.161+0000] {logging_mixin.py:149} INFO - [2023-05-26T06:59:22.160+0000] {dag.py:3490} INFO - Setting next_dagrun for dataset_consumes_1_and_2 to None, run_after=None
[2023-05-26T06:59:22.163+0000] {logging_mixin.py:149} INFO - [2023-05-26T06:59:22.163+0000] {dag.py:3490} INFO - Setting next_dagrun for dataset_consumes_1_never_scheduled to None, run_after=None
[2023-05-26T06:59:22.165+0000] {logging_mixin.py:149} INFO - [2023-05-26T06:59:22.165+0000] {dag.py:3490} INFO - Setting next_dagrun for dataset_consumes_unknown_never_scheduled to None, run_after=None
[2023-05-26T06:59:22.169+0000] {logging_mixin.py:149} INFO - [2023-05-26T06:59:22.169+0000] {dag.py:3490} INFO - Setting next_dagrun for dataset_produces_1 to 2023-05-25T00:00:00+00:00, run_after=2023-05-26T00:00:00+00:00
[2023-05-26T06:59:22.173+0000] {logging_mixin.py:149} INFO - [2023-05-26T06:59:22.172+0000] {dag.py:3490} INFO - Setting next_dagrun for dataset_produces_2 to None, run_after=None
[2023-05-26T06:59:22.222+0000] {processor.py:179} INFO - Processing /home/airflow/.local/lib/python3.7/site-packages/airflow/example_dags/example_datasets.py took 0.171 seconds
[2023-05-26T06:59:53.167+0000] {processor.py:157} INFO - Started process (PID=555) to work on /home/airflow/.local/lib/python3.7/site-packages/airflow/example_dags/example_datasets.py
[2023-05-26T06:59:53.169+0000] {processor.py:826} INFO - Processing file /home/airflow/.local/lib/python3.7/site-packages/airflow/example_dags/example_datasets.py for tasks to queue
[2023-05-26T06:59:53.172+0000] {logging_mixin.py:149} INFO - [2023-05-26T06:59:53.171+0000] {dagbag.py:541} INFO - Filling up the DagBag from /home/airflow/.local/lib/python3.7/site-packages/airflow/example_dags/example_datasets.py
[2023-05-26T06:59:53.183+0000] {processor.py:836} INFO - DAG(s) dict_keys(['dataset_consumes_unknown_never_scheduled', 'dataset_consumes_1_and_2', 'dataset_produces_1', 'dataset_consumes_1', 'dataset_produces_2', 'dataset_consumes_1_never_scheduled']) retrieved from /home/airflow/.local/lib/python3.7/site-packages/airflow/example_dags/example_datasets.py
[2023-05-26T06:59:53.232+0000] {logging_mixin.py:149} INFO - [2023-05-26T06:59:53.231+0000] {dag.py:2726} INFO - Sync 6 DAGs
[2023-05-26T06:59:53.262+0000] {logging_mixin.py:149} INFO - [2023-05-26T06:59:53.262+0000] {dag.py:3490} INFO - Setting next_dagrun for dataset_consumes_1 to None, run_after=None
[2023-05-26T06:59:53.267+0000] {logging_mixin.py:149} INFO - [2023-05-26T06:59:53.267+0000] {dag.py:3490} INFO - Setting next_dagrun for dataset_consumes_1_and_2 to None, run_after=None
[2023-05-26T06:59:53.269+0000] {logging_mixin.py:149} INFO - [2023-05-26T06:59:53.269+0000] {dag.py:3490} INFO - Setting next_dagrun for dataset_consumes_1_never_scheduled to None, run_after=None
[2023-05-26T06:59:53.272+0000] {logging_mixin.py:149} INFO - [2023-05-26T06:59:53.272+0000] {dag.py:3490} INFO - Setting next_dagrun for dataset_consumes_unknown_never_scheduled to None, run_after=None
[2023-05-26T06:59:53.276+0000] {logging_mixin.py:149} INFO - [2023-05-26T06:59:53.276+0000] {dag.py:3490} INFO - Setting next_dagrun for dataset_produces_1 to 2023-05-25T00:00:00+00:00, run_after=2023-05-26T00:00:00+00:00
[2023-05-26T06:59:53.279+0000] {logging_mixin.py:149} INFO - [2023-05-26T06:59:53.279+0000] {dag.py:3490} INFO - Setting next_dagrun for dataset_produces_2 to None, run_after=None
[2023-05-26T06:59:53.324+0000] {processor.py:179} INFO - Processing /home/airflow/.local/lib/python3.7/site-packages/airflow/example_dags/example_datasets.py took 0.161 seconds
[2023-05-26T07:00:24.051+0000] {processor.py:157} INFO - Started process (PID=610) to work on /home/airflow/.local/lib/python3.7/site-packages/airflow/example_dags/example_datasets.py
[2023-05-26T07:00:24.053+0000] {processor.py:826} INFO - Processing file /home/airflow/.local/lib/python3.7/site-packages/airflow/example_dags/example_datasets.py for tasks to queue
[2023-05-26T07:00:24.056+0000] {logging_mixin.py:149} INFO - [2023-05-26T07:00:24.056+0000] {dagbag.py:541} INFO - Filling up the DagBag from /home/airflow/.local/lib/python3.7/site-packages/airflow/example_dags/example_datasets.py
[2023-05-26T07:00:24.070+0000] {processor.py:836} INFO - DAG(s) dict_keys(['dataset_consumes_1_and_2', 'dataset_produces_1', 'dataset_consumes_unknown_never_scheduled', 'dataset_consumes_1_never_scheduled', 'dataset_produces_2', 'dataset_consumes_1']) retrieved from /home/airflow/.local/lib/python3.7/site-packages/airflow/example_dags/example_datasets.py
[2023-05-26T07:00:24.120+0000] {logging_mixin.py:149} INFO - [2023-05-26T07:00:24.120+0000] {dag.py:2726} INFO - Sync 6 DAGs
[2023-05-26T07:00:24.152+0000] {logging_mixin.py:149} INFO - [2023-05-26T07:00:24.151+0000] {dag.py:3490} INFO - Setting next_dagrun for dataset_consumes_1 to None, run_after=None
[2023-05-26T07:00:24.157+0000] {logging_mixin.py:149} INFO - [2023-05-26T07:00:24.157+0000] {dag.py:3490} INFO - Setting next_dagrun for dataset_consumes_1_and_2 to None, run_after=None
[2023-05-26T07:00:24.160+0000] {logging_mixin.py:149} INFO - [2023-05-26T07:00:24.160+0000] {dag.py:3490} INFO - Setting next_dagrun for dataset_consumes_1_never_scheduled to None, run_after=None
[2023-05-26T07:00:24.162+0000] {logging_mixin.py:149} INFO - [2023-05-26T07:00:24.162+0000] {dag.py:3490} INFO - Setting next_dagrun for dataset_consumes_unknown_never_scheduled to None, run_after=None
[2023-05-26T07:00:24.166+0000] {logging_mixin.py:149} INFO - [2023-05-26T07:00:24.166+0000] {dag.py:3490} INFO - Setting next_dagrun for dataset_produces_1 to 2023-05-25T00:00:00+00:00, run_after=2023-05-26T00:00:00+00:00
[2023-05-26T07:00:24.168+0000] {logging_mixin.py:149} INFO - [2023-05-26T07:00:24.168+0000] {dag.py:3490} INFO - Setting next_dagrun for dataset_produces_2 to None, run_after=None
[2023-05-26T07:00:24.220+0000] {processor.py:179} INFO - Processing /home/airflow/.local/lib/python3.7/site-packages/airflow/example_dags/example_datasets.py took 0.173 seconds
[2023-05-26T07:00:54.748+0000] {processor.py:157} INFO - Started process (PID=666) to work on /home/airflow/.local/lib/python3.7/site-packages/airflow/example_dags/example_datasets.py
[2023-05-26T07:00:54.749+0000] {processor.py:826} INFO - Processing file /home/airflow/.local/lib/python3.7/site-packages/airflow/example_dags/example_datasets.py for tasks to queue
[2023-05-26T07:00:54.752+0000] {logging_mixin.py:149} INFO - [2023-05-26T07:00:54.752+0000] {dagbag.py:541} INFO - Filling up the DagBag from /home/airflow/.local/lib/python3.7/site-packages/airflow/example_dags/example_datasets.py
[2023-05-26T07:00:54.763+0000] {processor.py:836} INFO - DAG(s) dict_keys(['dataset_consumes_1', 'dataset_consumes_1_never_scheduled', 'dataset_produces_2', 'dataset_produces_1', 'dataset_consumes_unknown_never_scheduled', 'dataset_consumes_1_and_2']) retrieved from /home/airflow/.local/lib/python3.7/site-packages/airflow/example_dags/example_datasets.py
[2023-05-26T07:00:54.809+0000] {logging_mixin.py:149} INFO - [2023-05-26T07:00:54.809+0000] {dag.py:2726} INFO - Sync 6 DAGs
[2023-05-26T07:00:54.839+0000] {logging_mixin.py:149} INFO - [2023-05-26T07:00:54.839+0000] {dag.py:3490} INFO - Setting next_dagrun for dataset_consumes_1 to None, run_after=None
[2023-05-26T07:00:54.844+0000] {logging_mixin.py:149} INFO - [2023-05-26T07:00:54.844+0000] {dag.py:3490} INFO - Setting next_dagrun for dataset_consumes_1_and_2 to None, run_after=None
[2023-05-26T07:00:54.850+0000] {logging_mixin.py:149} INFO - [2023-05-26T07:00:54.850+0000] {dag.py:3490} INFO - Setting next_dagrun for dataset_consumes_1_never_scheduled to None, run_after=None
[2023-05-26T07:00:54.852+0000] {logging_mixin.py:149} INFO - [2023-05-26T07:00:54.852+0000] {dag.py:3490} INFO - Setting next_dagrun for dataset_consumes_unknown_never_scheduled to None, run_after=None
[2023-05-26T07:00:54.856+0000] {logging_mixin.py:149} INFO - [2023-05-26T07:00:54.856+0000] {dag.py:3490} INFO - Setting next_dagrun for dataset_produces_1 to 2023-05-25T00:00:00+00:00, run_after=2023-05-26T00:00:00+00:00
[2023-05-26T07:00:54.858+0000] {logging_mixin.py:149} INFO - [2023-05-26T07:00:54.858+0000] {dag.py:3490} INFO - Setting next_dagrun for dataset_produces_2 to None, run_after=None
[2023-05-26T07:00:54.904+0000] {processor.py:179} INFO - Processing /home/airflow/.local/lib/python3.7/site-packages/airflow/example_dags/example_datasets.py took 0.160 seconds
[2023-05-26T07:01:25.215+0000] {processor.py:157} INFO - Started process (PID=722) to work on /home/airflow/.local/lib/python3.7/site-packages/airflow/example_dags/example_datasets.py
[2023-05-26T07:01:25.217+0000] {processor.py:826} INFO - Processing file /home/airflow/.local/lib/python3.7/site-packages/airflow/example_dags/example_datasets.py for tasks to queue
[2023-05-26T07:01:25.221+0000] {logging_mixin.py:149} INFO - [2023-05-26T07:01:25.221+0000] {dagbag.py:541} INFO - Filling up the DagBag from /home/airflow/.local/lib/python3.7/site-packages/airflow/example_dags/example_datasets.py
[2023-05-26T07:01:25.243+0000] {processor.py:836} INFO - DAG(s) dict_keys(['dataset_produces_1', 'dataset_consumes_unknown_never_scheduled', 'dataset_consumes_1_never_scheduled', 'dataset_produces_2', 'dataset_consumes_1', 'dataset_consumes_1_and_2']) retrieved from /home/airflow/.local/lib/python3.7/site-packages/airflow/example_dags/example_datasets.py
[2023-05-26T07:01:25.314+0000] {logging_mixin.py:149} INFO - [2023-05-26T07:01:25.314+0000] {dag.py:2726} INFO - Sync 6 DAGs
[2023-05-26T07:01:25.368+0000] {logging_mixin.py:149} INFO - [2023-05-26T07:01:25.368+0000] {dag.py:3490} INFO - Setting next_dagrun for dataset_consumes_1 to None, run_after=None
[2023-05-26T07:01:25.373+0000] {logging_mixin.py:149} INFO - [2023-05-26T07:01:25.373+0000] {dag.py:3490} INFO - Setting next_dagrun for dataset_consumes_1_and_2 to None, run_after=None
[2023-05-26T07:01:25.376+0000] {logging_mixin.py:149} INFO - [2023-05-26T07:01:25.375+0000] {dag.py:3490} INFO - Setting next_dagrun for dataset_consumes_1_never_scheduled to None, run_after=None
[2023-05-26T07:01:25.378+0000] {logging_mixin.py:149} INFO - [2023-05-26T07:01:25.378+0000] {dag.py:3490} INFO - Setting next_dagrun for dataset_consumes_unknown_never_scheduled to None, run_after=None
[2023-05-26T07:01:25.384+0000] {logging_mixin.py:149} INFO - [2023-05-26T07:01:25.384+0000] {dag.py:3490} INFO - Setting next_dagrun for dataset_produces_1 to 2023-05-25T00:00:00+00:00, run_after=2023-05-26T00:00:00+00:00
[2023-05-26T07:01:25.388+0000] {logging_mixin.py:149} INFO - [2023-05-26T07:01:25.387+0000] {dag.py:3490} INFO - Setting next_dagrun for dataset_produces_2 to None, run_after=None
[2023-05-26T07:01:25.504+0000] {processor.py:179} INFO - Processing /home/airflow/.local/lib/python3.7/site-packages/airflow/example_dags/example_datasets.py took 0.295 seconds
[2023-05-26T07:01:56.069+0000] {processor.py:157} INFO - Started process (PID=777) to work on /home/airflow/.local/lib/python3.7/site-packages/airflow/example_dags/example_datasets.py
[2023-05-26T07:01:56.072+0000] {processor.py:826} INFO - Processing file /home/airflow/.local/lib/python3.7/site-packages/airflow/example_dags/example_datasets.py for tasks to queue
[2023-05-26T07:01:56.076+0000] {logging_mixin.py:149} INFO - [2023-05-26T07:01:56.076+0000] {dagbag.py:541} INFO - Filling up the DagBag from /home/airflow/.local/lib/python3.7/site-packages/airflow/example_dags/example_datasets.py
[2023-05-26T07:01:56.102+0000] {processor.py:836} INFO - DAG(s) dict_keys(['dataset_consumes_1', 'dataset_produces_2', 'dataset_produces_1', 'dataset_consumes_unknown_never_scheduled', 'dataset_consumes_1_never_scheduled', 'dataset_consumes_1_and_2']) retrieved from /home/airflow/.local/lib/python3.7/site-packages/airflow/example_dags/example_datasets.py
[2023-05-26T07:01:56.168+0000] {logging_mixin.py:149} INFO - [2023-05-26T07:01:56.168+0000] {dag.py:2726} INFO - Sync 6 DAGs
[2023-05-26T07:01:56.232+0000] {logging_mixin.py:149} INFO - [2023-05-26T07:01:56.231+0000] {dag.py:3490} INFO - Setting next_dagrun for dataset_consumes_1 to None, run_after=None
[2023-05-26T07:01:56.241+0000] {logging_mixin.py:149} INFO - [2023-05-26T07:01:56.241+0000] {dag.py:3490} INFO - Setting next_dagrun for dataset_consumes_1_and_2 to None, run_after=None
[2023-05-26T07:01:56.245+0000] {logging_mixin.py:149} INFO - [2023-05-26T07:01:56.245+0000] {dag.py:3490} INFO - Setting next_dagrun for dataset_consumes_1_never_scheduled to None, run_after=None
[2023-05-26T07:01:56.250+0000] {logging_mixin.py:149} INFO - [2023-05-26T07:01:56.250+0000] {dag.py:3490} INFO - Setting next_dagrun for dataset_consumes_unknown_never_scheduled to None, run_after=None
[2023-05-26T07:01:56.259+0000] {logging_mixin.py:149} INFO - [2023-05-26T07:01:56.259+0000] {dag.py:3490} INFO - Setting next_dagrun for dataset_produces_1 to 2023-05-25T00:00:00+00:00, run_after=2023-05-26T00:00:00+00:00
[2023-05-26T07:01:56.264+0000] {logging_mixin.py:149} INFO - [2023-05-26T07:01:56.264+0000] {dag.py:3490} INFO - Setting next_dagrun for dataset_produces_2 to None, run_after=None
[2023-05-26T07:01:56.342+0000] {processor.py:179} INFO - Processing /home/airflow/.local/lib/python3.7/site-packages/airflow/example_dags/example_datasets.py took 0.280 seconds
[2023-05-26T07:02:28.335+0000] {processor.py:157} INFO - Started process (PID=834) to work on /home/airflow/.local/lib/python3.7/site-packages/airflow/example_dags/example_datasets.py
[2023-05-26T07:02:28.339+0000] {processor.py:826} INFO - Processing file /home/airflow/.local/lib/python3.7/site-packages/airflow/example_dags/example_datasets.py for tasks to queue
[2023-05-26T07:02:28.347+0000] {logging_mixin.py:149} INFO - [2023-05-26T07:02:28.347+0000] {dagbag.py:541} INFO - Filling up the DagBag from /home/airflow/.local/lib/python3.7/site-packages/airflow/example_dags/example_datasets.py
[2023-05-26T07:02:28.380+0000] {processor.py:836} INFO - DAG(s) dict_keys(['dataset_produces_2', 'dataset_consumes_unknown_never_scheduled', 'dataset_consumes_1_never_scheduled', 'dataset_consumes_1', 'dataset_consumes_1_and_2', 'dataset_produces_1']) retrieved from /home/airflow/.local/lib/python3.7/site-packages/airflow/example_dags/example_datasets.py
[2023-05-26T07:02:28.521+0000] {logging_mixin.py:149} INFO - [2023-05-26T07:02:28.520+0000] {dag.py:2726} INFO - Sync 6 DAGs
[2023-05-26T07:02:28.610+0000] {logging_mixin.py:149} INFO - [2023-05-26T07:02:28.610+0000] {dag.py:3490} INFO - Setting next_dagrun for dataset_consumes_1 to None, run_after=None
[2023-05-26T07:02:28.623+0000] {logging_mixin.py:149} INFO - [2023-05-26T07:02:28.622+0000] {dag.py:3490} INFO - Setting next_dagrun for dataset_consumes_1_and_2 to None, run_after=None
[2023-05-26T07:02:28.628+0000] {logging_mixin.py:149} INFO - [2023-05-26T07:02:28.628+0000] {dag.py:3490} INFO - Setting next_dagrun for dataset_consumes_1_never_scheduled to None, run_after=None
[2023-05-26T07:02:28.633+0000] {logging_mixin.py:149} INFO - [2023-05-26T07:02:28.633+0000] {dag.py:3490} INFO - Setting next_dagrun for dataset_consumes_unknown_never_scheduled to None, run_after=None
[2023-05-26T07:02:28.645+0000] {logging_mixin.py:149} INFO - [2023-05-26T07:02:28.645+0000] {dag.py:3490} INFO - Setting next_dagrun for dataset_produces_1 to 2023-05-25T00:00:00+00:00, run_after=2023-05-26T00:00:00+00:00
[2023-05-26T07:02:28.650+0000] {logging_mixin.py:149} INFO - [2023-05-26T07:02:28.649+0000] {dag.py:3490} INFO - Setting next_dagrun for dataset_produces_2 to None, run_after=None
[2023-05-26T07:02:28.765+0000] {processor.py:179} INFO - Processing /home/airflow/.local/lib/python3.7/site-packages/airflow/example_dags/example_datasets.py took 0.440 seconds
[2023-05-26T07:02:59.586+0000] {processor.py:157} INFO - Started process (PID=892) to work on /home/airflow/.local/lib/python3.7/site-packages/airflow/example_dags/example_datasets.py
[2023-05-26T07:02:59.588+0000] {processor.py:826} INFO - Processing file /home/airflow/.local/lib/python3.7/site-packages/airflow/example_dags/example_datasets.py for tasks to queue
[2023-05-26T07:02:59.592+0000] {logging_mixin.py:149} INFO - [2023-05-26T07:02:59.592+0000] {dagbag.py:541} INFO - Filling up the DagBag from /home/airflow/.local/lib/python3.7/site-packages/airflow/example_dags/example_datasets.py
[2023-05-26T07:02:59.606+0000] {processor.py:836} INFO - DAG(s) dict_keys(['dataset_produces_2', 'dataset_consumes_1_and_2', 'dataset_produces_1', 'dataset_consumes_unknown_never_scheduled', 'dataset_consumes_1_never_scheduled', 'dataset_consumes_1']) retrieved from /home/airflow/.local/lib/python3.7/site-packages/airflow/example_dags/example_datasets.py
[2023-05-26T07:02:59.660+0000] {logging_mixin.py:149} INFO - [2023-05-26T07:02:59.660+0000] {dag.py:2726} INFO - Sync 6 DAGs
[2023-05-26T07:02:59.701+0000] {logging_mixin.py:149} INFO - [2023-05-26T07:02:59.701+0000] {dag.py:3490} INFO - Setting next_dagrun for dataset_consumes_1 to None, run_after=None
[2023-05-26T07:02:59.706+0000] {logging_mixin.py:149} INFO - [2023-05-26T07:02:59.706+0000] {dag.py:3490} INFO - Setting next_dagrun for dataset_consumes_1_and_2 to None, run_after=None
[2023-05-26T07:02:59.708+0000] {logging_mixin.py:149} INFO - [2023-05-26T07:02:59.708+0000] {dag.py:3490} INFO - Setting next_dagrun for dataset_consumes_1_never_scheduled to None, run_after=None
[2023-05-26T07:02:59.711+0000] {logging_mixin.py:149} INFO - [2023-05-26T07:02:59.711+0000] {dag.py:3490} INFO - Setting next_dagrun for dataset_consumes_unknown_never_scheduled to None, run_after=None
[2023-05-26T07:02:59.715+0000] {logging_mixin.py:149} INFO - [2023-05-26T07:02:59.715+0000] {dag.py:3490} INFO - Setting next_dagrun for dataset_produces_1 to 2023-05-25T00:00:00+00:00, run_after=2023-05-26T00:00:00+00:00
[2023-05-26T07:02:59.718+0000] {logging_mixin.py:149} INFO - [2023-05-26T07:02:59.718+0000] {dag.py:3490} INFO - Setting next_dagrun for dataset_produces_2 to None, run_after=None
[2023-05-26T07:02:59.768+0000] {processor.py:179} INFO - Processing /home/airflow/.local/lib/python3.7/site-packages/airflow/example_dags/example_datasets.py took 0.186 seconds
[2023-05-26T07:03:30.102+0000] {processor.py:157} INFO - Started process (PID=951) to work on /home/airflow/.local/lib/python3.7/site-packages/airflow/example_dags/example_datasets.py
[2023-05-26T07:03:30.104+0000] {processor.py:826} INFO - Processing file /home/airflow/.local/lib/python3.7/site-packages/airflow/example_dags/example_datasets.py for tasks to queue
[2023-05-26T07:03:30.107+0000] {logging_mixin.py:149} INFO - [2023-05-26T07:03:30.106+0000] {dagbag.py:541} INFO - Filling up the DagBag from /home/airflow/.local/lib/python3.7/site-packages/airflow/example_dags/example_datasets.py
[2023-05-26T07:03:30.118+0000] {processor.py:836} INFO - DAG(s) dict_keys(['dataset_consumes_1_never_scheduled', 'dataset_produces_2', 'dataset_produces_1', 'dataset_consumes_1', 'dataset_consumes_unknown_never_scheduled', 'dataset_consumes_1_and_2']) retrieved from /home/airflow/.local/lib/python3.7/site-packages/airflow/example_dags/example_datasets.py
[2023-05-26T07:03:30.169+0000] {logging_mixin.py:149} INFO - [2023-05-26T07:03:30.169+0000] {dag.py:2726} INFO - Sync 6 DAGs
[2023-05-26T07:03:30.200+0000] {logging_mixin.py:149} INFO - [2023-05-26T07:03:30.199+0000] {dag.py:3490} INFO - Setting next_dagrun for dataset_consumes_1 to None, run_after=None
[2023-05-26T07:03:30.205+0000] {logging_mixin.py:149} INFO - [2023-05-26T07:03:30.205+0000] {dag.py:3490} INFO - Setting next_dagrun for dataset_consumes_1_and_2 to None, run_after=None
[2023-05-26T07:03:30.208+0000] {logging_mixin.py:149} INFO - [2023-05-26T07:03:30.208+0000] {dag.py:3490} INFO - Setting next_dagrun for dataset_consumes_1_never_scheduled to None, run_after=None
[2023-05-26T07:03:30.211+0000] {logging_mixin.py:149} INFO - [2023-05-26T07:03:30.210+0000] {dag.py:3490} INFO - Setting next_dagrun for dataset_consumes_unknown_never_scheduled to None, run_after=None
[2023-05-26T07:03:30.214+0000] {logging_mixin.py:149} INFO - [2023-05-26T07:03:30.214+0000] {dag.py:3490} INFO - Setting next_dagrun for dataset_produces_1 to 2023-05-25T00:00:00+00:00, run_after=2023-05-26T00:00:00+00:00
[2023-05-26T07:03:30.217+0000] {logging_mixin.py:149} INFO - [2023-05-26T07:03:30.217+0000] {dag.py:3490} INFO - Setting next_dagrun for dataset_produces_2 to None, run_after=None
[2023-05-26T07:03:30.265+0000] {processor.py:179} INFO - Processing /home/airflow/.local/lib/python3.7/site-packages/airflow/example_dags/example_datasets.py took 0.167 seconds
[2023-05-26T07:04:00.964+0000] {processor.py:157} INFO - Started process (PID=1007) to work on /home/airflow/.local/lib/python3.7/site-packages/airflow/example_dags/example_datasets.py
[2023-05-26T07:04:00.966+0000] {processor.py:826} INFO - Processing file /home/airflow/.local/lib/python3.7/site-packages/airflow/example_dags/example_datasets.py for tasks to queue
[2023-05-26T07:04:00.969+0000] {logging_mixin.py:149} INFO - [2023-05-26T07:04:00.969+0000] {dagbag.py:541} INFO - Filling up the DagBag from /home/airflow/.local/lib/python3.7/site-packages/airflow/example_dags/example_datasets.py
[2023-05-26T07:04:00.985+0000] {processor.py:836} INFO - DAG(s) dict_keys(['dataset_consumes_1_and_2', 'dataset_consumes_1_never_scheduled', 'dataset_consumes_1', 'dataset_produces_1', 'dataset_consumes_unknown_never_scheduled', 'dataset_produces_2']) retrieved from /home/airflow/.local/lib/python3.7/site-packages/airflow/example_dags/example_datasets.py
[2023-05-26T07:04:01.040+0000] {logging_mixin.py:149} INFO - [2023-05-26T07:04:01.040+0000] {dag.py:2726} INFO - Sync 6 DAGs
[2023-05-26T07:04:01.078+0000] {logging_mixin.py:149} INFO - [2023-05-26T07:04:01.078+0000] {dag.py:3490} INFO - Setting next_dagrun for dataset_consumes_1 to None, run_after=None
[2023-05-26T07:04:01.083+0000] {logging_mixin.py:149} INFO - [2023-05-26T07:04:01.083+0000] {dag.py:3490} INFO - Setting next_dagrun for dataset_consumes_1_and_2 to None, run_after=None
[2023-05-26T07:04:01.086+0000] {logging_mixin.py:149} INFO - [2023-05-26T07:04:01.085+0000] {dag.py:3490} INFO - Setting next_dagrun for dataset_consumes_1_never_scheduled to None, run_after=None
[2023-05-26T07:04:01.088+0000] {logging_mixin.py:149} INFO - [2023-05-26T07:04:01.088+0000] {dag.py:3490} INFO - Setting next_dagrun for dataset_consumes_unknown_never_scheduled to None, run_after=None
[2023-05-26T07:04:01.092+0000] {logging_mixin.py:149} INFO - [2023-05-26T07:04:01.092+0000] {dag.py:3490} INFO - Setting next_dagrun for dataset_produces_1 to 2023-05-25T00:00:00+00:00, run_after=2023-05-26T00:00:00+00:00
[2023-05-26T07:04:01.094+0000] {logging_mixin.py:149} INFO - [2023-05-26T07:04:01.094+0000] {dag.py:3490} INFO - Setting next_dagrun for dataset_produces_2 to None, run_after=None
[2023-05-26T07:04:01.144+0000] {processor.py:179} INFO - Processing /home/airflow/.local/lib/python3.7/site-packages/airflow/example_dags/example_datasets.py took 0.183 seconds
[2023-05-26T07:04:32.046+0000] {processor.py:157} INFO - Started process (PID=1064) to work on /home/airflow/.local/lib/python3.7/site-packages/airflow/example_dags/example_datasets.py
[2023-05-26T07:04:32.047+0000] {processor.py:826} INFO - Processing file /home/airflow/.local/lib/python3.7/site-packages/airflow/example_dags/example_datasets.py for tasks to queue
[2023-05-26T07:04:32.050+0000] {logging_mixin.py:149} INFO - [2023-05-26T07:04:32.050+0000] {dagbag.py:541} INFO - Filling up the DagBag from /home/airflow/.local/lib/python3.7/site-packages/airflow/example_dags/example_datasets.py
[2023-05-26T07:04:32.062+0000] {processor.py:836} INFO - DAG(s) dict_keys(['dataset_consumes_1', 'dataset_consumes_unknown_never_scheduled', 'dataset_produces_1', 'dataset_consumes_1_and_2', 'dataset_consumes_1_never_scheduled', 'dataset_produces_2']) retrieved from /home/airflow/.local/lib/python3.7/site-packages/airflow/example_dags/example_datasets.py
[2023-05-26T07:04:32.110+0000] {logging_mixin.py:149} INFO - [2023-05-26T07:04:32.110+0000] {dag.py:2726} INFO - Sync 6 DAGs
[2023-05-26T07:04:32.142+0000] {logging_mixin.py:149} INFO - [2023-05-26T07:04:32.142+0000] {dag.py:3490} INFO - Setting next_dagrun for dataset_consumes_1 to None, run_after=None
[2023-05-26T07:04:32.149+0000] {logging_mixin.py:149} INFO - [2023-05-26T07:04:32.149+0000] {dag.py:3490} INFO - Setting next_dagrun for dataset_consumes_1_and_2 to None, run_after=None
[2023-05-26T07:04:32.151+0000] {logging_mixin.py:149} INFO - [2023-05-26T07:04:32.151+0000] {dag.py:3490} INFO - Setting next_dagrun for dataset_consumes_1_never_scheduled to None, run_after=None
[2023-05-26T07:04:32.154+0000] {logging_mixin.py:149} INFO - [2023-05-26T07:04:32.154+0000] {dag.py:3490} INFO - Setting next_dagrun for dataset_consumes_unknown_never_scheduled to None, run_after=None
[2023-05-26T07:04:32.158+0000] {logging_mixin.py:149} INFO - [2023-05-26T07:04:32.158+0000] {dag.py:3490} INFO - Setting next_dagrun for dataset_produces_1 to 2023-05-25T00:00:00+00:00, run_after=2023-05-26T00:00:00+00:00
[2023-05-26T07:04:32.160+0000] {logging_mixin.py:149} INFO - [2023-05-26T07:04:32.160+0000] {dag.py:3490} INFO - Setting next_dagrun for dataset_produces_2 to None, run_after=None
[2023-05-26T07:04:32.208+0000] {processor.py:179} INFO - Processing /home/airflow/.local/lib/python3.7/site-packages/airflow/example_dags/example_datasets.py took 0.166 seconds
