[2023-05-26T06:51:29.398+0000] {processor.py:157} INFO - Started process (PID=72) to work on /home/airflow/.local/lib/python3.7/site-packages/airflow/example_dags/example_external_task_marker_dag.py
[2023-05-26T06:51:29.400+0000] {processor.py:826} INFO - Processing file /home/airflow/.local/lib/python3.7/site-packages/airflow/example_dags/example_external_task_marker_dag.py for tasks to queue
[2023-05-26T06:51:29.404+0000] {logging_mixin.py:149} INFO - [2023-05-26T06:51:29.404+0000] {dagbag.py:541} INFO - Filling up the DagBag from /home/airflow/.local/lib/python3.7/site-packages/airflow/example_dags/example_external_task_marker_dag.py
[2023-05-26T06:51:29.416+0000] {processor.py:836} INFO - DAG(s) dict_keys(['example_external_task_marker_parent', 'example_external_task_marker_child']) retrieved from /home/airflow/.local/lib/python3.7/site-packages/airflow/example_dags/example_external_task_marker_dag.py
[2023-05-26T06:51:29.444+0000] {logging_mixin.py:149} INFO - [2023-05-26T06:51:29.444+0000] {dag.py:2726} INFO - Sync 2 DAGs
[2023-05-26T06:51:29.490+0000] {logging_mixin.py:149} INFO - [2023-05-26T06:51:29.490+0000] {dag.py:3490} INFO - Setting next_dagrun for example_external_task_marker_child to None, run_after=None
[2023-05-26T06:51:29.497+0000] {logging_mixin.py:149} INFO - [2023-05-26T06:51:29.497+0000] {dag.py:3490} INFO - Setting next_dagrun for example_external_task_marker_parent to None, run_after=None
[2023-05-26T06:51:29.530+0000] {processor.py:179} INFO - Processing /home/airflow/.local/lib/python3.7/site-packages/airflow/example_dags/example_external_task_marker_dag.py took 0.136 seconds
[2023-05-26T06:52:00.431+0000] {processor.py:157} INFO - Started process (PID=127) to work on /home/airflow/.local/lib/python3.7/site-packages/airflow/example_dags/example_external_task_marker_dag.py
[2023-05-26T06:52:00.432+0000] {processor.py:826} INFO - Processing file /home/airflow/.local/lib/python3.7/site-packages/airflow/example_dags/example_external_task_marker_dag.py for tasks to queue
[2023-05-26T06:52:00.436+0000] {logging_mixin.py:149} INFO - [2023-05-26T06:52:00.436+0000] {dagbag.py:541} INFO - Filling up the DagBag from /home/airflow/.local/lib/python3.7/site-packages/airflow/example_dags/example_external_task_marker_dag.py
[2023-05-26T06:52:00.443+0000] {processor.py:836} INFO - DAG(s) dict_keys(['example_external_task_marker_child', 'example_external_task_marker_parent']) retrieved from /home/airflow/.local/lib/python3.7/site-packages/airflow/example_dags/example_external_task_marker_dag.py
[2023-05-26T06:52:00.480+0000] {logging_mixin.py:149} INFO - [2023-05-26T06:52:00.480+0000] {dag.py:2726} INFO - Sync 2 DAGs
[2023-05-26T06:52:00.515+0000] {logging_mixin.py:149} INFO - [2023-05-26T06:52:00.515+0000] {dag.py:3490} INFO - Setting next_dagrun for example_external_task_marker_child to None, run_after=None
[2023-05-26T06:52:00.520+0000] {logging_mixin.py:149} INFO - [2023-05-26T06:52:00.520+0000] {dag.py:3490} INFO - Setting next_dagrun for example_external_task_marker_parent to None, run_after=None
[2023-05-26T06:52:00.546+0000] {processor.py:179} INFO - Processing /home/airflow/.local/lib/python3.7/site-packages/airflow/example_dags/example_external_task_marker_dag.py took 0.119 seconds
[2023-05-26T06:55:18.545+0000] {processor.py:157} INFO - Started process (PID=71) to work on /home/airflow/.local/lib/python3.7/site-packages/airflow/example_dags/example_external_task_marker_dag.py
[2023-05-26T06:55:18.547+0000] {processor.py:826} INFO - Processing file /home/airflow/.local/lib/python3.7/site-packages/airflow/example_dags/example_external_task_marker_dag.py for tasks to queue
[2023-05-26T06:55:18.551+0000] {logging_mixin.py:149} INFO - [2023-05-26T06:55:18.551+0000] {dagbag.py:541} INFO - Filling up the DagBag from /home/airflow/.local/lib/python3.7/site-packages/airflow/example_dags/example_external_task_marker_dag.py
[2023-05-26T06:55:18.560+0000] {processor.py:836} INFO - DAG(s) dict_keys(['example_external_task_marker_parent', 'example_external_task_marker_child']) retrieved from /home/airflow/.local/lib/python3.7/site-packages/airflow/example_dags/example_external_task_marker_dag.py
[2023-05-26T06:55:18.583+0000] {logging_mixin.py:149} INFO - [2023-05-26T06:55:18.581+0000] {dag.py:2726} INFO - Sync 2 DAGs
[2023-05-26T06:55:18.616+0000] {logging_mixin.py:149} INFO - [2023-05-26T06:55:18.616+0000] {dag.py:3490} INFO - Setting next_dagrun for example_external_task_marker_child to None, run_after=None
[2023-05-26T06:55:18.622+0000] {logging_mixin.py:149} INFO - [2023-05-26T06:55:18.622+0000] {dag.py:3490} INFO - Setting next_dagrun for example_external_task_marker_parent to None, run_after=None
[2023-05-26T06:55:18.649+0000] {processor.py:179} INFO - Processing /home/airflow/.local/lib/python3.7/site-packages/airflow/example_dags/example_external_task_marker_dag.py took 0.111 seconds
[2023-05-26T06:55:48.855+0000] {processor.py:157} INFO - Started process (PID=127) to work on /home/airflow/.local/lib/python3.7/site-packages/airflow/example_dags/example_external_task_marker_dag.py
[2023-05-26T06:55:48.856+0000] {processor.py:826} INFO - Processing file /home/airflow/.local/lib/python3.7/site-packages/airflow/example_dags/example_external_task_marker_dag.py for tasks to queue
[2023-05-26T06:55:48.861+0000] {logging_mixin.py:149} INFO - [2023-05-26T06:55:48.861+0000] {dagbag.py:541} INFO - Filling up the DagBag from /home/airflow/.local/lib/python3.7/site-packages/airflow/example_dags/example_external_task_marker_dag.py
[2023-05-26T06:55:48.869+0000] {processor.py:836} INFO - DAG(s) dict_keys(['example_external_task_marker_parent', 'example_external_task_marker_child']) retrieved from /home/airflow/.local/lib/python3.7/site-packages/airflow/example_dags/example_external_task_marker_dag.py
[2023-05-26T06:55:48.904+0000] {logging_mixin.py:149} INFO - [2023-05-26T06:55:48.903+0000] {dag.py:2726} INFO - Sync 2 DAGs
[2023-05-26T06:55:48.934+0000] {logging_mixin.py:149} INFO - [2023-05-26T06:55:48.934+0000] {dag.py:3490} INFO - Setting next_dagrun for example_external_task_marker_child to None, run_after=None
[2023-05-26T06:55:48.939+0000] {logging_mixin.py:149} INFO - [2023-05-26T06:55:48.939+0000] {dag.py:3490} INFO - Setting next_dagrun for example_external_task_marker_parent to None, run_after=None
[2023-05-26T06:55:48.959+0000] {processor.py:179} INFO - Processing /home/airflow/.local/lib/python3.7/site-packages/airflow/example_dags/example_external_task_marker_dag.py took 0.109 seconds
[2023-05-26T06:56:19.559+0000] {processor.py:157} INFO - Started process (PID=183) to work on /home/airflow/.local/lib/python3.7/site-packages/airflow/example_dags/example_external_task_marker_dag.py
[2023-05-26T06:56:19.560+0000] {processor.py:826} INFO - Processing file /home/airflow/.local/lib/python3.7/site-packages/airflow/example_dags/example_external_task_marker_dag.py for tasks to queue
[2023-05-26T06:56:19.564+0000] {logging_mixin.py:149} INFO - [2023-05-26T06:56:19.564+0000] {dagbag.py:541} INFO - Filling up the DagBag from /home/airflow/.local/lib/python3.7/site-packages/airflow/example_dags/example_external_task_marker_dag.py
[2023-05-26T06:56:19.572+0000] {processor.py:836} INFO - DAG(s) dict_keys(['example_external_task_marker_parent', 'example_external_task_marker_child']) retrieved from /home/airflow/.local/lib/python3.7/site-packages/airflow/example_dags/example_external_task_marker_dag.py
[2023-05-26T06:56:19.604+0000] {logging_mixin.py:149} INFO - [2023-05-26T06:56:19.604+0000] {dag.py:2726} INFO - Sync 2 DAGs
[2023-05-26T06:56:19.635+0000] {logging_mixin.py:149} INFO - [2023-05-26T06:56:19.634+0000] {dag.py:3490} INFO - Setting next_dagrun for example_external_task_marker_child to None, run_after=None
[2023-05-26T06:56:19.640+0000] {logging_mixin.py:149} INFO - [2023-05-26T06:56:19.639+0000] {dag.py:3490} INFO - Setting next_dagrun for example_external_task_marker_parent to None, run_after=None
[2023-05-26T06:56:19.663+0000] {processor.py:179} INFO - Processing /home/airflow/.local/lib/python3.7/site-packages/airflow/example_dags/example_external_task_marker_dag.py took 0.110 seconds
[2023-05-26T06:56:50.036+0000] {processor.py:157} INFO - Started process (PID=239) to work on /home/airflow/.local/lib/python3.7/site-packages/airflow/example_dags/example_external_task_marker_dag.py
[2023-05-26T06:56:50.038+0000] {processor.py:826} INFO - Processing file /home/airflow/.local/lib/python3.7/site-packages/airflow/example_dags/example_external_task_marker_dag.py for tasks to queue
[2023-05-26T06:56:50.042+0000] {logging_mixin.py:149} INFO - [2023-05-26T06:56:50.042+0000] {dagbag.py:541} INFO - Filling up the DagBag from /home/airflow/.local/lib/python3.7/site-packages/airflow/example_dags/example_external_task_marker_dag.py
[2023-05-26T06:56:50.049+0000] {processor.py:836} INFO - DAG(s) dict_keys(['example_external_task_marker_parent', 'example_external_task_marker_child']) retrieved from /home/airflow/.local/lib/python3.7/site-packages/airflow/example_dags/example_external_task_marker_dag.py
[2023-05-26T06:56:50.081+0000] {logging_mixin.py:149} INFO - [2023-05-26T06:56:50.081+0000] {dag.py:2726} INFO - Sync 2 DAGs
[2023-05-26T06:56:50.113+0000] {logging_mixin.py:149} INFO - [2023-05-26T06:56:50.113+0000] {dag.py:3490} INFO - Setting next_dagrun for example_external_task_marker_child to None, run_after=None
[2023-05-26T06:56:50.118+0000] {logging_mixin.py:149} INFO - [2023-05-26T06:56:50.118+0000] {dag.py:3490} INFO - Setting next_dagrun for example_external_task_marker_parent to None, run_after=None
[2023-05-26T06:56:50.139+0000] {processor.py:179} INFO - Processing /home/airflow/.local/lib/python3.7/site-packages/airflow/example_dags/example_external_task_marker_dag.py took 0.107 seconds
[2023-05-26T06:57:20.472+0000] {processor.py:157} INFO - Started process (PID=294) to work on /home/airflow/.local/lib/python3.7/site-packages/airflow/example_dags/example_external_task_marker_dag.py
[2023-05-26T06:57:20.474+0000] {processor.py:826} INFO - Processing file /home/airflow/.local/lib/python3.7/site-packages/airflow/example_dags/example_external_task_marker_dag.py for tasks to queue
[2023-05-26T06:57:20.478+0000] {logging_mixin.py:149} INFO - [2023-05-26T06:57:20.477+0000] {dagbag.py:541} INFO - Filling up the DagBag from /home/airflow/.local/lib/python3.7/site-packages/airflow/example_dags/example_external_task_marker_dag.py
[2023-05-26T06:57:20.484+0000] {processor.py:836} INFO - DAG(s) dict_keys(['example_external_task_marker_child', 'example_external_task_marker_parent']) retrieved from /home/airflow/.local/lib/python3.7/site-packages/airflow/example_dags/example_external_task_marker_dag.py
[2023-05-26T06:57:20.518+0000] {logging_mixin.py:149} INFO - [2023-05-26T06:57:20.517+0000] {dag.py:2726} INFO - Sync 2 DAGs
[2023-05-26T06:57:20.548+0000] {logging_mixin.py:149} INFO - [2023-05-26T06:57:20.548+0000] {dag.py:3490} INFO - Setting next_dagrun for example_external_task_marker_child to None, run_after=None
[2023-05-26T06:57:20.553+0000] {logging_mixin.py:149} INFO - [2023-05-26T06:57:20.552+0000] {dag.py:3490} INFO - Setting next_dagrun for example_external_task_marker_parent to None, run_after=None
[2023-05-26T06:57:20.578+0000] {processor.py:179} INFO - Processing /home/airflow/.local/lib/python3.7/site-packages/airflow/example_dags/example_external_task_marker_dag.py took 0.111 seconds
[2023-05-26T06:57:51.261+0000] {processor.py:157} INFO - Started process (PID=350) to work on /home/airflow/.local/lib/python3.7/site-packages/airflow/example_dags/example_external_task_marker_dag.py
[2023-05-26T06:57:51.263+0000] {processor.py:826} INFO - Processing file /home/airflow/.local/lib/python3.7/site-packages/airflow/example_dags/example_external_task_marker_dag.py for tasks to queue
[2023-05-26T06:57:51.266+0000] {logging_mixin.py:149} INFO - [2023-05-26T06:57:51.266+0000] {dagbag.py:541} INFO - Filling up the DagBag from /home/airflow/.local/lib/python3.7/site-packages/airflow/example_dags/example_external_task_marker_dag.py
[2023-05-26T06:57:51.274+0000] {processor.py:836} INFO - DAG(s) dict_keys(['example_external_task_marker_parent', 'example_external_task_marker_child']) retrieved from /home/airflow/.local/lib/python3.7/site-packages/airflow/example_dags/example_external_task_marker_dag.py
[2023-05-26T06:57:51.308+0000] {logging_mixin.py:149} INFO - [2023-05-26T06:57:51.307+0000] {dag.py:2726} INFO - Sync 2 DAGs
[2023-05-26T06:57:51.339+0000] {logging_mixin.py:149} INFO - [2023-05-26T06:57:51.338+0000] {dag.py:3490} INFO - Setting next_dagrun for example_external_task_marker_child to None, run_after=None
[2023-05-26T06:57:51.343+0000] {logging_mixin.py:149} INFO - [2023-05-26T06:57:51.343+0000] {dag.py:3490} INFO - Setting next_dagrun for example_external_task_marker_parent to None, run_after=None
[2023-05-26T06:57:51.366+0000] {processor.py:179} INFO - Processing /home/airflow/.local/lib/python3.7/site-packages/airflow/example_dags/example_external_task_marker_dag.py took 0.109 seconds
[2023-05-26T06:58:21.908+0000] {processor.py:157} INFO - Started process (PID=406) to work on /home/airflow/.local/lib/python3.7/site-packages/airflow/example_dags/example_external_task_marker_dag.py
[2023-05-26T06:58:21.910+0000] {processor.py:826} INFO - Processing file /home/airflow/.local/lib/python3.7/site-packages/airflow/example_dags/example_external_task_marker_dag.py for tasks to queue
[2023-05-26T06:58:21.915+0000] {logging_mixin.py:149} INFO - [2023-05-26T06:58:21.914+0000] {dagbag.py:541} INFO - Filling up the DagBag from /home/airflow/.local/lib/python3.7/site-packages/airflow/example_dags/example_external_task_marker_dag.py
[2023-05-26T06:58:21.921+0000] {processor.py:836} INFO - DAG(s) dict_keys(['example_external_task_marker_parent', 'example_external_task_marker_child']) retrieved from /home/airflow/.local/lib/python3.7/site-packages/airflow/example_dags/example_external_task_marker_dag.py
[2023-05-26T06:58:21.954+0000] {logging_mixin.py:149} INFO - [2023-05-26T06:58:21.954+0000] {dag.py:2726} INFO - Sync 2 DAGs
[2023-05-26T06:58:21.986+0000] {logging_mixin.py:149} INFO - [2023-05-26T06:58:21.986+0000] {dag.py:3490} INFO - Setting next_dagrun for example_external_task_marker_child to None, run_after=None
[2023-05-26T06:58:21.991+0000] {logging_mixin.py:149} INFO - [2023-05-26T06:58:21.991+0000] {dag.py:3490} INFO - Setting next_dagrun for example_external_task_marker_parent to None, run_after=None
[2023-05-26T06:58:22.012+0000] {processor.py:179} INFO - Processing /home/airflow/.local/lib/python3.7/site-packages/airflow/example_dags/example_external_task_marker_dag.py took 0.108 seconds
[2023-05-26T06:58:52.841+0000] {processor.py:157} INFO - Started process (PID=461) to work on /home/airflow/.local/lib/python3.7/site-packages/airflow/example_dags/example_external_task_marker_dag.py
[2023-05-26T06:58:52.843+0000] {processor.py:826} INFO - Processing file /home/airflow/.local/lib/python3.7/site-packages/airflow/example_dags/example_external_task_marker_dag.py for tasks to queue
[2023-05-26T06:58:52.846+0000] {logging_mixin.py:149} INFO - [2023-05-26T06:58:52.846+0000] {dagbag.py:541} INFO - Filling up the DagBag from /home/airflow/.local/lib/python3.7/site-packages/airflow/example_dags/example_external_task_marker_dag.py
[2023-05-26T06:58:52.855+0000] {processor.py:836} INFO - DAG(s) dict_keys(['example_external_task_marker_parent', 'example_external_task_marker_child']) retrieved from /home/airflow/.local/lib/python3.7/site-packages/airflow/example_dags/example_external_task_marker_dag.py
[2023-05-26T06:58:52.888+0000] {logging_mixin.py:149} INFO - [2023-05-26T06:58:52.888+0000] {dag.py:2726} INFO - Sync 2 DAGs
[2023-05-26T06:58:52.920+0000] {logging_mixin.py:149} INFO - [2023-05-26T06:58:52.919+0000] {dag.py:3490} INFO - Setting next_dagrun for example_external_task_marker_child to None, run_after=None
[2023-05-26T06:58:52.926+0000] {logging_mixin.py:149} INFO - [2023-05-26T06:58:52.926+0000] {dag.py:3490} INFO - Setting next_dagrun for example_external_task_marker_parent to None, run_after=None
[2023-05-26T06:58:52.948+0000] {processor.py:179} INFO - Processing /home/airflow/.local/lib/python3.7/site-packages/airflow/example_dags/example_external_task_marker_dag.py took 0.111 seconds
[2023-05-26T06:59:23.811+0000] {processor.py:157} INFO - Started process (PID=517) to work on /home/airflow/.local/lib/python3.7/site-packages/airflow/example_dags/example_external_task_marker_dag.py
[2023-05-26T06:59:23.814+0000] {processor.py:826} INFO - Processing file /home/airflow/.local/lib/python3.7/site-packages/airflow/example_dags/example_external_task_marker_dag.py for tasks to queue
[2023-05-26T06:59:23.817+0000] {logging_mixin.py:149} INFO - [2023-05-26T06:59:23.817+0000] {dagbag.py:541} INFO - Filling up the DagBag from /home/airflow/.local/lib/python3.7/site-packages/airflow/example_dags/example_external_task_marker_dag.py
[2023-05-26T06:59:23.826+0000] {processor.py:836} INFO - DAG(s) dict_keys(['example_external_task_marker_child', 'example_external_task_marker_parent']) retrieved from /home/airflow/.local/lib/python3.7/site-packages/airflow/example_dags/example_external_task_marker_dag.py
[2023-05-26T06:59:23.872+0000] {logging_mixin.py:149} INFO - [2023-05-26T06:59:23.871+0000] {dag.py:2726} INFO - Sync 2 DAGs
[2023-05-26T06:59:23.904+0000] {logging_mixin.py:149} INFO - [2023-05-26T06:59:23.904+0000] {dag.py:3490} INFO - Setting next_dagrun for example_external_task_marker_child to None, run_after=None
[2023-05-26T06:59:23.910+0000] {logging_mixin.py:149} INFO - [2023-05-26T06:59:23.909+0000] {dag.py:3490} INFO - Setting next_dagrun for example_external_task_marker_parent to None, run_after=None
[2023-05-26T06:59:23.941+0000] {processor.py:179} INFO - Processing /home/airflow/.local/lib/python3.7/site-packages/airflow/example_dags/example_external_task_marker_dag.py took 0.135 seconds
[2023-05-26T06:59:54.710+0000] {processor.py:157} INFO - Started process (PID=573) to work on /home/airflow/.local/lib/python3.7/site-packages/airflow/example_dags/example_external_task_marker_dag.py
[2023-05-26T06:59:54.712+0000] {processor.py:826} INFO - Processing file /home/airflow/.local/lib/python3.7/site-packages/airflow/example_dags/example_external_task_marker_dag.py for tasks to queue
[2023-05-26T06:59:54.716+0000] {logging_mixin.py:149} INFO - [2023-05-26T06:59:54.716+0000] {dagbag.py:541} INFO - Filling up the DagBag from /home/airflow/.local/lib/python3.7/site-packages/airflow/example_dags/example_external_task_marker_dag.py
[2023-05-26T06:59:54.723+0000] {processor.py:836} INFO - DAG(s) dict_keys(['example_external_task_marker_parent', 'example_external_task_marker_child']) retrieved from /home/airflow/.local/lib/python3.7/site-packages/airflow/example_dags/example_external_task_marker_dag.py
[2023-05-26T06:59:54.761+0000] {logging_mixin.py:149} INFO - [2023-05-26T06:59:54.760+0000] {dag.py:2726} INFO - Sync 2 DAGs
[2023-05-26T06:59:54.793+0000] {logging_mixin.py:149} INFO - [2023-05-26T06:59:54.793+0000] {dag.py:3490} INFO - Setting next_dagrun for example_external_task_marker_child to None, run_after=None
[2023-05-26T06:59:54.798+0000] {logging_mixin.py:149} INFO - [2023-05-26T06:59:54.798+0000] {dag.py:3490} INFO - Setting next_dagrun for example_external_task_marker_parent to None, run_after=None
[2023-05-26T06:59:54.824+0000] {processor.py:179} INFO - Processing /home/airflow/.local/lib/python3.7/site-packages/airflow/example_dags/example_external_task_marker_dag.py took 0.120 seconds
[2023-05-26T07:00:25.461+0000] {processor.py:157} INFO - Started process (PID=628) to work on /home/airflow/.local/lib/python3.7/site-packages/airflow/example_dags/example_external_task_marker_dag.py
[2023-05-26T07:00:25.463+0000] {processor.py:826} INFO - Processing file /home/airflow/.local/lib/python3.7/site-packages/airflow/example_dags/example_external_task_marker_dag.py for tasks to queue
[2023-05-26T07:00:25.467+0000] {logging_mixin.py:149} INFO - [2023-05-26T07:00:25.466+0000] {dagbag.py:541} INFO - Filling up the DagBag from /home/airflow/.local/lib/python3.7/site-packages/airflow/example_dags/example_external_task_marker_dag.py
[2023-05-26T07:00:25.474+0000] {processor.py:836} INFO - DAG(s) dict_keys(['example_external_task_marker_parent', 'example_external_task_marker_child']) retrieved from /home/airflow/.local/lib/python3.7/site-packages/airflow/example_dags/example_external_task_marker_dag.py
[2023-05-26T07:00:25.508+0000] {logging_mixin.py:149} INFO - [2023-05-26T07:00:25.508+0000] {dag.py:2726} INFO - Sync 2 DAGs
[2023-05-26T07:00:25.538+0000] {logging_mixin.py:149} INFO - [2023-05-26T07:00:25.538+0000] {dag.py:3490} INFO - Setting next_dagrun for example_external_task_marker_child to None, run_after=None
[2023-05-26T07:00:25.544+0000] {logging_mixin.py:149} INFO - [2023-05-26T07:00:25.543+0000] {dag.py:3490} INFO - Setting next_dagrun for example_external_task_marker_parent to None, run_after=None
[2023-05-26T07:00:25.568+0000] {processor.py:179} INFO - Processing /home/airflow/.local/lib/python3.7/site-packages/airflow/example_dags/example_external_task_marker_dag.py took 0.111 seconds
[2023-05-26T07:00:56.209+0000] {processor.py:157} INFO - Started process (PID=684) to work on /home/airflow/.local/lib/python3.7/site-packages/airflow/example_dags/example_external_task_marker_dag.py
[2023-05-26T07:00:56.211+0000] {processor.py:826} INFO - Processing file /home/airflow/.local/lib/python3.7/site-packages/airflow/example_dags/example_external_task_marker_dag.py for tasks to queue
[2023-05-26T07:00:56.214+0000] {logging_mixin.py:149} INFO - [2023-05-26T07:00:56.214+0000] {dagbag.py:541} INFO - Filling up the DagBag from /home/airflow/.local/lib/python3.7/site-packages/airflow/example_dags/example_external_task_marker_dag.py
[2023-05-26T07:00:56.221+0000] {processor.py:836} INFO - DAG(s) dict_keys(['example_external_task_marker_child', 'example_external_task_marker_parent']) retrieved from /home/airflow/.local/lib/python3.7/site-packages/airflow/example_dags/example_external_task_marker_dag.py
[2023-05-26T07:00:56.253+0000] {logging_mixin.py:149} INFO - [2023-05-26T07:00:56.252+0000] {dag.py:2726} INFO - Sync 2 DAGs
[2023-05-26T07:00:56.283+0000] {logging_mixin.py:149} INFO - [2023-05-26T07:00:56.283+0000] {dag.py:3490} INFO - Setting next_dagrun for example_external_task_marker_child to None, run_after=None
[2023-05-26T07:00:56.288+0000] {logging_mixin.py:149} INFO - [2023-05-26T07:00:56.288+0000] {dag.py:3490} INFO - Setting next_dagrun for example_external_task_marker_parent to None, run_after=None
[2023-05-26T07:00:56.310+0000] {processor.py:179} INFO - Processing /home/airflow/.local/lib/python3.7/site-packages/airflow/example_dags/example_external_task_marker_dag.py took 0.106 seconds
[2023-05-26T07:01:27.590+0000] {processor.py:157} INFO - Started process (PID=740) to work on /home/airflow/.local/lib/python3.7/site-packages/airflow/example_dags/example_external_task_marker_dag.py
[2023-05-26T07:01:27.605+0000] {processor.py:826} INFO - Processing file /home/airflow/.local/lib/python3.7/site-packages/airflow/example_dags/example_external_task_marker_dag.py for tasks to queue
[2023-05-26T07:01:27.611+0000] {logging_mixin.py:149} INFO - [2023-05-26T07:01:27.611+0000] {dagbag.py:541} INFO - Filling up the DagBag from /home/airflow/.local/lib/python3.7/site-packages/airflow/example_dags/example_external_task_marker_dag.py
[2023-05-26T07:01:27.628+0000] {processor.py:836} INFO - DAG(s) dict_keys(['example_external_task_marker_child', 'example_external_task_marker_parent']) retrieved from /home/airflow/.local/lib/python3.7/site-packages/airflow/example_dags/example_external_task_marker_dag.py
[2023-05-26T07:01:27.679+0000] {logging_mixin.py:149} INFO - [2023-05-26T07:01:27.678+0000] {dag.py:2726} INFO - Sync 2 DAGs
[2023-05-26T07:01:27.740+0000] {logging_mixin.py:149} INFO - [2023-05-26T07:01:27.739+0000] {dag.py:3490} INFO - Setting next_dagrun for example_external_task_marker_child to None, run_after=None
[2023-05-26T07:01:27.750+0000] {logging_mixin.py:149} INFO - [2023-05-26T07:01:27.749+0000] {dag.py:3490} INFO - Setting next_dagrun for example_external_task_marker_parent to None, run_after=None
[2023-05-26T07:01:27.801+0000] {processor.py:179} INFO - Processing /home/airflow/.local/lib/python3.7/site-packages/airflow/example_dags/example_external_task_marker_dag.py took 0.219 seconds
[2023-05-26T07:01:58.853+0000] {processor.py:157} INFO - Started process (PID=796) to work on /home/airflow/.local/lib/python3.7/site-packages/airflow/example_dags/example_external_task_marker_dag.py
[2023-05-26T07:01:58.863+0000] {processor.py:826} INFO - Processing file /home/airflow/.local/lib/python3.7/site-packages/airflow/example_dags/example_external_task_marker_dag.py for tasks to queue
[2023-05-26T07:01:58.871+0000] {logging_mixin.py:149} INFO - [2023-05-26T07:01:58.871+0000] {dagbag.py:541} INFO - Filling up the DagBag from /home/airflow/.local/lib/python3.7/site-packages/airflow/example_dags/example_external_task_marker_dag.py
[2023-05-26T07:01:58.894+0000] {processor.py:836} INFO - DAG(s) dict_keys(['example_external_task_marker_child', 'example_external_task_marker_parent']) retrieved from /home/airflow/.local/lib/python3.7/site-packages/airflow/example_dags/example_external_task_marker_dag.py
[2023-05-26T07:01:58.987+0000] {logging_mixin.py:149} INFO - [2023-05-26T07:01:58.985+0000] {dag.py:2726} INFO - Sync 2 DAGs
[2023-05-26T07:01:59.068+0000] {logging_mixin.py:149} INFO - [2023-05-26T07:01:59.068+0000] {dag.py:3490} INFO - Setting next_dagrun for example_external_task_marker_child to None, run_after=None
[2023-05-26T07:01:59.086+0000] {logging_mixin.py:149} INFO - [2023-05-26T07:01:59.085+0000] {dag.py:3490} INFO - Setting next_dagrun for example_external_task_marker_parent to None, run_after=None
[2023-05-26T07:01:59.144+0000] {processor.py:179} INFO - Processing /home/airflow/.local/lib/python3.7/site-packages/airflow/example_dags/example_external_task_marker_dag.py took 0.300 seconds
[2023-05-26T07:02:32.195+0000] {processor.py:157} INFO - Started process (PID=852) to work on /home/airflow/.local/lib/python3.7/site-packages/airflow/example_dags/example_external_task_marker_dag.py
[2023-05-26T07:02:32.199+0000] {processor.py:826} INFO - Processing file /home/airflow/.local/lib/python3.7/site-packages/airflow/example_dags/example_external_task_marker_dag.py for tasks to queue
[2023-05-26T07:02:32.209+0000] {logging_mixin.py:149} INFO - [2023-05-26T07:02:32.209+0000] {dagbag.py:541} INFO - Filling up the DagBag from /home/airflow/.local/lib/python3.7/site-packages/airflow/example_dags/example_external_task_marker_dag.py
[2023-05-26T07:02:32.230+0000] {processor.py:836} INFO - DAG(s) dict_keys(['example_external_task_marker_child', 'example_external_task_marker_parent']) retrieved from /home/airflow/.local/lib/python3.7/site-packages/airflow/example_dags/example_external_task_marker_dag.py
[2023-05-26T07:02:32.339+0000] {logging_mixin.py:149} INFO - [2023-05-26T07:02:32.337+0000] {dag.py:2726} INFO - Sync 2 DAGs
[2023-05-26T07:02:32.442+0000] {logging_mixin.py:149} INFO - [2023-05-26T07:02:32.441+0000] {dag.py:3490} INFO - Setting next_dagrun for example_external_task_marker_child to None, run_after=None
[2023-05-26T07:02:32.451+0000] {logging_mixin.py:149} INFO - [2023-05-26T07:02:32.451+0000] {dag.py:3490} INFO - Setting next_dagrun for example_external_task_marker_parent to None, run_after=None
[2023-05-26T07:02:32.499+0000] {processor.py:179} INFO - Processing /home/airflow/.local/lib/python3.7/site-packages/airflow/example_dags/example_external_task_marker_dag.py took 0.315 seconds
[2023-05-26T07:03:03.373+0000] {processor.py:157} INFO - Started process (PID=913) to work on /home/airflow/.local/lib/python3.7/site-packages/airflow/example_dags/example_external_task_marker_dag.py
[2023-05-26T07:03:03.375+0000] {processor.py:826} INFO - Processing file /home/airflow/.local/lib/python3.7/site-packages/airflow/example_dags/example_external_task_marker_dag.py for tasks to queue
[2023-05-26T07:03:03.379+0000] {logging_mixin.py:149} INFO - [2023-05-26T07:03:03.379+0000] {dagbag.py:541} INFO - Filling up the DagBag from /home/airflow/.local/lib/python3.7/site-packages/airflow/example_dags/example_external_task_marker_dag.py
[2023-05-26T07:03:03.387+0000] {processor.py:836} INFO - DAG(s) dict_keys(['example_external_task_marker_parent', 'example_external_task_marker_child']) retrieved from /home/airflow/.local/lib/python3.7/site-packages/airflow/example_dags/example_external_task_marker_dag.py
[2023-05-26T07:03:03.424+0000] {logging_mixin.py:149} INFO - [2023-05-26T07:03:03.424+0000] {dag.py:2726} INFO - Sync 2 DAGs
[2023-05-26T07:03:03.456+0000] {logging_mixin.py:149} INFO - [2023-05-26T07:03:03.456+0000] {dag.py:3490} INFO - Setting next_dagrun for example_external_task_marker_child to None, run_after=None
[2023-05-26T07:03:03.462+0000] {logging_mixin.py:149} INFO - [2023-05-26T07:03:03.461+0000] {dag.py:3490} INFO - Setting next_dagrun for example_external_task_marker_parent to None, run_after=None
[2023-05-26T07:03:03.485+0000] {processor.py:179} INFO - Processing /home/airflow/.local/lib/python3.7/site-packages/airflow/example_dags/example_external_task_marker_dag.py took 0.117 seconds
[2023-05-26T07:03:33.739+0000] {processor.py:157} INFO - Started process (PID=969) to work on /home/airflow/.local/lib/python3.7/site-packages/airflow/example_dags/example_external_task_marker_dag.py
[2023-05-26T07:03:33.741+0000] {processor.py:826} INFO - Processing file /home/airflow/.local/lib/python3.7/site-packages/airflow/example_dags/example_external_task_marker_dag.py for tasks to queue
[2023-05-26T07:03:33.744+0000] {logging_mixin.py:149} INFO - [2023-05-26T07:03:33.744+0000] {dagbag.py:541} INFO - Filling up the DagBag from /home/airflow/.local/lib/python3.7/site-packages/airflow/example_dags/example_external_task_marker_dag.py
[2023-05-26T07:03:33.754+0000] {processor.py:836} INFO - DAG(s) dict_keys(['example_external_task_marker_child', 'example_external_task_marker_parent']) retrieved from /home/airflow/.local/lib/python3.7/site-packages/airflow/example_dags/example_external_task_marker_dag.py
[2023-05-26T07:03:33.808+0000] {logging_mixin.py:149} INFO - [2023-05-26T07:03:33.807+0000] {dag.py:2726} INFO - Sync 2 DAGs
[2023-05-26T07:03:33.850+0000] {logging_mixin.py:149} INFO - [2023-05-26T07:03:33.849+0000] {dag.py:3490} INFO - Setting next_dagrun for example_external_task_marker_child to None, run_after=None
[2023-05-26T07:03:33.857+0000] {logging_mixin.py:149} INFO - [2023-05-26T07:03:33.857+0000] {dag.py:3490} INFO - Setting next_dagrun for example_external_task_marker_parent to None, run_after=None
[2023-05-26T07:03:33.891+0000] {processor.py:179} INFO - Processing /home/airflow/.local/lib/python3.7/site-packages/airflow/example_dags/example_external_task_marker_dag.py took 0.156 seconds
[2023-05-26T07:04:04.851+0000] {processor.py:157} INFO - Started process (PID=1025) to work on /home/airflow/.local/lib/python3.7/site-packages/airflow/example_dags/example_external_task_marker_dag.py
[2023-05-26T07:04:04.853+0000] {processor.py:826} INFO - Processing file /home/airflow/.local/lib/python3.7/site-packages/airflow/example_dags/example_external_task_marker_dag.py for tasks to queue
[2023-05-26T07:04:04.857+0000] {logging_mixin.py:149} INFO - [2023-05-26T07:04:04.857+0000] {dagbag.py:541} INFO - Filling up the DagBag from /home/airflow/.local/lib/python3.7/site-packages/airflow/example_dags/example_external_task_marker_dag.py
[2023-05-26T07:04:04.864+0000] {processor.py:836} INFO - DAG(s) dict_keys(['example_external_task_marker_parent', 'example_external_task_marker_child']) retrieved from /home/airflow/.local/lib/python3.7/site-packages/airflow/example_dags/example_external_task_marker_dag.py
[2023-05-26T07:04:04.901+0000] {logging_mixin.py:149} INFO - [2023-05-26T07:04:04.900+0000] {dag.py:2726} INFO - Sync 2 DAGs
[2023-05-26T07:04:04.932+0000] {logging_mixin.py:149} INFO - [2023-05-26T07:04:04.932+0000] {dag.py:3490} INFO - Setting next_dagrun for example_external_task_marker_child to None, run_after=None
[2023-05-26T07:04:04.937+0000] {logging_mixin.py:149} INFO - [2023-05-26T07:04:04.937+0000] {dag.py:3490} INFO - Setting next_dagrun for example_external_task_marker_parent to None, run_after=None
[2023-05-26T07:04:04.964+0000] {processor.py:179} INFO - Processing /home/airflow/.local/lib/python3.7/site-packages/airflow/example_dags/example_external_task_marker_dag.py took 0.117 seconds
[2023-05-26T07:04:35.576+0000] {processor.py:157} INFO - Started process (PID=1082) to work on /home/airflow/.local/lib/python3.7/site-packages/airflow/example_dags/example_external_task_marker_dag.py
[2023-05-26T07:04:35.578+0000] {processor.py:826} INFO - Processing file /home/airflow/.local/lib/python3.7/site-packages/airflow/example_dags/example_external_task_marker_dag.py for tasks to queue
[2023-05-26T07:04:35.582+0000] {logging_mixin.py:149} INFO - [2023-05-26T07:04:35.581+0000] {dagbag.py:541} INFO - Filling up the DagBag from /home/airflow/.local/lib/python3.7/site-packages/airflow/example_dags/example_external_task_marker_dag.py
[2023-05-26T07:04:35.589+0000] {processor.py:836} INFO - DAG(s) dict_keys(['example_external_task_marker_parent', 'example_external_task_marker_child']) retrieved from /home/airflow/.local/lib/python3.7/site-packages/airflow/example_dags/example_external_task_marker_dag.py
[2023-05-26T07:04:35.623+0000] {logging_mixin.py:149} INFO - [2023-05-26T07:04:35.623+0000] {dag.py:2726} INFO - Sync 2 DAGs
[2023-05-26T07:04:35.655+0000] {logging_mixin.py:149} INFO - [2023-05-26T07:04:35.655+0000] {dag.py:3490} INFO - Setting next_dagrun for example_external_task_marker_child to None, run_after=None
[2023-05-26T07:04:35.660+0000] {logging_mixin.py:149} INFO - [2023-05-26T07:04:35.660+0000] {dag.py:3490} INFO - Setting next_dagrun for example_external_task_marker_parent to None, run_after=None
[2023-05-26T07:04:35.681+0000] {processor.py:179} INFO - Processing /home/airflow/.local/lib/python3.7/site-packages/airflow/example_dags/example_external_task_marker_dag.py took 0.110 seconds
