[2023-05-26T06:51:28.152+0000] {processor.py:157} INFO - Started process (PID=59) to work on /home/airflow/.local/lib/python3.7/site-packages/airflow/example_dags/example_python_operator.py
[2023-05-26T06:51:28.154+0000] {processor.py:826} INFO - Processing file /home/airflow/.local/lib/python3.7/site-packages/airflow/example_dags/example_python_operator.py for tasks to queue
[2023-05-26T06:51:28.157+0000] {logging_mixin.py:149} INFO - [2023-05-26T06:51:28.157+0000] {dagbag.py:541} INFO - Filling up the DagBag from /home/airflow/.local/lib/python3.7/site-packages/airflow/example_dags/example_python_operator.py
[2023-05-26T06:51:28.175+0000] {logging_mixin.py:149} INFO - [2023-05-26T06:51:28.175+0000] {taskmixin.py:211} WARNING - Dependency <Task(_PythonDecoratedOperator): print_the_context>, log_sql_query already registered for DAG: example_python_operator
[2023-05-26T06:51:28.177+0000] {logging_mixin.py:149} INFO - [2023-05-26T06:51:28.176+0000] {taskmixin.py:211} WARNING - Dependency <Task(_PythonDecoratedOperator): log_sql_query>, print_the_context already registered for DAG: example_python_operator
[2023-05-26T06:51:28.179+0000] {logging_mixin.py:149} INFO - [2023-05-26T06:51:28.178+0000] {taskmixin.py:211} WARNING - Dependency <Task(_PythonDecoratedOperator): print_the_context>, log_sql_query already registered for DAG: example_python_operator
[2023-05-26T06:51:28.180+0000] {logging_mixin.py:149} INFO - [2023-05-26T06:51:28.180+0000] {taskmixin.py:211} WARNING - Dependency <Task(_PythonDecoratedOperator): log_sql_query>, print_the_context already registered for DAG: example_python_operator
[2023-05-26T06:51:28.183+0000] {logging_mixin.py:149} INFO - [2023-05-26T06:51:28.182+0000] {taskmixin.py:211} WARNING - Dependency <Task(_PythonDecoratedOperator): print_the_context>, log_sql_query already registered for DAG: example_python_operator
[2023-05-26T06:51:28.184+0000] {logging_mixin.py:149} INFO - [2023-05-26T06:51:28.184+0000] {taskmixin.py:211} WARNING - Dependency <Task(_PythonDecoratedOperator): log_sql_query>, print_the_context already registered for DAG: example_python_operator
[2023-05-26T06:51:28.186+0000] {logging_mixin.py:149} INFO - [2023-05-26T06:51:28.185+0000] {taskmixin.py:211} WARNING - Dependency <Task(_PythonDecoratedOperator): print_the_context>, log_sql_query already registered for DAG: example_python_operator
[2023-05-26T06:51:28.187+0000] {logging_mixin.py:149} INFO - [2023-05-26T06:51:28.186+0000] {taskmixin.py:211} WARNING - Dependency <Task(_PythonDecoratedOperator): log_sql_query>, print_the_context already registered for DAG: example_python_operator
[2023-05-26T06:51:28.194+0000] {processor.py:836} INFO - DAG(s) dict_keys(['example_python_operator']) retrieved from /home/airflow/.local/lib/python3.7/site-packages/airflow/example_dags/example_python_operator.py
[2023-05-26T06:51:28.217+0000] {logging_mixin.py:149} INFO - [2023-05-26T06:51:28.217+0000] {dag.py:2726} INFO - Sync 1 DAGs
[2023-05-26T06:51:28.257+0000] {logging_mixin.py:149} INFO - [2023-05-26T06:51:28.257+0000] {dag.py:3490} INFO - Setting next_dagrun for example_python_operator to None, run_after=None
[2023-05-26T06:51:28.284+0000] {processor.py:179} INFO - Processing /home/airflow/.local/lib/python3.7/site-packages/airflow/example_dags/example_python_operator.py took 0.136 seconds
[2023-05-26T06:51:59.290+0000] {processor.py:157} INFO - Started process (PID=114) to work on /home/airflow/.local/lib/python3.7/site-packages/airflow/example_dags/example_python_operator.py
[2023-05-26T06:51:59.292+0000] {processor.py:826} INFO - Processing file /home/airflow/.local/lib/python3.7/site-packages/airflow/example_dags/example_python_operator.py for tasks to queue
[2023-05-26T06:51:59.295+0000] {logging_mixin.py:149} INFO - [2023-05-26T06:51:59.295+0000] {dagbag.py:541} INFO - Filling up the DagBag from /home/airflow/.local/lib/python3.7/site-packages/airflow/example_dags/example_python_operator.py
[2023-05-26T06:51:59.305+0000] {logging_mixin.py:149} INFO - [2023-05-26T06:51:59.305+0000] {taskmixin.py:211} WARNING - Dependency <Task(_PythonDecoratedOperator): print_the_context>, log_sql_query already registered for DAG: example_python_operator
[2023-05-26T06:51:59.307+0000] {logging_mixin.py:149} INFO - [2023-05-26T06:51:59.307+0000] {taskmixin.py:211} WARNING - Dependency <Task(_PythonDecoratedOperator): log_sql_query>, print_the_context already registered for DAG: example_python_operator
[2023-05-26T06:51:59.309+0000] {logging_mixin.py:149} INFO - [2023-05-26T06:51:59.309+0000] {taskmixin.py:211} WARNING - Dependency <Task(_PythonDecoratedOperator): print_the_context>, log_sql_query already registered for DAG: example_python_operator
[2023-05-26T06:51:59.311+0000] {logging_mixin.py:149} INFO - [2023-05-26T06:51:59.310+0000] {taskmixin.py:211} WARNING - Dependency <Task(_PythonDecoratedOperator): log_sql_query>, print_the_context already registered for DAG: example_python_operator
[2023-05-26T06:51:59.312+0000] {logging_mixin.py:149} INFO - [2023-05-26T06:51:59.312+0000] {taskmixin.py:211} WARNING - Dependency <Task(_PythonDecoratedOperator): print_the_context>, log_sql_query already registered for DAG: example_python_operator
[2023-05-26T06:51:59.313+0000] {logging_mixin.py:149} INFO - [2023-05-26T06:51:59.313+0000] {taskmixin.py:211} WARNING - Dependency <Task(_PythonDecoratedOperator): log_sql_query>, print_the_context already registered for DAG: example_python_operator
[2023-05-26T06:51:59.315+0000] {logging_mixin.py:149} INFO - [2023-05-26T06:51:59.315+0000] {taskmixin.py:211} WARNING - Dependency <Task(_PythonDecoratedOperator): print_the_context>, log_sql_query already registered for DAG: example_python_operator
[2023-05-26T06:51:59.316+0000] {logging_mixin.py:149} INFO - [2023-05-26T06:51:59.316+0000] {taskmixin.py:211} WARNING - Dependency <Task(_PythonDecoratedOperator): log_sql_query>, print_the_context already registered for DAG: example_python_operator
[2023-05-26T06:51:59.322+0000] {processor.py:836} INFO - DAG(s) dict_keys(['example_python_operator']) retrieved from /home/airflow/.local/lib/python3.7/site-packages/airflow/example_dags/example_python_operator.py
[2023-05-26T06:51:59.401+0000] {logging_mixin.py:149} INFO - [2023-05-26T06:51:59.400+0000] {dag.py:2726} INFO - Sync 1 DAGs
[2023-05-26T06:51:59.431+0000] {logging_mixin.py:149} INFO - [2023-05-26T06:51:59.431+0000] {dag.py:3490} INFO - Setting next_dagrun for example_python_operator to None, run_after=None
[2023-05-26T06:51:59.465+0000] {processor.py:179} INFO - Processing /home/airflow/.local/lib/python3.7/site-packages/airflow/example_dags/example_python_operator.py took 0.178 seconds
[2023-05-26T06:55:17.396+0000] {processor.py:157} INFO - Started process (PID=58) to work on /home/airflow/.local/lib/python3.7/site-packages/airflow/example_dags/example_python_operator.py
[2023-05-26T06:55:17.398+0000] {processor.py:826} INFO - Processing file /home/airflow/.local/lib/python3.7/site-packages/airflow/example_dags/example_python_operator.py for tasks to queue
[2023-05-26T06:55:17.401+0000] {logging_mixin.py:149} INFO - [2023-05-26T06:55:17.401+0000] {dagbag.py:541} INFO - Filling up the DagBag from /home/airflow/.local/lib/python3.7/site-packages/airflow/example_dags/example_python_operator.py
[2023-05-26T06:55:17.413+0000] {logging_mixin.py:149} INFO - [2023-05-26T06:55:17.412+0000] {taskmixin.py:211} WARNING - Dependency <Task(_PythonDecoratedOperator): print_the_context>, log_sql_query already registered for DAG: example_python_operator
[2023-05-26T06:55:17.414+0000] {logging_mixin.py:149} INFO - [2023-05-26T06:55:17.413+0000] {taskmixin.py:211} WARNING - Dependency <Task(_PythonDecoratedOperator): log_sql_query>, print_the_context already registered for DAG: example_python_operator
[2023-05-26T06:55:17.415+0000] {logging_mixin.py:149} INFO - [2023-05-26T06:55:17.415+0000] {taskmixin.py:211} WARNING - Dependency <Task(_PythonDecoratedOperator): print_the_context>, log_sql_query already registered for DAG: example_python_operator
[2023-05-26T06:55:17.416+0000] {logging_mixin.py:149} INFO - [2023-05-26T06:55:17.416+0000] {taskmixin.py:211} WARNING - Dependency <Task(_PythonDecoratedOperator): log_sql_query>, print_the_context already registered for DAG: example_python_operator
[2023-05-26T06:55:17.418+0000] {logging_mixin.py:149} INFO - [2023-05-26T06:55:17.418+0000] {taskmixin.py:211} WARNING - Dependency <Task(_PythonDecoratedOperator): print_the_context>, log_sql_query already registered for DAG: example_python_operator
[2023-05-26T06:55:17.419+0000] {logging_mixin.py:149} INFO - [2023-05-26T06:55:17.419+0000] {taskmixin.py:211} WARNING - Dependency <Task(_PythonDecoratedOperator): log_sql_query>, print_the_context already registered for DAG: example_python_operator
[2023-05-26T06:55:17.421+0000] {logging_mixin.py:149} INFO - [2023-05-26T06:55:17.421+0000] {taskmixin.py:211} WARNING - Dependency <Task(_PythonDecoratedOperator): print_the_context>, log_sql_query already registered for DAG: example_python_operator
[2023-05-26T06:55:17.422+0000] {logging_mixin.py:149} INFO - [2023-05-26T06:55:17.422+0000] {taskmixin.py:211} WARNING - Dependency <Task(_PythonDecoratedOperator): log_sql_query>, print_the_context already registered for DAG: example_python_operator
[2023-05-26T06:55:17.432+0000] {processor.py:836} INFO - DAG(s) dict_keys(['example_python_operator']) retrieved from /home/airflow/.local/lib/python3.7/site-packages/airflow/example_dags/example_python_operator.py
[2023-05-26T06:55:17.456+0000] {logging_mixin.py:149} INFO - [2023-05-26T06:55:17.455+0000] {dag.py:2726} INFO - Sync 1 DAGs
[2023-05-26T06:55:17.504+0000] {logging_mixin.py:149} INFO - [2023-05-26T06:55:17.504+0000] {dag.py:3490} INFO - Setting next_dagrun for example_python_operator to None, run_after=None
[2023-05-26T06:55:17.548+0000] {processor.py:179} INFO - Processing /home/airflow/.local/lib/python3.7/site-packages/airflow/example_dags/example_python_operator.py took 0.157 seconds
[2023-05-26T06:55:47.686+0000] {processor.py:157} INFO - Started process (PID=114) to work on /home/airflow/.local/lib/python3.7/site-packages/airflow/example_dags/example_python_operator.py
[2023-05-26T06:55:47.688+0000] {processor.py:826} INFO - Processing file /home/airflow/.local/lib/python3.7/site-packages/airflow/example_dags/example_python_operator.py for tasks to queue
[2023-05-26T06:55:47.692+0000] {logging_mixin.py:149} INFO - [2023-05-26T06:55:47.692+0000] {dagbag.py:541} INFO - Filling up the DagBag from /home/airflow/.local/lib/python3.7/site-packages/airflow/example_dags/example_python_operator.py
[2023-05-26T06:55:47.706+0000] {logging_mixin.py:149} INFO - [2023-05-26T06:55:47.706+0000] {taskmixin.py:211} WARNING - Dependency <Task(_PythonDecoratedOperator): print_the_context>, log_sql_query already registered for DAG: example_python_operator
[2023-05-26T06:55:47.707+0000] {logging_mixin.py:149} INFO - [2023-05-26T06:55:47.707+0000] {taskmixin.py:211} WARNING - Dependency <Task(_PythonDecoratedOperator): log_sql_query>, print_the_context already registered for DAG: example_python_operator
[2023-05-26T06:55:47.709+0000] {logging_mixin.py:149} INFO - [2023-05-26T06:55:47.708+0000] {taskmixin.py:211} WARNING - Dependency <Task(_PythonDecoratedOperator): print_the_context>, log_sql_query already registered for DAG: example_python_operator
[2023-05-26T06:55:47.710+0000] {logging_mixin.py:149} INFO - [2023-05-26T06:55:47.710+0000] {taskmixin.py:211} WARNING - Dependency <Task(_PythonDecoratedOperator): log_sql_query>, print_the_context already registered for DAG: example_python_operator
[2023-05-26T06:55:47.712+0000] {logging_mixin.py:149} INFO - [2023-05-26T06:55:47.712+0000] {taskmixin.py:211} WARNING - Dependency <Task(_PythonDecoratedOperator): print_the_context>, log_sql_query already registered for DAG: example_python_operator
[2023-05-26T06:55:47.713+0000] {logging_mixin.py:149} INFO - [2023-05-26T06:55:47.713+0000] {taskmixin.py:211} WARNING - Dependency <Task(_PythonDecoratedOperator): log_sql_query>, print_the_context already registered for DAG: example_python_operator
[2023-05-26T06:55:47.715+0000] {logging_mixin.py:149} INFO - [2023-05-26T06:55:47.714+0000] {taskmixin.py:211} WARNING - Dependency <Task(_PythonDecoratedOperator): print_the_context>, log_sql_query already registered for DAG: example_python_operator
[2023-05-26T06:55:47.716+0000] {logging_mixin.py:149} INFO - [2023-05-26T06:55:47.716+0000] {taskmixin.py:211} WARNING - Dependency <Task(_PythonDecoratedOperator): log_sql_query>, print_the_context already registered for DAG: example_python_operator
[2023-05-26T06:55:47.719+0000] {processor.py:836} INFO - DAG(s) dict_keys(['example_python_operator']) retrieved from /home/airflow/.local/lib/python3.7/site-packages/airflow/example_dags/example_python_operator.py
[2023-05-26T06:55:47.808+0000] {logging_mixin.py:149} INFO - [2023-05-26T06:55:47.807+0000] {dag.py:2726} INFO - Sync 1 DAGs
[2023-05-26T06:55:47.838+0000] {logging_mixin.py:149} INFO - [2023-05-26T06:55:47.837+0000] {dag.py:3490} INFO - Setting next_dagrun for example_python_operator to None, run_after=None
[2023-05-26T06:55:47.867+0000] {processor.py:179} INFO - Processing /home/airflow/.local/lib/python3.7/site-packages/airflow/example_dags/example_python_operator.py took 0.185 seconds
[2023-05-26T06:56:18.697+0000] {processor.py:157} INFO - Started process (PID=170) to work on /home/airflow/.local/lib/python3.7/site-packages/airflow/example_dags/example_python_operator.py
[2023-05-26T06:56:18.699+0000] {processor.py:826} INFO - Processing file /home/airflow/.local/lib/python3.7/site-packages/airflow/example_dags/example_python_operator.py for tasks to queue
[2023-05-26T06:56:18.703+0000] {logging_mixin.py:149} INFO - [2023-05-26T06:56:18.702+0000] {dagbag.py:541} INFO - Filling up the DagBag from /home/airflow/.local/lib/python3.7/site-packages/airflow/example_dags/example_python_operator.py
[2023-05-26T06:56:18.711+0000] {logging_mixin.py:149} INFO - [2023-05-26T06:56:18.711+0000] {taskmixin.py:211} WARNING - Dependency <Task(_PythonDecoratedOperator): print_the_context>, log_sql_query already registered for DAG: example_python_operator
[2023-05-26T06:56:18.712+0000] {logging_mixin.py:149} INFO - [2023-05-26T06:56:18.712+0000] {taskmixin.py:211} WARNING - Dependency <Task(_PythonDecoratedOperator): log_sql_query>, print_the_context already registered for DAG: example_python_operator
[2023-05-26T06:56:18.713+0000] {logging_mixin.py:149} INFO - [2023-05-26T06:56:18.713+0000] {taskmixin.py:211} WARNING - Dependency <Task(_PythonDecoratedOperator): print_the_context>, log_sql_query already registered for DAG: example_python_operator
[2023-05-26T06:56:18.714+0000] {logging_mixin.py:149} INFO - [2023-05-26T06:56:18.714+0000] {taskmixin.py:211} WARNING - Dependency <Task(_PythonDecoratedOperator): log_sql_query>, print_the_context already registered for DAG: example_python_operator
[2023-05-26T06:56:18.716+0000] {logging_mixin.py:149} INFO - [2023-05-26T06:56:18.715+0000] {taskmixin.py:211} WARNING - Dependency <Task(_PythonDecoratedOperator): print_the_context>, log_sql_query already registered for DAG: example_python_operator
[2023-05-26T06:56:18.717+0000] {logging_mixin.py:149} INFO - [2023-05-26T06:56:18.716+0000] {taskmixin.py:211} WARNING - Dependency <Task(_PythonDecoratedOperator): log_sql_query>, print_the_context already registered for DAG: example_python_operator
[2023-05-26T06:56:18.718+0000] {logging_mixin.py:149} INFO - [2023-05-26T06:56:18.718+0000] {taskmixin.py:211} WARNING - Dependency <Task(_PythonDecoratedOperator): print_the_context>, log_sql_query already registered for DAG: example_python_operator
[2023-05-26T06:56:18.719+0000] {logging_mixin.py:149} INFO - [2023-05-26T06:56:18.718+0000] {taskmixin.py:211} WARNING - Dependency <Task(_PythonDecoratedOperator): log_sql_query>, print_the_context already registered for DAG: example_python_operator
[2023-05-26T06:56:18.722+0000] {processor.py:836} INFO - DAG(s) dict_keys(['example_python_operator']) retrieved from /home/airflow/.local/lib/python3.7/site-packages/airflow/example_dags/example_python_operator.py
[2023-05-26T06:56:18.751+0000] {logging_mixin.py:149} INFO - [2023-05-26T06:56:18.751+0000] {dag.py:2726} INFO - Sync 1 DAGs
[2023-05-26T06:56:18.783+0000] {logging_mixin.py:149} INFO - [2023-05-26T06:56:18.783+0000] {dag.py:3490} INFO - Setting next_dagrun for example_python_operator to None, run_after=None
[2023-05-26T06:56:18.807+0000] {processor.py:179} INFO - Processing /home/airflow/.local/lib/python3.7/site-packages/airflow/example_dags/example_python_operator.py took 0.114 seconds
[2023-05-26T06:56:49.167+0000] {processor.py:157} INFO - Started process (PID=226) to work on /home/airflow/.local/lib/python3.7/site-packages/airflow/example_dags/example_python_operator.py
[2023-05-26T06:56:49.169+0000] {processor.py:826} INFO - Processing file /home/airflow/.local/lib/python3.7/site-packages/airflow/example_dags/example_python_operator.py for tasks to queue
[2023-05-26T06:56:49.172+0000] {logging_mixin.py:149} INFO - [2023-05-26T06:56:49.171+0000] {dagbag.py:541} INFO - Filling up the DagBag from /home/airflow/.local/lib/python3.7/site-packages/airflow/example_dags/example_python_operator.py
[2023-05-26T06:56:49.182+0000] {logging_mixin.py:149} INFO - [2023-05-26T06:56:49.182+0000] {taskmixin.py:211} WARNING - Dependency <Task(_PythonDecoratedOperator): print_the_context>, log_sql_query already registered for DAG: example_python_operator
[2023-05-26T06:56:49.183+0000] {logging_mixin.py:149} INFO - [2023-05-26T06:56:49.183+0000] {taskmixin.py:211} WARNING - Dependency <Task(_PythonDecoratedOperator): log_sql_query>, print_the_context already registered for DAG: example_python_operator
[2023-05-26T06:56:49.185+0000] {logging_mixin.py:149} INFO - [2023-05-26T06:56:49.185+0000] {taskmixin.py:211} WARNING - Dependency <Task(_PythonDecoratedOperator): print_the_context>, log_sql_query already registered for DAG: example_python_operator
[2023-05-26T06:56:49.186+0000] {logging_mixin.py:149} INFO - [2023-05-26T06:56:49.185+0000] {taskmixin.py:211} WARNING - Dependency <Task(_PythonDecoratedOperator): log_sql_query>, print_the_context already registered for DAG: example_python_operator
[2023-05-26T06:56:49.187+0000] {logging_mixin.py:149} INFO - [2023-05-26T06:56:49.187+0000] {taskmixin.py:211} WARNING - Dependency <Task(_PythonDecoratedOperator): print_the_context>, log_sql_query already registered for DAG: example_python_operator
[2023-05-26T06:56:49.188+0000] {logging_mixin.py:149} INFO - [2023-05-26T06:56:49.188+0000] {taskmixin.py:211} WARNING - Dependency <Task(_PythonDecoratedOperator): log_sql_query>, print_the_context already registered for DAG: example_python_operator
[2023-05-26T06:56:49.189+0000] {logging_mixin.py:149} INFO - [2023-05-26T06:56:49.189+0000] {taskmixin.py:211} WARNING - Dependency <Task(_PythonDecoratedOperator): print_the_context>, log_sql_query already registered for DAG: example_python_operator
[2023-05-26T06:56:49.190+0000] {logging_mixin.py:149} INFO - [2023-05-26T06:56:49.190+0000] {taskmixin.py:211} WARNING - Dependency <Task(_PythonDecoratedOperator): log_sql_query>, print_the_context already registered for DAG: example_python_operator
[2023-05-26T06:56:49.194+0000] {processor.py:836} INFO - DAG(s) dict_keys(['example_python_operator']) retrieved from /home/airflow/.local/lib/python3.7/site-packages/airflow/example_dags/example_python_operator.py
[2023-05-26T06:56:49.223+0000] {logging_mixin.py:149} INFO - [2023-05-26T06:56:49.223+0000] {dag.py:2726} INFO - Sync 1 DAGs
[2023-05-26T06:56:49.252+0000] {logging_mixin.py:149} INFO - [2023-05-26T06:56:49.252+0000] {dag.py:3490} INFO - Setting next_dagrun for example_python_operator to None, run_after=None
[2023-05-26T06:56:49.276+0000] {processor.py:179} INFO - Processing /home/airflow/.local/lib/python3.7/site-packages/airflow/example_dags/example_python_operator.py took 0.113 seconds
[2023-05-26T06:57:19.601+0000] {processor.py:157} INFO - Started process (PID=281) to work on /home/airflow/.local/lib/python3.7/site-packages/airflow/example_dags/example_python_operator.py
[2023-05-26T06:57:19.602+0000] {processor.py:826} INFO - Processing file /home/airflow/.local/lib/python3.7/site-packages/airflow/example_dags/example_python_operator.py for tasks to queue
[2023-05-26T06:57:19.606+0000] {logging_mixin.py:149} INFO - [2023-05-26T06:57:19.606+0000] {dagbag.py:541} INFO - Filling up the DagBag from /home/airflow/.local/lib/python3.7/site-packages/airflow/example_dags/example_python_operator.py
[2023-05-26T06:57:19.616+0000] {logging_mixin.py:149} INFO - [2023-05-26T06:57:19.615+0000] {taskmixin.py:211} WARNING - Dependency <Task(_PythonDecoratedOperator): print_the_context>, log_sql_query already registered for DAG: example_python_operator
[2023-05-26T06:57:19.617+0000] {logging_mixin.py:149} INFO - [2023-05-26T06:57:19.617+0000] {taskmixin.py:211} WARNING - Dependency <Task(_PythonDecoratedOperator): log_sql_query>, print_the_context already registered for DAG: example_python_operator
[2023-05-26T06:57:19.618+0000] {logging_mixin.py:149} INFO - [2023-05-26T06:57:19.618+0000] {taskmixin.py:211} WARNING - Dependency <Task(_PythonDecoratedOperator): print_the_context>, log_sql_query already registered for DAG: example_python_operator
[2023-05-26T06:57:19.619+0000] {logging_mixin.py:149} INFO - [2023-05-26T06:57:19.619+0000] {taskmixin.py:211} WARNING - Dependency <Task(_PythonDecoratedOperator): log_sql_query>, print_the_context already registered for DAG: example_python_operator
[2023-05-26T06:57:19.621+0000] {logging_mixin.py:149} INFO - [2023-05-26T06:57:19.621+0000] {taskmixin.py:211} WARNING - Dependency <Task(_PythonDecoratedOperator): print_the_context>, log_sql_query already registered for DAG: example_python_operator
[2023-05-26T06:57:19.622+0000] {logging_mixin.py:149} INFO - [2023-05-26T06:57:19.621+0000] {taskmixin.py:211} WARNING - Dependency <Task(_PythonDecoratedOperator): log_sql_query>, print_the_context already registered for DAG: example_python_operator
[2023-05-26T06:57:19.623+0000] {logging_mixin.py:149} INFO - [2023-05-26T06:57:19.623+0000] {taskmixin.py:211} WARNING - Dependency <Task(_PythonDecoratedOperator): print_the_context>, log_sql_query already registered for DAG: example_python_operator
[2023-05-26T06:57:19.624+0000] {logging_mixin.py:149} INFO - [2023-05-26T06:57:19.624+0000] {taskmixin.py:211} WARNING - Dependency <Task(_PythonDecoratedOperator): log_sql_query>, print_the_context already registered for DAG: example_python_operator
[2023-05-26T06:57:19.628+0000] {processor.py:836} INFO - DAG(s) dict_keys(['example_python_operator']) retrieved from /home/airflow/.local/lib/python3.7/site-packages/airflow/example_dags/example_python_operator.py
[2023-05-26T06:57:19.665+0000] {logging_mixin.py:149} INFO - [2023-05-26T06:57:19.664+0000] {dag.py:2726} INFO - Sync 1 DAGs
[2023-05-26T06:57:19.692+0000] {logging_mixin.py:149} INFO - [2023-05-26T06:57:19.691+0000] {dag.py:3490} INFO - Setting next_dagrun for example_python_operator to None, run_after=None
[2023-05-26T06:57:19.716+0000] {processor.py:179} INFO - Processing /home/airflow/.local/lib/python3.7/site-packages/airflow/example_dags/example_python_operator.py took 0.120 seconds
[2023-05-26T06:57:50.213+0000] {processor.py:157} INFO - Started process (PID=337) to work on /home/airflow/.local/lib/python3.7/site-packages/airflow/example_dags/example_python_operator.py
[2023-05-26T06:57:50.215+0000] {processor.py:826} INFO - Processing file /home/airflow/.local/lib/python3.7/site-packages/airflow/example_dags/example_python_operator.py for tasks to queue
[2023-05-26T06:57:50.219+0000] {logging_mixin.py:149} INFO - [2023-05-26T06:57:50.219+0000] {dagbag.py:541} INFO - Filling up the DagBag from /home/airflow/.local/lib/python3.7/site-packages/airflow/example_dags/example_python_operator.py
[2023-05-26T06:57:50.233+0000] {logging_mixin.py:149} INFO - [2023-05-26T06:57:50.233+0000] {taskmixin.py:211} WARNING - Dependency <Task(_PythonDecoratedOperator): print_the_context>, log_sql_query already registered for DAG: example_python_operator
[2023-05-26T06:57:50.234+0000] {logging_mixin.py:149} INFO - [2023-05-26T06:57:50.234+0000] {taskmixin.py:211} WARNING - Dependency <Task(_PythonDecoratedOperator): log_sql_query>, print_the_context already registered for DAG: example_python_operator
[2023-05-26T06:57:50.235+0000] {logging_mixin.py:149} INFO - [2023-05-26T06:57:50.235+0000] {taskmixin.py:211} WARNING - Dependency <Task(_PythonDecoratedOperator): print_the_context>, log_sql_query already registered for DAG: example_python_operator
[2023-05-26T06:57:50.237+0000] {logging_mixin.py:149} INFO - [2023-05-26T06:57:50.237+0000] {taskmixin.py:211} WARNING - Dependency <Task(_PythonDecoratedOperator): log_sql_query>, print_the_context already registered for DAG: example_python_operator
[2023-05-26T06:57:50.239+0000] {logging_mixin.py:149} INFO - [2023-05-26T06:57:50.239+0000] {taskmixin.py:211} WARNING - Dependency <Task(_PythonDecoratedOperator): print_the_context>, log_sql_query already registered for DAG: example_python_operator
[2023-05-26T06:57:50.240+0000] {logging_mixin.py:149} INFO - [2023-05-26T06:57:50.240+0000] {taskmixin.py:211} WARNING - Dependency <Task(_PythonDecoratedOperator): log_sql_query>, print_the_context already registered for DAG: example_python_operator
[2023-05-26T06:57:50.243+0000] {logging_mixin.py:149} INFO - [2023-05-26T06:57:50.242+0000] {taskmixin.py:211} WARNING - Dependency <Task(_PythonDecoratedOperator): print_the_context>, log_sql_query already registered for DAG: example_python_operator
[2023-05-26T06:57:50.244+0000] {logging_mixin.py:149} INFO - [2023-05-26T06:57:50.244+0000] {taskmixin.py:211} WARNING - Dependency <Task(_PythonDecoratedOperator): log_sql_query>, print_the_context already registered for DAG: example_python_operator
[2023-05-26T06:57:50.249+0000] {processor.py:836} INFO - DAG(s) dict_keys(['example_python_operator']) retrieved from /home/airflow/.local/lib/python3.7/site-packages/airflow/example_dags/example_python_operator.py
[2023-05-26T06:57:50.291+0000] {logging_mixin.py:149} INFO - [2023-05-26T06:57:50.291+0000] {dag.py:2726} INFO - Sync 1 DAGs
[2023-05-26T06:57:50.327+0000] {logging_mixin.py:149} INFO - [2023-05-26T06:57:50.327+0000] {dag.py:3490} INFO - Setting next_dagrun for example_python_operator to None, run_after=None
[2023-05-26T06:57:50.375+0000] {processor.py:179} INFO - Processing /home/airflow/.local/lib/python3.7/site-packages/airflow/example_dags/example_python_operator.py took 0.167 seconds
[2023-05-26T06:58:21.036+0000] {processor.py:157} INFO - Started process (PID=393) to work on /home/airflow/.local/lib/python3.7/site-packages/airflow/example_dags/example_python_operator.py
[2023-05-26T06:58:21.038+0000] {processor.py:826} INFO - Processing file /home/airflow/.local/lib/python3.7/site-packages/airflow/example_dags/example_python_operator.py for tasks to queue
[2023-05-26T06:58:21.041+0000] {logging_mixin.py:149} INFO - [2023-05-26T06:58:21.041+0000] {dagbag.py:541} INFO - Filling up the DagBag from /home/airflow/.local/lib/python3.7/site-packages/airflow/example_dags/example_python_operator.py
[2023-05-26T06:58:21.050+0000] {logging_mixin.py:149} INFO - [2023-05-26T06:58:21.050+0000] {taskmixin.py:211} WARNING - Dependency <Task(_PythonDecoratedOperator): print_the_context>, log_sql_query already registered for DAG: example_python_operator
[2023-05-26T06:58:21.051+0000] {logging_mixin.py:149} INFO - [2023-05-26T06:58:21.051+0000] {taskmixin.py:211} WARNING - Dependency <Task(_PythonDecoratedOperator): log_sql_query>, print_the_context already registered for DAG: example_python_operator
[2023-05-26T06:58:21.053+0000] {logging_mixin.py:149} INFO - [2023-05-26T06:58:21.052+0000] {taskmixin.py:211} WARNING - Dependency <Task(_PythonDecoratedOperator): print_the_context>, log_sql_query already registered for DAG: example_python_operator
[2023-05-26T06:58:21.053+0000] {logging_mixin.py:149} INFO - [2023-05-26T06:58:21.053+0000] {taskmixin.py:211} WARNING - Dependency <Task(_PythonDecoratedOperator): log_sql_query>, print_the_context already registered for DAG: example_python_operator
[2023-05-26T06:58:21.055+0000] {logging_mixin.py:149} INFO - [2023-05-26T06:58:21.055+0000] {taskmixin.py:211} WARNING - Dependency <Task(_PythonDecoratedOperator): print_the_context>, log_sql_query already registered for DAG: example_python_operator
[2023-05-26T06:58:21.056+0000] {logging_mixin.py:149} INFO - [2023-05-26T06:58:21.055+0000] {taskmixin.py:211} WARNING - Dependency <Task(_PythonDecoratedOperator): log_sql_query>, print_the_context already registered for DAG: example_python_operator
[2023-05-26T06:58:21.057+0000] {logging_mixin.py:149} INFO - [2023-05-26T06:58:21.057+0000] {taskmixin.py:211} WARNING - Dependency <Task(_PythonDecoratedOperator): print_the_context>, log_sql_query already registered for DAG: example_python_operator
[2023-05-26T06:58:21.058+0000] {logging_mixin.py:149} INFO - [2023-05-26T06:58:21.058+0000] {taskmixin.py:211} WARNING - Dependency <Task(_PythonDecoratedOperator): log_sql_query>, print_the_context already registered for DAG: example_python_operator
[2023-05-26T06:58:21.062+0000] {processor.py:836} INFO - DAG(s) dict_keys(['example_python_operator']) retrieved from /home/airflow/.local/lib/python3.7/site-packages/airflow/example_dags/example_python_operator.py
[2023-05-26T06:58:21.092+0000] {logging_mixin.py:149} INFO - [2023-05-26T06:58:21.091+0000] {dag.py:2726} INFO - Sync 1 DAGs
[2023-05-26T06:58:21.120+0000] {logging_mixin.py:149} INFO - [2023-05-26T06:58:21.120+0000] {dag.py:3490} INFO - Setting next_dagrun for example_python_operator to None, run_after=None
[2023-05-26T06:58:21.144+0000] {processor.py:179} INFO - Processing /home/airflow/.local/lib/python3.7/site-packages/airflow/example_dags/example_python_operator.py took 0.113 seconds
[2023-05-26T06:58:51.830+0000] {processor.py:157} INFO - Started process (PID=448) to work on /home/airflow/.local/lib/python3.7/site-packages/airflow/example_dags/example_python_operator.py
[2023-05-26T06:58:51.831+0000] {processor.py:826} INFO - Processing file /home/airflow/.local/lib/python3.7/site-packages/airflow/example_dags/example_python_operator.py for tasks to queue
[2023-05-26T06:58:51.834+0000] {logging_mixin.py:149} INFO - [2023-05-26T06:58:51.834+0000] {dagbag.py:541} INFO - Filling up the DagBag from /home/airflow/.local/lib/python3.7/site-packages/airflow/example_dags/example_python_operator.py
[2023-05-26T06:58:51.843+0000] {logging_mixin.py:149} INFO - [2023-05-26T06:58:51.843+0000] {taskmixin.py:211} WARNING - Dependency <Task(_PythonDecoratedOperator): print_the_context>, log_sql_query already registered for DAG: example_python_operator
[2023-05-26T06:58:51.844+0000] {logging_mixin.py:149} INFO - [2023-05-26T06:58:51.844+0000] {taskmixin.py:211} WARNING - Dependency <Task(_PythonDecoratedOperator): log_sql_query>, print_the_context already registered for DAG: example_python_operator
[2023-05-26T06:58:51.845+0000] {logging_mixin.py:149} INFO - [2023-05-26T06:58:51.845+0000] {taskmixin.py:211} WARNING - Dependency <Task(_PythonDecoratedOperator): print_the_context>, log_sql_query already registered for DAG: example_python_operator
[2023-05-26T06:58:51.846+0000] {logging_mixin.py:149} INFO - [2023-05-26T06:58:51.846+0000] {taskmixin.py:211} WARNING - Dependency <Task(_PythonDecoratedOperator): log_sql_query>, print_the_context already registered for DAG: example_python_operator
[2023-05-26T06:58:51.847+0000] {logging_mixin.py:149} INFO - [2023-05-26T06:58:51.847+0000] {taskmixin.py:211} WARNING - Dependency <Task(_PythonDecoratedOperator): print_the_context>, log_sql_query already registered for DAG: example_python_operator
[2023-05-26T06:58:51.848+0000] {logging_mixin.py:149} INFO - [2023-05-26T06:58:51.848+0000] {taskmixin.py:211} WARNING - Dependency <Task(_PythonDecoratedOperator): log_sql_query>, print_the_context already registered for DAG: example_python_operator
[2023-05-26T06:58:51.849+0000] {logging_mixin.py:149} INFO - [2023-05-26T06:58:51.849+0000] {taskmixin.py:211} WARNING - Dependency <Task(_PythonDecoratedOperator): print_the_context>, log_sql_query already registered for DAG: example_python_operator
[2023-05-26T06:58:51.850+0000] {logging_mixin.py:149} INFO - [2023-05-26T06:58:51.850+0000] {taskmixin.py:211} WARNING - Dependency <Task(_PythonDecoratedOperator): log_sql_query>, print_the_context already registered for DAG: example_python_operator
[2023-05-26T06:58:51.854+0000] {processor.py:836} INFO - DAG(s) dict_keys(['example_python_operator']) retrieved from /home/airflow/.local/lib/python3.7/site-packages/airflow/example_dags/example_python_operator.py
[2023-05-26T06:58:51.884+0000] {logging_mixin.py:149} INFO - [2023-05-26T06:58:51.883+0000] {dag.py:2726} INFO - Sync 1 DAGs
[2023-05-26T06:58:51.913+0000] {logging_mixin.py:149} INFO - [2023-05-26T06:58:51.913+0000] {dag.py:3490} INFO - Setting next_dagrun for example_python_operator to None, run_after=None
[2023-05-26T06:58:51.939+0000] {processor.py:179} INFO - Processing /home/airflow/.local/lib/python3.7/site-packages/airflow/example_dags/example_python_operator.py took 0.114 seconds
[2023-05-26T06:59:22.612+0000] {processor.py:157} INFO - Started process (PID=504) to work on /home/airflow/.local/lib/python3.7/site-packages/airflow/example_dags/example_python_operator.py
[2023-05-26T06:59:22.613+0000] {processor.py:826} INFO - Processing file /home/airflow/.local/lib/python3.7/site-packages/airflow/example_dags/example_python_operator.py for tasks to queue
[2023-05-26T06:59:22.616+0000] {logging_mixin.py:149} INFO - [2023-05-26T06:59:22.616+0000] {dagbag.py:541} INFO - Filling up the DagBag from /home/airflow/.local/lib/python3.7/site-packages/airflow/example_dags/example_python_operator.py
[2023-05-26T06:59:22.625+0000] {logging_mixin.py:149} INFO - [2023-05-26T06:59:22.624+0000] {taskmixin.py:211} WARNING - Dependency <Task(_PythonDecoratedOperator): print_the_context>, log_sql_query already registered for DAG: example_python_operator
[2023-05-26T06:59:22.626+0000] {logging_mixin.py:149} INFO - [2023-05-26T06:59:22.626+0000] {taskmixin.py:211} WARNING - Dependency <Task(_PythonDecoratedOperator): log_sql_query>, print_the_context already registered for DAG: example_python_operator
[2023-05-26T06:59:22.628+0000] {logging_mixin.py:149} INFO - [2023-05-26T06:59:22.627+0000] {taskmixin.py:211} WARNING - Dependency <Task(_PythonDecoratedOperator): print_the_context>, log_sql_query already registered for DAG: example_python_operator
[2023-05-26T06:59:22.628+0000] {logging_mixin.py:149} INFO - [2023-05-26T06:59:22.628+0000] {taskmixin.py:211} WARNING - Dependency <Task(_PythonDecoratedOperator): log_sql_query>, print_the_context already registered for DAG: example_python_operator
[2023-05-26T06:59:22.630+0000] {logging_mixin.py:149} INFO - [2023-05-26T06:59:22.630+0000] {taskmixin.py:211} WARNING - Dependency <Task(_PythonDecoratedOperator): print_the_context>, log_sql_query already registered for DAG: example_python_operator
[2023-05-26T06:59:22.631+0000] {logging_mixin.py:149} INFO - [2023-05-26T06:59:22.631+0000] {taskmixin.py:211} WARNING - Dependency <Task(_PythonDecoratedOperator): log_sql_query>, print_the_context already registered for DAG: example_python_operator
[2023-05-26T06:59:22.632+0000] {logging_mixin.py:149} INFO - [2023-05-26T06:59:22.632+0000] {taskmixin.py:211} WARNING - Dependency <Task(_PythonDecoratedOperator): print_the_context>, log_sql_query already registered for DAG: example_python_operator
[2023-05-26T06:59:22.633+0000] {logging_mixin.py:149} INFO - [2023-05-26T06:59:22.633+0000] {taskmixin.py:211} WARNING - Dependency <Task(_PythonDecoratedOperator): log_sql_query>, print_the_context already registered for DAG: example_python_operator
[2023-05-26T06:59:22.637+0000] {processor.py:836} INFO - DAG(s) dict_keys(['example_python_operator']) retrieved from /home/airflow/.local/lib/python3.7/site-packages/airflow/example_dags/example_python_operator.py
[2023-05-26T06:59:22.671+0000] {logging_mixin.py:149} INFO - [2023-05-26T06:59:22.670+0000] {dag.py:2726} INFO - Sync 1 DAGs
[2023-05-26T06:59:22.702+0000] {logging_mixin.py:149} INFO - [2023-05-26T06:59:22.702+0000] {dag.py:3490} INFO - Setting next_dagrun for example_python_operator to None, run_after=None
[2023-05-26T06:59:22.726+0000] {processor.py:179} INFO - Processing /home/airflow/.local/lib/python3.7/site-packages/airflow/example_dags/example_python_operator.py took 0.120 seconds
[2023-05-26T06:59:53.702+0000] {processor.py:157} INFO - Started process (PID=560) to work on /home/airflow/.local/lib/python3.7/site-packages/airflow/example_dags/example_python_operator.py
[2023-05-26T06:59:53.704+0000] {processor.py:826} INFO - Processing file /home/airflow/.local/lib/python3.7/site-packages/airflow/example_dags/example_python_operator.py for tasks to queue
[2023-05-26T06:59:53.707+0000] {logging_mixin.py:149} INFO - [2023-05-26T06:59:53.706+0000] {dagbag.py:541} INFO - Filling up the DagBag from /home/airflow/.local/lib/python3.7/site-packages/airflow/example_dags/example_python_operator.py
[2023-05-26T06:59:53.716+0000] {logging_mixin.py:149} INFO - [2023-05-26T06:59:53.716+0000] {taskmixin.py:211} WARNING - Dependency <Task(_PythonDecoratedOperator): print_the_context>, log_sql_query already registered for DAG: example_python_operator
[2023-05-26T06:59:53.718+0000] {logging_mixin.py:149} INFO - [2023-05-26T06:59:53.717+0000] {taskmixin.py:211} WARNING - Dependency <Task(_PythonDecoratedOperator): log_sql_query>, print_the_context already registered for DAG: example_python_operator
[2023-05-26T06:59:53.719+0000] {logging_mixin.py:149} INFO - [2023-05-26T06:59:53.719+0000] {taskmixin.py:211} WARNING - Dependency <Task(_PythonDecoratedOperator): print_the_context>, log_sql_query already registered for DAG: example_python_operator
[2023-05-26T06:59:53.720+0000] {logging_mixin.py:149} INFO - [2023-05-26T06:59:53.720+0000] {taskmixin.py:211} WARNING - Dependency <Task(_PythonDecoratedOperator): log_sql_query>, print_the_context already registered for DAG: example_python_operator
[2023-05-26T06:59:53.721+0000] {logging_mixin.py:149} INFO - [2023-05-26T06:59:53.721+0000] {taskmixin.py:211} WARNING - Dependency <Task(_PythonDecoratedOperator): print_the_context>, log_sql_query already registered for DAG: example_python_operator
[2023-05-26T06:59:53.722+0000] {logging_mixin.py:149} INFO - [2023-05-26T06:59:53.722+0000] {taskmixin.py:211} WARNING - Dependency <Task(_PythonDecoratedOperator): log_sql_query>, print_the_context already registered for DAG: example_python_operator
[2023-05-26T06:59:53.724+0000] {logging_mixin.py:149} INFO - [2023-05-26T06:59:53.724+0000] {taskmixin.py:211} WARNING - Dependency <Task(_PythonDecoratedOperator): print_the_context>, log_sql_query already registered for DAG: example_python_operator
[2023-05-26T06:59:53.725+0000] {logging_mixin.py:149} INFO - [2023-05-26T06:59:53.725+0000] {taskmixin.py:211} WARNING - Dependency <Task(_PythonDecoratedOperator): log_sql_query>, print_the_context already registered for DAG: example_python_operator
[2023-05-26T06:59:53.730+0000] {processor.py:836} INFO - DAG(s) dict_keys(['example_python_operator']) retrieved from /home/airflow/.local/lib/python3.7/site-packages/airflow/example_dags/example_python_operator.py
[2023-05-26T06:59:53.763+0000] {logging_mixin.py:149} INFO - [2023-05-26T06:59:53.762+0000] {dag.py:2726} INFO - Sync 1 DAGs
[2023-05-26T06:59:53.792+0000] {logging_mixin.py:149} INFO - [2023-05-26T06:59:53.792+0000] {dag.py:3490} INFO - Setting next_dagrun for example_python_operator to None, run_after=None
[2023-05-26T06:59:53.819+0000] {processor.py:179} INFO - Processing /home/airflow/.local/lib/python3.7/site-packages/airflow/example_dags/example_python_operator.py took 0.121 seconds
[2023-05-26T07:00:24.573+0000] {processor.py:157} INFO - Started process (PID=615) to work on /home/airflow/.local/lib/python3.7/site-packages/airflow/example_dags/example_python_operator.py
[2023-05-26T07:00:24.574+0000] {processor.py:826} INFO - Processing file /home/airflow/.local/lib/python3.7/site-packages/airflow/example_dags/example_python_operator.py for tasks to queue
[2023-05-26T07:00:24.578+0000] {logging_mixin.py:149} INFO - [2023-05-26T07:00:24.577+0000] {dagbag.py:541} INFO - Filling up the DagBag from /home/airflow/.local/lib/python3.7/site-packages/airflow/example_dags/example_python_operator.py
[2023-05-26T07:00:24.586+0000] {logging_mixin.py:149} INFO - [2023-05-26T07:00:24.585+0000] {taskmixin.py:211} WARNING - Dependency <Task(_PythonDecoratedOperator): print_the_context>, log_sql_query already registered for DAG: example_python_operator
[2023-05-26T07:00:24.586+0000] {logging_mixin.py:149} INFO - [2023-05-26T07:00:24.586+0000] {taskmixin.py:211} WARNING - Dependency <Task(_PythonDecoratedOperator): log_sql_query>, print_the_context already registered for DAG: example_python_operator
[2023-05-26T07:00:24.589+0000] {logging_mixin.py:149} INFO - [2023-05-26T07:00:24.589+0000] {taskmixin.py:211} WARNING - Dependency <Task(_PythonDecoratedOperator): print_the_context>, log_sql_query already registered for DAG: example_python_operator
[2023-05-26T07:00:24.590+0000] {logging_mixin.py:149} INFO - [2023-05-26T07:00:24.590+0000] {taskmixin.py:211} WARNING - Dependency <Task(_PythonDecoratedOperator): log_sql_query>, print_the_context already registered for DAG: example_python_operator
[2023-05-26T07:00:24.591+0000] {logging_mixin.py:149} INFO - [2023-05-26T07:00:24.591+0000] {taskmixin.py:211} WARNING - Dependency <Task(_PythonDecoratedOperator): print_the_context>, log_sql_query already registered for DAG: example_python_operator
[2023-05-26T07:00:24.592+0000] {logging_mixin.py:149} INFO - [2023-05-26T07:00:24.592+0000] {taskmixin.py:211} WARNING - Dependency <Task(_PythonDecoratedOperator): log_sql_query>, print_the_context already registered for DAG: example_python_operator
[2023-05-26T07:00:24.593+0000] {logging_mixin.py:149} INFO - [2023-05-26T07:00:24.593+0000] {taskmixin.py:211} WARNING - Dependency <Task(_PythonDecoratedOperator): print_the_context>, log_sql_query already registered for DAG: example_python_operator
[2023-05-26T07:00:24.595+0000] {logging_mixin.py:149} INFO - [2023-05-26T07:00:24.595+0000] {taskmixin.py:211} WARNING - Dependency <Task(_PythonDecoratedOperator): log_sql_query>, print_the_context already registered for DAG: example_python_operator
[2023-05-26T07:00:24.600+0000] {processor.py:836} INFO - DAG(s) dict_keys(['example_python_operator']) retrieved from /home/airflow/.local/lib/python3.7/site-packages/airflow/example_dags/example_python_operator.py
[2023-05-26T07:00:24.629+0000] {logging_mixin.py:149} INFO - [2023-05-26T07:00:24.629+0000] {dag.py:2726} INFO - Sync 1 DAGs
[2023-05-26T07:00:24.662+0000] {logging_mixin.py:149} INFO - [2023-05-26T07:00:24.662+0000] {dag.py:3490} INFO - Setting next_dagrun for example_python_operator to None, run_after=None
[2023-05-26T07:00:24.686+0000] {processor.py:179} INFO - Processing /home/airflow/.local/lib/python3.7/site-packages/airflow/example_dags/example_python_operator.py took 0.118 seconds
[2023-05-26T07:00:55.234+0000] {processor.py:157} INFO - Started process (PID=671) to work on /home/airflow/.local/lib/python3.7/site-packages/airflow/example_dags/example_python_operator.py
[2023-05-26T07:00:55.236+0000] {processor.py:826} INFO - Processing file /home/airflow/.local/lib/python3.7/site-packages/airflow/example_dags/example_python_operator.py for tasks to queue
[2023-05-26T07:00:55.239+0000] {logging_mixin.py:149} INFO - [2023-05-26T07:00:55.239+0000] {dagbag.py:541} INFO - Filling up the DagBag from /home/airflow/.local/lib/python3.7/site-packages/airflow/example_dags/example_python_operator.py
[2023-05-26T07:00:55.249+0000] {logging_mixin.py:149} INFO - [2023-05-26T07:00:55.248+0000] {taskmixin.py:211} WARNING - Dependency <Task(_PythonDecoratedOperator): print_the_context>, log_sql_query already registered for DAG: example_python_operator
[2023-05-26T07:00:55.250+0000] {logging_mixin.py:149} INFO - [2023-05-26T07:00:55.249+0000] {taskmixin.py:211} WARNING - Dependency <Task(_PythonDecoratedOperator): log_sql_query>, print_the_context already registered for DAG: example_python_operator
[2023-05-26T07:00:55.251+0000] {logging_mixin.py:149} INFO - [2023-05-26T07:00:55.251+0000] {taskmixin.py:211} WARNING - Dependency <Task(_PythonDecoratedOperator): print_the_context>, log_sql_query already registered for DAG: example_python_operator
[2023-05-26T07:00:55.252+0000] {logging_mixin.py:149} INFO - [2023-05-26T07:00:55.252+0000] {taskmixin.py:211} WARNING - Dependency <Task(_PythonDecoratedOperator): log_sql_query>, print_the_context already registered for DAG: example_python_operator
[2023-05-26T07:00:55.253+0000] {logging_mixin.py:149} INFO - [2023-05-26T07:00:55.253+0000] {taskmixin.py:211} WARNING - Dependency <Task(_PythonDecoratedOperator): print_the_context>, log_sql_query already registered for DAG: example_python_operator
[2023-05-26T07:00:55.255+0000] {logging_mixin.py:149} INFO - [2023-05-26T07:00:55.254+0000] {taskmixin.py:211} WARNING - Dependency <Task(_PythonDecoratedOperator): log_sql_query>, print_the_context already registered for DAG: example_python_operator
[2023-05-26T07:00:55.256+0000] {logging_mixin.py:149} INFO - [2023-05-26T07:00:55.256+0000] {taskmixin.py:211} WARNING - Dependency <Task(_PythonDecoratedOperator): print_the_context>, log_sql_query already registered for DAG: example_python_operator
[2023-05-26T07:00:55.257+0000] {logging_mixin.py:149} INFO - [2023-05-26T07:00:55.257+0000] {taskmixin.py:211} WARNING - Dependency <Task(_PythonDecoratedOperator): log_sql_query>, print_the_context already registered for DAG: example_python_operator
[2023-05-26T07:00:55.261+0000] {processor.py:836} INFO - DAG(s) dict_keys(['example_python_operator']) retrieved from /home/airflow/.local/lib/python3.7/site-packages/airflow/example_dags/example_python_operator.py
[2023-05-26T07:00:55.295+0000] {logging_mixin.py:149} INFO - [2023-05-26T07:00:55.294+0000] {dag.py:2726} INFO - Sync 1 DAGs
[2023-05-26T07:00:55.323+0000] {logging_mixin.py:149} INFO - [2023-05-26T07:00:55.323+0000] {dag.py:3490} INFO - Setting next_dagrun for example_python_operator to None, run_after=None
[2023-05-26T07:00:55.345+0000] {processor.py:179} INFO - Processing /home/airflow/.local/lib/python3.7/site-packages/airflow/example_dags/example_python_operator.py took 0.116 seconds
[2023-05-26T07:01:25.986+0000] {processor.py:157} INFO - Started process (PID=727) to work on /home/airflow/.local/lib/python3.7/site-packages/airflow/example_dags/example_python_operator.py
[2023-05-26T07:01:25.989+0000] {processor.py:826} INFO - Processing file /home/airflow/.local/lib/python3.7/site-packages/airflow/example_dags/example_python_operator.py for tasks to queue
[2023-05-26T07:01:25.993+0000] {logging_mixin.py:149} INFO - [2023-05-26T07:01:25.993+0000] {dagbag.py:541} INFO - Filling up the DagBag from /home/airflow/.local/lib/python3.7/site-packages/airflow/example_dags/example_python_operator.py
[2023-05-26T07:01:26.012+0000] {logging_mixin.py:149} INFO - [2023-05-26T07:01:26.011+0000] {taskmixin.py:211} WARNING - Dependency <Task(_PythonDecoratedOperator): print_the_context>, log_sql_query already registered for DAG: example_python_operator
[2023-05-26T07:01:26.013+0000] {logging_mixin.py:149} INFO - [2023-05-26T07:01:26.013+0000] {taskmixin.py:211} WARNING - Dependency <Task(_PythonDecoratedOperator): log_sql_query>, print_the_context already registered for DAG: example_python_operator
[2023-05-26T07:01:26.016+0000] {logging_mixin.py:149} INFO - [2023-05-26T07:01:26.016+0000] {taskmixin.py:211} WARNING - Dependency <Task(_PythonDecoratedOperator): print_the_context>, log_sql_query already registered for DAG: example_python_operator
[2023-05-26T07:01:26.018+0000] {logging_mixin.py:149} INFO - [2023-05-26T07:01:26.018+0000] {taskmixin.py:211} WARNING - Dependency <Task(_PythonDecoratedOperator): log_sql_query>, print_the_context already registered for DAG: example_python_operator
[2023-05-26T07:01:26.021+0000] {logging_mixin.py:149} INFO - [2023-05-26T07:01:26.021+0000] {taskmixin.py:211} WARNING - Dependency <Task(_PythonDecoratedOperator): print_the_context>, log_sql_query already registered for DAG: example_python_operator
[2023-05-26T07:01:26.022+0000] {logging_mixin.py:149} INFO - [2023-05-26T07:01:26.022+0000] {taskmixin.py:211} WARNING - Dependency <Task(_PythonDecoratedOperator): log_sql_query>, print_the_context already registered for DAG: example_python_operator
[2023-05-26T07:01:26.025+0000] {logging_mixin.py:149} INFO - [2023-05-26T07:01:26.025+0000] {taskmixin.py:211} WARNING - Dependency <Task(_PythonDecoratedOperator): print_the_context>, log_sql_query already registered for DAG: example_python_operator
[2023-05-26T07:01:26.027+0000] {logging_mixin.py:149} INFO - [2023-05-26T07:01:26.026+0000] {taskmixin.py:211} WARNING - Dependency <Task(_PythonDecoratedOperator): log_sql_query>, print_the_context already registered for DAG: example_python_operator
[2023-05-26T07:01:26.036+0000] {processor.py:836} INFO - DAG(s) dict_keys(['example_python_operator']) retrieved from /home/airflow/.local/lib/python3.7/site-packages/airflow/example_dags/example_python_operator.py
[2023-05-26T07:01:26.090+0000] {logging_mixin.py:149} INFO - [2023-05-26T07:01:26.089+0000] {dag.py:2726} INFO - Sync 1 DAGs
[2023-05-26T07:01:26.142+0000] {logging_mixin.py:149} INFO - [2023-05-26T07:01:26.142+0000] {dag.py:3490} INFO - Setting next_dagrun for example_python_operator to None, run_after=None
[2023-05-26T07:01:26.177+0000] {processor.py:179} INFO - Processing /home/airflow/.local/lib/python3.7/site-packages/airflow/example_dags/example_python_operator.py took 0.198 seconds
[2023-05-26T07:01:57.107+0000] {processor.py:157} INFO - Started process (PID=783) to work on /home/airflow/.local/lib/python3.7/site-packages/airflow/example_dags/example_python_operator.py
[2023-05-26T07:01:57.110+0000] {processor.py:826} INFO - Processing file /home/airflow/.local/lib/python3.7/site-packages/airflow/example_dags/example_python_operator.py for tasks to queue
[2023-05-26T07:01:57.116+0000] {logging_mixin.py:149} INFO - [2023-05-26T07:01:57.116+0000] {dagbag.py:541} INFO - Filling up the DagBag from /home/airflow/.local/lib/python3.7/site-packages/airflow/example_dags/example_python_operator.py
[2023-05-26T07:01:57.133+0000] {logging_mixin.py:149} INFO - [2023-05-26T07:01:57.133+0000] {taskmixin.py:211} WARNING - Dependency <Task(_PythonDecoratedOperator): print_the_context>, log_sql_query already registered for DAG: example_python_operator
[2023-05-26T07:01:57.135+0000] {logging_mixin.py:149} INFO - [2023-05-26T07:01:57.134+0000] {taskmixin.py:211} WARNING - Dependency <Task(_PythonDecoratedOperator): log_sql_query>, print_the_context already registered for DAG: example_python_operator
[2023-05-26T07:01:57.138+0000] {logging_mixin.py:149} INFO - [2023-05-26T07:01:57.137+0000] {taskmixin.py:211} WARNING - Dependency <Task(_PythonDecoratedOperator): print_the_context>, log_sql_query already registered for DAG: example_python_operator
[2023-05-26T07:01:57.139+0000] {logging_mixin.py:149} INFO - [2023-05-26T07:01:57.139+0000] {taskmixin.py:211} WARNING - Dependency <Task(_PythonDecoratedOperator): log_sql_query>, print_the_context already registered for DAG: example_python_operator
[2023-05-26T07:01:57.142+0000] {logging_mixin.py:149} INFO - [2023-05-26T07:01:57.142+0000] {taskmixin.py:211} WARNING - Dependency <Task(_PythonDecoratedOperator): print_the_context>, log_sql_query already registered for DAG: example_python_operator
[2023-05-26T07:01:57.144+0000] {logging_mixin.py:149} INFO - [2023-05-26T07:01:57.143+0000] {taskmixin.py:211} WARNING - Dependency <Task(_PythonDecoratedOperator): log_sql_query>, print_the_context already registered for DAG: example_python_operator
[2023-05-26T07:01:57.147+0000] {logging_mixin.py:149} INFO - [2023-05-26T07:01:57.147+0000] {taskmixin.py:211} WARNING - Dependency <Task(_PythonDecoratedOperator): print_the_context>, log_sql_query already registered for DAG: example_python_operator
[2023-05-26T07:01:57.149+0000] {logging_mixin.py:149} INFO - [2023-05-26T07:01:57.148+0000] {taskmixin.py:211} WARNING - Dependency <Task(_PythonDecoratedOperator): log_sql_query>, print_the_context already registered for DAG: example_python_operator
[2023-05-26T07:01:57.157+0000] {processor.py:836} INFO - DAG(s) dict_keys(['example_python_operator']) retrieved from /home/airflow/.local/lib/python3.7/site-packages/airflow/example_dags/example_python_operator.py
[2023-05-26T07:01:57.227+0000] {logging_mixin.py:149} INFO - [2023-05-26T07:01:57.226+0000] {dag.py:2726} INFO - Sync 1 DAGs
[2023-05-26T07:01:57.282+0000] {logging_mixin.py:149} INFO - [2023-05-26T07:01:57.282+0000] {dag.py:3490} INFO - Setting next_dagrun for example_python_operator to None, run_after=None
[2023-05-26T07:01:57.321+0000] {processor.py:179} INFO - Processing /home/airflow/.local/lib/python3.7/site-packages/airflow/example_dags/example_python_operator.py took 0.223 seconds
[2023-05-26T07:02:29.621+0000] {processor.py:157} INFO - Started process (PID=839) to work on /home/airflow/.local/lib/python3.7/site-packages/airflow/example_dags/example_python_operator.py
[2023-05-26T07:02:29.626+0000] {processor.py:826} INFO - Processing file /home/airflow/.local/lib/python3.7/site-packages/airflow/example_dags/example_python_operator.py for tasks to queue
[2023-05-26T07:02:29.634+0000] {logging_mixin.py:149} INFO - [2023-05-26T07:02:29.634+0000] {dagbag.py:541} INFO - Filling up the DagBag from /home/airflow/.local/lib/python3.7/site-packages/airflow/example_dags/example_python_operator.py
[2023-05-26T07:02:29.657+0000] {logging_mixin.py:149} INFO - [2023-05-26T07:02:29.656+0000] {taskmixin.py:211} WARNING - Dependency <Task(_PythonDecoratedOperator): print_the_context>, log_sql_query already registered for DAG: example_python_operator
[2023-05-26T07:02:29.659+0000] {logging_mixin.py:149} INFO - [2023-05-26T07:02:29.659+0000] {taskmixin.py:211} WARNING - Dependency <Task(_PythonDecoratedOperator): log_sql_query>, print_the_context already registered for DAG: example_python_operator
[2023-05-26T07:02:29.663+0000] {logging_mixin.py:149} INFO - [2023-05-26T07:02:29.662+0000] {taskmixin.py:211} WARNING - Dependency <Task(_PythonDecoratedOperator): print_the_context>, log_sql_query already registered for DAG: example_python_operator
[2023-05-26T07:02:29.665+0000] {logging_mixin.py:149} INFO - [2023-05-26T07:02:29.665+0000] {taskmixin.py:211} WARNING - Dependency <Task(_PythonDecoratedOperator): log_sql_query>, print_the_context already registered for DAG: example_python_operator
[2023-05-26T07:02:29.670+0000] {logging_mixin.py:149} INFO - [2023-05-26T07:02:29.669+0000] {taskmixin.py:211} WARNING - Dependency <Task(_PythonDecoratedOperator): print_the_context>, log_sql_query already registered for DAG: example_python_operator
[2023-05-26T07:02:29.672+0000] {logging_mixin.py:149} INFO - [2023-05-26T07:02:29.671+0000] {taskmixin.py:211} WARNING - Dependency <Task(_PythonDecoratedOperator): log_sql_query>, print_the_context already registered for DAG: example_python_operator
[2023-05-26T07:02:29.676+0000] {logging_mixin.py:149} INFO - [2023-05-26T07:02:29.676+0000] {taskmixin.py:211} WARNING - Dependency <Task(_PythonDecoratedOperator): print_the_context>, log_sql_query already registered for DAG: example_python_operator
[2023-05-26T07:02:29.678+0000] {logging_mixin.py:149} INFO - [2023-05-26T07:02:29.678+0000] {taskmixin.py:211} WARNING - Dependency <Task(_PythonDecoratedOperator): log_sql_query>, print_the_context already registered for DAG: example_python_operator
[2023-05-26T07:02:29.689+0000] {processor.py:836} INFO - DAG(s) dict_keys(['example_python_operator']) retrieved from /home/airflow/.local/lib/python3.7/site-packages/airflow/example_dags/example_python_operator.py
[2023-05-26T07:02:29.780+0000] {logging_mixin.py:149} INFO - [2023-05-26T07:02:29.778+0000] {dag.py:2726} INFO - Sync 1 DAGs
[2023-05-26T07:02:29.869+0000] {logging_mixin.py:149} INFO - [2023-05-26T07:02:29.869+0000] {dag.py:3490} INFO - Setting next_dagrun for example_python_operator to None, run_after=None
[2023-05-26T07:02:29.926+0000] {processor.py:179} INFO - Processing /home/airflow/.local/lib/python3.7/site-packages/airflow/example_dags/example_python_operator.py took 0.317 seconds
[2023-05-26T07:03:00.167+0000] {processor.py:157} INFO - Started process (PID=897) to work on /home/airflow/.local/lib/python3.7/site-packages/airflow/example_dags/example_python_operator.py
[2023-05-26T07:03:00.168+0000] {processor.py:826} INFO - Processing file /home/airflow/.local/lib/python3.7/site-packages/airflow/example_dags/example_python_operator.py for tasks to queue
[2023-05-26T07:03:00.171+0000] {logging_mixin.py:149} INFO - [2023-05-26T07:03:00.171+0000] {dagbag.py:541} INFO - Filling up the DagBag from /home/airflow/.local/lib/python3.7/site-packages/airflow/example_dags/example_python_operator.py
[2023-05-26T07:03:00.180+0000] {logging_mixin.py:149} INFO - [2023-05-26T07:03:00.180+0000] {taskmixin.py:211} WARNING - Dependency <Task(_PythonDecoratedOperator): print_the_context>, log_sql_query already registered for DAG: example_python_operator
[2023-05-26T07:03:00.182+0000] {logging_mixin.py:149} INFO - [2023-05-26T07:03:00.182+0000] {taskmixin.py:211} WARNING - Dependency <Task(_PythonDecoratedOperator): log_sql_query>, print_the_context already registered for DAG: example_python_operator
[2023-05-26T07:03:00.183+0000] {logging_mixin.py:149} INFO - [2023-05-26T07:03:00.183+0000] {taskmixin.py:211} WARNING - Dependency <Task(_PythonDecoratedOperator): print_the_context>, log_sql_query already registered for DAG: example_python_operator
[2023-05-26T07:03:00.185+0000] {logging_mixin.py:149} INFO - [2023-05-26T07:03:00.185+0000] {taskmixin.py:211} WARNING - Dependency <Task(_PythonDecoratedOperator): log_sql_query>, print_the_context already registered for DAG: example_python_operator
[2023-05-26T07:03:00.186+0000] {logging_mixin.py:149} INFO - [2023-05-26T07:03:00.186+0000] {taskmixin.py:211} WARNING - Dependency <Task(_PythonDecoratedOperator): print_the_context>, log_sql_query already registered for DAG: example_python_operator
[2023-05-26T07:03:00.187+0000] {logging_mixin.py:149} INFO - [2023-05-26T07:03:00.187+0000] {taskmixin.py:211} WARNING - Dependency <Task(_PythonDecoratedOperator): log_sql_query>, print_the_context already registered for DAG: example_python_operator
[2023-05-26T07:03:00.189+0000] {logging_mixin.py:149} INFO - [2023-05-26T07:03:00.188+0000] {taskmixin.py:211} WARNING - Dependency <Task(_PythonDecoratedOperator): print_the_context>, log_sql_query already registered for DAG: example_python_operator
[2023-05-26T07:03:00.195+0000] {logging_mixin.py:149} INFO - [2023-05-26T07:03:00.195+0000] {taskmixin.py:211} WARNING - Dependency <Task(_PythonDecoratedOperator): log_sql_query>, print_the_context already registered for DAG: example_python_operator
[2023-05-26T07:03:00.203+0000] {processor.py:836} INFO - DAG(s) dict_keys(['example_python_operator']) retrieved from /home/airflow/.local/lib/python3.7/site-packages/airflow/example_dags/example_python_operator.py
[2023-05-26T07:03:00.243+0000] {logging_mixin.py:149} INFO - [2023-05-26T07:03:00.242+0000] {dag.py:2726} INFO - Sync 1 DAGs
[2023-05-26T07:03:00.278+0000] {logging_mixin.py:149} INFO - [2023-05-26T07:03:00.278+0000] {dag.py:3490} INFO - Setting next_dagrun for example_python_operator to None, run_after=None
[2023-05-26T07:03:00.309+0000] {processor.py:179} INFO - Processing /home/airflow/.local/lib/python3.7/site-packages/airflow/example_dags/example_python_operator.py took 0.147 seconds
[2023-05-26T07:03:30.637+0000] {processor.py:157} INFO - Started process (PID=956) to work on /home/airflow/.local/lib/python3.7/site-packages/airflow/example_dags/example_python_operator.py
[2023-05-26T07:03:30.639+0000] {processor.py:826} INFO - Processing file /home/airflow/.local/lib/python3.7/site-packages/airflow/example_dags/example_python_operator.py for tasks to queue
[2023-05-26T07:03:30.642+0000] {logging_mixin.py:149} INFO - [2023-05-26T07:03:30.642+0000] {dagbag.py:541} INFO - Filling up the DagBag from /home/airflow/.local/lib/python3.7/site-packages/airflow/example_dags/example_python_operator.py
[2023-05-26T07:03:30.651+0000] {logging_mixin.py:149} INFO - [2023-05-26T07:03:30.651+0000] {taskmixin.py:211} WARNING - Dependency <Task(_PythonDecoratedOperator): print_the_context>, log_sql_query already registered for DAG: example_python_operator
[2023-05-26T07:03:30.653+0000] {logging_mixin.py:149} INFO - [2023-05-26T07:03:30.652+0000] {taskmixin.py:211} WARNING - Dependency <Task(_PythonDecoratedOperator): log_sql_query>, print_the_context already registered for DAG: example_python_operator
[2023-05-26T07:03:30.654+0000] {logging_mixin.py:149} INFO - [2023-05-26T07:03:30.654+0000] {taskmixin.py:211} WARNING - Dependency <Task(_PythonDecoratedOperator): print_the_context>, log_sql_query already registered for DAG: example_python_operator
[2023-05-26T07:03:30.655+0000] {logging_mixin.py:149} INFO - [2023-05-26T07:03:30.655+0000] {taskmixin.py:211} WARNING - Dependency <Task(_PythonDecoratedOperator): log_sql_query>, print_the_context already registered for DAG: example_python_operator
[2023-05-26T07:03:30.657+0000] {logging_mixin.py:149} INFO - [2023-05-26T07:03:30.657+0000] {taskmixin.py:211} WARNING - Dependency <Task(_PythonDecoratedOperator): print_the_context>, log_sql_query already registered for DAG: example_python_operator
[2023-05-26T07:03:30.658+0000] {logging_mixin.py:149} INFO - [2023-05-26T07:03:30.657+0000] {taskmixin.py:211} WARNING - Dependency <Task(_PythonDecoratedOperator): log_sql_query>, print_the_context already registered for DAG: example_python_operator
[2023-05-26T07:03:30.659+0000] {logging_mixin.py:149} INFO - [2023-05-26T07:03:30.659+0000] {taskmixin.py:211} WARNING - Dependency <Task(_PythonDecoratedOperator): print_the_context>, log_sql_query already registered for DAG: example_python_operator
[2023-05-26T07:03:30.660+0000] {logging_mixin.py:149} INFO - [2023-05-26T07:03:30.660+0000] {taskmixin.py:211} WARNING - Dependency <Task(_PythonDecoratedOperator): log_sql_query>, print_the_context already registered for DAG: example_python_operator
[2023-05-26T07:03:30.663+0000] {processor.py:836} INFO - DAG(s) dict_keys(['example_python_operator']) retrieved from /home/airflow/.local/lib/python3.7/site-packages/airflow/example_dags/example_python_operator.py
[2023-05-26T07:03:30.698+0000] {logging_mixin.py:149} INFO - [2023-05-26T07:03:30.698+0000] {dag.py:2726} INFO - Sync 1 DAGs
[2023-05-26T07:03:30.737+0000] {logging_mixin.py:149} INFO - [2023-05-26T07:03:30.737+0000] {dag.py:3490} INFO - Setting next_dagrun for example_python_operator to None, run_after=None
[2023-05-26T07:03:30.774+0000] {processor.py:179} INFO - Processing /home/airflow/.local/lib/python3.7/site-packages/airflow/example_dags/example_python_operator.py took 0.142 seconds
[2023-05-26T07:04:01.557+0000] {processor.py:157} INFO - Started process (PID=1012) to work on /home/airflow/.local/lib/python3.7/site-packages/airflow/example_dags/example_python_operator.py
[2023-05-26T07:04:01.559+0000] {processor.py:826} INFO - Processing file /home/airflow/.local/lib/python3.7/site-packages/airflow/example_dags/example_python_operator.py for tasks to queue
[2023-05-26T07:04:01.562+0000] {logging_mixin.py:149} INFO - [2023-05-26T07:04:01.562+0000] {dagbag.py:541} INFO - Filling up the DagBag from /home/airflow/.local/lib/python3.7/site-packages/airflow/example_dags/example_python_operator.py
[2023-05-26T07:04:01.571+0000] {logging_mixin.py:149} INFO - [2023-05-26T07:04:01.571+0000] {taskmixin.py:211} WARNING - Dependency <Task(_PythonDecoratedOperator): print_the_context>, log_sql_query already registered for DAG: example_python_operator
[2023-05-26T07:04:01.572+0000] {logging_mixin.py:149} INFO - [2023-05-26T07:04:01.572+0000] {taskmixin.py:211} WARNING - Dependency <Task(_PythonDecoratedOperator): log_sql_query>, print_the_context already registered for DAG: example_python_operator
[2023-05-26T07:04:01.574+0000] {logging_mixin.py:149} INFO - [2023-05-26T07:04:01.573+0000] {taskmixin.py:211} WARNING - Dependency <Task(_PythonDecoratedOperator): print_the_context>, log_sql_query already registered for DAG: example_python_operator
[2023-05-26T07:04:01.575+0000] {logging_mixin.py:149} INFO - [2023-05-26T07:04:01.575+0000] {taskmixin.py:211} WARNING - Dependency <Task(_PythonDecoratedOperator): log_sql_query>, print_the_context already registered for DAG: example_python_operator
[2023-05-26T07:04:01.576+0000] {logging_mixin.py:149} INFO - [2023-05-26T07:04:01.576+0000] {taskmixin.py:211} WARNING - Dependency <Task(_PythonDecoratedOperator): print_the_context>, log_sql_query already registered for DAG: example_python_operator
[2023-05-26T07:04:01.578+0000] {logging_mixin.py:149} INFO - [2023-05-26T07:04:01.577+0000] {taskmixin.py:211} WARNING - Dependency <Task(_PythonDecoratedOperator): log_sql_query>, print_the_context already registered for DAG: example_python_operator
[2023-05-26T07:04:01.579+0000] {logging_mixin.py:149} INFO - [2023-05-26T07:04:01.579+0000] {taskmixin.py:211} WARNING - Dependency <Task(_PythonDecoratedOperator): print_the_context>, log_sql_query already registered for DAG: example_python_operator
[2023-05-26T07:04:01.581+0000] {logging_mixin.py:149} INFO - [2023-05-26T07:04:01.581+0000] {taskmixin.py:211} WARNING - Dependency <Task(_PythonDecoratedOperator): log_sql_query>, print_the_context already registered for DAG: example_python_operator
[2023-05-26T07:04:01.586+0000] {processor.py:836} INFO - DAG(s) dict_keys(['example_python_operator']) retrieved from /home/airflow/.local/lib/python3.7/site-packages/airflow/example_dags/example_python_operator.py
[2023-05-26T07:04:01.621+0000] {logging_mixin.py:149} INFO - [2023-05-26T07:04:01.621+0000] {dag.py:2726} INFO - Sync 1 DAGs
[2023-05-26T07:04:01.652+0000] {logging_mixin.py:149} INFO - [2023-05-26T07:04:01.651+0000] {dag.py:3490} INFO - Setting next_dagrun for example_python_operator to None, run_after=None
[2023-05-26T07:04:01.674+0000] {processor.py:179} INFO - Processing /home/airflow/.local/lib/python3.7/site-packages/airflow/example_dags/example_python_operator.py took 0.122 seconds
[2023-05-26T07:04:32.550+0000] {processor.py:157} INFO - Started process (PID=1069) to work on /home/airflow/.local/lib/python3.7/site-packages/airflow/example_dags/example_python_operator.py
[2023-05-26T07:04:32.551+0000] {processor.py:826} INFO - Processing file /home/airflow/.local/lib/python3.7/site-packages/airflow/example_dags/example_python_operator.py for tasks to queue
[2023-05-26T07:04:32.555+0000] {logging_mixin.py:149} INFO - [2023-05-26T07:04:32.555+0000] {dagbag.py:541} INFO - Filling up the DagBag from /home/airflow/.local/lib/python3.7/site-packages/airflow/example_dags/example_python_operator.py
[2023-05-26T07:04:32.564+0000] {logging_mixin.py:149} INFO - [2023-05-26T07:04:32.564+0000] {taskmixin.py:211} WARNING - Dependency <Task(_PythonDecoratedOperator): print_the_context>, log_sql_query already registered for DAG: example_python_operator
[2023-05-26T07:04:32.565+0000] {logging_mixin.py:149} INFO - [2023-05-26T07:04:32.565+0000] {taskmixin.py:211} WARNING - Dependency <Task(_PythonDecoratedOperator): log_sql_query>, print_the_context already registered for DAG: example_python_operator
[2023-05-26T07:04:32.567+0000] {logging_mixin.py:149} INFO - [2023-05-26T07:04:32.566+0000] {taskmixin.py:211} WARNING - Dependency <Task(_PythonDecoratedOperator): print_the_context>, log_sql_query already registered for DAG: example_python_operator
[2023-05-26T07:04:32.567+0000] {logging_mixin.py:149} INFO - [2023-05-26T07:04:32.567+0000] {taskmixin.py:211} WARNING - Dependency <Task(_PythonDecoratedOperator): log_sql_query>, print_the_context already registered for DAG: example_python_operator
[2023-05-26T07:04:32.569+0000] {logging_mixin.py:149} INFO - [2023-05-26T07:04:32.569+0000] {taskmixin.py:211} WARNING - Dependency <Task(_PythonDecoratedOperator): print_the_context>, log_sql_query already registered for DAG: example_python_operator
[2023-05-26T07:04:32.570+0000] {logging_mixin.py:149} INFO - [2023-05-26T07:04:32.570+0000] {taskmixin.py:211} WARNING - Dependency <Task(_PythonDecoratedOperator): log_sql_query>, print_the_context already registered for DAG: example_python_operator
[2023-05-26T07:04:32.571+0000] {logging_mixin.py:149} INFO - [2023-05-26T07:04:32.571+0000] {taskmixin.py:211} WARNING - Dependency <Task(_PythonDecoratedOperator): print_the_context>, log_sql_query already registered for DAG: example_python_operator
[2023-05-26T07:04:32.572+0000] {logging_mixin.py:149} INFO - [2023-05-26T07:04:32.572+0000] {taskmixin.py:211} WARNING - Dependency <Task(_PythonDecoratedOperator): log_sql_query>, print_the_context already registered for DAG: example_python_operator
[2023-05-26T07:04:32.576+0000] {processor.py:836} INFO - DAG(s) dict_keys(['example_python_operator']) retrieved from /home/airflow/.local/lib/python3.7/site-packages/airflow/example_dags/example_python_operator.py
[2023-05-26T07:04:32.607+0000] {logging_mixin.py:149} INFO - [2023-05-26T07:04:32.606+0000] {dag.py:2726} INFO - Sync 1 DAGs
[2023-05-26T07:04:32.638+0000] {logging_mixin.py:149} INFO - [2023-05-26T07:04:32.638+0000] {dag.py:3490} INFO - Setting next_dagrun for example_python_operator to None, run_after=None
[2023-05-26T07:04:32.671+0000] {processor.py:179} INFO - Processing /home/airflow/.local/lib/python3.7/site-packages/airflow/example_dags/example_python_operator.py took 0.126 seconds
