[2023-05-26T06:51:25.846+0000] {processor.py:157} INFO - Started process (PID=44) to work on /home/airflow/.local/lib/python3.7/site-packages/airflow/example_dags/example_latest_only_with_trigger.py
[2023-05-26T06:51:25.848+0000] {processor.py:826} INFO - Processing file /home/airflow/.local/lib/python3.7/site-packages/airflow/example_dags/example_latest_only_with_trigger.py for tasks to queue
[2023-05-26T06:51:25.852+0000] {logging_mixin.py:149} INFO - [2023-05-26T06:51:25.851+0000] {dagbag.py:541} INFO - Filling up the DagBag from /home/airflow/.local/lib/python3.7/site-packages/airflow/example_dags/example_latest_only_with_trigger.py
[2023-05-26T06:51:25.865+0000] {processor.py:836} INFO - DAG(s) dict_keys(['latest_only_with_trigger']) retrieved from /home/airflow/.local/lib/python3.7/site-packages/airflow/example_dags/example_latest_only_with_trigger.py
[2023-05-26T06:51:25.885+0000] {logging_mixin.py:149} INFO - [2023-05-26T06:51:25.884+0000] {dag.py:2726} INFO - Sync 1 DAGs
[2023-05-26T06:51:25.936+0000] {logging_mixin.py:149} INFO - [2023-05-26T06:51:25.936+0000] {dag.py:3490} INFO - Setting next_dagrun for latest_only_with_trigger to 2023-05-26T02:51:25.935904+00:00, run_after=2023-05-26T06:51:25.935904+00:00
[2023-05-26T06:51:25.990+0000] {processor.py:179} INFO - Processing /home/airflow/.local/lib/python3.7/site-packages/airflow/example_dags/example_latest_only_with_trigger.py took 0.149 seconds
[2023-05-26T06:51:56.891+0000] {processor.py:157} INFO - Started process (PID=98) to work on /home/airflow/.local/lib/python3.7/site-packages/airflow/example_dags/example_latest_only_with_trigger.py
[2023-05-26T06:51:56.893+0000] {processor.py:826} INFO - Processing file /home/airflow/.local/lib/python3.7/site-packages/airflow/example_dags/example_latest_only_with_trigger.py for tasks to queue
[2023-05-26T06:51:56.896+0000] {logging_mixin.py:149} INFO - [2023-05-26T06:51:56.896+0000] {dagbag.py:541} INFO - Filling up the DagBag from /home/airflow/.local/lib/python3.7/site-packages/airflow/example_dags/example_latest_only_with_trigger.py
[2023-05-26T06:51:56.903+0000] {processor.py:836} INFO - DAG(s) dict_keys(['latest_only_with_trigger']) retrieved from /home/airflow/.local/lib/python3.7/site-packages/airflow/example_dags/example_latest_only_with_trigger.py
[2023-05-26T06:51:56.934+0000] {logging_mixin.py:149} INFO - [2023-05-26T06:51:56.933+0000] {dag.py:2726} INFO - Sync 1 DAGs
[2023-05-26T06:51:56.963+0000] {logging_mixin.py:149} INFO - [2023-05-26T06:51:56.963+0000] {dag.py:3490} INFO - Setting next_dagrun for latest_only_with_trigger to 2023-05-26T02:51:56.963386+00:00, run_after=2023-05-26T06:51:56.963386+00:00
[2023-05-26T06:51:56.992+0000] {processor.py:179} INFO - Processing /home/airflow/.local/lib/python3.7/site-packages/airflow/example_dags/example_latest_only_with_trigger.py took 0.105 seconds
[2023-05-26T06:55:15.686+0000] {processor.py:157} INFO - Started process (PID=43) to work on /home/airflow/.local/lib/python3.7/site-packages/airflow/example_dags/example_latest_only_with_trigger.py
[2023-05-26T06:55:15.692+0000] {processor.py:826} INFO - Processing file /home/airflow/.local/lib/python3.7/site-packages/airflow/example_dags/example_latest_only_with_trigger.py for tasks to queue
[2023-05-26T06:55:15.699+0000] {logging_mixin.py:149} INFO - [2023-05-26T06:55:15.699+0000] {dagbag.py:541} INFO - Filling up the DagBag from /home/airflow/.local/lib/python3.7/site-packages/airflow/example_dags/example_latest_only_with_trigger.py
[2023-05-26T06:55:15.729+0000] {processor.py:836} INFO - DAG(s) dict_keys(['latest_only_with_trigger']) retrieved from /home/airflow/.local/lib/python3.7/site-packages/airflow/example_dags/example_latest_only_with_trigger.py
[2023-05-26T06:55:15.764+0000] {logging_mixin.py:149} INFO - [2023-05-26T06:55:15.764+0000] {dag.py:2726} INFO - Sync 1 DAGs
[2023-05-26T06:55:15.800+0000] {logging_mixin.py:149} INFO - [2023-05-26T06:55:15.800+0000] {dag.py:3490} INFO - Setting next_dagrun for latest_only_with_trigger to 2023-05-26T02:55:15.799978+00:00, run_after=2023-05-26T06:55:15.799978+00:00
[2023-05-26T06:55:15.870+0000] {processor.py:179} INFO - Processing /home/airflow/.local/lib/python3.7/site-packages/airflow/example_dags/example_latest_only_with_trigger.py took 0.190 seconds
[2023-05-26T06:55:46.028+0000] {processor.py:157} INFO - Started process (PID=99) to work on /home/airflow/.local/lib/python3.7/site-packages/airflow/example_dags/example_latest_only_with_trigger.py
[2023-05-26T06:55:46.029+0000] {processor.py:826} INFO - Processing file /home/airflow/.local/lib/python3.7/site-packages/airflow/example_dags/example_latest_only_with_trigger.py for tasks to queue
[2023-05-26T06:55:46.032+0000] {logging_mixin.py:149} INFO - [2023-05-26T06:55:46.032+0000] {dagbag.py:541} INFO - Filling up the DagBag from /home/airflow/.local/lib/python3.7/site-packages/airflow/example_dags/example_latest_only_with_trigger.py
[2023-05-26T06:55:46.039+0000] {processor.py:836} INFO - DAG(s) dict_keys(['latest_only_with_trigger']) retrieved from /home/airflow/.local/lib/python3.7/site-packages/airflow/example_dags/example_latest_only_with_trigger.py
[2023-05-26T06:55:46.069+0000] {logging_mixin.py:149} INFO - [2023-05-26T06:55:46.068+0000] {dag.py:2726} INFO - Sync 1 DAGs
[2023-05-26T06:55:46.097+0000] {logging_mixin.py:149} INFO - [2023-05-26T06:55:46.097+0000] {dag.py:3490} INFO - Setting next_dagrun for latest_only_with_trigger to 2023-05-26T02:55:46.097061+00:00, run_after=2023-05-26T06:55:46.097061+00:00
[2023-05-26T06:55:46.125+0000] {processor.py:179} INFO - Processing /home/airflow/.local/lib/python3.7/site-packages/airflow/example_dags/example_latest_only_with_trigger.py took 0.102 seconds
[2023-05-26T06:56:16.249+0000] {processor.py:157} INFO - Started process (PID=155) to work on /home/airflow/.local/lib/python3.7/site-packages/airflow/example_dags/example_latest_only_with_trigger.py
[2023-05-26T06:56:16.251+0000] {processor.py:826} INFO - Processing file /home/airflow/.local/lib/python3.7/site-packages/airflow/example_dags/example_latest_only_with_trigger.py for tasks to queue
[2023-05-26T06:56:16.254+0000] {logging_mixin.py:149} INFO - [2023-05-26T06:56:16.253+0000] {dagbag.py:541} INFO - Filling up the DagBag from /home/airflow/.local/lib/python3.7/site-packages/airflow/example_dags/example_latest_only_with_trigger.py
[2023-05-26T06:56:16.260+0000] {processor.py:836} INFO - DAG(s) dict_keys(['latest_only_with_trigger']) retrieved from /home/airflow/.local/lib/python3.7/site-packages/airflow/example_dags/example_latest_only_with_trigger.py
[2023-05-26T06:56:16.290+0000] {logging_mixin.py:149} INFO - [2023-05-26T06:56:16.289+0000] {dag.py:2726} INFO - Sync 1 DAGs
[2023-05-26T06:56:16.322+0000] {logging_mixin.py:149} INFO - [2023-05-26T06:56:16.322+0000] {dag.py:3490} INFO - Setting next_dagrun for latest_only_with_trigger to 2023-05-26T02:56:16.321828+00:00, run_after=2023-05-26T06:56:16.321828+00:00
[2023-05-26T06:56:16.347+0000] {processor.py:179} INFO - Processing /home/airflow/.local/lib/python3.7/site-packages/airflow/example_dags/example_latest_only_with_trigger.py took 0.102 seconds
[2023-05-26T06:56:46.892+0000] {processor.py:157} INFO - Started process (PID=210) to work on /home/airflow/.local/lib/python3.7/site-packages/airflow/example_dags/example_latest_only_with_trigger.py
[2023-05-26T06:56:46.894+0000] {processor.py:826} INFO - Processing file /home/airflow/.local/lib/python3.7/site-packages/airflow/example_dags/example_latest_only_with_trigger.py for tasks to queue
[2023-05-26T06:56:46.897+0000] {logging_mixin.py:149} INFO - [2023-05-26T06:56:46.897+0000] {dagbag.py:541} INFO - Filling up the DagBag from /home/airflow/.local/lib/python3.7/site-packages/airflow/example_dags/example_latest_only_with_trigger.py
[2023-05-26T06:56:46.906+0000] {processor.py:836} INFO - DAG(s) dict_keys(['latest_only_with_trigger']) retrieved from /home/airflow/.local/lib/python3.7/site-packages/airflow/example_dags/example_latest_only_with_trigger.py
[2023-05-26T06:56:46.935+0000] {logging_mixin.py:149} INFO - [2023-05-26T06:56:46.935+0000] {dag.py:2726} INFO - Sync 1 DAGs
[2023-05-26T06:56:46.967+0000] {logging_mixin.py:149} INFO - [2023-05-26T06:56:46.967+0000] {dag.py:3490} INFO - Setting next_dagrun for latest_only_with_trigger to 2023-05-26T02:56:46.966830+00:00, run_after=2023-05-26T06:56:46.966830+00:00
[2023-05-26T06:56:46.994+0000] {processor.py:179} INFO - Processing /home/airflow/.local/lib/python3.7/site-packages/airflow/example_dags/example_latest_only_with_trigger.py took 0.105 seconds
[2023-05-26T06:57:17.337+0000] {processor.py:157} INFO - Started process (PID=265) to work on /home/airflow/.local/lib/python3.7/site-packages/airflow/example_dags/example_latest_only_with_trigger.py
[2023-05-26T06:57:17.339+0000] {processor.py:826} INFO - Processing file /home/airflow/.local/lib/python3.7/site-packages/airflow/example_dags/example_latest_only_with_trigger.py for tasks to queue
[2023-05-26T06:57:17.342+0000] {logging_mixin.py:149} INFO - [2023-05-26T06:57:17.342+0000] {dagbag.py:541} INFO - Filling up the DagBag from /home/airflow/.local/lib/python3.7/site-packages/airflow/example_dags/example_latest_only_with_trigger.py
[2023-05-26T06:57:17.348+0000] {processor.py:836} INFO - DAG(s) dict_keys(['latest_only_with_trigger']) retrieved from /home/airflow/.local/lib/python3.7/site-packages/airflow/example_dags/example_latest_only_with_trigger.py
[2023-05-26T06:57:17.380+0000] {logging_mixin.py:149} INFO - [2023-05-26T06:57:17.380+0000] {dag.py:2726} INFO - Sync 1 DAGs
[2023-05-26T06:57:17.416+0000] {logging_mixin.py:149} INFO - [2023-05-26T06:57:17.416+0000] {dag.py:3490} INFO - Setting next_dagrun for latest_only_with_trigger to 2023-05-26T02:57:17.415705+00:00, run_after=2023-05-26T06:57:17.415705+00:00
[2023-05-26T06:57:17.440+0000] {processor.py:179} INFO - Processing /home/airflow/.local/lib/python3.7/site-packages/airflow/example_dags/example_latest_only_with_trigger.py took 0.107 seconds
[2023-05-26T06:57:47.774+0000] {processor.py:157} INFO - Started process (PID=321) to work on /home/airflow/.local/lib/python3.7/site-packages/airflow/example_dags/example_latest_only_with_trigger.py
[2023-05-26T06:57:47.776+0000] {processor.py:826} INFO - Processing file /home/airflow/.local/lib/python3.7/site-packages/airflow/example_dags/example_latest_only_with_trigger.py for tasks to queue
[2023-05-26T06:57:47.779+0000] {logging_mixin.py:149} INFO - [2023-05-26T06:57:47.779+0000] {dagbag.py:541} INFO - Filling up the DagBag from /home/airflow/.local/lib/python3.7/site-packages/airflow/example_dags/example_latest_only_with_trigger.py
[2023-05-26T06:57:47.786+0000] {processor.py:836} INFO - DAG(s) dict_keys(['latest_only_with_trigger']) retrieved from /home/airflow/.local/lib/python3.7/site-packages/airflow/example_dags/example_latest_only_with_trigger.py
[2023-05-26T06:57:47.815+0000] {logging_mixin.py:149} INFO - [2023-05-26T06:57:47.814+0000] {dag.py:2726} INFO - Sync 1 DAGs
[2023-05-26T06:57:47.847+0000] {logging_mixin.py:149} INFO - [2023-05-26T06:57:47.847+0000] {dag.py:3490} INFO - Setting next_dagrun for latest_only_with_trigger to 2023-05-26T02:57:47.847241+00:00, run_after=2023-05-26T06:57:47.847241+00:00
[2023-05-26T06:57:47.872+0000] {processor.py:179} INFO - Processing /home/airflow/.local/lib/python3.7/site-packages/airflow/example_dags/example_latest_only_with_trigger.py took 0.102 seconds
[2023-05-26T06:58:18.631+0000] {processor.py:157} INFO - Started process (PID=377) to work on /home/airflow/.local/lib/python3.7/site-packages/airflow/example_dags/example_latest_only_with_trigger.py
[2023-05-26T06:58:18.633+0000] {processor.py:826} INFO - Processing file /home/airflow/.local/lib/python3.7/site-packages/airflow/example_dags/example_latest_only_with_trigger.py for tasks to queue
[2023-05-26T06:58:18.636+0000] {logging_mixin.py:149} INFO - [2023-05-26T06:58:18.636+0000] {dagbag.py:541} INFO - Filling up the DagBag from /home/airflow/.local/lib/python3.7/site-packages/airflow/example_dags/example_latest_only_with_trigger.py
[2023-05-26T06:58:18.645+0000] {processor.py:836} INFO - DAG(s) dict_keys(['latest_only_with_trigger']) retrieved from /home/airflow/.local/lib/python3.7/site-packages/airflow/example_dags/example_latest_only_with_trigger.py
[2023-05-26T06:58:18.679+0000] {logging_mixin.py:149} INFO - [2023-05-26T06:58:18.678+0000] {dag.py:2726} INFO - Sync 1 DAGs
[2023-05-26T06:58:18.715+0000] {logging_mixin.py:149} INFO - [2023-05-26T06:58:18.715+0000] {dag.py:3490} INFO - Setting next_dagrun for latest_only_with_trigger to 2023-05-26T02:58:18.714761+00:00, run_after=2023-05-26T06:58:18.714761+00:00
[2023-05-26T06:58:18.747+0000] {processor.py:179} INFO - Processing /home/airflow/.local/lib/python3.7/site-packages/airflow/example_dags/example_latest_only_with_trigger.py took 0.121 seconds
[2023-05-26T06:58:49.316+0000] {processor.py:157} INFO - Started process (PID=432) to work on /home/airflow/.local/lib/python3.7/site-packages/airflow/example_dags/example_latest_only_with_trigger.py
[2023-05-26T06:58:49.317+0000] {processor.py:826} INFO - Processing file /home/airflow/.local/lib/python3.7/site-packages/airflow/example_dags/example_latest_only_with_trigger.py for tasks to queue
[2023-05-26T06:58:49.320+0000] {logging_mixin.py:149} INFO - [2023-05-26T06:58:49.320+0000] {dagbag.py:541} INFO - Filling up the DagBag from /home/airflow/.local/lib/python3.7/site-packages/airflow/example_dags/example_latest_only_with_trigger.py
[2023-05-26T06:58:49.327+0000] {processor.py:836} INFO - DAG(s) dict_keys(['latest_only_with_trigger']) retrieved from /home/airflow/.local/lib/python3.7/site-packages/airflow/example_dags/example_latest_only_with_trigger.py
[2023-05-26T06:58:49.357+0000] {logging_mixin.py:149} INFO - [2023-05-26T06:58:49.356+0000] {dag.py:2726} INFO - Sync 1 DAGs
[2023-05-26T06:58:49.395+0000] {logging_mixin.py:149} INFO - [2023-05-26T06:58:49.394+0000] {dag.py:3490} INFO - Setting next_dagrun for latest_only_with_trigger to 2023-05-26T02:58:49.394521+00:00, run_after=2023-05-26T06:58:49.394521+00:00
[2023-05-26T06:58:49.423+0000] {processor.py:179} INFO - Processing /home/airflow/.local/lib/python3.7/site-packages/airflow/example_dags/example_latest_only_with_trigger.py took 0.112 seconds
[2023-05-26T06:59:20.223+0000] {processor.py:157} INFO - Started process (PID=488) to work on /home/airflow/.local/lib/python3.7/site-packages/airflow/example_dags/example_latest_only_with_trigger.py
[2023-05-26T06:59:20.224+0000] {processor.py:826} INFO - Processing file /home/airflow/.local/lib/python3.7/site-packages/airflow/example_dags/example_latest_only_with_trigger.py for tasks to queue
[2023-05-26T06:59:20.228+0000] {logging_mixin.py:149} INFO - [2023-05-26T06:59:20.227+0000] {dagbag.py:541} INFO - Filling up the DagBag from /home/airflow/.local/lib/python3.7/site-packages/airflow/example_dags/example_latest_only_with_trigger.py
[2023-05-26T06:59:20.235+0000] {processor.py:836} INFO - DAG(s) dict_keys(['latest_only_with_trigger']) retrieved from /home/airflow/.local/lib/python3.7/site-packages/airflow/example_dags/example_latest_only_with_trigger.py
[2023-05-26T06:59:20.266+0000] {logging_mixin.py:149} INFO - [2023-05-26T06:59:20.265+0000] {dag.py:2726} INFO - Sync 1 DAGs
[2023-05-26T06:59:20.295+0000] {logging_mixin.py:149} INFO - [2023-05-26T06:59:20.295+0000] {dag.py:3490} INFO - Setting next_dagrun for latest_only_with_trigger to 2023-05-26T02:59:20.295233+00:00, run_after=2023-05-26T06:59:20.295233+00:00
[2023-05-26T06:59:20.319+0000] {processor.py:179} INFO - Processing /home/airflow/.local/lib/python3.7/site-packages/airflow/example_dags/example_latest_only_with_trigger.py took 0.100 seconds
[2023-05-26T06:59:51.534+0000] {processor.py:157} INFO - Started process (PID=545) to work on /home/airflow/.local/lib/python3.7/site-packages/airflow/example_dags/example_latest_only_with_trigger.py
[2023-05-26T06:59:51.536+0000] {processor.py:826} INFO - Processing file /home/airflow/.local/lib/python3.7/site-packages/airflow/example_dags/example_latest_only_with_trigger.py for tasks to queue
[2023-05-26T06:59:51.539+0000] {logging_mixin.py:149} INFO - [2023-05-26T06:59:51.539+0000] {dagbag.py:541} INFO - Filling up the DagBag from /home/airflow/.local/lib/python3.7/site-packages/airflow/example_dags/example_latest_only_with_trigger.py
[2023-05-26T06:59:51.547+0000] {processor.py:836} INFO - DAG(s) dict_keys(['latest_only_with_trigger']) retrieved from /home/airflow/.local/lib/python3.7/site-packages/airflow/example_dags/example_latest_only_with_trigger.py
[2023-05-26T06:59:51.580+0000] {logging_mixin.py:149} INFO - [2023-05-26T06:59:51.579+0000] {dag.py:2726} INFO - Sync 1 DAGs
[2023-05-26T06:59:51.609+0000] {logging_mixin.py:149} INFO - [2023-05-26T06:59:51.609+0000] {dag.py:3490} INFO - Setting next_dagrun for latest_only_with_trigger to 2023-05-26T02:59:51.608993+00:00, run_after=2023-05-26T06:59:51.608993+00:00
[2023-05-26T06:59:51.637+0000] {processor.py:179} INFO - Processing /home/airflow/.local/lib/python3.7/site-packages/airflow/example_dags/example_latest_only_with_trigger.py took 0.107 seconds
[2023-05-26T07:00:22.416+0000] {processor.py:157} INFO - Started process (PID=600) to work on /home/airflow/.local/lib/python3.7/site-packages/airflow/example_dags/example_latest_only_with_trigger.py
[2023-05-26T07:00:22.417+0000] {processor.py:826} INFO - Processing file /home/airflow/.local/lib/python3.7/site-packages/airflow/example_dags/example_latest_only_with_trigger.py for tasks to queue
[2023-05-26T07:00:22.420+0000] {logging_mixin.py:149} INFO - [2023-05-26T07:00:22.420+0000] {dagbag.py:541} INFO - Filling up the DagBag from /home/airflow/.local/lib/python3.7/site-packages/airflow/example_dags/example_latest_only_with_trigger.py
[2023-05-26T07:00:22.428+0000] {processor.py:836} INFO - DAG(s) dict_keys(['latest_only_with_trigger']) retrieved from /home/airflow/.local/lib/python3.7/site-packages/airflow/example_dags/example_latest_only_with_trigger.py
[2023-05-26T07:00:22.457+0000] {logging_mixin.py:149} INFO - [2023-05-26T07:00:22.456+0000] {dag.py:2726} INFO - Sync 1 DAGs
[2023-05-26T07:00:22.487+0000] {logging_mixin.py:149} INFO - [2023-05-26T07:00:22.487+0000] {dag.py:3490} INFO - Setting next_dagrun for latest_only_with_trigger to 2023-05-26T03:00:22.486950+00:00, run_after=2023-05-26T07:00:22.486950+00:00
[2023-05-26T07:00:22.515+0000] {processor.py:179} INFO - Processing /home/airflow/.local/lib/python3.7/site-packages/airflow/example_dags/example_latest_only_with_trigger.py took 0.103 seconds
[2023-05-26T07:00:53.113+0000] {processor.py:157} INFO - Started process (PID=656) to work on /home/airflow/.local/lib/python3.7/site-packages/airflow/example_dags/example_latest_only_with_trigger.py
[2023-05-26T07:00:53.115+0000] {processor.py:826} INFO - Processing file /home/airflow/.local/lib/python3.7/site-packages/airflow/example_dags/example_latest_only_with_trigger.py for tasks to queue
[2023-05-26T07:00:53.118+0000] {logging_mixin.py:149} INFO - [2023-05-26T07:00:53.118+0000] {dagbag.py:541} INFO - Filling up the DagBag from /home/airflow/.local/lib/python3.7/site-packages/airflow/example_dags/example_latest_only_with_trigger.py
[2023-05-26T07:00:53.125+0000] {processor.py:836} INFO - DAG(s) dict_keys(['latest_only_with_trigger']) retrieved from /home/airflow/.local/lib/python3.7/site-packages/airflow/example_dags/example_latest_only_with_trigger.py
[2023-05-26T07:00:53.154+0000] {logging_mixin.py:149} INFO - [2023-05-26T07:00:53.153+0000] {dag.py:2726} INFO - Sync 1 DAGs
[2023-05-26T07:00:53.189+0000] {logging_mixin.py:149} INFO - [2023-05-26T07:00:53.189+0000] {dag.py:3490} INFO - Setting next_dagrun for latest_only_with_trigger to 2023-05-26T03:00:53.189206+00:00, run_after=2023-05-26T07:00:53.189206+00:00
[2023-05-26T07:00:53.219+0000] {processor.py:179} INFO - Processing /home/airflow/.local/lib/python3.7/site-packages/airflow/example_dags/example_latest_only_with_trigger.py took 0.110 seconds
[2023-05-26T07:01:24.063+0000] {processor.py:157} INFO - Started process (PID=712) to work on /home/airflow/.local/lib/python3.7/site-packages/airflow/example_dags/example_latest_only_with_trigger.py
[2023-05-26T07:01:24.065+0000] {processor.py:826} INFO - Processing file /home/airflow/.local/lib/python3.7/site-packages/airflow/example_dags/example_latest_only_with_trigger.py for tasks to queue
[2023-05-26T07:01:24.068+0000] {logging_mixin.py:149} INFO - [2023-05-26T07:01:24.067+0000] {dagbag.py:541} INFO - Filling up the DagBag from /home/airflow/.local/lib/python3.7/site-packages/airflow/example_dags/example_latest_only_with_trigger.py
[2023-05-26T07:01:24.078+0000] {processor.py:836} INFO - DAG(s) dict_keys(['latest_only_with_trigger']) retrieved from /home/airflow/.local/lib/python3.7/site-packages/airflow/example_dags/example_latest_only_with_trigger.py
[2023-05-26T07:01:24.129+0000] {logging_mixin.py:149} INFO - [2023-05-26T07:01:24.128+0000] {dag.py:2726} INFO - Sync 1 DAGs
[2023-05-26T07:01:24.168+0000] {logging_mixin.py:149} INFO - [2023-05-26T07:01:24.168+0000] {dag.py:3490} INFO - Setting next_dagrun for latest_only_with_trigger to 2023-05-26T03:01:24.167366+00:00, run_after=2023-05-26T07:01:24.167366+00:00
[2023-05-26T07:01:24.214+0000] {processor.py:179} INFO - Processing /home/airflow/.local/lib/python3.7/site-packages/airflow/example_dags/example_latest_only_with_trigger.py took 0.157 seconds
[2023-05-26T07:01:55.115+0000] {processor.py:157} INFO - Started process (PID=768) to work on /home/airflow/.local/lib/python3.7/site-packages/airflow/example_dags/example_latest_only_with_trigger.py
[2023-05-26T07:01:55.118+0000] {processor.py:826} INFO - Processing file /home/airflow/.local/lib/python3.7/site-packages/airflow/example_dags/example_latest_only_with_trigger.py for tasks to queue
[2023-05-26T07:01:55.123+0000] {logging_mixin.py:149} INFO - [2023-05-26T07:01:55.123+0000] {dagbag.py:541} INFO - Filling up the DagBag from /home/airflow/.local/lib/python3.7/site-packages/airflow/example_dags/example_latest_only_with_trigger.py
[2023-05-26T07:01:55.131+0000] {processor.py:836} INFO - DAG(s) dict_keys(['latest_only_with_trigger']) retrieved from /home/airflow/.local/lib/python3.7/site-packages/airflow/example_dags/example_latest_only_with_trigger.py
[2023-05-26T07:01:55.185+0000] {logging_mixin.py:149} INFO - [2023-05-26T07:01:55.183+0000] {dag.py:2726} INFO - Sync 1 DAGs
[2023-05-26T07:01:55.233+0000] {logging_mixin.py:149} INFO - [2023-05-26T07:01:55.232+0000] {dag.py:3490} INFO - Setting next_dagrun for latest_only_with_trigger to 2023-05-26T03:01:55.232328+00:00, run_after=2023-05-26T07:01:55.232328+00:00
[2023-05-26T07:01:55.269+0000] {processor.py:179} INFO - Processing /home/airflow/.local/lib/python3.7/site-packages/airflow/example_dags/example_latest_only_with_trigger.py took 0.159 seconds
[2023-05-26T07:02:26.484+0000] {processor.py:157} INFO - Started process (PID=824) to work on /home/airflow/.local/lib/python3.7/site-packages/airflow/example_dags/example_latest_only_with_trigger.py
[2023-05-26T07:02:26.489+0000] {processor.py:826} INFO - Processing file /home/airflow/.local/lib/python3.7/site-packages/airflow/example_dags/example_latest_only_with_trigger.py for tasks to queue
[2023-05-26T07:02:26.496+0000] {logging_mixin.py:149} INFO - [2023-05-26T07:02:26.496+0000] {dagbag.py:541} INFO - Filling up the DagBag from /home/airflow/.local/lib/python3.7/site-packages/airflow/example_dags/example_latest_only_with_trigger.py
[2023-05-26T07:02:26.513+0000] {processor.py:836} INFO - DAG(s) dict_keys(['latest_only_with_trigger']) retrieved from /home/airflow/.local/lib/python3.7/site-packages/airflow/example_dags/example_latest_only_with_trigger.py
[2023-05-26T07:02:26.593+0000] {logging_mixin.py:149} INFO - [2023-05-26T07:02:26.592+0000] {dag.py:2726} INFO - Sync 1 DAGs
[2023-05-26T07:02:26.678+0000] {logging_mixin.py:149} INFO - [2023-05-26T07:02:26.678+0000] {dag.py:3490} INFO - Setting next_dagrun for latest_only_with_trigger to 2023-05-26T03:02:26.677583+00:00, run_after=2023-05-26T07:02:26.677583+00:00
[2023-05-26T07:02:26.745+0000] {processor.py:179} INFO - Processing /home/airflow/.local/lib/python3.7/site-packages/airflow/example_dags/example_latest_only_with_trigger.py took 0.271 seconds
[2023-05-26T07:02:56.839+0000] {processor.py:157} INFO - Started process (PID=882) to work on /home/airflow/.local/lib/python3.7/site-packages/airflow/example_dags/example_latest_only_with_trigger.py
[2023-05-26T07:02:56.841+0000] {processor.py:826} INFO - Processing file /home/airflow/.local/lib/python3.7/site-packages/airflow/example_dags/example_latest_only_with_trigger.py for tasks to queue
[2023-05-26T07:02:56.846+0000] {logging_mixin.py:149} INFO - [2023-05-26T07:02:56.845+0000] {dagbag.py:541} INFO - Filling up the DagBag from /home/airflow/.local/lib/python3.7/site-packages/airflow/example_dags/example_latest_only_with_trigger.py
[2023-05-26T07:02:56.855+0000] {processor.py:836} INFO - DAG(s) dict_keys(['latest_only_with_trigger']) retrieved from /home/airflow/.local/lib/python3.7/site-packages/airflow/example_dags/example_latest_only_with_trigger.py
[2023-05-26T07:02:56.891+0000] {logging_mixin.py:149} INFO - [2023-05-26T07:02:56.890+0000] {dag.py:2726} INFO - Sync 1 DAGs
[2023-05-26T07:02:56.924+0000] {logging_mixin.py:149} INFO - [2023-05-26T07:02:56.923+0000] {dag.py:3490} INFO - Setting next_dagrun for latest_only_with_trigger to 2023-05-26T03:02:56.923637+00:00, run_after=2023-05-26T07:02:56.923637+00:00
[2023-05-26T07:02:56.952+0000] {processor.py:179} INFO - Processing /home/airflow/.local/lib/python3.7/site-packages/airflow/example_dags/example_latest_only_with_trigger.py took 0.117 seconds
[2023-05-26T07:03:27.321+0000] {processor.py:157} INFO - Started process (PID=941) to work on /home/airflow/.local/lib/python3.7/site-packages/airflow/example_dags/example_latest_only_with_trigger.py
[2023-05-26T07:03:27.323+0000] {processor.py:826} INFO - Processing file /home/airflow/.local/lib/python3.7/site-packages/airflow/example_dags/example_latest_only_with_trigger.py for tasks to queue
[2023-05-26T07:03:27.326+0000] {logging_mixin.py:149} INFO - [2023-05-26T07:03:27.326+0000] {dagbag.py:541} INFO - Filling up the DagBag from /home/airflow/.local/lib/python3.7/site-packages/airflow/example_dags/example_latest_only_with_trigger.py
[2023-05-26T07:03:27.333+0000] {processor.py:836} INFO - DAG(s) dict_keys(['latest_only_with_trigger']) retrieved from /home/airflow/.local/lib/python3.7/site-packages/airflow/example_dags/example_latest_only_with_trigger.py
[2023-05-26T07:03:27.365+0000] {logging_mixin.py:149} INFO - [2023-05-26T07:03:27.364+0000] {dag.py:2726} INFO - Sync 1 DAGs
[2023-05-26T07:03:27.396+0000] {logging_mixin.py:149} INFO - [2023-05-26T07:03:27.396+0000] {dag.py:3490} INFO - Setting next_dagrun for latest_only_with_trigger to 2023-05-26T03:03:27.395947+00:00, run_after=2023-05-26T07:03:27.395947+00:00
[2023-05-26T07:03:27.423+0000] {processor.py:179} INFO - Processing /home/airflow/.local/lib/python3.7/site-packages/airflow/example_dags/example_latest_only_with_trigger.py took 0.109 seconds
[2023-05-26T07:03:58.331+0000] {processor.py:157} INFO - Started process (PID=997) to work on /home/airflow/.local/lib/python3.7/site-packages/airflow/example_dags/example_latest_only_with_trigger.py
[2023-05-26T07:03:58.332+0000] {processor.py:826} INFO - Processing file /home/airflow/.local/lib/python3.7/site-packages/airflow/example_dags/example_latest_only_with_trigger.py for tasks to queue
[2023-05-26T07:03:58.335+0000] {logging_mixin.py:149} INFO - [2023-05-26T07:03:58.335+0000] {dagbag.py:541} INFO - Filling up the DagBag from /home/airflow/.local/lib/python3.7/site-packages/airflow/example_dags/example_latest_only_with_trigger.py
[2023-05-26T07:03:58.342+0000] {processor.py:836} INFO - DAG(s) dict_keys(['latest_only_with_trigger']) retrieved from /home/airflow/.local/lib/python3.7/site-packages/airflow/example_dags/example_latest_only_with_trigger.py
[2023-05-26T07:03:58.378+0000] {logging_mixin.py:149} INFO - [2023-05-26T07:03:58.377+0000] {dag.py:2726} INFO - Sync 1 DAGs
[2023-05-26T07:03:58.410+0000] {logging_mixin.py:149} INFO - [2023-05-26T07:03:58.410+0000] {dag.py:3490} INFO - Setting next_dagrun for latest_only_with_trigger to 2023-05-26T03:03:58.410062+00:00, run_after=2023-05-26T07:03:58.410062+00:00
[2023-05-26T07:03:58.436+0000] {processor.py:179} INFO - Processing /home/airflow/.local/lib/python3.7/site-packages/airflow/example_dags/example_latest_only_with_trigger.py took 0.110 seconds
[2023-05-26T07:04:29.372+0000] {processor.py:157} INFO - Started process (PID=1054) to work on /home/airflow/.local/lib/python3.7/site-packages/airflow/example_dags/example_latest_only_with_trigger.py
[2023-05-26T07:04:29.374+0000] {processor.py:826} INFO - Processing file /home/airflow/.local/lib/python3.7/site-packages/airflow/example_dags/example_latest_only_with_trigger.py for tasks to queue
[2023-05-26T07:04:29.378+0000] {logging_mixin.py:149} INFO - [2023-05-26T07:04:29.378+0000] {dagbag.py:541} INFO - Filling up the DagBag from /home/airflow/.local/lib/python3.7/site-packages/airflow/example_dags/example_latest_only_with_trigger.py
[2023-05-26T07:04:29.385+0000] {processor.py:836} INFO - DAG(s) dict_keys(['latest_only_with_trigger']) retrieved from /home/airflow/.local/lib/python3.7/site-packages/airflow/example_dags/example_latest_only_with_trigger.py
[2023-05-26T07:04:29.414+0000] {logging_mixin.py:149} INFO - [2023-05-26T07:04:29.413+0000] {dag.py:2726} INFO - Sync 1 DAGs
[2023-05-26T07:04:29.443+0000] {logging_mixin.py:149} INFO - [2023-05-26T07:04:29.443+0000] {dag.py:3490} INFO - Setting next_dagrun for latest_only_with_trigger to 2023-05-26T03:04:29.443042+00:00, run_after=2023-05-26T07:04:29.443042+00:00
[2023-05-26T07:04:29.468+0000] {processor.py:179} INFO - Processing /home/airflow/.local/lib/python3.7/site-packages/airflow/example_dags/example_latest_only_with_trigger.py took 0.100 seconds
