[2023-05-26T06:51:27.384+0000] {processor.py:157} INFO - Started process (PID=51) to work on /home/airflow/.local/lib/python3.7/site-packages/airflow/example_dags/example_short_circuit_decorator.py
[2023-05-26T06:51:27.386+0000] {processor.py:826} INFO - Processing file /home/airflow/.local/lib/python3.7/site-packages/airflow/example_dags/example_short_circuit_decorator.py for tasks to queue
[2023-05-26T06:51:27.390+0000] {logging_mixin.py:149} INFO - [2023-05-26T06:51:27.389+0000] {dagbag.py:541} INFO - Filling up the DagBag from /home/airflow/.local/lib/python3.7/site-packages/airflow/example_dags/example_short_circuit_decorator.py
[2023-05-26T06:51:27.406+0000] {processor.py:836} INFO - DAG(s) dict_keys(['example_short_circuit_decorator']) retrieved from /home/airflow/.local/lib/python3.7/site-packages/airflow/example_dags/example_short_circuit_decorator.py
[2023-05-26T06:51:27.427+0000] {logging_mixin.py:149} INFO - [2023-05-26T06:51:27.427+0000] {dag.py:2726} INFO - Sync 1 DAGs
[2023-05-26T06:51:27.459+0000] {logging_mixin.py:149} INFO - [2023-05-26T06:51:27.459+0000] {dag.py:3490} INFO - Setting next_dagrun for example_short_circuit_decorator to 2023-05-25T06:51:27.459307+00:00, run_after=2023-05-26T06:51:27.459307+00:00
[2023-05-26T06:51:27.487+0000] {processor.py:179} INFO - Processing /home/airflow/.local/lib/python3.7/site-packages/airflow/example_dags/example_short_circuit_decorator.py took 0.107 seconds
[2023-05-26T06:51:58.544+0000] {processor.py:157} INFO - Started process (PID=106) to work on /home/airflow/.local/lib/python3.7/site-packages/airflow/example_dags/example_short_circuit_decorator.py
[2023-05-26T06:51:58.546+0000] {processor.py:826} INFO - Processing file /home/airflow/.local/lib/python3.7/site-packages/airflow/example_dags/example_short_circuit_decorator.py for tasks to queue
[2023-05-26T06:51:58.549+0000] {logging_mixin.py:149} INFO - [2023-05-26T06:51:58.549+0000] {dagbag.py:541} INFO - Filling up the DagBag from /home/airflow/.local/lib/python3.7/site-packages/airflow/example_dags/example_short_circuit_decorator.py
[2023-05-26T06:51:58.559+0000] {processor.py:836} INFO - DAG(s) dict_keys(['example_short_circuit_decorator']) retrieved from /home/airflow/.local/lib/python3.7/site-packages/airflow/example_dags/example_short_circuit_decorator.py
[2023-05-26T06:51:58.593+0000] {logging_mixin.py:149} INFO - [2023-05-26T06:51:58.592+0000] {dag.py:2726} INFO - Sync 1 DAGs
[2023-05-26T06:51:58.621+0000] {logging_mixin.py:149} INFO - [2023-05-26T06:51:58.621+0000] {dag.py:3490} INFO - Setting next_dagrun for example_short_circuit_decorator to 2023-05-25T06:51:58.621042+00:00, run_after=2023-05-26T06:51:58.621042+00:00
[2023-05-26T06:51:58.648+0000] {processor.py:179} INFO - Processing /home/airflow/.local/lib/python3.7/site-packages/airflow/example_dags/example_short_circuit_decorator.py took 0.108 seconds
[2023-05-26T06:55:16.473+0000] {processor.py:157} INFO - Started process (PID=50) to work on /home/airflow/.local/lib/python3.7/site-packages/airflow/example_dags/example_short_circuit_decorator.py
[2023-05-26T06:55:16.475+0000] {processor.py:826} INFO - Processing file /home/airflow/.local/lib/python3.7/site-packages/airflow/example_dags/example_short_circuit_decorator.py for tasks to queue
[2023-05-26T06:55:16.478+0000] {logging_mixin.py:149} INFO - [2023-05-26T06:55:16.478+0000] {dagbag.py:541} INFO - Filling up the DagBag from /home/airflow/.local/lib/python3.7/site-packages/airflow/example_dags/example_short_circuit_decorator.py
[2023-05-26T06:55:16.491+0000] {processor.py:836} INFO - DAG(s) dict_keys(['example_short_circuit_decorator']) retrieved from /home/airflow/.local/lib/python3.7/site-packages/airflow/example_dags/example_short_circuit_decorator.py
[2023-05-26T06:55:16.510+0000] {logging_mixin.py:149} INFO - [2023-05-26T06:55:16.509+0000] {dag.py:2726} INFO - Sync 1 DAGs
[2023-05-26T06:55:16.549+0000] {logging_mixin.py:149} INFO - [2023-05-26T06:55:16.548+0000] {dag.py:3490} INFO - Setting next_dagrun for example_short_circuit_decorator to 2023-05-25T06:55:16.548467+00:00, run_after=2023-05-26T06:55:16.548467+00:00
[2023-05-26T06:55:16.580+0000] {processor.py:179} INFO - Processing /home/airflow/.local/lib/python3.7/site-packages/airflow/example_dags/example_short_circuit_decorator.py took 0.112 seconds
[2023-05-26T06:55:46.798+0000] {processor.py:157} INFO - Started process (PID=106) to work on /home/airflow/.local/lib/python3.7/site-packages/airflow/example_dags/example_short_circuit_decorator.py
[2023-05-26T06:55:46.800+0000] {processor.py:826} INFO - Processing file /home/airflow/.local/lib/python3.7/site-packages/airflow/example_dags/example_short_circuit_decorator.py for tasks to queue
[2023-05-26T06:55:46.804+0000] {logging_mixin.py:149} INFO - [2023-05-26T06:55:46.804+0000] {dagbag.py:541} INFO - Filling up the DagBag from /home/airflow/.local/lib/python3.7/site-packages/airflow/example_dags/example_short_circuit_decorator.py
[2023-05-26T06:55:46.818+0000] {processor.py:836} INFO - DAG(s) dict_keys(['example_short_circuit_decorator']) retrieved from /home/airflow/.local/lib/python3.7/site-packages/airflow/example_dags/example_short_circuit_decorator.py
[2023-05-26T06:55:46.869+0000] {logging_mixin.py:149} INFO - [2023-05-26T06:55:46.868+0000] {dag.py:2726} INFO - Sync 1 DAGs
[2023-05-26T06:55:46.906+0000] {logging_mixin.py:149} INFO - [2023-05-26T06:55:46.906+0000] {dag.py:3490} INFO - Setting next_dagrun for example_short_circuit_decorator to 2023-05-25T06:55:46.906489+00:00, run_after=2023-05-26T06:55:46.906489+00:00
[2023-05-26T06:55:46.933+0000] {processor.py:179} INFO - Processing /home/airflow/.local/lib/python3.7/site-packages/airflow/example_dags/example_short_circuit_decorator.py took 0.140 seconds
[2023-05-26T06:56:16.974+0000] {processor.py:157} INFO - Started process (PID=162) to work on /home/airflow/.local/lib/python3.7/site-packages/airflow/example_dags/example_short_circuit_decorator.py
[2023-05-26T06:56:16.977+0000] {processor.py:826} INFO - Processing file /home/airflow/.local/lib/python3.7/site-packages/airflow/example_dags/example_short_circuit_decorator.py for tasks to queue
[2023-05-26T06:56:16.981+0000] {logging_mixin.py:149} INFO - [2023-05-26T06:56:16.980+0000] {dagbag.py:541} INFO - Filling up the DagBag from /home/airflow/.local/lib/python3.7/site-packages/airflow/example_dags/example_short_circuit_decorator.py
[2023-05-26T06:56:16.995+0000] {processor.py:836} INFO - DAG(s) dict_keys(['example_short_circuit_decorator']) retrieved from /home/airflow/.local/lib/python3.7/site-packages/airflow/example_dags/example_short_circuit_decorator.py
[2023-05-26T06:56:17.054+0000] {logging_mixin.py:149} INFO - [2023-05-26T06:56:17.053+0000] {dag.py:2726} INFO - Sync 1 DAGs
[2023-05-26T06:56:17.101+0000] {logging_mixin.py:149} INFO - [2023-05-26T06:56:17.101+0000] {dag.py:3490} INFO - Setting next_dagrun for example_short_circuit_decorator to 2023-05-25T06:56:17.100974+00:00, run_after=2023-05-26T06:56:17.100974+00:00
[2023-05-26T06:56:17.127+0000] {processor.py:179} INFO - Processing /home/airflow/.local/lib/python3.7/site-packages/airflow/example_dags/example_short_circuit_decorator.py took 0.159 seconds
[2023-05-26T06:56:47.499+0000] {processor.py:157} INFO - Started process (PID=218) to work on /home/airflow/.local/lib/python3.7/site-packages/airflow/example_dags/example_short_circuit_decorator.py
[2023-05-26T06:56:47.500+0000] {processor.py:826} INFO - Processing file /home/airflow/.local/lib/python3.7/site-packages/airflow/example_dags/example_short_circuit_decorator.py for tasks to queue
[2023-05-26T06:56:47.503+0000] {logging_mixin.py:149} INFO - [2023-05-26T06:56:47.503+0000] {dagbag.py:541} INFO - Filling up the DagBag from /home/airflow/.local/lib/python3.7/site-packages/airflow/example_dags/example_short_circuit_decorator.py
[2023-05-26T06:56:47.514+0000] {processor.py:836} INFO - DAG(s) dict_keys(['example_short_circuit_decorator']) retrieved from /home/airflow/.local/lib/python3.7/site-packages/airflow/example_dags/example_short_circuit_decorator.py
[2023-05-26T06:56:47.547+0000] {logging_mixin.py:149} INFO - [2023-05-26T06:56:47.546+0000] {dag.py:2726} INFO - Sync 1 DAGs
[2023-05-26T06:56:47.580+0000] {logging_mixin.py:149} INFO - [2023-05-26T06:56:47.580+0000] {dag.py:3490} INFO - Setting next_dagrun for example_short_circuit_decorator to 2023-05-25T06:56:47.580151+00:00, run_after=2023-05-26T06:56:47.580151+00:00
[2023-05-26T06:56:47.604+0000] {processor.py:179} INFO - Processing /home/airflow/.local/lib/python3.7/site-packages/airflow/example_dags/example_short_circuit_decorator.py took 0.109 seconds
[2023-05-26T06:57:17.928+0000] {processor.py:157} INFO - Started process (PID=273) to work on /home/airflow/.local/lib/python3.7/site-packages/airflow/example_dags/example_short_circuit_decorator.py
[2023-05-26T06:57:17.930+0000] {processor.py:826} INFO - Processing file /home/airflow/.local/lib/python3.7/site-packages/airflow/example_dags/example_short_circuit_decorator.py for tasks to queue
[2023-05-26T06:57:17.933+0000] {logging_mixin.py:149} INFO - [2023-05-26T06:57:17.933+0000] {dagbag.py:541} INFO - Filling up the DagBag from /home/airflow/.local/lib/python3.7/site-packages/airflow/example_dags/example_short_circuit_decorator.py
[2023-05-26T06:57:17.943+0000] {processor.py:836} INFO - DAG(s) dict_keys(['example_short_circuit_decorator']) retrieved from /home/airflow/.local/lib/python3.7/site-packages/airflow/example_dags/example_short_circuit_decorator.py
[2023-05-26T06:57:17.974+0000] {logging_mixin.py:149} INFO - [2023-05-26T06:57:17.974+0000] {dag.py:2726} INFO - Sync 1 DAGs
[2023-05-26T06:57:18.004+0000] {logging_mixin.py:149} INFO - [2023-05-26T06:57:18.004+0000] {dag.py:3490} INFO - Setting next_dagrun for example_short_circuit_decorator to 2023-05-25T06:57:18.003751+00:00, run_after=2023-05-26T06:57:18.003751+00:00
[2023-05-26T06:57:18.028+0000] {processor.py:179} INFO - Processing /home/airflow/.local/lib/python3.7/site-packages/airflow/example_dags/example_short_circuit_decorator.py took 0.104 seconds
[2023-05-26T06:57:48.361+0000] {processor.py:157} INFO - Started process (PID=329) to work on /home/airflow/.local/lib/python3.7/site-packages/airflow/example_dags/example_short_circuit_decorator.py
[2023-05-26T06:57:48.363+0000] {processor.py:826} INFO - Processing file /home/airflow/.local/lib/python3.7/site-packages/airflow/example_dags/example_short_circuit_decorator.py for tasks to queue
[2023-05-26T06:57:48.367+0000] {logging_mixin.py:149} INFO - [2023-05-26T06:57:48.367+0000] {dagbag.py:541} INFO - Filling up the DagBag from /home/airflow/.local/lib/python3.7/site-packages/airflow/example_dags/example_short_circuit_decorator.py
[2023-05-26T06:57:48.383+0000] {processor.py:836} INFO - DAG(s) dict_keys(['example_short_circuit_decorator']) retrieved from /home/airflow/.local/lib/python3.7/site-packages/airflow/example_dags/example_short_circuit_decorator.py
[2023-05-26T06:57:48.415+0000] {logging_mixin.py:149} INFO - [2023-05-26T06:57:48.415+0000] {dag.py:2726} INFO - Sync 1 DAGs
[2023-05-26T06:57:48.449+0000] {logging_mixin.py:149} INFO - [2023-05-26T06:57:48.449+0000] {dag.py:3490} INFO - Setting next_dagrun for example_short_circuit_decorator to 2023-05-25T06:57:48.449259+00:00, run_after=2023-05-26T06:57:48.449259+00:00
[2023-05-26T06:57:48.476+0000] {processor.py:179} INFO - Processing /home/airflow/.local/lib/python3.7/site-packages/airflow/example_dags/example_short_circuit_decorator.py took 0.120 seconds
[2023-05-26T06:58:19.347+0000] {processor.py:157} INFO - Started process (PID=385) to work on /home/airflow/.local/lib/python3.7/site-packages/airflow/example_dags/example_short_circuit_decorator.py
[2023-05-26T06:58:19.349+0000] {processor.py:826} INFO - Processing file /home/airflow/.local/lib/python3.7/site-packages/airflow/example_dags/example_short_circuit_decorator.py for tasks to queue
[2023-05-26T06:58:19.352+0000] {logging_mixin.py:149} INFO - [2023-05-26T06:58:19.352+0000] {dagbag.py:541} INFO - Filling up the DagBag from /home/airflow/.local/lib/python3.7/site-packages/airflow/example_dags/example_short_circuit_decorator.py
[2023-05-26T06:58:19.367+0000] {processor.py:836} INFO - DAG(s) dict_keys(['example_short_circuit_decorator']) retrieved from /home/airflow/.local/lib/python3.7/site-packages/airflow/example_dags/example_short_circuit_decorator.py
[2023-05-26T06:58:19.415+0000] {logging_mixin.py:149} INFO - [2023-05-26T06:58:19.414+0000] {dag.py:2726} INFO - Sync 1 DAGs
[2023-05-26T06:58:19.460+0000] {logging_mixin.py:149} INFO - [2023-05-26T06:58:19.460+0000] {dag.py:3490} INFO - Setting next_dagrun for example_short_circuit_decorator to 2023-05-25T06:58:19.460124+00:00, run_after=2023-05-26T06:58:19.460124+00:00
[2023-05-26T06:58:19.489+0000] {processor.py:179} INFO - Processing /home/airflow/.local/lib/python3.7/site-packages/airflow/example_dags/example_short_circuit_decorator.py took 0.147 seconds
[2023-05-26T06:58:50.111+0000] {processor.py:157} INFO - Started process (PID=440) to work on /home/airflow/.local/lib/python3.7/site-packages/airflow/example_dags/example_short_circuit_decorator.py
[2023-05-26T06:58:50.113+0000] {processor.py:826} INFO - Processing file /home/airflow/.local/lib/python3.7/site-packages/airflow/example_dags/example_short_circuit_decorator.py for tasks to queue
[2023-05-26T06:58:50.117+0000] {logging_mixin.py:149} INFO - [2023-05-26T06:58:50.117+0000] {dagbag.py:541} INFO - Filling up the DagBag from /home/airflow/.local/lib/python3.7/site-packages/airflow/example_dags/example_short_circuit_decorator.py
[2023-05-26T06:58:50.132+0000] {processor.py:836} INFO - DAG(s) dict_keys(['example_short_circuit_decorator']) retrieved from /home/airflow/.local/lib/python3.7/site-packages/airflow/example_dags/example_short_circuit_decorator.py
[2023-05-26T06:58:50.168+0000] {logging_mixin.py:149} INFO - [2023-05-26T06:58:50.168+0000] {dag.py:2726} INFO - Sync 1 DAGs
[2023-05-26T06:58:50.211+0000] {logging_mixin.py:149} INFO - [2023-05-26T06:58:50.211+0000] {dag.py:3490} INFO - Setting next_dagrun for example_short_circuit_decorator to 2023-05-25T06:58:50.211052+00:00, run_after=2023-05-26T06:58:50.211052+00:00
[2023-05-26T06:58:50.264+0000] {processor.py:179} INFO - Processing /home/airflow/.local/lib/python3.7/site-packages/airflow/example_dags/example_short_circuit_decorator.py took 0.158 seconds
[2023-05-26T06:59:20.895+0000] {processor.py:157} INFO - Started process (PID=496) to work on /home/airflow/.local/lib/python3.7/site-packages/airflow/example_dags/example_short_circuit_decorator.py
[2023-05-26T06:59:20.897+0000] {processor.py:826} INFO - Processing file /home/airflow/.local/lib/python3.7/site-packages/airflow/example_dags/example_short_circuit_decorator.py for tasks to queue
[2023-05-26T06:59:20.900+0000] {logging_mixin.py:149} INFO - [2023-05-26T06:59:20.900+0000] {dagbag.py:541} INFO - Filling up the DagBag from /home/airflow/.local/lib/python3.7/site-packages/airflow/example_dags/example_short_circuit_decorator.py
[2023-05-26T06:59:20.911+0000] {processor.py:836} INFO - DAG(s) dict_keys(['example_short_circuit_decorator']) retrieved from /home/airflow/.local/lib/python3.7/site-packages/airflow/example_dags/example_short_circuit_decorator.py
[2023-05-26T06:59:20.941+0000] {logging_mixin.py:149} INFO - [2023-05-26T06:59:20.941+0000] {dag.py:2726} INFO - Sync 1 DAGs
[2023-05-26T06:59:20.970+0000] {logging_mixin.py:149} INFO - [2023-05-26T06:59:20.969+0000] {dag.py:3490} INFO - Setting next_dagrun for example_short_circuit_decorator to 2023-05-25T06:59:20.969409+00:00, run_after=2023-05-26T06:59:20.969409+00:00
[2023-05-26T06:59:20.998+0000] {processor.py:179} INFO - Processing /home/airflow/.local/lib/python3.7/site-packages/airflow/example_dags/example_short_circuit_decorator.py took 0.107 seconds
[2023-05-26T06:59:52.004+0000] {processor.py:157} INFO - Started process (PID=552) to work on /home/airflow/.local/lib/python3.7/site-packages/airflow/example_dags/example_short_circuit_decorator.py
[2023-05-26T06:59:52.006+0000] {processor.py:826} INFO - Processing file /home/airflow/.local/lib/python3.7/site-packages/airflow/example_dags/example_short_circuit_decorator.py for tasks to queue
[2023-05-26T06:59:52.009+0000] {logging_mixin.py:149} INFO - [2023-05-26T06:59:52.009+0000] {dagbag.py:541} INFO - Filling up the DagBag from /home/airflow/.local/lib/python3.7/site-packages/airflow/example_dags/example_short_circuit_decorator.py
[2023-05-26T06:59:52.021+0000] {processor.py:836} INFO - DAG(s) dict_keys(['example_short_circuit_decorator']) retrieved from /home/airflow/.local/lib/python3.7/site-packages/airflow/example_dags/example_short_circuit_decorator.py
[2023-05-26T06:59:52.057+0000] {logging_mixin.py:149} INFO - [2023-05-26T06:59:52.055+0000] {dag.py:2726} INFO - Sync 1 DAGs
[2023-05-26T06:59:52.089+0000] {logging_mixin.py:149} INFO - [2023-05-26T06:59:52.089+0000] {dag.py:3490} INFO - Setting next_dagrun for example_short_circuit_decorator to 2023-05-25T06:59:52.089122+00:00, run_after=2023-05-26T06:59:52.089122+00:00
[2023-05-26T06:59:52.114+0000] {processor.py:179} INFO - Processing /home/airflow/.local/lib/python3.7/site-packages/airflow/example_dags/example_short_circuit_decorator.py took 0.114 seconds
[2023-05-26T07:00:22.883+0000] {processor.py:157} INFO - Started process (PID=607) to work on /home/airflow/.local/lib/python3.7/site-packages/airflow/example_dags/example_short_circuit_decorator.py
[2023-05-26T07:00:22.885+0000] {processor.py:826} INFO - Processing file /home/airflow/.local/lib/python3.7/site-packages/airflow/example_dags/example_short_circuit_decorator.py for tasks to queue
[2023-05-26T07:00:22.891+0000] {logging_mixin.py:149} INFO - [2023-05-26T07:00:22.890+0000] {dagbag.py:541} INFO - Filling up the DagBag from /home/airflow/.local/lib/python3.7/site-packages/airflow/example_dags/example_short_circuit_decorator.py
[2023-05-26T07:00:22.904+0000] {processor.py:836} INFO - DAG(s) dict_keys(['example_short_circuit_decorator']) retrieved from /home/airflow/.local/lib/python3.7/site-packages/airflow/example_dags/example_short_circuit_decorator.py
[2023-05-26T07:00:22.937+0000] {logging_mixin.py:149} INFO - [2023-05-26T07:00:22.936+0000] {dag.py:2726} INFO - Sync 1 DAGs
[2023-05-26T07:00:22.976+0000] {logging_mixin.py:149} INFO - [2023-05-26T07:00:22.975+0000] {dag.py:3490} INFO - Setting next_dagrun for example_short_circuit_decorator to 2023-05-25T07:00:22.975648+00:00, run_after=2023-05-26T07:00:22.975648+00:00
[2023-05-26T07:00:23.000+0000] {processor.py:179} INFO - Processing /home/airflow/.local/lib/python3.7/site-packages/airflow/example_dags/example_short_circuit_decorator.py took 0.123 seconds
[2023-05-26T07:00:53.591+0000] {processor.py:157} INFO - Started process (PID=663) to work on /home/airflow/.local/lib/python3.7/site-packages/airflow/example_dags/example_short_circuit_decorator.py
[2023-05-26T07:00:53.593+0000] {processor.py:826} INFO - Processing file /home/airflow/.local/lib/python3.7/site-packages/airflow/example_dags/example_short_circuit_decorator.py for tasks to queue
[2023-05-26T07:00:53.596+0000] {logging_mixin.py:149} INFO - [2023-05-26T07:00:53.596+0000] {dagbag.py:541} INFO - Filling up the DagBag from /home/airflow/.local/lib/python3.7/site-packages/airflow/example_dags/example_short_circuit_decorator.py
[2023-05-26T07:00:53.608+0000] {processor.py:836} INFO - DAG(s) dict_keys(['example_short_circuit_decorator']) retrieved from /home/airflow/.local/lib/python3.7/site-packages/airflow/example_dags/example_short_circuit_decorator.py
[2023-05-26T07:00:53.645+0000] {logging_mixin.py:149} INFO - [2023-05-26T07:00:53.645+0000] {dag.py:2726} INFO - Sync 1 DAGs
[2023-05-26T07:00:53.674+0000] {logging_mixin.py:149} INFO - [2023-05-26T07:00:53.674+0000] {dag.py:3490} INFO - Setting next_dagrun for example_short_circuit_decorator to 2023-05-25T07:00:53.674191+00:00, run_after=2023-05-26T07:00:53.674191+00:00
[2023-05-26T07:00:53.699+0000] {processor.py:179} INFO - Processing /home/airflow/.local/lib/python3.7/site-packages/airflow/example_dags/example_short_circuit_decorator.py took 0.113 seconds
[2023-05-26T07:01:24.895+0000] {processor.py:157} INFO - Started process (PID=719) to work on /home/airflow/.local/lib/python3.7/site-packages/airflow/example_dags/example_short_circuit_decorator.py
[2023-05-26T07:01:24.898+0000] {processor.py:826} INFO - Processing file /home/airflow/.local/lib/python3.7/site-packages/airflow/example_dags/example_short_circuit_decorator.py for tasks to queue
[2023-05-26T07:01:24.904+0000] {logging_mixin.py:149} INFO - [2023-05-26T07:01:24.903+0000] {dagbag.py:541} INFO - Filling up the DagBag from /home/airflow/.local/lib/python3.7/site-packages/airflow/example_dags/example_short_circuit_decorator.py
[2023-05-26T07:01:24.922+0000] {processor.py:836} INFO - DAG(s) dict_keys(['example_short_circuit_decorator']) retrieved from /home/airflow/.local/lib/python3.7/site-packages/airflow/example_dags/example_short_circuit_decorator.py
[2023-05-26T07:01:24.976+0000] {logging_mixin.py:149} INFO - [2023-05-26T07:01:24.976+0000] {dag.py:2726} INFO - Sync 1 DAGs
[2023-05-26T07:01:25.021+0000] {logging_mixin.py:149} INFO - [2023-05-26T07:01:25.021+0000] {dag.py:3490} INFO - Setting next_dagrun for example_short_circuit_decorator to 2023-05-25T07:01:25.020770+00:00, run_after=2023-05-26T07:01:25.020770+00:00
[2023-05-26T07:01:25.065+0000] {processor.py:179} INFO - Processing /home/airflow/.local/lib/python3.7/site-packages/airflow/example_dags/example_short_circuit_decorator.py took 0.177 seconds
[2023-05-26T07:01:55.829+0000] {processor.py:157} INFO - Started process (PID=775) to work on /home/airflow/.local/lib/python3.7/site-packages/airflow/example_dags/example_short_circuit_decorator.py
[2023-05-26T07:01:55.832+0000] {processor.py:826} INFO - Processing file /home/airflow/.local/lib/python3.7/site-packages/airflow/example_dags/example_short_circuit_decorator.py for tasks to queue
[2023-05-26T07:01:55.838+0000] {logging_mixin.py:149} INFO - [2023-05-26T07:01:55.838+0000] {dagbag.py:541} INFO - Filling up the DagBag from /home/airflow/.local/lib/python3.7/site-packages/airflow/example_dags/example_short_circuit_decorator.py
[2023-05-26T07:01:55.861+0000] {processor.py:836} INFO - DAG(s) dict_keys(['example_short_circuit_decorator']) retrieved from /home/airflow/.local/lib/python3.7/site-packages/airflow/example_dags/example_short_circuit_decorator.py
[2023-05-26T07:01:55.920+0000] {logging_mixin.py:149} INFO - [2023-05-26T07:01:55.919+0000] {dag.py:2726} INFO - Sync 1 DAGs
[2023-05-26T07:01:55.969+0000] {logging_mixin.py:149} INFO - [2023-05-26T07:01:55.969+0000] {dag.py:3490} INFO - Setting next_dagrun for example_short_circuit_decorator to 2023-05-25T07:01:55.969034+00:00, run_after=2023-05-26T07:01:55.969034+00:00
[2023-05-26T07:01:56.009+0000] {processor.py:179} INFO - Processing /home/airflow/.local/lib/python3.7/site-packages/airflow/example_dags/example_short_circuit_decorator.py took 0.189 seconds
[2023-05-26T07:02:27.846+0000] {processor.py:157} INFO - Started process (PID=831) to work on /home/airflow/.local/lib/python3.7/site-packages/airflow/example_dags/example_short_circuit_decorator.py
[2023-05-26T07:02:27.849+0000] {processor.py:826} INFO - Processing file /home/airflow/.local/lib/python3.7/site-packages/airflow/example_dags/example_short_circuit_decorator.py for tasks to queue
[2023-05-26T07:02:27.856+0000] {logging_mixin.py:149} INFO - [2023-05-26T07:02:27.856+0000] {dagbag.py:541} INFO - Filling up the DagBag from /home/airflow/.local/lib/python3.7/site-packages/airflow/example_dags/example_short_circuit_decorator.py
[2023-05-26T07:02:27.888+0000] {processor.py:836} INFO - DAG(s) dict_keys(['example_short_circuit_decorator']) retrieved from /home/airflow/.local/lib/python3.7/site-packages/airflow/example_dags/example_short_circuit_decorator.py
[2023-05-26T07:02:27.985+0000] {logging_mixin.py:149} INFO - [2023-05-26T07:02:27.984+0000] {dag.py:2726} INFO - Sync 1 DAGs
[2023-05-26T07:02:28.065+0000] {logging_mixin.py:149} INFO - [2023-05-26T07:02:28.064+0000] {dag.py:3490} INFO - Setting next_dagrun for example_short_circuit_decorator to 2023-05-25T07:02:28.064197+00:00, run_after=2023-05-26T07:02:28.064197+00:00
[2023-05-26T07:02:28.130+0000] {processor.py:179} INFO - Processing /home/airflow/.local/lib/python3.7/site-packages/airflow/example_dags/example_short_circuit_decorator.py took 0.295 seconds
[2023-05-26T07:02:58.425+0000] {processor.py:157} INFO - Started process (PID=889) to work on /home/airflow/.local/lib/python3.7/site-packages/airflow/example_dags/example_short_circuit_decorator.py
[2023-05-26T07:02:58.427+0000] {processor.py:826} INFO - Processing file /home/airflow/.local/lib/python3.7/site-packages/airflow/example_dags/example_short_circuit_decorator.py for tasks to queue
[2023-05-26T07:02:58.430+0000] {logging_mixin.py:149} INFO - [2023-05-26T07:02:58.430+0000] {dagbag.py:541} INFO - Filling up the DagBag from /home/airflow/.local/lib/python3.7/site-packages/airflow/example_dags/example_short_circuit_decorator.py
[2023-05-26T07:02:58.441+0000] {processor.py:836} INFO - DAG(s) dict_keys(['example_short_circuit_decorator']) retrieved from /home/airflow/.local/lib/python3.7/site-packages/airflow/example_dags/example_short_circuit_decorator.py
[2023-05-26T07:02:58.476+0000] {logging_mixin.py:149} INFO - [2023-05-26T07:02:58.475+0000] {dag.py:2726} INFO - Sync 1 DAGs
[2023-05-26T07:02:58.509+0000] {logging_mixin.py:149} INFO - [2023-05-26T07:02:58.509+0000] {dag.py:3490} INFO - Setting next_dagrun for example_short_circuit_decorator to 2023-05-25T07:02:58.509102+00:00, run_after=2023-05-26T07:02:58.509102+00:00
[2023-05-26T07:02:58.533+0000] {processor.py:179} INFO - Processing /home/airflow/.local/lib/python3.7/site-packages/airflow/example_dags/example_short_circuit_decorator.py took 0.112 seconds
[2023-05-26T07:03:28.875+0000] {processor.py:157} INFO - Started process (PID=948) to work on /home/airflow/.local/lib/python3.7/site-packages/airflow/example_dags/example_short_circuit_decorator.py
[2023-05-26T07:03:28.876+0000] {processor.py:826} INFO - Processing file /home/airflow/.local/lib/python3.7/site-packages/airflow/example_dags/example_short_circuit_decorator.py for tasks to queue
[2023-05-26T07:03:28.880+0000] {logging_mixin.py:149} INFO - [2023-05-26T07:03:28.880+0000] {dagbag.py:541} INFO - Filling up the DagBag from /home/airflow/.local/lib/python3.7/site-packages/airflow/example_dags/example_short_circuit_decorator.py
[2023-05-26T07:03:28.890+0000] {processor.py:836} INFO - DAG(s) dict_keys(['example_short_circuit_decorator']) retrieved from /home/airflow/.local/lib/python3.7/site-packages/airflow/example_dags/example_short_circuit_decorator.py
[2023-05-26T07:03:28.924+0000] {logging_mixin.py:149} INFO - [2023-05-26T07:03:28.924+0000] {dag.py:2726} INFO - Sync 1 DAGs
[2023-05-26T07:03:28.953+0000] {logging_mixin.py:149} INFO - [2023-05-26T07:03:28.953+0000] {dag.py:3490} INFO - Setting next_dagrun for example_short_circuit_decorator to 2023-05-25T07:03:28.953433+00:00, run_after=2023-05-26T07:03:28.953433+00:00
[2023-05-26T07:03:28.978+0000] {processor.py:179} INFO - Processing /home/airflow/.local/lib/python3.7/site-packages/airflow/example_dags/example_short_circuit_decorator.py took 0.108 seconds
[2023-05-26T07:03:59.808+0000] {processor.py:157} INFO - Started process (PID=1004) to work on /home/airflow/.local/lib/python3.7/site-packages/airflow/example_dags/example_short_circuit_decorator.py
[2023-05-26T07:03:59.809+0000] {processor.py:826} INFO - Processing file /home/airflow/.local/lib/python3.7/site-packages/airflow/example_dags/example_short_circuit_decorator.py for tasks to queue
[2023-05-26T07:03:59.812+0000] {logging_mixin.py:149} INFO - [2023-05-26T07:03:59.812+0000] {dagbag.py:541} INFO - Filling up the DagBag from /home/airflow/.local/lib/python3.7/site-packages/airflow/example_dags/example_short_circuit_decorator.py
[2023-05-26T07:03:59.824+0000] {processor.py:836} INFO - DAG(s) dict_keys(['example_short_circuit_decorator']) retrieved from /home/airflow/.local/lib/python3.7/site-packages/airflow/example_dags/example_short_circuit_decorator.py
[2023-05-26T07:03:59.859+0000] {logging_mixin.py:149} INFO - [2023-05-26T07:03:59.858+0000] {dag.py:2726} INFO - Sync 1 DAGs
[2023-05-26T07:03:59.888+0000] {logging_mixin.py:149} INFO - [2023-05-26T07:03:59.888+0000] {dag.py:3490} INFO - Setting next_dagrun for example_short_circuit_decorator to 2023-05-25T07:03:59.888157+00:00, run_after=2023-05-26T07:03:59.888157+00:00
[2023-05-26T07:03:59.911+0000] {processor.py:179} INFO - Processing /home/airflow/.local/lib/python3.7/site-packages/airflow/example_dags/example_short_circuit_decorator.py took 0.107 seconds
[2023-05-26T07:04:30.892+0000] {processor.py:157} INFO - Started process (PID=1061) to work on /home/airflow/.local/lib/python3.7/site-packages/airflow/example_dags/example_short_circuit_decorator.py
[2023-05-26T07:04:30.895+0000] {processor.py:826} INFO - Processing file /home/airflow/.local/lib/python3.7/site-packages/airflow/example_dags/example_short_circuit_decorator.py for tasks to queue
[2023-05-26T07:04:30.899+0000] {logging_mixin.py:149} INFO - [2023-05-26T07:04:30.898+0000] {dagbag.py:541} INFO - Filling up the DagBag from /home/airflow/.local/lib/python3.7/site-packages/airflow/example_dags/example_short_circuit_decorator.py
[2023-05-26T07:04:30.910+0000] {processor.py:836} INFO - DAG(s) dict_keys(['example_short_circuit_decorator']) retrieved from /home/airflow/.local/lib/python3.7/site-packages/airflow/example_dags/example_short_circuit_decorator.py
[2023-05-26T07:04:30.942+0000] {logging_mixin.py:149} INFO - [2023-05-26T07:04:30.941+0000] {dag.py:2726} INFO - Sync 1 DAGs
[2023-05-26T07:04:30.971+0000] {logging_mixin.py:149} INFO - [2023-05-26T07:04:30.971+0000] {dag.py:3490} INFO - Setting next_dagrun for example_short_circuit_decorator to 2023-05-25T07:04:30.971159+00:00, run_after=2023-05-26T07:04:30.971159+00:00
[2023-05-26T07:04:30.993+0000] {processor.py:179} INFO - Processing /home/airflow/.local/lib/python3.7/site-packages/airflow/example_dags/example_short_circuit_decorator.py took 0.105 seconds
