[2023-05-26T06:51:26.509+0000] {processor.py:157} INFO - Started process (PID=47) to work on /home/airflow/.local/lib/python3.7/site-packages/airflow/example_dags/tutorial_taskflow_api.py
[2023-05-26T06:51:26.511+0000] {processor.py:826} INFO - Processing file /home/airflow/.local/lib/python3.7/site-packages/airflow/example_dags/tutorial_taskflow_api.py for tasks to queue
[2023-05-26T06:51:26.516+0000] {logging_mixin.py:149} INFO - [2023-05-26T06:51:26.515+0000] {dagbag.py:541} INFO - Filling up the DagBag from /home/airflow/.local/lib/python3.7/site-packages/airflow/example_dags/tutorial_taskflow_api.py
[2023-05-26T06:51:26.530+0000] {processor.py:836} INFO - DAG(s) dict_keys(['tutorial_taskflow_api']) retrieved from /home/airflow/.local/lib/python3.7/site-packages/airflow/example_dags/tutorial_taskflow_api.py
[2023-05-26T06:51:26.554+0000] {logging_mixin.py:149} INFO - [2023-05-26T06:51:26.553+0000] {dag.py:2726} INFO - Sync 1 DAGs
[2023-05-26T06:51:26.624+0000] {logging_mixin.py:149} INFO - [2023-05-26T06:51:26.624+0000] {dag.py:3490} INFO - Setting next_dagrun for tutorial_taskflow_api to None, run_after=None
[2023-05-26T06:51:26.672+0000] {processor.py:179} INFO - Processing /home/airflow/.local/lib/python3.7/site-packages/airflow/example_dags/tutorial_taskflow_api.py took 0.168 seconds
[2023-05-26T06:51:57.031+0000] {processor.py:157} INFO - Started process (PID=101) to work on /home/airflow/.local/lib/python3.7/site-packages/airflow/example_dags/tutorial_taskflow_api.py
[2023-05-26T06:51:57.033+0000] {processor.py:826} INFO - Processing file /home/airflow/.local/lib/python3.7/site-packages/airflow/example_dags/tutorial_taskflow_api.py for tasks to queue
[2023-05-26T06:51:57.036+0000] {logging_mixin.py:149} INFO - [2023-05-26T06:51:57.036+0000] {dagbag.py:541} INFO - Filling up the DagBag from /home/airflow/.local/lib/python3.7/site-packages/airflow/example_dags/tutorial_taskflow_api.py
[2023-05-26T06:51:57.043+0000] {processor.py:836} INFO - DAG(s) dict_keys(['tutorial_taskflow_api']) retrieved from /home/airflow/.local/lib/python3.7/site-packages/airflow/example_dags/tutorial_taskflow_api.py
[2023-05-26T06:51:57.076+0000] {logging_mixin.py:149} INFO - [2023-05-26T06:51:57.076+0000] {dag.py:2726} INFO - Sync 1 DAGs
[2023-05-26T06:51:57.108+0000] {logging_mixin.py:149} INFO - [2023-05-26T06:51:57.108+0000] {dag.py:3490} INFO - Setting next_dagrun for tutorial_taskflow_api to None, run_after=None
[2023-05-26T06:51:57.134+0000] {processor.py:179} INFO - Processing /home/airflow/.local/lib/python3.7/site-packages/airflow/example_dags/tutorial_taskflow_api.py took 0.107 seconds
[2023-05-26T06:55:15.940+0000] {processor.py:157} INFO - Started process (PID=46) to work on /home/airflow/.local/lib/python3.7/site-packages/airflow/example_dags/tutorial_taskflow_api.py
[2023-05-26T06:55:15.954+0000] {processor.py:826} INFO - Processing file /home/airflow/.local/lib/python3.7/site-packages/airflow/example_dags/tutorial_taskflow_api.py for tasks to queue
[2023-05-26T06:55:15.958+0000] {logging_mixin.py:149} INFO - [2023-05-26T06:55:15.957+0000] {dagbag.py:541} INFO - Filling up the DagBag from /home/airflow/.local/lib/python3.7/site-packages/airflow/example_dags/tutorial_taskflow_api.py
[2023-05-26T06:55:15.971+0000] {processor.py:836} INFO - DAG(s) dict_keys(['tutorial_taskflow_api']) retrieved from /home/airflow/.local/lib/python3.7/site-packages/airflow/example_dags/tutorial_taskflow_api.py
[2023-05-26T06:55:16.006+0000] {logging_mixin.py:149} INFO - [2023-05-26T06:55:16.005+0000] {dag.py:2726} INFO - Sync 1 DAGs
[2023-05-26T06:55:16.087+0000] {logging_mixin.py:149} INFO - [2023-05-26T06:55:16.087+0000] {dag.py:3490} INFO - Setting next_dagrun for tutorial_taskflow_api to None, run_after=None
[2023-05-26T06:55:16.138+0000] {processor.py:179} INFO - Processing /home/airflow/.local/lib/python3.7/site-packages/airflow/example_dags/tutorial_taskflow_api.py took 0.205 seconds
[2023-05-26T06:55:46.335+0000] {processor.py:157} INFO - Started process (PID=102) to work on /home/airflow/.local/lib/python3.7/site-packages/airflow/example_dags/tutorial_taskflow_api.py
[2023-05-26T06:55:46.337+0000] {processor.py:826} INFO - Processing file /home/airflow/.local/lib/python3.7/site-packages/airflow/example_dags/tutorial_taskflow_api.py for tasks to queue
[2023-05-26T06:55:46.340+0000] {logging_mixin.py:149} INFO - [2023-05-26T06:55:46.340+0000] {dagbag.py:541} INFO - Filling up the DagBag from /home/airflow/.local/lib/python3.7/site-packages/airflow/example_dags/tutorial_taskflow_api.py
[2023-05-26T06:55:46.349+0000] {processor.py:836} INFO - DAG(s) dict_keys(['tutorial_taskflow_api']) retrieved from /home/airflow/.local/lib/python3.7/site-packages/airflow/example_dags/tutorial_taskflow_api.py
[2023-05-26T06:55:46.379+0000] {logging_mixin.py:149} INFO - [2023-05-26T06:55:46.378+0000] {dag.py:2726} INFO - Sync 1 DAGs
[2023-05-26T06:55:46.409+0000] {logging_mixin.py:149} INFO - [2023-05-26T06:55:46.409+0000] {dag.py:3490} INFO - Setting next_dagrun for tutorial_taskflow_api to None, run_after=None
[2023-05-26T06:55:46.432+0000] {processor.py:179} INFO - Processing /home/airflow/.local/lib/python3.7/site-packages/airflow/example_dags/tutorial_taskflow_api.py took 0.102 seconds
[2023-05-26T06:56:16.573+0000] {processor.py:157} INFO - Started process (PID=158) to work on /home/airflow/.local/lib/python3.7/site-packages/airflow/example_dags/tutorial_taskflow_api.py
[2023-05-26T06:56:16.574+0000] {processor.py:826} INFO - Processing file /home/airflow/.local/lib/python3.7/site-packages/airflow/example_dags/tutorial_taskflow_api.py for tasks to queue
[2023-05-26T06:56:16.577+0000] {logging_mixin.py:149} INFO - [2023-05-26T06:56:16.577+0000] {dagbag.py:541} INFO - Filling up the DagBag from /home/airflow/.local/lib/python3.7/site-packages/airflow/example_dags/tutorial_taskflow_api.py
[2023-05-26T06:56:16.584+0000] {processor.py:836} INFO - DAG(s) dict_keys(['tutorial_taskflow_api']) retrieved from /home/airflow/.local/lib/python3.7/site-packages/airflow/example_dags/tutorial_taskflow_api.py
[2023-05-26T06:56:16.612+0000] {logging_mixin.py:149} INFO - [2023-05-26T06:56:16.611+0000] {dag.py:2726} INFO - Sync 1 DAGs
[2023-05-26T06:56:16.642+0000] {logging_mixin.py:149} INFO - [2023-05-26T06:56:16.642+0000] {dag.py:3490} INFO - Setting next_dagrun for tutorial_taskflow_api to None, run_after=None
[2023-05-26T06:56:16.666+0000] {processor.py:179} INFO - Processing /home/airflow/.local/lib/python3.7/site-packages/airflow/example_dags/tutorial_taskflow_api.py took 0.099 seconds
[2023-05-26T06:56:47.161+0000] {processor.py:157} INFO - Started process (PID=214) to work on /home/airflow/.local/lib/python3.7/site-packages/airflow/example_dags/tutorial_taskflow_api.py
[2023-05-26T06:56:47.163+0000] {processor.py:826} INFO - Processing file /home/airflow/.local/lib/python3.7/site-packages/airflow/example_dags/tutorial_taskflow_api.py for tasks to queue
[2023-05-26T06:56:47.166+0000] {logging_mixin.py:149} INFO - [2023-05-26T06:56:47.165+0000] {dagbag.py:541} INFO - Filling up the DagBag from /home/airflow/.local/lib/python3.7/site-packages/airflow/example_dags/tutorial_taskflow_api.py
[2023-05-26T06:56:47.177+0000] {processor.py:836} INFO - DAG(s) dict_keys(['tutorial_taskflow_api']) retrieved from /home/airflow/.local/lib/python3.7/site-packages/airflow/example_dags/tutorial_taskflow_api.py
[2023-05-26T06:56:47.207+0000] {logging_mixin.py:149} INFO - [2023-05-26T06:56:47.206+0000] {dag.py:2726} INFO - Sync 1 DAGs
[2023-05-26T06:56:47.237+0000] {logging_mixin.py:149} INFO - [2023-05-26T06:56:47.237+0000] {dag.py:3490} INFO - Setting next_dagrun for tutorial_taskflow_api to None, run_after=None
[2023-05-26T06:56:47.260+0000] {processor.py:179} INFO - Processing /home/airflow/.local/lib/python3.7/site-packages/airflow/example_dags/tutorial_taskflow_api.py took 0.106 seconds
[2023-05-26T06:57:17.532+0000] {processor.py:157} INFO - Started process (PID=268) to work on /home/airflow/.local/lib/python3.7/site-packages/airflow/example_dags/tutorial_taskflow_api.py
[2023-05-26T06:57:17.534+0000] {processor.py:826} INFO - Processing file /home/airflow/.local/lib/python3.7/site-packages/airflow/example_dags/tutorial_taskflow_api.py for tasks to queue
[2023-05-26T06:57:17.537+0000] {logging_mixin.py:149} INFO - [2023-05-26T06:57:17.537+0000] {dagbag.py:541} INFO - Filling up the DagBag from /home/airflow/.local/lib/python3.7/site-packages/airflow/example_dags/tutorial_taskflow_api.py
[2023-05-26T06:57:17.544+0000] {processor.py:836} INFO - DAG(s) dict_keys(['tutorial_taskflow_api']) retrieved from /home/airflow/.local/lib/python3.7/site-packages/airflow/example_dags/tutorial_taskflow_api.py
[2023-05-26T06:57:17.573+0000] {logging_mixin.py:149} INFO - [2023-05-26T06:57:17.572+0000] {dag.py:2726} INFO - Sync 1 DAGs
[2023-05-26T06:57:17.605+0000] {logging_mixin.py:149} INFO - [2023-05-26T06:57:17.605+0000] {dag.py:3490} INFO - Setting next_dagrun for tutorial_taskflow_api to None, run_after=None
[2023-05-26T06:57:17.630+0000] {processor.py:179} INFO - Processing /home/airflow/.local/lib/python3.7/site-packages/airflow/example_dags/tutorial_taskflow_api.py took 0.102 seconds
[2023-05-26T06:57:47.962+0000] {processor.py:157} INFO - Started process (PID=324) to work on /home/airflow/.local/lib/python3.7/site-packages/airflow/example_dags/tutorial_taskflow_api.py
[2023-05-26T06:57:47.963+0000] {processor.py:826} INFO - Processing file /home/airflow/.local/lib/python3.7/site-packages/airflow/example_dags/tutorial_taskflow_api.py for tasks to queue
[2023-05-26T06:57:47.967+0000] {logging_mixin.py:149} INFO - [2023-05-26T06:57:47.967+0000] {dagbag.py:541} INFO - Filling up the DagBag from /home/airflow/.local/lib/python3.7/site-packages/airflow/example_dags/tutorial_taskflow_api.py
[2023-05-26T06:57:47.976+0000] {processor.py:836} INFO - DAG(s) dict_keys(['tutorial_taskflow_api']) retrieved from /home/airflow/.local/lib/python3.7/site-packages/airflow/example_dags/tutorial_taskflow_api.py
[2023-05-26T06:57:48.003+0000] {logging_mixin.py:149} INFO - [2023-05-26T06:57:48.003+0000] {dag.py:2726} INFO - Sync 1 DAGs
[2023-05-26T06:57:48.031+0000] {logging_mixin.py:149} INFO - [2023-05-26T06:57:48.030+0000] {dag.py:3490} INFO - Setting next_dagrun for tutorial_taskflow_api to None, run_after=None
[2023-05-26T06:57:48.056+0000] {processor.py:179} INFO - Processing /home/airflow/.local/lib/python3.7/site-packages/airflow/example_dags/tutorial_taskflow_api.py took 0.099 seconds
[2023-05-26T06:58:18.887+0000] {processor.py:157} INFO - Started process (PID=380) to work on /home/airflow/.local/lib/python3.7/site-packages/airflow/example_dags/tutorial_taskflow_api.py
[2023-05-26T06:58:18.889+0000] {processor.py:826} INFO - Processing file /home/airflow/.local/lib/python3.7/site-packages/airflow/example_dags/tutorial_taskflow_api.py for tasks to queue
[2023-05-26T06:58:18.894+0000] {logging_mixin.py:149} INFO - [2023-05-26T06:58:18.893+0000] {dagbag.py:541} INFO - Filling up the DagBag from /home/airflow/.local/lib/python3.7/site-packages/airflow/example_dags/tutorial_taskflow_api.py
[2023-05-26T06:58:18.904+0000] {processor.py:836} INFO - DAG(s) dict_keys(['tutorial_taskflow_api']) retrieved from /home/airflow/.local/lib/python3.7/site-packages/airflow/example_dags/tutorial_taskflow_api.py
[2023-05-26T06:58:18.934+0000] {logging_mixin.py:149} INFO - [2023-05-26T06:58:18.933+0000] {dag.py:2726} INFO - Sync 1 DAGs
[2023-05-26T06:58:18.963+0000] {logging_mixin.py:149} INFO - [2023-05-26T06:58:18.963+0000] {dag.py:3490} INFO - Setting next_dagrun for tutorial_taskflow_api to None, run_after=None
[2023-05-26T06:58:18.985+0000] {processor.py:179} INFO - Processing /home/airflow/.local/lib/python3.7/site-packages/airflow/example_dags/tutorial_taskflow_api.py took 0.105 seconds
[2023-05-26T06:58:49.630+0000] {processor.py:157} INFO - Started process (PID=436) to work on /home/airflow/.local/lib/python3.7/site-packages/airflow/example_dags/tutorial_taskflow_api.py
[2023-05-26T06:58:49.632+0000] {processor.py:826} INFO - Processing file /home/airflow/.local/lib/python3.7/site-packages/airflow/example_dags/tutorial_taskflow_api.py for tasks to queue
[2023-05-26T06:58:49.636+0000] {logging_mixin.py:149} INFO - [2023-05-26T06:58:49.635+0000] {dagbag.py:541} INFO - Filling up the DagBag from /home/airflow/.local/lib/python3.7/site-packages/airflow/example_dags/tutorial_taskflow_api.py
[2023-05-26T06:58:49.650+0000] {processor.py:836} INFO - DAG(s) dict_keys(['tutorial_taskflow_api']) retrieved from /home/airflow/.local/lib/python3.7/site-packages/airflow/example_dags/tutorial_taskflow_api.py
[2023-05-26T06:58:49.684+0000] {logging_mixin.py:149} INFO - [2023-05-26T06:58:49.683+0000] {dag.py:2726} INFO - Sync 1 DAGs
[2023-05-26T06:58:49.721+0000] {logging_mixin.py:149} INFO - [2023-05-26T06:58:49.721+0000] {dag.py:3490} INFO - Setting next_dagrun for tutorial_taskflow_api to None, run_after=None
[2023-05-26T06:58:49.753+0000] {processor.py:179} INFO - Processing /home/airflow/.local/lib/python3.7/site-packages/airflow/example_dags/tutorial_taskflow_api.py took 0.128 seconds
[2023-05-26T06:59:20.417+0000] {processor.py:157} INFO - Started process (PID=491) to work on /home/airflow/.local/lib/python3.7/site-packages/airflow/example_dags/tutorial_taskflow_api.py
[2023-05-26T06:59:20.419+0000] {processor.py:826} INFO - Processing file /home/airflow/.local/lib/python3.7/site-packages/airflow/example_dags/tutorial_taskflow_api.py for tasks to queue
[2023-05-26T06:59:20.422+0000] {logging_mixin.py:149} INFO - [2023-05-26T06:59:20.422+0000] {dagbag.py:541} INFO - Filling up the DagBag from /home/airflow/.local/lib/python3.7/site-packages/airflow/example_dags/tutorial_taskflow_api.py
[2023-05-26T06:59:20.430+0000] {processor.py:836} INFO - DAG(s) dict_keys(['tutorial_taskflow_api']) retrieved from /home/airflow/.local/lib/python3.7/site-packages/airflow/example_dags/tutorial_taskflow_api.py
[2023-05-26T06:59:20.458+0000] {logging_mixin.py:149} INFO - [2023-05-26T06:59:20.457+0000] {dag.py:2726} INFO - Sync 1 DAGs
[2023-05-26T06:59:20.484+0000] {logging_mixin.py:149} INFO - [2023-05-26T06:59:20.484+0000] {dag.py:3490} INFO - Setting next_dagrun for tutorial_taskflow_api to None, run_after=None
[2023-05-26T06:59:20.509+0000] {processor.py:179} INFO - Processing /home/airflow/.local/lib/python3.7/site-packages/airflow/example_dags/tutorial_taskflow_api.py took 0.096 seconds
[2023-05-26T06:59:51.729+0000] {processor.py:157} INFO - Started process (PID=548) to work on /home/airflow/.local/lib/python3.7/site-packages/airflow/example_dags/tutorial_taskflow_api.py
[2023-05-26T06:59:51.731+0000] {processor.py:826} INFO - Processing file /home/airflow/.local/lib/python3.7/site-packages/airflow/example_dags/tutorial_taskflow_api.py for tasks to queue
[2023-05-26T06:59:51.733+0000] {logging_mixin.py:149} INFO - [2023-05-26T06:59:51.733+0000] {dagbag.py:541} INFO - Filling up the DagBag from /home/airflow/.local/lib/python3.7/site-packages/airflow/example_dags/tutorial_taskflow_api.py
[2023-05-26T06:59:51.741+0000] {processor.py:836} INFO - DAG(s) dict_keys(['tutorial_taskflow_api']) retrieved from /home/airflow/.local/lib/python3.7/site-packages/airflow/example_dags/tutorial_taskflow_api.py
[2023-05-26T06:59:51.770+0000] {logging_mixin.py:149} INFO - [2023-05-26T06:59:51.769+0000] {dag.py:2726} INFO - Sync 1 DAGs
[2023-05-26T06:59:51.798+0000] {logging_mixin.py:149} INFO - [2023-05-26T06:59:51.798+0000] {dag.py:3490} INFO - Setting next_dagrun for tutorial_taskflow_api to None, run_after=None
[2023-05-26T06:59:51.821+0000] {processor.py:179} INFO - Processing /home/airflow/.local/lib/python3.7/site-packages/airflow/example_dags/tutorial_taskflow_api.py took 0.097 seconds
[2023-05-26T07:00:22.609+0000] {processor.py:157} INFO - Started process (PID=603) to work on /home/airflow/.local/lib/python3.7/site-packages/airflow/example_dags/tutorial_taskflow_api.py
[2023-05-26T07:00:22.611+0000] {processor.py:826} INFO - Processing file /home/airflow/.local/lib/python3.7/site-packages/airflow/example_dags/tutorial_taskflow_api.py for tasks to queue
[2023-05-26T07:00:22.614+0000] {logging_mixin.py:149} INFO - [2023-05-26T07:00:22.614+0000] {dagbag.py:541} INFO - Filling up the DagBag from /home/airflow/.local/lib/python3.7/site-packages/airflow/example_dags/tutorial_taskflow_api.py
[2023-05-26T07:00:22.622+0000] {processor.py:836} INFO - DAG(s) dict_keys(['tutorial_taskflow_api']) retrieved from /home/airflow/.local/lib/python3.7/site-packages/airflow/example_dags/tutorial_taskflow_api.py
[2023-05-26T07:00:22.650+0000] {logging_mixin.py:149} INFO - [2023-05-26T07:00:22.649+0000] {dag.py:2726} INFO - Sync 1 DAGs
[2023-05-26T07:00:22.678+0000] {logging_mixin.py:149} INFO - [2023-05-26T07:00:22.678+0000] {dag.py:3490} INFO - Setting next_dagrun for tutorial_taskflow_api to None, run_after=None
[2023-05-26T07:00:22.703+0000] {processor.py:179} INFO - Processing /home/airflow/.local/lib/python3.7/site-packages/airflow/example_dags/tutorial_taskflow_api.py took 0.099 seconds
[2023-05-26T07:00:53.272+0000] {processor.py:157} INFO - Started process (PID=659) to work on /home/airflow/.local/lib/python3.7/site-packages/airflow/example_dags/tutorial_taskflow_api.py
[2023-05-26T07:00:53.274+0000] {processor.py:826} INFO - Processing file /home/airflow/.local/lib/python3.7/site-packages/airflow/example_dags/tutorial_taskflow_api.py for tasks to queue
[2023-05-26T07:00:53.277+0000] {logging_mixin.py:149} INFO - [2023-05-26T07:00:53.277+0000] {dagbag.py:541} INFO - Filling up the DagBag from /home/airflow/.local/lib/python3.7/site-packages/airflow/example_dags/tutorial_taskflow_api.py
[2023-05-26T07:00:53.285+0000] {processor.py:836} INFO - DAG(s) dict_keys(['tutorial_taskflow_api']) retrieved from /home/airflow/.local/lib/python3.7/site-packages/airflow/example_dags/tutorial_taskflow_api.py
[2023-05-26T07:00:53.314+0000] {logging_mixin.py:149} INFO - [2023-05-26T07:00:53.314+0000] {dag.py:2726} INFO - Sync 1 DAGs
[2023-05-26T07:00:53.343+0000] {logging_mixin.py:149} INFO - [2023-05-26T07:00:53.342+0000] {dag.py:3490} INFO - Setting next_dagrun for tutorial_taskflow_api to None, run_after=None
[2023-05-26T07:00:53.368+0000] {processor.py:179} INFO - Processing /home/airflow/.local/lib/python3.7/site-packages/airflow/example_dags/tutorial_taskflow_api.py took 0.099 seconds
[2023-05-26T07:01:24.373+0000] {processor.py:157} INFO - Started process (PID=715) to work on /home/airflow/.local/lib/python3.7/site-packages/airflow/example_dags/tutorial_taskflow_api.py
[2023-05-26T07:01:24.376+0000] {processor.py:826} INFO - Processing file /home/airflow/.local/lib/python3.7/site-packages/airflow/example_dags/tutorial_taskflow_api.py for tasks to queue
[2023-05-26T07:01:24.382+0000] {logging_mixin.py:149} INFO - [2023-05-26T07:01:24.381+0000] {dagbag.py:541} INFO - Filling up the DagBag from /home/airflow/.local/lib/python3.7/site-packages/airflow/example_dags/tutorial_taskflow_api.py
[2023-05-26T07:01:24.400+0000] {processor.py:836} INFO - DAG(s) dict_keys(['tutorial_taskflow_api']) retrieved from /home/airflow/.local/lib/python3.7/site-packages/airflow/example_dags/tutorial_taskflow_api.py
[2023-05-26T07:01:24.463+0000] {logging_mixin.py:149} INFO - [2023-05-26T07:01:24.462+0000] {dag.py:2726} INFO - Sync 1 DAGs
[2023-05-26T07:01:24.524+0000] {logging_mixin.py:149} INFO - [2023-05-26T07:01:24.524+0000] {dag.py:3490} INFO - Setting next_dagrun for tutorial_taskflow_api to None, run_after=None
[2023-05-26T07:01:24.558+0000] {processor.py:179} INFO - Processing /home/airflow/.local/lib/python3.7/site-packages/airflow/example_dags/tutorial_taskflow_api.py took 0.196 seconds
[2023-05-26T07:01:55.419+0000] {processor.py:157} INFO - Started process (PID=771) to work on /home/airflow/.local/lib/python3.7/site-packages/airflow/example_dags/tutorial_taskflow_api.py
[2023-05-26T07:01:55.421+0000] {processor.py:826} INFO - Processing file /home/airflow/.local/lib/python3.7/site-packages/airflow/example_dags/tutorial_taskflow_api.py for tasks to queue
[2023-05-26T07:01:55.426+0000] {logging_mixin.py:149} INFO - [2023-05-26T07:01:55.426+0000] {dagbag.py:541} INFO - Filling up the DagBag from /home/airflow/.local/lib/python3.7/site-packages/airflow/example_dags/tutorial_taskflow_api.py
[2023-05-26T07:01:55.439+0000] {processor.py:836} INFO - DAG(s) dict_keys(['tutorial_taskflow_api']) retrieved from /home/airflow/.local/lib/python3.7/site-packages/airflow/example_dags/tutorial_taskflow_api.py
[2023-05-26T07:01:55.477+0000] {logging_mixin.py:149} INFO - [2023-05-26T07:01:55.476+0000] {dag.py:2726} INFO - Sync 1 DAGs
[2023-05-26T07:01:55.517+0000] {logging_mixin.py:149} INFO - [2023-05-26T07:01:55.516+0000] {dag.py:3490} INFO - Setting next_dagrun for tutorial_taskflow_api to None, run_after=None
[2023-05-26T07:01:55.550+0000] {processor.py:179} INFO - Processing /home/airflow/.local/lib/python3.7/site-packages/airflow/example_dags/tutorial_taskflow_api.py took 0.138 seconds
[2023-05-26T07:02:26.974+0000] {processor.py:157} INFO - Started process (PID=827) to work on /home/airflow/.local/lib/python3.7/site-packages/airflow/example_dags/tutorial_taskflow_api.py
[2023-05-26T07:02:26.979+0000] {processor.py:826} INFO - Processing file /home/airflow/.local/lib/python3.7/site-packages/airflow/example_dags/tutorial_taskflow_api.py for tasks to queue
[2023-05-26T07:02:26.986+0000] {logging_mixin.py:149} INFO - [2023-05-26T07:02:26.985+0000] {dagbag.py:541} INFO - Filling up the DagBag from /home/airflow/.local/lib/python3.7/site-packages/airflow/example_dags/tutorial_taskflow_api.py
[2023-05-26T07:02:27.006+0000] {processor.py:836} INFO - DAG(s) dict_keys(['tutorial_taskflow_api']) retrieved from /home/airflow/.local/lib/python3.7/site-packages/airflow/example_dags/tutorial_taskflow_api.py
[2023-05-26T07:02:27.117+0000] {logging_mixin.py:149} INFO - [2023-05-26T07:02:27.116+0000] {dag.py:2726} INFO - Sync 1 DAGs
[2023-05-26T07:02:27.199+0000] {logging_mixin.py:149} INFO - [2023-05-26T07:02:27.199+0000] {dag.py:3490} INFO - Setting next_dagrun for tutorial_taskflow_api to None, run_after=None
[2023-05-26T07:02:27.260+0000] {processor.py:179} INFO - Processing /home/airflow/.local/lib/python3.7/site-packages/airflow/example_dags/tutorial_taskflow_api.py took 0.296 seconds
[2023-05-26T07:02:58.009+0000] {processor.py:157} INFO - Started process (PID=885) to work on /home/airflow/.local/lib/python3.7/site-packages/airflow/example_dags/tutorial_taskflow_api.py
[2023-05-26T07:02:58.011+0000] {processor.py:826} INFO - Processing file /home/airflow/.local/lib/python3.7/site-packages/airflow/example_dags/tutorial_taskflow_api.py for tasks to queue
[2023-05-26T07:02:58.014+0000] {logging_mixin.py:149} INFO - [2023-05-26T07:02:58.014+0000] {dagbag.py:541} INFO - Filling up the DagBag from /home/airflow/.local/lib/python3.7/site-packages/airflow/example_dags/tutorial_taskflow_api.py
[2023-05-26T07:02:58.023+0000] {processor.py:836} INFO - DAG(s) dict_keys(['tutorial_taskflow_api']) retrieved from /home/airflow/.local/lib/python3.7/site-packages/airflow/example_dags/tutorial_taskflow_api.py
[2023-05-26T07:02:58.052+0000] {logging_mixin.py:149} INFO - [2023-05-26T07:02:58.051+0000] {dag.py:2726} INFO - Sync 1 DAGs
[2023-05-26T07:02:58.080+0000] {logging_mixin.py:149} INFO - [2023-05-26T07:02:58.080+0000] {dag.py:3490} INFO - Setting next_dagrun for tutorial_taskflow_api to None, run_after=None
[2023-05-26T07:02:58.105+0000] {processor.py:179} INFO - Processing /home/airflow/.local/lib/python3.7/site-packages/airflow/example_dags/tutorial_taskflow_api.py took 0.100 seconds
[2023-05-26T07:03:28.470+0000] {processor.py:157} INFO - Started process (PID=944) to work on /home/airflow/.local/lib/python3.7/site-packages/airflow/example_dags/tutorial_taskflow_api.py
[2023-05-26T07:03:28.472+0000] {processor.py:826} INFO - Processing file /home/airflow/.local/lib/python3.7/site-packages/airflow/example_dags/tutorial_taskflow_api.py for tasks to queue
[2023-05-26T07:03:28.475+0000] {logging_mixin.py:149} INFO - [2023-05-26T07:03:28.475+0000] {dagbag.py:541} INFO - Filling up the DagBag from /home/airflow/.local/lib/python3.7/site-packages/airflow/example_dags/tutorial_taskflow_api.py
[2023-05-26T07:03:28.485+0000] {processor.py:836} INFO - DAG(s) dict_keys(['tutorial_taskflow_api']) retrieved from /home/airflow/.local/lib/python3.7/site-packages/airflow/example_dags/tutorial_taskflow_api.py
[2023-05-26T07:03:28.519+0000] {logging_mixin.py:149} INFO - [2023-05-26T07:03:28.519+0000] {dag.py:2726} INFO - Sync 1 DAGs
[2023-05-26T07:03:28.550+0000] {logging_mixin.py:149} INFO - [2023-05-26T07:03:28.550+0000] {dag.py:3490} INFO - Setting next_dagrun for tutorial_taskflow_api to None, run_after=None
[2023-05-26T07:03:28.576+0000] {processor.py:179} INFO - Processing /home/airflow/.local/lib/python3.7/site-packages/airflow/example_dags/tutorial_taskflow_api.py took 0.111 seconds
[2023-05-26T07:03:59.414+0000] {processor.py:157} INFO - Started process (PID=1000) to work on /home/airflow/.local/lib/python3.7/site-packages/airflow/example_dags/tutorial_taskflow_api.py
[2023-05-26T07:03:59.416+0000] {processor.py:826} INFO - Processing file /home/airflow/.local/lib/python3.7/site-packages/airflow/example_dags/tutorial_taskflow_api.py for tasks to queue
[2023-05-26T07:03:59.419+0000] {logging_mixin.py:149} INFO - [2023-05-26T07:03:59.419+0000] {dagbag.py:541} INFO - Filling up the DagBag from /home/airflow/.local/lib/python3.7/site-packages/airflow/example_dags/tutorial_taskflow_api.py
[2023-05-26T07:03:59.426+0000] {processor.py:836} INFO - DAG(s) dict_keys(['tutorial_taskflow_api']) retrieved from /home/airflow/.local/lib/python3.7/site-packages/airflow/example_dags/tutorial_taskflow_api.py
[2023-05-26T07:03:59.456+0000] {logging_mixin.py:149} INFO - [2023-05-26T07:03:59.456+0000] {dag.py:2726} INFO - Sync 1 DAGs
[2023-05-26T07:03:59.485+0000] {logging_mixin.py:149} INFO - [2023-05-26T07:03:59.484+0000] {dag.py:3490} INFO - Setting next_dagrun for tutorial_taskflow_api to None, run_after=None
[2023-05-26T07:03:59.508+0000] {processor.py:179} INFO - Processing /home/airflow/.local/lib/python3.7/site-packages/airflow/example_dags/tutorial_taskflow_api.py took 0.098 seconds
[2023-05-26T07:04:30.445+0000] {processor.py:157} INFO - Started process (PID=1057) to work on /home/airflow/.local/lib/python3.7/site-packages/airflow/example_dags/tutorial_taskflow_api.py
[2023-05-26T07:04:30.447+0000] {processor.py:826} INFO - Processing file /home/airflow/.local/lib/python3.7/site-packages/airflow/example_dags/tutorial_taskflow_api.py for tasks to queue
[2023-05-26T07:04:30.450+0000] {logging_mixin.py:149} INFO - [2023-05-26T07:04:30.450+0000] {dagbag.py:541} INFO - Filling up the DagBag from /home/airflow/.local/lib/python3.7/site-packages/airflow/example_dags/tutorial_taskflow_api.py
[2023-05-26T07:04:30.458+0000] {processor.py:836} INFO - DAG(s) dict_keys(['tutorial_taskflow_api']) retrieved from /home/airflow/.local/lib/python3.7/site-packages/airflow/example_dags/tutorial_taskflow_api.py
[2023-05-26T07:04:30.486+0000] {logging_mixin.py:149} INFO - [2023-05-26T07:04:30.486+0000] {dag.py:2726} INFO - Sync 1 DAGs
[2023-05-26T07:04:30.517+0000] {logging_mixin.py:149} INFO - [2023-05-26T07:04:30.516+0000] {dag.py:3490} INFO - Setting next_dagrun for tutorial_taskflow_api to None, run_after=None
[2023-05-26T07:04:30.545+0000] {processor.py:179} INFO - Processing /home/airflow/.local/lib/python3.7/site-packages/airflow/example_dags/tutorial_taskflow_api.py took 0.104 seconds
