[2023-05-26T06:51:27.254+0000] {processor.py:157} INFO - Started process (PID=50) to work on /home/airflow/.local/lib/python3.7/site-packages/airflow/example_dags/tutorial_dag.py
[2023-05-26T06:51:27.256+0000] {processor.py:826} INFO - Processing file /home/airflow/.local/lib/python3.7/site-packages/airflow/example_dags/tutorial_dag.py for tasks to queue
[2023-05-26T06:51:27.260+0000] {logging_mixin.py:149} INFO - [2023-05-26T06:51:27.259+0000] {dagbag.py:541} INFO - Filling up the DagBag from /home/airflow/.local/lib/python3.7/site-packages/airflow/example_dags/tutorial_dag.py
[2023-05-26T06:51:27.274+0000] {processor.py:836} INFO - DAG(s) dict_keys(['tutorial_dag']) retrieved from /home/airflow/.local/lib/python3.7/site-packages/airflow/example_dags/tutorial_dag.py
[2023-05-26T06:51:27.293+0000] {logging_mixin.py:149} INFO - [2023-05-26T06:51:27.292+0000] {dag.py:2726} INFO - Sync 1 DAGs
[2023-05-26T06:51:27.348+0000] {logging_mixin.py:149} INFO - [2023-05-26T06:51:27.348+0000] {dag.py:3490} INFO - Setting next_dagrun for tutorial_dag to None, run_after=None
[2023-05-26T06:51:27.384+0000] {processor.py:179} INFO - Processing /home/airflow/.local/lib/python3.7/site-packages/airflow/example_dags/tutorial_dag.py took 0.134 seconds
[2023-05-26T06:51:58.420+0000] {processor.py:157} INFO - Started process (PID=105) to work on /home/airflow/.local/lib/python3.7/site-packages/airflow/example_dags/tutorial_dag.py
[2023-05-26T06:51:58.421+0000] {processor.py:826} INFO - Processing file /home/airflow/.local/lib/python3.7/site-packages/airflow/example_dags/tutorial_dag.py for tasks to queue
[2023-05-26T06:51:58.424+0000] {logging_mixin.py:149} INFO - [2023-05-26T06:51:58.424+0000] {dagbag.py:541} INFO - Filling up the DagBag from /home/airflow/.local/lib/python3.7/site-packages/airflow/example_dags/tutorial_dag.py
[2023-05-26T06:51:58.430+0000] {processor.py:836} INFO - DAG(s) dict_keys(['tutorial_dag']) retrieved from /home/airflow/.local/lib/python3.7/site-packages/airflow/example_dags/tutorial_dag.py
[2023-05-26T06:51:58.459+0000] {logging_mixin.py:149} INFO - [2023-05-26T06:51:58.458+0000] {dag.py:2726} INFO - Sync 1 DAGs
[2023-05-26T06:51:58.489+0000] {logging_mixin.py:149} INFO - [2023-05-26T06:51:58.489+0000] {dag.py:3490} INFO - Setting next_dagrun for tutorial_dag to None, run_after=None
[2023-05-26T06:51:58.515+0000] {processor.py:179} INFO - Processing /home/airflow/.local/lib/python3.7/site-packages/airflow/example_dags/tutorial_dag.py took 0.099 seconds
[2023-05-26T06:55:16.281+0000] {processor.py:157} INFO - Started process (PID=49) to work on /home/airflow/.local/lib/python3.7/site-packages/airflow/example_dags/tutorial_dag.py
[2023-05-26T06:55:16.283+0000] {processor.py:826} INFO - Processing file /home/airflow/.local/lib/python3.7/site-packages/airflow/example_dags/tutorial_dag.py for tasks to queue
[2023-05-26T06:55:16.289+0000] {logging_mixin.py:149} INFO - [2023-05-26T06:55:16.288+0000] {dagbag.py:541} INFO - Filling up the DagBag from /home/airflow/.local/lib/python3.7/site-packages/airflow/example_dags/tutorial_dag.py
[2023-05-26T06:55:16.304+0000] {processor.py:836} INFO - DAG(s) dict_keys(['tutorial_dag']) retrieved from /home/airflow/.local/lib/python3.7/site-packages/airflow/example_dags/tutorial_dag.py
[2023-05-26T06:55:16.332+0000] {logging_mixin.py:149} INFO - [2023-05-26T06:55:16.332+0000] {dag.py:2726} INFO - Sync 1 DAGs
[2023-05-26T06:55:16.386+0000] {logging_mixin.py:149} INFO - [2023-05-26T06:55:16.386+0000] {dag.py:3490} INFO - Setting next_dagrun for tutorial_dag to None, run_after=None
[2023-05-26T06:55:16.419+0000] {processor.py:179} INFO - Processing /home/airflow/.local/lib/python3.7/site-packages/airflow/example_dags/tutorial_dag.py took 0.144 seconds
[2023-05-26T06:55:46.469+0000] {processor.py:157} INFO - Started process (PID=104) to work on /home/airflow/.local/lib/python3.7/site-packages/airflow/example_dags/tutorial_dag.py
[2023-05-26T06:55:46.470+0000] {processor.py:826} INFO - Processing file /home/airflow/.local/lib/python3.7/site-packages/airflow/example_dags/tutorial_dag.py for tasks to queue
[2023-05-26T06:55:46.473+0000] {logging_mixin.py:149} INFO - [2023-05-26T06:55:46.473+0000] {dagbag.py:541} INFO - Filling up the DagBag from /home/airflow/.local/lib/python3.7/site-packages/airflow/example_dags/tutorial_dag.py
[2023-05-26T06:55:46.479+0000] {processor.py:836} INFO - DAG(s) dict_keys(['tutorial_dag']) retrieved from /home/airflow/.local/lib/python3.7/site-packages/airflow/example_dags/tutorial_dag.py
[2023-05-26T06:55:46.506+0000] {logging_mixin.py:149} INFO - [2023-05-26T06:55:46.505+0000] {dag.py:2726} INFO - Sync 1 DAGs
[2023-05-26T06:55:46.534+0000] {logging_mixin.py:149} INFO - [2023-05-26T06:55:46.534+0000] {dag.py:3490} INFO - Setting next_dagrun for tutorial_dag to None, run_after=None
[2023-05-26T06:55:46.558+0000] {processor.py:179} INFO - Processing /home/airflow/.local/lib/python3.7/site-packages/airflow/example_dags/tutorial_dag.py took 0.094 seconds
[2023-05-26T06:56:16.837+0000] {processor.py:157} INFO - Started process (PID=161) to work on /home/airflow/.local/lib/python3.7/site-packages/airflow/example_dags/tutorial_dag.py
[2023-05-26T06:56:16.839+0000] {processor.py:826} INFO - Processing file /home/airflow/.local/lib/python3.7/site-packages/airflow/example_dags/tutorial_dag.py for tasks to queue
[2023-05-26T06:56:16.842+0000] {logging_mixin.py:149} INFO - [2023-05-26T06:56:16.841+0000] {dagbag.py:541} INFO - Filling up the DagBag from /home/airflow/.local/lib/python3.7/site-packages/airflow/example_dags/tutorial_dag.py
[2023-05-26T06:56:16.850+0000] {processor.py:836} INFO - DAG(s) dict_keys(['tutorial_dag']) retrieved from /home/airflow/.local/lib/python3.7/site-packages/airflow/example_dags/tutorial_dag.py
[2023-05-26T06:56:16.878+0000] {logging_mixin.py:149} INFO - [2023-05-26T06:56:16.877+0000] {dag.py:2726} INFO - Sync 1 DAGs
[2023-05-26T06:56:16.909+0000] {logging_mixin.py:149} INFO - [2023-05-26T06:56:16.909+0000] {dag.py:3490} INFO - Setting next_dagrun for tutorial_dag to None, run_after=None
[2023-05-26T06:56:16.934+0000] {processor.py:179} INFO - Processing /home/airflow/.local/lib/python3.7/site-packages/airflow/example_dags/tutorial_dag.py took 0.101 seconds
[2023-05-26T06:56:47.368+0000] {processor.py:157} INFO - Started process (PID=216) to work on /home/airflow/.local/lib/python3.7/site-packages/airflow/example_dags/tutorial_dag.py
[2023-05-26T06:56:47.370+0000] {processor.py:826} INFO - Processing file /home/airflow/.local/lib/python3.7/site-packages/airflow/example_dags/tutorial_dag.py for tasks to queue
[2023-05-26T06:56:47.374+0000] {logging_mixin.py:149} INFO - [2023-05-26T06:56:47.373+0000] {dagbag.py:541} INFO - Filling up the DagBag from /home/airflow/.local/lib/python3.7/site-packages/airflow/example_dags/tutorial_dag.py
[2023-05-26T06:56:47.380+0000] {processor.py:836} INFO - DAG(s) dict_keys(['tutorial_dag']) retrieved from /home/airflow/.local/lib/python3.7/site-packages/airflow/example_dags/tutorial_dag.py
[2023-05-26T06:56:47.410+0000] {logging_mixin.py:149} INFO - [2023-05-26T06:56:47.410+0000] {dag.py:2726} INFO - Sync 1 DAGs
[2023-05-26T06:56:47.441+0000] {logging_mixin.py:149} INFO - [2023-05-26T06:56:47.440+0000] {dag.py:3490} INFO - Setting next_dagrun for tutorial_dag to None, run_after=None
[2023-05-26T06:56:47.463+0000] {processor.py:179} INFO - Processing /home/airflow/.local/lib/python3.7/site-packages/airflow/example_dags/tutorial_dag.py took 0.099 seconds
[2023-05-26T06:57:17.796+0000] {processor.py:157} INFO - Started process (PID=271) to work on /home/airflow/.local/lib/python3.7/site-packages/airflow/example_dags/tutorial_dag.py
[2023-05-26T06:57:17.797+0000] {processor.py:826} INFO - Processing file /home/airflow/.local/lib/python3.7/site-packages/airflow/example_dags/tutorial_dag.py for tasks to queue
[2023-05-26T06:57:17.800+0000] {logging_mixin.py:149} INFO - [2023-05-26T06:57:17.800+0000] {dagbag.py:541} INFO - Filling up the DagBag from /home/airflow/.local/lib/python3.7/site-packages/airflow/example_dags/tutorial_dag.py
[2023-05-26T06:57:17.808+0000] {processor.py:836} INFO - DAG(s) dict_keys(['tutorial_dag']) retrieved from /home/airflow/.local/lib/python3.7/site-packages/airflow/example_dags/tutorial_dag.py
[2023-05-26T06:57:17.838+0000] {logging_mixin.py:149} INFO - [2023-05-26T06:57:17.837+0000] {dag.py:2726} INFO - Sync 1 DAGs
[2023-05-26T06:57:17.868+0000] {logging_mixin.py:149} INFO - [2023-05-26T06:57:17.868+0000] {dag.py:3490} INFO - Setting next_dagrun for tutorial_dag to None, run_after=None
[2023-05-26T06:57:17.891+0000] {processor.py:179} INFO - Processing /home/airflow/.local/lib/python3.7/site-packages/airflow/example_dags/tutorial_dag.py took 0.100 seconds
[2023-05-26T06:57:48.227+0000] {processor.py:157} INFO - Started process (PID=327) to work on /home/airflow/.local/lib/python3.7/site-packages/airflow/example_dags/tutorial_dag.py
[2023-05-26T06:57:48.229+0000] {processor.py:826} INFO - Processing file /home/airflow/.local/lib/python3.7/site-packages/airflow/example_dags/tutorial_dag.py for tasks to queue
[2023-05-26T06:57:48.232+0000] {logging_mixin.py:149} INFO - [2023-05-26T06:57:48.232+0000] {dagbag.py:541} INFO - Filling up the DagBag from /home/airflow/.local/lib/python3.7/site-packages/airflow/example_dags/tutorial_dag.py
[2023-05-26T06:57:48.238+0000] {processor.py:836} INFO - DAG(s) dict_keys(['tutorial_dag']) retrieved from /home/airflow/.local/lib/python3.7/site-packages/airflow/example_dags/tutorial_dag.py
[2023-05-26T06:57:48.266+0000] {logging_mixin.py:149} INFO - [2023-05-26T06:57:48.265+0000] {dag.py:2726} INFO - Sync 1 DAGs
[2023-05-26T06:57:48.297+0000] {logging_mixin.py:149} INFO - [2023-05-26T06:57:48.297+0000] {dag.py:3490} INFO - Setting next_dagrun for tutorial_dag to None, run_after=None
[2023-05-26T06:57:48.323+0000] {processor.py:179} INFO - Processing /home/airflow/.local/lib/python3.7/site-packages/airflow/example_dags/tutorial_dag.py took 0.099 seconds
[2023-05-26T06:58:19.276+0000] {processor.py:157} INFO - Started process (PID=384) to work on /home/airflow/.local/lib/python3.7/site-packages/airflow/example_dags/tutorial_dag.py
[2023-05-26T06:58:19.278+0000] {processor.py:826} INFO - Processing file /home/airflow/.local/lib/python3.7/site-packages/airflow/example_dags/tutorial_dag.py for tasks to queue
[2023-05-26T06:58:19.281+0000] {logging_mixin.py:149} INFO - [2023-05-26T06:58:19.281+0000] {dagbag.py:541} INFO - Filling up the DagBag from /home/airflow/.local/lib/python3.7/site-packages/airflow/example_dags/tutorial_dag.py
[2023-05-26T06:58:19.287+0000] {processor.py:836} INFO - DAG(s) dict_keys(['tutorial_dag']) retrieved from /home/airflow/.local/lib/python3.7/site-packages/airflow/example_dags/tutorial_dag.py
[2023-05-26T06:58:19.317+0000] {logging_mixin.py:149} INFO - [2023-05-26T06:58:19.317+0000] {dag.py:2726} INFO - Sync 1 DAGs
[2023-05-26T06:58:19.353+0000] {logging_mixin.py:149} INFO - [2023-05-26T06:58:19.353+0000] {dag.py:3490} INFO - Setting next_dagrun for tutorial_dag to None, run_after=None
[2023-05-26T06:58:19.382+0000] {processor.py:179} INFO - Processing /home/airflow/.local/lib/python3.7/site-packages/airflow/example_dags/tutorial_dag.py took 0.110 seconds
[2023-05-26T06:58:49.957+0000] {processor.py:157} INFO - Started process (PID=439) to work on /home/airflow/.local/lib/python3.7/site-packages/airflow/example_dags/tutorial_dag.py
[2023-05-26T06:58:49.958+0000] {processor.py:826} INFO - Processing file /home/airflow/.local/lib/python3.7/site-packages/airflow/example_dags/tutorial_dag.py for tasks to queue
[2023-05-26T06:58:49.962+0000] {logging_mixin.py:149} INFO - [2023-05-26T06:58:49.962+0000] {dagbag.py:541} INFO - Filling up the DagBag from /home/airflow/.local/lib/python3.7/site-packages/airflow/example_dags/tutorial_dag.py
[2023-05-26T06:58:49.968+0000] {processor.py:836} INFO - DAG(s) dict_keys(['tutorial_dag']) retrieved from /home/airflow/.local/lib/python3.7/site-packages/airflow/example_dags/tutorial_dag.py
[2023-05-26T06:58:49.999+0000] {logging_mixin.py:149} INFO - [2023-05-26T06:58:49.999+0000] {dag.py:2726} INFO - Sync 1 DAGs
[2023-05-26T06:58:50.031+0000] {logging_mixin.py:149} INFO - [2023-05-26T06:58:50.031+0000] {dag.py:3490} INFO - Setting next_dagrun for tutorial_dag to None, run_after=None
[2023-05-26T06:58:50.057+0000] {processor.py:179} INFO - Processing /home/airflow/.local/lib/python3.7/site-packages/airflow/example_dags/tutorial_dag.py took 0.104 seconds
[2023-05-26T06:59:20.788+0000] {processor.py:157} INFO - Started process (PID=495) to work on /home/airflow/.local/lib/python3.7/site-packages/airflow/example_dags/tutorial_dag.py
[2023-05-26T06:59:20.789+0000] {processor.py:826} INFO - Processing file /home/airflow/.local/lib/python3.7/site-packages/airflow/example_dags/tutorial_dag.py for tasks to queue
[2023-05-26T06:59:20.792+0000] {logging_mixin.py:149} INFO - [2023-05-26T06:59:20.792+0000] {dagbag.py:541} INFO - Filling up the DagBag from /home/airflow/.local/lib/python3.7/site-packages/airflow/example_dags/tutorial_dag.py
[2023-05-26T06:59:20.798+0000] {processor.py:836} INFO - DAG(s) dict_keys(['tutorial_dag']) retrieved from /home/airflow/.local/lib/python3.7/site-packages/airflow/example_dags/tutorial_dag.py
[2023-05-26T06:59:20.831+0000] {logging_mixin.py:149} INFO - [2023-05-26T06:59:20.831+0000] {dag.py:2726} INFO - Sync 1 DAGs
[2023-05-26T06:59:20.860+0000] {logging_mixin.py:149} INFO - [2023-05-26T06:59:20.860+0000] {dag.py:3490} INFO - Setting next_dagrun for tutorial_dag to None, run_after=None
[2023-05-26T06:59:20.888+0000] {processor.py:179} INFO - Processing /home/airflow/.local/lib/python3.7/site-packages/airflow/example_dags/tutorial_dag.py took 0.104 seconds
[2023-05-26T06:59:51.876+0000] {processor.py:157} INFO - Started process (PID=551) to work on /home/airflow/.local/lib/python3.7/site-packages/airflow/example_dags/tutorial_dag.py
[2023-05-26T06:59:51.877+0000] {processor.py:826} INFO - Processing file /home/airflow/.local/lib/python3.7/site-packages/airflow/example_dags/tutorial_dag.py for tasks to queue
[2023-05-26T06:59:51.880+0000] {logging_mixin.py:149} INFO - [2023-05-26T06:59:51.880+0000] {dagbag.py:541} INFO - Filling up the DagBag from /home/airflow/.local/lib/python3.7/site-packages/airflow/example_dags/tutorial_dag.py
[2023-05-26T06:59:51.886+0000] {processor.py:836} INFO - DAG(s) dict_keys(['tutorial_dag']) retrieved from /home/airflow/.local/lib/python3.7/site-packages/airflow/example_dags/tutorial_dag.py
[2023-05-26T06:59:51.915+0000] {logging_mixin.py:149} INFO - [2023-05-26T06:59:51.915+0000] {dag.py:2726} INFO - Sync 1 DAGs
[2023-05-26T06:59:51.944+0000] {logging_mixin.py:149} INFO - [2023-05-26T06:59:51.944+0000] {dag.py:3490} INFO - Setting next_dagrun for tutorial_dag to None, run_after=None
[2023-05-26T06:59:51.970+0000] {processor.py:179} INFO - Processing /home/airflow/.local/lib/python3.7/site-packages/airflow/example_dags/tutorial_dag.py took 0.098 seconds
[2023-05-26T07:00:22.755+0000] {processor.py:157} INFO - Started process (PID=606) to work on /home/airflow/.local/lib/python3.7/site-packages/airflow/example_dags/tutorial_dag.py
[2023-05-26T07:00:22.757+0000] {processor.py:826} INFO - Processing file /home/airflow/.local/lib/python3.7/site-packages/airflow/example_dags/tutorial_dag.py for tasks to queue
[2023-05-26T07:00:22.760+0000] {logging_mixin.py:149} INFO - [2023-05-26T07:00:22.759+0000] {dagbag.py:541} INFO - Filling up the DagBag from /home/airflow/.local/lib/python3.7/site-packages/airflow/example_dags/tutorial_dag.py
[2023-05-26T07:00:22.766+0000] {processor.py:836} INFO - DAG(s) dict_keys(['tutorial_dag']) retrieved from /home/airflow/.local/lib/python3.7/site-packages/airflow/example_dags/tutorial_dag.py
[2023-05-26T07:00:22.794+0000] {logging_mixin.py:149} INFO - [2023-05-26T07:00:22.793+0000] {dag.py:2726} INFO - Sync 1 DAGs
[2023-05-26T07:00:22.823+0000] {logging_mixin.py:149} INFO - [2023-05-26T07:00:22.823+0000] {dag.py:3490} INFO - Setting next_dagrun for tutorial_dag to None, run_after=None
[2023-05-26T07:00:22.846+0000] {processor.py:179} INFO - Processing /home/airflow/.local/lib/python3.7/site-packages/airflow/example_dags/tutorial_dag.py took 0.096 seconds
[2023-05-26T07:00:53.451+0000] {processor.py:157} INFO - Started process (PID=662) to work on /home/airflow/.local/lib/python3.7/site-packages/airflow/example_dags/tutorial_dag.py
[2023-05-26T07:00:53.453+0000] {processor.py:826} INFO - Processing file /home/airflow/.local/lib/python3.7/site-packages/airflow/example_dags/tutorial_dag.py for tasks to queue
[2023-05-26T07:00:53.457+0000] {logging_mixin.py:149} INFO - [2023-05-26T07:00:53.457+0000] {dagbag.py:541} INFO - Filling up the DagBag from /home/airflow/.local/lib/python3.7/site-packages/airflow/example_dags/tutorial_dag.py
[2023-05-26T07:00:53.464+0000] {processor.py:836} INFO - DAG(s) dict_keys(['tutorial_dag']) retrieved from /home/airflow/.local/lib/python3.7/site-packages/airflow/example_dags/tutorial_dag.py
[2023-05-26T07:00:53.492+0000] {logging_mixin.py:149} INFO - [2023-05-26T07:00:53.491+0000] {dag.py:2726} INFO - Sync 1 DAGs
[2023-05-26T07:00:53.519+0000] {logging_mixin.py:149} INFO - [2023-05-26T07:00:53.519+0000] {dag.py:3490} INFO - Setting next_dagrun for tutorial_dag to None, run_after=None
[2023-05-26T07:00:53.543+0000] {processor.py:179} INFO - Processing /home/airflow/.local/lib/python3.7/site-packages/airflow/example_dags/tutorial_dag.py took 0.097 seconds
[2023-05-26T07:01:24.676+0000] {processor.py:157} INFO - Started process (PID=718) to work on /home/airflow/.local/lib/python3.7/site-packages/airflow/example_dags/tutorial_dag.py
[2023-05-26T07:01:24.679+0000] {processor.py:826} INFO - Processing file /home/airflow/.local/lib/python3.7/site-packages/airflow/example_dags/tutorial_dag.py for tasks to queue
[2023-05-26T07:01:24.686+0000] {logging_mixin.py:149} INFO - [2023-05-26T07:01:24.685+0000] {dagbag.py:541} INFO - Filling up the DagBag from /home/airflow/.local/lib/python3.7/site-packages/airflow/example_dags/tutorial_dag.py
[2023-05-26T07:01:24.698+0000] {processor.py:836} INFO - DAG(s) dict_keys(['tutorial_dag']) retrieved from /home/airflow/.local/lib/python3.7/site-packages/airflow/example_dags/tutorial_dag.py
[2023-05-26T07:01:24.752+0000] {logging_mixin.py:149} INFO - [2023-05-26T07:01:24.751+0000] {dag.py:2726} INFO - Sync 1 DAGs
[2023-05-26T07:01:24.795+0000] {logging_mixin.py:149} INFO - [2023-05-26T07:01:24.795+0000] {dag.py:3490} INFO - Setting next_dagrun for tutorial_dag to None, run_after=None
[2023-05-26T07:01:24.833+0000] {processor.py:179} INFO - Processing /home/airflow/.local/lib/python3.7/site-packages/airflow/example_dags/tutorial_dag.py took 0.165 seconds
[2023-05-26T07:01:55.597+0000] {processor.py:157} INFO - Started process (PID=773) to work on /home/airflow/.local/lib/python3.7/site-packages/airflow/example_dags/tutorial_dag.py
[2023-05-26T07:01:55.599+0000] {processor.py:826} INFO - Processing file /home/airflow/.local/lib/python3.7/site-packages/airflow/example_dags/tutorial_dag.py for tasks to queue
[2023-05-26T07:01:55.605+0000] {logging_mixin.py:149} INFO - [2023-05-26T07:01:55.604+0000] {dagbag.py:541} INFO - Filling up the DagBag from /home/airflow/.local/lib/python3.7/site-packages/airflow/example_dags/tutorial_dag.py
[2023-05-26T07:01:55.613+0000] {processor.py:836} INFO - DAG(s) dict_keys(['tutorial_dag']) retrieved from /home/airflow/.local/lib/python3.7/site-packages/airflow/example_dags/tutorial_dag.py
[2023-05-26T07:01:55.649+0000] {logging_mixin.py:149} INFO - [2023-05-26T07:01:55.648+0000] {dag.py:2726} INFO - Sync 1 DAGs
[2023-05-26T07:01:55.704+0000] {logging_mixin.py:149} INFO - [2023-05-26T07:01:55.704+0000] {dag.py:3490} INFO - Setting next_dagrun for tutorial_dag to None, run_after=None
[2023-05-26T07:01:55.758+0000] {processor.py:179} INFO - Processing /home/airflow/.local/lib/python3.7/site-packages/airflow/example_dags/tutorial_dag.py took 0.164 seconds
[2023-05-26T07:02:27.490+0000] {processor.py:157} INFO - Started process (PID=830) to work on /home/airflow/.local/lib/python3.7/site-packages/airflow/example_dags/tutorial_dag.py
[2023-05-26T07:02:27.496+0000] {processor.py:826} INFO - Processing file /home/airflow/.local/lib/python3.7/site-packages/airflow/example_dags/tutorial_dag.py for tasks to queue
[2023-05-26T07:02:27.505+0000] {logging_mixin.py:149} INFO - [2023-05-26T07:02:27.504+0000] {dagbag.py:541} INFO - Filling up the DagBag from /home/airflow/.local/lib/python3.7/site-packages/airflow/example_dags/tutorial_dag.py
[2023-05-26T07:02:27.528+0000] {processor.py:836} INFO - DAG(s) dict_keys(['tutorial_dag']) retrieved from /home/airflow/.local/lib/python3.7/site-packages/airflow/example_dags/tutorial_dag.py
[2023-05-26T07:02:27.618+0000] {logging_mixin.py:149} INFO - [2023-05-26T07:02:27.617+0000] {dag.py:2726} INFO - Sync 1 DAGs
[2023-05-26T07:02:27.697+0000] {logging_mixin.py:149} INFO - [2023-05-26T07:02:27.696+0000] {dag.py:3490} INFO - Setting next_dagrun for tutorial_dag to None, run_after=None
[2023-05-26T07:02:27.762+0000] {processor.py:179} INFO - Processing /home/airflow/.local/lib/python3.7/site-packages/airflow/example_dags/tutorial_dag.py took 0.283 seconds
[2023-05-26T07:02:58.281+0000] {processor.py:157} INFO - Started process (PID=888) to work on /home/airflow/.local/lib/python3.7/site-packages/airflow/example_dags/tutorial_dag.py
[2023-05-26T07:02:58.283+0000] {processor.py:826} INFO - Processing file /home/airflow/.local/lib/python3.7/site-packages/airflow/example_dags/tutorial_dag.py for tasks to queue
[2023-05-26T07:02:58.286+0000] {logging_mixin.py:149} INFO - [2023-05-26T07:02:58.286+0000] {dagbag.py:541} INFO - Filling up the DagBag from /home/airflow/.local/lib/python3.7/site-packages/airflow/example_dags/tutorial_dag.py
[2023-05-26T07:02:58.292+0000] {processor.py:836} INFO - DAG(s) dict_keys(['tutorial_dag']) retrieved from /home/airflow/.local/lib/python3.7/site-packages/airflow/example_dags/tutorial_dag.py
[2023-05-26T07:02:58.335+0000] {logging_mixin.py:149} INFO - [2023-05-26T07:02:58.334+0000] {dag.py:2726} INFO - Sync 1 DAGs
[2023-05-26T07:02:58.364+0000] {logging_mixin.py:149} INFO - [2023-05-26T07:02:58.364+0000] {dag.py:3490} INFO - Setting next_dagrun for tutorial_dag to None, run_after=None
[2023-05-26T07:02:58.390+0000] {processor.py:179} INFO - Processing /home/airflow/.local/lib/python3.7/site-packages/airflow/example_dags/tutorial_dag.py took 0.114 seconds
[2023-05-26T07:03:28.737+0000] {processor.py:157} INFO - Started process (PID=946) to work on /home/airflow/.local/lib/python3.7/site-packages/airflow/example_dags/tutorial_dag.py
[2023-05-26T07:03:28.739+0000] {processor.py:826} INFO - Processing file /home/airflow/.local/lib/python3.7/site-packages/airflow/example_dags/tutorial_dag.py for tasks to queue
[2023-05-26T07:03:28.742+0000] {logging_mixin.py:149} INFO - [2023-05-26T07:03:28.742+0000] {dagbag.py:541} INFO - Filling up the DagBag from /home/airflow/.local/lib/python3.7/site-packages/airflow/example_dags/tutorial_dag.py
[2023-05-26T07:03:28.748+0000] {processor.py:836} INFO - DAG(s) dict_keys(['tutorial_dag']) retrieved from /home/airflow/.local/lib/python3.7/site-packages/airflow/example_dags/tutorial_dag.py
[2023-05-26T07:03:28.776+0000] {logging_mixin.py:149} INFO - [2023-05-26T07:03:28.776+0000] {dag.py:2726} INFO - Sync 1 DAGs
[2023-05-26T07:03:28.805+0000] {logging_mixin.py:149} INFO - [2023-05-26T07:03:28.805+0000] {dag.py:3490} INFO - Setting next_dagrun for tutorial_dag to None, run_after=None
[2023-05-26T07:03:28.832+0000] {processor.py:179} INFO - Processing /home/airflow/.local/lib/python3.7/site-packages/airflow/example_dags/tutorial_dag.py took 0.099 seconds
[2023-05-26T07:03:59.679+0000] {processor.py:157} INFO - Started process (PID=1003) to work on /home/airflow/.local/lib/python3.7/site-packages/airflow/example_dags/tutorial_dag.py
[2023-05-26T07:03:59.681+0000] {processor.py:826} INFO - Processing file /home/airflow/.local/lib/python3.7/site-packages/airflow/example_dags/tutorial_dag.py for tasks to queue
[2023-05-26T07:03:59.684+0000] {logging_mixin.py:149} INFO - [2023-05-26T07:03:59.684+0000] {dagbag.py:541} INFO - Filling up the DagBag from /home/airflow/.local/lib/python3.7/site-packages/airflow/example_dags/tutorial_dag.py
[2023-05-26T07:03:59.690+0000] {processor.py:836} INFO - DAG(s) dict_keys(['tutorial_dag']) retrieved from /home/airflow/.local/lib/python3.7/site-packages/airflow/example_dags/tutorial_dag.py
[2023-05-26T07:03:59.720+0000] {logging_mixin.py:149} INFO - [2023-05-26T07:03:59.720+0000] {dag.py:2726} INFO - Sync 1 DAGs
[2023-05-26T07:03:59.750+0000] {logging_mixin.py:149} INFO - [2023-05-26T07:03:59.749+0000] {dag.py:3490} INFO - Setting next_dagrun for tutorial_dag to None, run_after=None
[2023-05-26T07:03:59.774+0000] {processor.py:179} INFO - Processing /home/airflow/.local/lib/python3.7/site-packages/airflow/example_dags/tutorial_dag.py took 0.099 seconds
[2023-05-26T07:04:30.723+0000] {processor.py:157} INFO - Started process (PID=1060) to work on /home/airflow/.local/lib/python3.7/site-packages/airflow/example_dags/tutorial_dag.py
[2023-05-26T07:04:30.724+0000] {processor.py:826} INFO - Processing file /home/airflow/.local/lib/python3.7/site-packages/airflow/example_dags/tutorial_dag.py for tasks to queue
[2023-05-26T07:04:30.728+0000] {logging_mixin.py:149} INFO - [2023-05-26T07:04:30.727+0000] {dagbag.py:541} INFO - Filling up the DagBag from /home/airflow/.local/lib/python3.7/site-packages/airflow/example_dags/tutorial_dag.py
[2023-05-26T07:04:30.734+0000] {processor.py:836} INFO - DAG(s) dict_keys(['tutorial_dag']) retrieved from /home/airflow/.local/lib/python3.7/site-packages/airflow/example_dags/tutorial_dag.py
[2023-05-26T07:04:30.794+0000] {logging_mixin.py:149} INFO - [2023-05-26T07:04:30.793+0000] {dag.py:2726} INFO - Sync 1 DAGs
[2023-05-26T07:04:30.825+0000] {logging_mixin.py:149} INFO - [2023-05-26T07:04:30.825+0000] {dag.py:3490} INFO - Setting next_dagrun for tutorial_dag to None, run_after=None
[2023-05-26T07:04:30.854+0000] {processor.py:179} INFO - Processing /home/airflow/.local/lib/python3.7/site-packages/airflow/example_dags/tutorial_dag.py took 0.136 seconds
